<?xml version="1.0" encoding="UTF-8"?>
<testsuite name="it.unisalento.se.saw.restapi.AccessoryRestControllerTest" tests="4" skipped="0" failures="0" errors="0" timestamp="2018-09-09T11:32:28" hostname="antonio-pc" time="0.119">
  <properties/>
  <testcase name="saveTest" classname="it.unisalento.se.saw.restapi.AccessoryRestControllerTest" time="0.024"/>
  <testcase name="getByIdTest" classname="it.unisalento.se.saw.restapi.AccessoryRestControllerTest" time="0.023"/>
  <testcase name="getAllTest" classname="it.unisalento.se.saw.restapi.AccessoryRestControllerTest" time="0.029"/>
  <testcase name="getByIdRoomTest" classname="it.unisalento.se.saw.restapi.AccessoryRestControllerTest" time="0.03"/>
  <system-out><![CDATA[]]></system-out>
  <system-err><![CDATA[1959 [Test worker] INFO org.springframework.web.servlet.mvc.method.annotation.RequestMappingHandlerMapping - Mapped "{[/accessory/getByIdRoom/{id}],methods=[GET],produces=[application/json]}" onto public java.util.Set<it.unisalento.se.saw.dto.AccessoryDTO> it.unisalento.se.saw.restapi.AccessoryRestController.getByIdRoom(int)
1960 [Test worker] INFO org.springframework.web.servlet.mvc.method.annotation.RequestMappingHandlerMapping - Mapped "{[/accessory/getById/{id}],methods=[GET],produces=[application/json]}" onto public it.unisalento.se.saw.dto.AccessoryDTO it.unisalento.se.saw.restapi.AccessoryRestController.getById(int) throws it.unisalento.se.saw.exceptions.AccessoryNotFoundException
1961 [Test worker] INFO org.springframework.web.servlet.mvc.method.annotation.RequestMappingHandlerMapping - Mapped "{[/accessory/save],methods=[POST],consumes=[application/json]}" onto public it.unisalento.se.saw.dto.AccessoryDTO it.unisalento.se.saw.restapi.AccessoryRestController.save(it.unisalento.se.saw.dto.AccessoryDTO) throws it.unisalento.se.saw.exceptions.RoomNotFoundException
1961 [Test worker] INFO org.springframework.web.servlet.mvc.method.annotation.RequestMappingHandlerMapping - Mapped "{[/accessory/getAll],methods=[GET],produces=[application/json]}" onto public java.util.Set<it.unisalento.se.saw.dto.AccessoryDTO> it.unisalento.se.saw.restapi.AccessoryRestController.getAll()
1968 [Test worker] INFO org.springframework.web.servlet.mvc.method.annotation.RequestMappingHandlerAdapter - Looking for @ControllerAdvice: org.springframework.test.web.servlet.setup.StubWebApplicationContext@2d55cb72
1971 [Test worker] INFO org.springframework.mock.web.MockServletContext - Initializing Spring FrameworkServlet ''
1971 [Test worker] INFO org.springframework.test.web.servlet.TestDispatcherServlet - FrameworkServlet '': initialization started
1972 [Test worker] INFO org.springframework.test.web.servlet.TestDispatcherServlet - FrameworkServlet '': initialization completed in 0 ms
1983 [Test worker] INFO org.springframework.web.servlet.mvc.method.annotation.RequestMappingHandlerMapping - Mapped "{[/accessory/getByIdRoom/{id}],methods=[GET],produces=[application/json]}" onto public java.util.Set<it.unisalento.se.saw.dto.AccessoryDTO> it.unisalento.se.saw.restapi.AccessoryRestController.getByIdRoom(int)
1984 [Test worker] INFO org.springframework.web.servlet.mvc.method.annotation.RequestMappingHandlerMapping - Mapped "{[/accessory/getById/{id}],methods=[GET],produces=[application/json]}" onto public it.unisalento.se.saw.dto.AccessoryDTO it.unisalento.se.saw.restapi.AccessoryRestController.getById(int) throws it.unisalento.se.saw.exceptions.AccessoryNotFoundException
1984 [Test worker] INFO org.springframework.web.servlet.mvc.method.annotation.RequestMappingHandlerMapping - Mapped "{[/accessory/save],methods=[POST],consumes=[application/json]}" onto public it.unisalento.se.saw.dto.AccessoryDTO it.unisalento.se.saw.restapi.AccessoryRestController.save(it.unisalento.se.saw.dto.AccessoryDTO) throws it.unisalento.se.saw.exceptions.RoomNotFoundException
1985 [Test worker] INFO org.springframework.web.servlet.mvc.method.annotation.RequestMappingHandlerMapping - Mapped "{[/accessory/getAll],methods=[GET],produces=[application/json]}" onto public java.util.Set<it.unisalento.se.saw.dto.AccessoryDTO> it.unisalento.se.saw.restapi.AccessoryRestController.getAll()
1991 [Test worker] INFO org.springframework.web.servlet.mvc.method.annotation.RequestMappingHandlerAdapter - Looking for @ControllerAdvice: org.springframework.test.web.servlet.setup.StubWebApplicationContext@733b9ebf
1994 [Test worker] INFO org.springframework.mock.web.MockServletContext - Initializing Spring FrameworkServlet ''
1994 [Test worker] INFO org.springframework.test.web.servlet.TestDispatcherServlet - FrameworkServlet '': initialization started
1994 [Test worker] INFO org.springframework.test.web.servlet.TestDispatcherServlet - FrameworkServlet '': initialization completed in 0 ms
2011 [Test worker] INFO org.springframework.web.servlet.mvc.method.annotation.RequestMappingHandlerMapping - Mapped "{[/accessory/getByIdRoom/{id}],methods=[GET],produces=[application/json]}" onto public java.util.Set<it.unisalento.se.saw.dto.AccessoryDTO> it.unisalento.se.saw.restapi.AccessoryRestController.getByIdRoom(int)
2012 [Test worker] INFO org.springframework.web.servlet.mvc.method.annotation.RequestMappingHandlerMapping - Mapped "{[/accessory/getById/{id}],methods=[GET],produces=[application/json]}" onto public it.unisalento.se.saw.dto.AccessoryDTO it.unisalento.se.saw.restapi.AccessoryRestController.getById(int) throws it.unisalento.se.saw.exceptions.AccessoryNotFoundException
2012 [Test worker] INFO org.springframework.web.servlet.mvc.method.annotation.RequestMappingHandlerMapping - Mapped "{[/accessory/save],methods=[POST],consumes=[application/json]}" onto public it.unisalento.se.saw.dto.AccessoryDTO it.unisalento.se.saw.restapi.AccessoryRestController.save(it.unisalento.se.saw.dto.AccessoryDTO) throws it.unisalento.se.saw.exceptions.RoomNotFoundException
2013 [Test worker] INFO org.springframework.web.servlet.mvc.method.annotation.RequestMappingHandlerMapping - Mapped "{[/accessory/getAll],methods=[GET],produces=[application/json]}" onto public java.util.Set<it.unisalento.se.saw.dto.AccessoryDTO> it.unisalento.se.saw.restapi.AccessoryRestController.getAll()
2022 [Test worker] INFO org.springframework.web.servlet.mvc.method.annotation.RequestMappingHandlerAdapter - Looking for @ControllerAdvice: org.springframework.test.web.servlet.setup.StubWebApplicationContext@49ca4ed9
2025 [Test worker] INFO org.springframework.mock.web.MockServletContext - Initializing Spring FrameworkServlet ''
2025 [Test worker] INFO org.springframework.test.web.servlet.TestDispatcherServlet - FrameworkServlet '': initialization started
2025 [Test worker] INFO org.springframework.test.web.servlet.TestDispatcherServlet - FrameworkServlet '': initialization completed in 0 ms
2051 [Test worker] INFO org.springframework.web.servlet.mvc.method.annotation.RequestMappingHandlerMapping - Mapped "{[/accessory/getByIdRoom/{id}],methods=[GET],produces=[application/json]}" onto public java.util.Set<it.unisalento.se.saw.dto.AccessoryDTO> it.unisalento.se.saw.restapi.AccessoryRestController.getByIdRoom(int)
2053 [Test worker] INFO org.springframework.web.servlet.mvc.method.annotation.RequestMappingHandlerMapping - Mapped "{[/accessory/getById/{id}],methods=[GET],produces=[application/json]}" onto public it.unisalento.se.saw.dto.AccessoryDTO it.unisalento.se.saw.restapi.AccessoryRestController.getById(int) throws it.unisalento.se.saw.exceptions.AccessoryNotFoundException
2054 [Test worker] INFO org.springframework.web.servlet.mvc.method.annotation.RequestMappingHandlerMapping - Mapped "{[/accessory/save],methods=[POST],consumes=[application/json]}" onto public it.unisalento.se.saw.dto.AccessoryDTO it.unisalento.se.saw.restapi.AccessoryRestController.save(it.unisalento.se.saw.dto.AccessoryDTO) throws it.unisalento.se.saw.exceptions.RoomNotFoundException
2056 [Test worker] INFO org.springframework.web.servlet.mvc.method.annotation.RequestMappingHandlerMapping - Mapped "{[/accessory/getAll],methods=[GET],produces=[application/json]}" onto public java.util.Set<it.unisalento.se.saw.dto.AccessoryDTO> it.unisalento.se.saw.restapi.AccessoryRestController.getAll()
2063 [Test worker] INFO org.springframework.web.servlet.mvc.method.annotation.RequestMappingHandlerAdapter - Looking for @ControllerAdvice: org.springframework.test.web.servlet.setup.StubWebApplicationContext@62125fc5
2067 [Test worker] INFO org.springframework.mock.web.MockServletContext - Initializing Spring FrameworkServlet ''
2067 [Test worker] INFO org.springframework.test.web.servlet.TestDispatcherServlet - FrameworkServlet '': initialization started
2068 [Test worker] INFO org.springframework.test.web.servlet.TestDispatcherServlet - FrameworkServlet '': initialization completed in 1 ms
]]></system-err>
</testsuite>
