<?xml version="1.0" encoding="UTF-8"?>
<testsuite name="it.unisalento.se.saw.services.StudentServiceTest" tests="7" skipped="0" failures="0" errors="0" timestamp="2018-09-04T09:45:21" hostname="DESKTOP-TUGA85P" time="0.026">
  <properties/>
  <testcase name="saveTest" classname="it.unisalento.se.saw.services.StudentServiceTest" time="0.005"/>
  <testcase name="getByCourseTest" classname="it.unisalento.se.saw.services.StudentServiceTest" time="0.005"/>
  <testcase name="getByIdTest" classname="it.unisalento.se.saw.services.StudentServiceTest" time="0.002"/>
  <testcase name="getAllTest" classname="it.unisalento.se.saw.services.StudentServiceTest" time="0.001"/>
  <testcase name="getByIdErrorTest" classname="it.unisalento.se.saw.services.StudentServiceTest" time="0.001"/>
  <testcase name="getByUidTest" classname="it.unisalento.se.saw.services.StudentServiceTest" time="0.0"/>
  <testcase name="getDomainByIdTest" classname="it.unisalento.se.saw.services.StudentServiceTest" time="0.0"/>
  <system-out><![CDATA[class it.unisalento.se.saw.dto.StudentDTO
Student not found
]]></system-out>
  <system-err><![CDATA[]]></system-err>
</testsuite>
