<?xml version="1.0" encoding="UTF-8"?>
<testsuite name="it.unisalento.se.saw.restapi.SegnalationStateRestControllerTest" tests="3" skipped="0" failures="0" errors="0" timestamp="2018-09-02T10:12:12" hostname="DESKTOP-TUGA85P" time="0.094">
  <properties/>
  <testcase name="saveTest" classname="it.unisalento.se.saw.restapi.SegnalationStateRestControllerTest" time="0.032"/>
  <testcase name="getByIdTest" classname="it.unisalento.se.saw.restapi.SegnalationStateRestControllerTest" time="0.036"/>
  <testcase name="getAllTest" classname="it.unisalento.se.saw.restapi.SegnalationStateRestControllerTest" time="0.024"/>
  <system-out><![CDATA[]]></system-out>
  <system-err><![CDATA[2777 [Test worker] INFO org.springframework.web.servlet.mvc.method.annotation.RequestMappingHandlerMapping - Mapped "{[/segnalationState/save],methods=[POST],consumes=[application/json]}" onto public it.unisalento.se.saw.dto.SegnalationStateDTO it.unisalento.se.saw.restapi.SegnalationStateRestController.save(it.unisalento.se.saw.dto.SegnalationStateDTO)
2778 [Test worker] INFO org.springframework.web.servlet.mvc.method.annotation.RequestMappingHandlerMapping - Mapped "{[/segnalationState/getAll],methods=[GET],produces=[application/json]}" onto public java.util.Set<it.unisalento.se.saw.dto.SegnalationStateDTO> it.unisalento.se.saw.restapi.SegnalationStateRestController.getAll()
2779 [Test worker] INFO org.springframework.web.servlet.mvc.method.annotation.RequestMappingHandlerMapping - Mapped "{[/segnalationState/getById/{id}],methods=[GET],produces=[application/json]}" onto public it.unisalento.se.saw.dto.SegnalationStateDTO it.unisalento.se.saw.restapi.SegnalationStateRestController.getById(int) throws it.unisalento.se.saw.exceptions.SegnalationStateNotFoundException
2790 [Test worker] INFO org.springframework.web.servlet.mvc.method.annotation.RequestMappingHandlerAdapter - Looking for @ControllerAdvice: org.springframework.test.web.servlet.setup.StubWebApplicationContext@723208d2
2794 [Test worker] INFO org.springframework.mock.web.MockServletContext - Initializing Spring FrameworkServlet ''
2795 [Test worker] INFO org.springframework.test.web.servlet.TestDispatcherServlet - FrameworkServlet '': initialization started
2795 [Test worker] INFO org.springframework.test.web.servlet.TestDispatcherServlet - FrameworkServlet '': initialization completed in 0 ms
2808 [Test worker] INFO org.springframework.web.servlet.mvc.method.annotation.RequestMappingHandlerMapping - Mapped "{[/segnalationState/save],methods=[POST],consumes=[application/json]}" onto public it.unisalento.se.saw.dto.SegnalationStateDTO it.unisalento.se.saw.restapi.SegnalationStateRestController.save(it.unisalento.se.saw.dto.SegnalationStateDTO)
2808 [Test worker] INFO org.springframework.web.servlet.mvc.method.annotation.RequestMappingHandlerMapping - Mapped "{[/segnalationState/getAll],methods=[GET],produces=[application/json]}" onto public java.util.Set<it.unisalento.se.saw.dto.SegnalationStateDTO> it.unisalento.se.saw.restapi.SegnalationStateRestController.getAll()
2809 [Test worker] INFO org.springframework.web.servlet.mvc.method.annotation.RequestMappingHandlerMapping - Mapped "{[/segnalationState/getById/{id}],methods=[GET],produces=[application/json]}" onto public it.unisalento.se.saw.dto.SegnalationStateDTO it.unisalento.se.saw.restapi.SegnalationStateRestController.getById(int) throws it.unisalento.se.saw.exceptions.SegnalationStateNotFoundException
2826 [Test worker] INFO org.springframework.web.servlet.mvc.method.annotation.RequestMappingHandlerAdapter - Looking for @ControllerAdvice: org.springframework.test.web.servlet.setup.StubWebApplicationContext@709891d7
2831 [Test worker] INFO org.springframework.mock.web.MockServletContext - Initializing Spring FrameworkServlet ''
2832 [Test worker] INFO org.springframework.test.web.servlet.TestDispatcherServlet - FrameworkServlet '': initialization started
2833 [Test worker] INFO org.springframework.test.web.servlet.TestDispatcherServlet - FrameworkServlet '': initialization completed in 1 ms
2844 [Test worker] INFO org.springframework.web.servlet.mvc.method.annotation.RequestMappingHandlerMapping - Mapped "{[/segnalationState/save],methods=[POST],consumes=[application/json]}" onto public it.unisalento.se.saw.dto.SegnalationStateDTO it.unisalento.se.saw.restapi.SegnalationStateRestController.save(it.unisalento.se.saw.dto.SegnalationStateDTO)
2844 [Test worker] INFO org.springframework.web.servlet.mvc.method.annotation.RequestMappingHandlerMapping - Mapped "{[/segnalationState/getAll],methods=[GET],produces=[application/json]}" onto public java.util.Set<it.unisalento.se.saw.dto.SegnalationStateDTO> it.unisalento.se.saw.restapi.SegnalationStateRestController.getAll()
2845 [Test worker] INFO org.springframework.web.servlet.mvc.method.annotation.RequestMappingHandlerMapping - Mapped "{[/segnalationState/getById/{id}],methods=[GET],produces=[application/json]}" onto public it.unisalento.se.saw.dto.SegnalationStateDTO it.unisalento.se.saw.restapi.SegnalationStateRestController.getById(int) throws it.unisalento.se.saw.exceptions.SegnalationStateNotFoundException
2853 [Test worker] INFO org.springframework.web.servlet.mvc.method.annotation.RequestMappingHandlerAdapter - Looking for @ControllerAdvice: org.springframework.test.web.servlet.setup.StubWebApplicationContext@3a96d35
2857 [Test worker] INFO org.springframework.mock.web.MockServletContext - Initializing Spring FrameworkServlet ''
2857 [Test worker] INFO org.springframework.test.web.servlet.TestDispatcherServlet - FrameworkServlet '': initialization started
2858 [Test worker] INFO org.springframework.test.web.servlet.TestDispatcherServlet - FrameworkServlet '': initialization completed in 0 ms
]]></system-err>
</testsuite>
