<?xml version="1.0" encoding="UTF-8"?>
<testsuite name="it.unisalento.se.saw.restapi.SecretaryRestControllerTest" tests="3" skipped="0" failures="0" errors="0" timestamp="2018-09-09T08:46:50" hostname="antonio-pc" time="0.102">
  <properties/>
  <testcase name="saveTest" classname="it.unisalento.se.saw.restapi.SecretaryRestControllerTest" time="0.04"/>
  <testcase name="getByIdTest" classname="it.unisalento.se.saw.restapi.SecretaryRestControllerTest" time="0.038"/>
  <testcase name="getByUidTest" classname="it.unisalento.se.saw.restapi.SecretaryRestControllerTest" time="0.023"/>
  <system-out><![CDATA[]]></system-out>
  <system-err><![CDATA[1577 [Test worker] INFO org.springframework.web.servlet.mvc.method.annotation.RequestMappingHandlerMapping - Mapped "{[/secretary/getById/{id}],methods=[GET],produces=[application/json]}" onto public it.unisalento.se.saw.dto.SecretaryDTO it.unisalento.se.saw.restapi.SecretaryRestController.getById(int) throws it.unisalento.se.saw.exceptions.SecretaryNotFoundException
1578 [Test worker] INFO org.springframework.web.servlet.mvc.method.annotation.RequestMappingHandlerMapping - Mapped "{[/secretary/getByUid/{uid}],methods=[GET],produces=[application/json]}" onto public it.unisalento.se.saw.dto.SecretaryDTO it.unisalento.se.saw.restapi.SecretaryRestController.getByUid(java.lang.String) throws it.unisalento.se.saw.exceptions.SecretaryNotFoundException
1578 [Test worker] INFO org.springframework.web.servlet.mvc.method.annotation.RequestMappingHandlerMapping - Mapped "{[/secretary/save],methods=[POST],consumes=[application/json]}" onto public it.unisalento.se.saw.dto.SecretaryDTO it.unisalento.se.saw.restapi.SecretaryRestController.post(it.unisalento.se.saw.dto.SecretaryDTO) throws it.unisalento.se.saw.exceptions.SecretaryNotFoundException
1592 [Test worker] INFO org.springframework.web.servlet.mvc.method.annotation.RequestMappingHandlerAdapter - Looking for @ControllerAdvice: org.springframework.test.web.servlet.setup.StubWebApplicationContext@44a5425d
1598 [Test worker] INFO org.springframework.mock.web.MockServletContext - Initializing Spring FrameworkServlet ''
1598 [Test worker] INFO org.springframework.test.web.servlet.TestDispatcherServlet - FrameworkServlet '': initialization started
1598 [Test worker] INFO org.springframework.test.web.servlet.TestDispatcherServlet - FrameworkServlet '': initialization completed in 0 ms
1621 [Test worker] INFO org.springframework.web.servlet.mvc.method.annotation.RequestMappingHandlerMapping - Mapped "{[/secretary/getById/{id}],methods=[GET],produces=[application/json]}" onto public it.unisalento.se.saw.dto.SecretaryDTO it.unisalento.se.saw.restapi.SecretaryRestController.getById(int) throws it.unisalento.se.saw.exceptions.SecretaryNotFoundException
1621 [Test worker] INFO org.springframework.web.servlet.mvc.method.annotation.RequestMappingHandlerMapping - Mapped "{[/secretary/getByUid/{uid}],methods=[GET],produces=[application/json]}" onto public it.unisalento.se.saw.dto.SecretaryDTO it.unisalento.se.saw.restapi.SecretaryRestController.getByUid(java.lang.String) throws it.unisalento.se.saw.exceptions.SecretaryNotFoundException
1622 [Test worker] INFO org.springframework.web.servlet.mvc.method.annotation.RequestMappingHandlerMapping - Mapped "{[/secretary/save],methods=[POST],consumes=[application/json]}" onto public it.unisalento.se.saw.dto.SecretaryDTO it.unisalento.se.saw.restapi.SecretaryRestController.post(it.unisalento.se.saw.dto.SecretaryDTO) throws it.unisalento.se.saw.exceptions.SecretaryNotFoundException
1639 [Test worker] INFO org.springframework.web.servlet.mvc.method.annotation.RequestMappingHandlerAdapter - Looking for @ControllerAdvice: org.springframework.test.web.servlet.setup.StubWebApplicationContext@148bea22
1645 [Test worker] INFO org.springframework.mock.web.MockServletContext - Initializing Spring FrameworkServlet ''
1646 [Test worker] INFO org.springframework.test.web.servlet.TestDispatcherServlet - FrameworkServlet '': initialization started
1646 [Test worker] INFO org.springframework.test.web.servlet.TestDispatcherServlet - FrameworkServlet '': initialization completed in 0 ms
1657 [Test worker] INFO org.springframework.web.servlet.mvc.method.annotation.RequestMappingHandlerMapping - Mapped "{[/secretary/getById/{id}],methods=[GET],produces=[application/json]}" onto public it.unisalento.se.saw.dto.SecretaryDTO it.unisalento.se.saw.restapi.SecretaryRestController.getById(int) throws it.unisalento.se.saw.exceptions.SecretaryNotFoundException
1659 [Test worker] INFO org.springframework.web.servlet.mvc.method.annotation.RequestMappingHandlerMapping - Mapped "{[/secretary/getByUid/{uid}],methods=[GET],produces=[application/json]}" onto public it.unisalento.se.saw.dto.SecretaryDTO it.unisalento.se.saw.restapi.SecretaryRestController.getByUid(java.lang.String) throws it.unisalento.se.saw.exceptions.SecretaryNotFoundException
1660 [Test worker] INFO org.springframework.web.servlet.mvc.method.annotation.RequestMappingHandlerMapping - Mapped "{[/secretary/save],methods=[POST],consumes=[application/json]}" onto public it.unisalento.se.saw.dto.SecretaryDTO it.unisalento.se.saw.restapi.SecretaryRestController.post(it.unisalento.se.saw.dto.SecretaryDTO) throws it.unisalento.se.saw.exceptions.SecretaryNotFoundException
1666 [Test worker] INFO org.springframework.web.servlet.mvc.method.annotation.RequestMappingHandlerAdapter - Looking for @ControllerAdvice: org.springframework.test.web.servlet.setup.StubWebApplicationContext@34a4d5f4
1670 [Test worker] INFO org.springframework.mock.web.MockServletContext - Initializing Spring FrameworkServlet ''
1671 [Test worker] INFO org.springframework.test.web.servlet.TestDispatcherServlet - FrameworkServlet '': initialization started
1672 [Test worker] INFO org.springframework.test.web.servlet.TestDispatcherServlet - FrameworkServlet '': initialization completed in 1 ms
]]></system-err>
</testsuite>
