<?xml version="1.0" encoding="UTF-8"?>
<testsuite name="it.unisalento.se.saw.restapi.ProfessorRestControllerTest" tests="4" skipped="0" failures="0" errors="0" timestamp="2018-09-03T14:27:55" hostname="DESKTOP-TUGA85P" time="0.194">
  <properties/>
  <testcase name="saveTest" classname="it.unisalento.se.saw.restapi.ProfessorRestControllerTest" time="0.034"/>
  <testcase name="getByIdCourseTest" classname="it.unisalento.se.saw.restapi.ProfessorRestControllerTest" time="0.035"/>
  <testcase name="getByIdTest" classname="it.unisalento.se.saw.restapi.ProfessorRestControllerTest" time="0.034"/>
  <testcase name="getAllTest" classname="it.unisalento.se.saw.restapi.ProfessorRestControllerTest" time="0.085"/>
  <system-out><![CDATA[]]></system-out>
  <system-err><![CDATA[2499 [Test worker] INFO org.springframework.web.servlet.mvc.method.annotation.RequestMappingHandlerMapping - Mapped "{[/professor/save],methods=[POST],consumes=[application/json]}" onto public it.unisalento.se.saw.dto.ProfessorDTO it.unisalento.se.saw.restapi.ProfessorRestController.save(it.unisalento.se.saw.dto.ProfessorDTO) throws it.unisalento.se.saw.exceptions.CourseNotFoundException
2500 [Test worker] INFO org.springframework.web.servlet.mvc.method.annotation.RequestMappingHandlerMapping - Mapped "{[/professor/getAll],methods=[GET],produces=[application/json]}" onto public java.util.Set<it.unisalento.se.saw.dto.ProfessorDTO> it.unisalento.se.saw.restapi.ProfessorRestController.getAll()
2501 [Test worker] INFO org.springframework.web.servlet.mvc.method.annotation.RequestMappingHandlerMapping - Mapped "{[/professor/getByCourse/{id}],methods=[GET],produces=[application/json]}" onto public java.util.Set<it.unisalento.se.saw.dto.ProfessorDTO> it.unisalento.se.saw.restapi.ProfessorRestController.getByIdCourse(int) throws it.unisalento.se.saw.exceptions.ProfessorNotFoundException
2501 [Test worker] INFO org.springframework.web.servlet.mvc.method.annotation.RequestMappingHandlerMapping - Mapped "{[/professor/getById/{id}],methods=[GET],produces=[application/json]}" onto public it.unisalento.se.saw.dto.ProfessorDTO it.unisalento.se.saw.restapi.ProfessorRestController.getById(int) throws it.unisalento.se.saw.exceptions.ProfessorNotFoundException
2511 [Test worker] INFO org.springframework.web.servlet.mvc.method.annotation.RequestMappingHandlerAdapter - Looking for @ControllerAdvice: org.springframework.test.web.servlet.setup.StubWebApplicationContext@7b201813
2515 [Test worker] INFO org.springframework.mock.web.MockServletContext - Initializing Spring FrameworkServlet ''
2515 [Test worker] INFO org.springframework.test.web.servlet.TestDispatcherServlet - FrameworkServlet '': initialization started
2515 [Test worker] INFO org.springframework.test.web.servlet.TestDispatcherServlet - FrameworkServlet '': initialization completed in 0 ms
2534 [Test worker] INFO org.springframework.web.servlet.mvc.method.annotation.RequestMappingHandlerMapping - Mapped "{[/professor/save],methods=[POST],consumes=[application/json]}" onto public it.unisalento.se.saw.dto.ProfessorDTO it.unisalento.se.saw.restapi.ProfessorRestController.save(it.unisalento.se.saw.dto.ProfessorDTO) throws it.unisalento.se.saw.exceptions.CourseNotFoundException
2535 [Test worker] INFO org.springframework.web.servlet.mvc.method.annotation.RequestMappingHandlerMapping - Mapped "{[/professor/getAll],methods=[GET],produces=[application/json]}" onto public java.util.Set<it.unisalento.se.saw.dto.ProfessorDTO> it.unisalento.se.saw.restapi.ProfessorRestController.getAll()
2535 [Test worker] INFO org.springframework.web.servlet.mvc.method.annotation.RequestMappingHandlerMapping - Mapped "{[/professor/getByCourse/{id}],methods=[GET],produces=[application/json]}" onto public java.util.Set<it.unisalento.se.saw.dto.ProfessorDTO> it.unisalento.se.saw.restapi.ProfessorRestController.getByIdCourse(int) throws it.unisalento.se.saw.exceptions.ProfessorNotFoundException
2536 [Test worker] INFO org.springframework.web.servlet.mvc.method.annotation.RequestMappingHandlerMapping - Mapped "{[/professor/getById/{id}],methods=[GET],produces=[application/json]}" onto public it.unisalento.se.saw.dto.ProfessorDTO it.unisalento.se.saw.restapi.ProfessorRestController.getById(int) throws it.unisalento.se.saw.exceptions.ProfessorNotFoundException
2543 [Test worker] INFO org.springframework.web.servlet.mvc.method.annotation.RequestMappingHandlerAdapter - Looking for @ControllerAdvice: org.springframework.test.web.servlet.setup.StubWebApplicationContext@5d9d94da
2549 [Test worker] INFO org.springframework.mock.web.MockServletContext - Initializing Spring FrameworkServlet ''
2550 [Test worker] INFO org.springframework.test.web.servlet.TestDispatcherServlet - FrameworkServlet '': initialization started
2552 [Test worker] INFO org.springframework.test.web.servlet.TestDispatcherServlet - FrameworkServlet '': initialization completed in 0 ms
2573 [Test worker] INFO org.springframework.web.servlet.mvc.method.annotation.RequestMappingHandlerMapping - Mapped "{[/professor/save],methods=[POST],consumes=[application/json]}" onto public it.unisalento.se.saw.dto.ProfessorDTO it.unisalento.se.saw.restapi.ProfessorRestController.save(it.unisalento.se.saw.dto.ProfessorDTO) throws it.unisalento.se.saw.exceptions.CourseNotFoundException
2574 [Test worker] INFO org.springframework.web.servlet.mvc.method.annotation.RequestMappingHandlerMapping - Mapped "{[/professor/getAll],methods=[GET],produces=[application/json]}" onto public java.util.Set<it.unisalento.se.saw.dto.ProfessorDTO> it.unisalento.se.saw.restapi.ProfessorRestController.getAll()
2575 [Test worker] INFO org.springframework.web.servlet.mvc.method.annotation.RequestMappingHandlerMapping - Mapped "{[/professor/getByCourse/{id}],methods=[GET],produces=[application/json]}" onto public java.util.Set<it.unisalento.se.saw.dto.ProfessorDTO> it.unisalento.se.saw.restapi.ProfessorRestController.getByIdCourse(int) throws it.unisalento.se.saw.exceptions.ProfessorNotFoundException
2576 [Test worker] INFO org.springframework.web.servlet.mvc.method.annotation.RequestMappingHandlerMapping - Mapped "{[/professor/getById/{id}],methods=[GET],produces=[application/json]}" onto public it.unisalento.se.saw.dto.ProfessorDTO it.unisalento.se.saw.restapi.ProfessorRestController.getById(int) throws it.unisalento.se.saw.exceptions.ProfessorNotFoundException
2586 [Test worker] INFO org.springframework.web.servlet.mvc.method.annotation.RequestMappingHandlerAdapter - Looking for @ControllerAdvice: org.springframework.test.web.servlet.setup.StubWebApplicationContext@20e30030
2591 [Test worker] INFO org.springframework.mock.web.MockServletContext - Initializing Spring FrameworkServlet ''
2592 [Test worker] INFO org.springframework.test.web.servlet.TestDispatcherServlet - FrameworkServlet '': initialization started
2592 [Test worker] INFO org.springframework.test.web.servlet.TestDispatcherServlet - FrameworkServlet '': initialization completed in 0 ms
2608 [Test worker] INFO org.springframework.web.servlet.mvc.method.annotation.RequestMappingHandlerMapping - Mapped "{[/professor/save],methods=[POST],consumes=[application/json]}" onto public it.unisalento.se.saw.dto.ProfessorDTO it.unisalento.se.saw.restapi.ProfessorRestController.save(it.unisalento.se.saw.dto.ProfessorDTO) throws it.unisalento.se.saw.exceptions.CourseNotFoundException
2609 [Test worker] INFO org.springframework.web.servlet.mvc.method.annotation.RequestMappingHandlerMapping - Mapped "{[/professor/getAll],methods=[GET],produces=[application/json]}" onto public java.util.Set<it.unisalento.se.saw.dto.ProfessorDTO> it.unisalento.se.saw.restapi.ProfessorRestController.getAll()
2618 [Test worker] INFO org.springframework.web.servlet.mvc.method.annotation.RequestMappingHandlerMapping - Mapped "{[/professor/getByCourse/{id}],methods=[GET],produces=[application/json]}" onto public java.util.Set<it.unisalento.se.saw.dto.ProfessorDTO> it.unisalento.se.saw.restapi.ProfessorRestController.getByIdCourse(int) throws it.unisalento.se.saw.exceptions.ProfessorNotFoundException
2620 [Test worker] INFO org.springframework.web.servlet.mvc.method.annotation.RequestMappingHandlerMapping - Mapped "{[/professor/getById/{id}],methods=[GET],produces=[application/json]}" onto public it.unisalento.se.saw.dto.ProfessorDTO it.unisalento.se.saw.restapi.ProfessorRestController.getById(int) throws it.unisalento.se.saw.exceptions.ProfessorNotFoundException
2632 [Test worker] INFO org.springframework.web.servlet.mvc.method.annotation.RequestMappingHandlerAdapter - Looking for @ControllerAdvice: org.springframework.test.web.servlet.setup.StubWebApplicationContext@137168b1
2639 [Test worker] INFO org.springframework.mock.web.MockServletContext - Initializing Spring FrameworkServlet ''
2641 [Test worker] INFO org.springframework.test.web.servlet.TestDispatcherServlet - FrameworkServlet '': initialization started
2641 [Test worker] INFO org.springframework.test.web.servlet.TestDispatcherServlet - FrameworkServlet '': initialization completed in 0 ms
]]></system-err>
</testsuite>
