<?xml version="1.0" encoding="UTF-8"?>
<testsuite name="it.unisalento.se.saw.services.ReviewServiceTest" tests="11" skipped="0" failures="0" errors="0" timestamp="2018-09-09T11:32:26" hostname="antonio-pc" time="0.024">
  <properties/>
  <testcase name="saveTest" classname="it.unisalento.se.saw.services.ReviewServiceTest" time="0.003"/>
  <testcase name="getByIdMaterialTest" classname="it.unisalento.se.saw.services.ReviewServiceTest" time="0.001"/>
  <testcase name="getByIdLessonTest" classname="it.unisalento.se.saw.services.ReviewServiceTest" time="0.001"/>
  <testcase name="getByIdTest" classname="it.unisalento.se.saw.services.ReviewServiceTest" time="0.001"/>
  <testcase name="getByIdStudentAndIdMaterialTest" classname="it.unisalento.se.saw.services.ReviewServiceTest" time="0.001"/>
  <testcase name="getByIdStudentAndIdLessonTest" classname="it.unisalento.se.saw.services.ReviewServiceTest" time="0.001"/>
  <testcase name="getByIdStudentAndIdMaterialErrorTest" classname="it.unisalento.se.saw.services.ReviewServiceTest" time="0.001"/>
  <testcase name="getAllTest" classname="it.unisalento.se.saw.services.ReviewServiceTest" time="0.001"/>
  <testcase name="getByType" classname="it.unisalento.se.saw.services.ReviewServiceTest" time="0.001"/>
  <testcase name="getByIdErrorTest" classname="it.unisalento.se.saw.services.ReviewServiceTest" time="0.001"/>
  <testcase name="getByIdStudentAndIdLessonErrorTest" classname="it.unisalento.se.saw.services.ReviewServiceTest" time="0.0"/>
  <system-out><![CDATA[]]></system-out>
  <system-err><![CDATA[]]></system-err>
</testsuite>
