<?xml version="1.0" encoding="UTF-8"?>
<testsuite name="it.unisalento.se.saw.restapi.CourseRestControllerTest" tests="3" skipped="0" failures="0" errors="0" timestamp="2018-09-04T09:45:18" hostname="DESKTOP-TUGA85P" time="0.121">
  <properties/>
  <testcase name="saveTest" classname="it.unisalento.se.saw.restapi.CourseRestControllerTest" time="0.051"/>
  <testcase name="getByIdTest" classname="it.unisalento.se.saw.restapi.CourseRestControllerTest" time="0.036"/>
  <testcase name="getAllTest" classname="it.unisalento.se.saw.restapi.CourseRestControllerTest" time="0.031"/>
  <system-out><![CDATA[]]></system-out>
  <system-err><![CDATA[2068 [Test worker] INFO org.springframework.web.servlet.mvc.method.annotation.RequestMappingHandlerMapping - Mapped "{[/course/getById/{id}],methods=[GET],produces=[application/json]}" onto public it.unisalento.se.saw.dto.CourseDTO it.unisalento.se.saw.restapi.CourseRestController.getById(int) throws it.unisalento.se.saw.exceptions.CourseNotFoundException
2070 [Test worker] INFO org.springframework.web.servlet.mvc.method.annotation.RequestMappingHandlerMapping - Mapped "{[/course/getAll],methods=[GET],produces=[application/json]}" onto public java.util.Set<it.unisalento.se.saw.dto.CourseDTO> it.unisalento.se.saw.restapi.CourseRestController.getAll()
2071 [Test worker] INFO org.springframework.web.servlet.mvc.method.annotation.RequestMappingHandlerMapping - Mapped "{[/course/save],methods=[POST],consumes=[application/json]}" onto public it.unisalento.se.saw.dto.CourseDTO it.unisalento.se.saw.restapi.CourseRestController.post(it.unisalento.se.saw.dto.CourseDTO)
2072 [Test worker] INFO org.springframework.web.servlet.mvc.method.annotation.RequestMappingHandlerMapping - Mapped "{[/course/getByIdProf/{id}],methods=[GET],produces=[application/json]}" onto public java.util.Set<it.unisalento.se.saw.dto.CourseDTO> it.unisalento.se.saw.restapi.CourseRestController.getByIdProf(int) throws it.unisalento.se.saw.exceptions.CourseNotFoundException,it.unisalento.se.saw.exceptions.ProfessorNotFoundException
2083 [Test worker] INFO org.springframework.web.servlet.mvc.method.annotation.RequestMappingHandlerAdapter - Looking for @ControllerAdvice: org.springframework.test.web.servlet.setup.StubWebApplicationContext@17d1d81f
2088 [Test worker] INFO org.springframework.mock.web.MockServletContext - Initializing Spring FrameworkServlet ''
2089 [Test worker] INFO org.springframework.test.web.servlet.TestDispatcherServlet - FrameworkServlet '': initialization started
2091 [Test worker] INFO org.springframework.test.web.servlet.TestDispatcherServlet - FrameworkServlet '': initialization completed in 0 ms
2118 [Test worker] INFO org.springframework.web.servlet.mvc.method.annotation.RequestMappingHandlerMapping - Mapped "{[/course/getById/{id}],methods=[GET],produces=[application/json]}" onto public it.unisalento.se.saw.dto.CourseDTO it.unisalento.se.saw.restapi.CourseRestController.getById(int) throws it.unisalento.se.saw.exceptions.CourseNotFoundException
2120 [Test worker] INFO org.springframework.web.servlet.mvc.method.annotation.RequestMappingHandlerMapping - Mapped "{[/course/getAll],methods=[GET],produces=[application/json]}" onto public java.util.Set<it.unisalento.se.saw.dto.CourseDTO> it.unisalento.se.saw.restapi.CourseRestController.getAll()
2121 [Test worker] INFO org.springframework.web.servlet.mvc.method.annotation.RequestMappingHandlerMapping - Mapped "{[/course/save],methods=[POST],consumes=[application/json]}" onto public it.unisalento.se.saw.dto.CourseDTO it.unisalento.se.saw.restapi.CourseRestController.post(it.unisalento.se.saw.dto.CourseDTO)
2122 [Test worker] INFO org.springframework.web.servlet.mvc.method.annotation.RequestMappingHandlerMapping - Mapped "{[/course/getByIdProf/{id}],methods=[GET],produces=[application/json]}" onto public java.util.Set<it.unisalento.se.saw.dto.CourseDTO> it.unisalento.se.saw.restapi.CourseRestController.getByIdProf(int) throws it.unisalento.se.saw.exceptions.CourseNotFoundException,it.unisalento.se.saw.exceptions.ProfessorNotFoundException
2133 [Test worker] INFO org.springframework.web.servlet.mvc.method.annotation.RequestMappingHandlerAdapter - Looking for @ControllerAdvice: org.springframework.test.web.servlet.setup.StubWebApplicationContext@3e1278ef
2138 [Test worker] INFO org.springframework.mock.web.MockServletContext - Initializing Spring FrameworkServlet ''
2138 [Test worker] INFO org.springframework.test.web.servlet.TestDispatcherServlet - FrameworkServlet '': initialization started
2139 [Test worker] INFO org.springframework.test.web.servlet.TestDispatcherServlet - FrameworkServlet '': initialization completed in 1 ms
2154 [Test worker] INFO org.springframework.web.servlet.mvc.method.annotation.RequestMappingHandlerMapping - Mapped "{[/course/getById/{id}],methods=[GET],produces=[application/json]}" onto public it.unisalento.se.saw.dto.CourseDTO it.unisalento.se.saw.restapi.CourseRestController.getById(int) throws it.unisalento.se.saw.exceptions.CourseNotFoundException
2156 [Test worker] INFO org.springframework.web.servlet.mvc.method.annotation.RequestMappingHandlerMapping - Mapped "{[/course/getAll],methods=[GET],produces=[application/json]}" onto public java.util.Set<it.unisalento.se.saw.dto.CourseDTO> it.unisalento.se.saw.restapi.CourseRestController.getAll()
2158 [Test worker] INFO org.springframework.web.servlet.mvc.method.annotation.RequestMappingHandlerMapping - Mapped "{[/course/save],methods=[POST],consumes=[application/json]}" onto public it.unisalento.se.saw.dto.CourseDTO it.unisalento.se.saw.restapi.CourseRestController.post(it.unisalento.se.saw.dto.CourseDTO)
2159 [Test worker] INFO org.springframework.web.servlet.mvc.method.annotation.RequestMappingHandlerMapping - Mapped "{[/course/getByIdProf/{id}],methods=[GET],produces=[application/json]}" onto public java.util.Set<it.unisalento.se.saw.dto.CourseDTO> it.unisalento.se.saw.restapi.CourseRestController.getByIdProf(int) throws it.unisalento.se.saw.exceptions.CourseNotFoundException,it.unisalento.se.saw.exceptions.ProfessorNotFoundException
2169 [Test worker] INFO org.springframework.web.servlet.mvc.method.annotation.RequestMappingHandlerAdapter - Looking for @ControllerAdvice: org.springframework.test.web.servlet.setup.StubWebApplicationContext@7fab84ac
2172 [Test worker] INFO org.springframework.mock.web.MockServletContext - Initializing Spring FrameworkServlet ''
2172 [Test worker] INFO org.springframework.test.web.servlet.TestDispatcherServlet - FrameworkServlet '': initialization started
2173 [Test worker] INFO org.springframework.test.web.servlet.TestDispatcherServlet - FrameworkServlet '': initialization completed in 1 ms
]]></system-err>
</testsuite>
