<?xml version="1.0" encoding="UTF-8"?>
<testsuite name="it.unisalento.se.saw.services.MaterialServiceTest" tests="7" skipped="0" failures="0" errors="0" timestamp="2018-09-04T13:19:34" hostname="DESKTOP-TUGA85P" time="0.026">
  <properties/>
  <testcase name="saveTest" classname="it.unisalento.se.saw.services.MaterialServiceTest" time="0.009"/>
  <testcase name="getByIdLessonTest" classname="it.unisalento.se.saw.services.MaterialServiceTest" time="0.001"/>
  <testcase name="getByIdTest" classname="it.unisalento.se.saw.services.MaterialServiceTest" time="0.0"/>
  <testcase name="getByIdTeachingTest" classname="it.unisalento.se.saw.services.MaterialServiceTest" time="0.0"/>
  <testcase name="getAllTest" classname="it.unisalento.se.saw.services.MaterialServiceTest" time="0.0"/>
  <testcase name="getByIdErrorTest" classname="it.unisalento.se.saw.services.MaterialServiceTest" time="0.001"/>
  <testcase name="getDomainByIdTest" classname="it.unisalento.se.saw.services.MaterialServiceTest" time="0.0"/>
  <system-out><![CDATA[]]></system-out>
  <system-err><![CDATA[]]></system-err>
</testsuite>
