<?xml version="1.0" encoding="UTF-8"?>
<testsuite name="it.unisalento.se.saw.restapi.ReviewRestControllerTest" tests="6" skipped="0" failures="0" errors="0" timestamp="2018-09-08T13:45:06" hostname="DESKTOP-5IEPLHD" time="0.149">
  <properties/>
  <testcase name="saveTest" classname="it.unisalento.se.saw.restapi.ReviewRestControllerTest" time="0.027"/>
  <testcase name="getByIdMaterialTest" classname="it.unisalento.se.saw.restapi.ReviewRestControllerTest" time="0.027"/>
  <testcase name="getByIdLessonTest" classname="it.unisalento.se.saw.restapi.ReviewRestControllerTest" time="0.027"/>
  <testcase name="getByIdTest" classname="it.unisalento.se.saw.restapi.ReviewRestControllerTest" time="0.02"/>
  <testcase name="getByIdStudentAndIdMaterialTest" classname="it.unisalento.se.saw.restapi.ReviewRestControllerTest" time="0.027"/>
  <testcase name="getByIdStudentAndIdLessonTest" classname="it.unisalento.se.saw.restapi.ReviewRestControllerTest" time="0.017"/>
  <system-out><![CDATA[]]></system-out>
  <system-err><![CDATA[2027 [Test worker] INFO org.springframework.web.servlet.mvc.method.annotation.RequestMappingHandlerMapping - Mapped "{[/review/save],methods=[POST],consumes=[application/json]}" onto public it.unisalento.se.saw.dto.ReviewDTO it.unisalento.se.saw.restapi.ReviewRestController.save(it.unisalento.se.saw.dto.ReviewDTO) throws it.unisalento.se.saw.exceptions.StudentNotFoundException,it.unisalento.se.saw.exceptions.ReviewTypeNotFoundException
2028 [Test worker] INFO org.springframework.web.servlet.mvc.method.annotation.RequestMappingHandlerMapping - Mapped "{[/review/getById/{id}],methods=[GET],produces=[application/json]}" onto public it.unisalento.se.saw.dto.ReviewDTO it.unisalento.se.saw.restapi.ReviewRestController.getById(int) throws it.unisalento.se.saw.exceptions.ReviewNotFoundException
2028 [Test worker] INFO org.springframework.web.servlet.mvc.method.annotation.RequestMappingHandlerMapping - Mapped "{[/review/getByIdMaterial/{idMaterial}],methods=[GET],produces=[application/json]}" onto public java.util.Set<it.unisalento.se.saw.dto.ReviewDTO> it.unisalento.se.saw.restapi.ReviewRestController.getByIdMaterial(int) throws it.unisalento.se.saw.exceptions.ReviewNotFoundException
2029 [Test worker] INFO org.springframework.web.servlet.mvc.method.annotation.RequestMappingHandlerMapping - Mapped "{[/review/getByIdLesson/{idLesson}],methods=[GET],produces=[application/json]}" onto public java.util.Set<it.unisalento.se.saw.dto.ReviewDTO> it.unisalento.se.saw.restapi.ReviewRestController.getByIdLesson(int) throws it.unisalento.se.saw.exceptions.ReviewNotFoundException
2029 [Test worker] INFO org.springframework.web.servlet.mvc.method.annotation.RequestMappingHandlerMapping - Mapped "{[/review/getByIdStudentAndIdMaterial/{idStudent}_{idMaterial}],methods=[GET],produces=[application/json]}" onto public it.unisalento.se.saw.dto.ReviewDTO it.unisalento.se.saw.restapi.ReviewRestController.getByIdStudentAndIdMaterial(int,int) throws it.unisalento.se.saw.exceptions.ReviewNotFoundException
2029 [Test worker] INFO org.springframework.web.servlet.mvc.method.annotation.RequestMappingHandlerMapping - Mapped "{[/review/getByIdStudentAndIdLesson/{idStudent}_{idLesson}],methods=[GET],produces=[application/json]}" onto public it.unisalento.se.saw.dto.ReviewDTO it.unisalento.se.saw.restapi.ReviewRestController.getByIdStudentAndIdLesson(int,int) throws it.unisalento.se.saw.exceptions.ReviewNotFoundException
2036 [Test worker] INFO org.springframework.web.servlet.mvc.method.annotation.RequestMappingHandlerAdapter - Looking for @ControllerAdvice: org.springframework.test.web.servlet.setup.StubWebApplicationContext@3514a562
2040 [Test worker] INFO org.springframework.mock.web.MockServletContext - Initializing Spring FrameworkServlet ''
2040 [Test worker] INFO org.springframework.test.web.servlet.TestDispatcherServlet - FrameworkServlet '': initialization started
2040 [Test worker] INFO org.springframework.test.web.servlet.TestDispatcherServlet - FrameworkServlet '': initialization completed in 0 ms
2055 [Test worker] INFO org.springframework.web.servlet.mvc.method.annotation.RequestMappingHandlerMapping - Mapped "{[/review/save],methods=[POST],consumes=[application/json]}" onto public it.unisalento.se.saw.dto.ReviewDTO it.unisalento.se.saw.restapi.ReviewRestController.save(it.unisalento.se.saw.dto.ReviewDTO) throws it.unisalento.se.saw.exceptions.StudentNotFoundException,it.unisalento.se.saw.exceptions.ReviewTypeNotFoundException
2055 [Test worker] INFO org.springframework.web.servlet.mvc.method.annotation.RequestMappingHandlerMapping - Mapped "{[/review/getById/{id}],methods=[GET],produces=[application/json]}" onto public it.unisalento.se.saw.dto.ReviewDTO it.unisalento.se.saw.restapi.ReviewRestController.getById(int) throws it.unisalento.se.saw.exceptions.ReviewNotFoundException
2056 [Test worker] INFO org.springframework.web.servlet.mvc.method.annotation.RequestMappingHandlerMapping - Mapped "{[/review/getByIdMaterial/{idMaterial}],methods=[GET],produces=[application/json]}" onto public java.util.Set<it.unisalento.se.saw.dto.ReviewDTO> it.unisalento.se.saw.restapi.ReviewRestController.getByIdMaterial(int) throws it.unisalento.se.saw.exceptions.ReviewNotFoundException
2056 [Test worker] INFO org.springframework.web.servlet.mvc.method.annotation.RequestMappingHandlerMapping - Mapped "{[/review/getByIdLesson/{idLesson}],methods=[GET],produces=[application/json]}" onto public java.util.Set<it.unisalento.se.saw.dto.ReviewDTO> it.unisalento.se.saw.restapi.ReviewRestController.getByIdLesson(int) throws it.unisalento.se.saw.exceptions.ReviewNotFoundException
2056 [Test worker] INFO org.springframework.web.servlet.mvc.method.annotation.RequestMappingHandlerMapping - Mapped "{[/review/getByIdStudentAndIdMaterial/{idStudent}_{idMaterial}],methods=[GET],produces=[application/json]}" onto public it.unisalento.se.saw.dto.ReviewDTO it.unisalento.se.saw.restapi.ReviewRestController.getByIdStudentAndIdMaterial(int,int) throws it.unisalento.se.saw.exceptions.ReviewNotFoundException
2057 [Test worker] INFO org.springframework.web.servlet.mvc.method.annotation.RequestMappingHandlerMapping - Mapped "{[/review/getByIdStudentAndIdLesson/{idStudent}_{idLesson}],methods=[GET],produces=[application/json]}" onto public it.unisalento.se.saw.dto.ReviewDTO it.unisalento.se.saw.restapi.ReviewRestController.getByIdStudentAndIdLesson(int,int) throws it.unisalento.se.saw.exceptions.ReviewNotFoundException
2065 [Test worker] INFO org.springframework.web.servlet.mvc.method.annotation.RequestMappingHandlerAdapter - Looking for @ControllerAdvice: org.springframework.test.web.servlet.setup.StubWebApplicationContext@4a954b97
2070 [Test worker] INFO org.springframework.mock.web.MockServletContext - Initializing Spring FrameworkServlet ''
2070 [Test worker] INFO org.springframework.test.web.servlet.TestDispatcherServlet - FrameworkServlet '': initialization started
2070 [Test worker] INFO org.springframework.test.web.servlet.TestDispatcherServlet - FrameworkServlet '': initialization completed in 0 ms
2083 [Test worker] INFO org.springframework.web.servlet.mvc.method.annotation.RequestMappingHandlerMapping - Mapped "{[/review/save],methods=[POST],consumes=[application/json]}" onto public it.unisalento.se.saw.dto.ReviewDTO it.unisalento.se.saw.restapi.ReviewRestController.save(it.unisalento.se.saw.dto.ReviewDTO) throws it.unisalento.se.saw.exceptions.StudentNotFoundException,it.unisalento.se.saw.exceptions.ReviewTypeNotFoundException
2083 [Test worker] INFO org.springframework.web.servlet.mvc.method.annotation.RequestMappingHandlerMapping - Mapped "{[/review/getById/{id}],methods=[GET],produces=[application/json]}" onto public it.unisalento.se.saw.dto.ReviewDTO it.unisalento.se.saw.restapi.ReviewRestController.getById(int) throws it.unisalento.se.saw.exceptions.ReviewNotFoundException
2084 [Test worker] INFO org.springframework.web.servlet.mvc.method.annotation.RequestMappingHandlerMapping - Mapped "{[/review/getByIdMaterial/{idMaterial}],methods=[GET],produces=[application/json]}" onto public java.util.Set<it.unisalento.se.saw.dto.ReviewDTO> it.unisalento.se.saw.restapi.ReviewRestController.getByIdMaterial(int) throws it.unisalento.se.saw.exceptions.ReviewNotFoundException
2084 [Test worker] INFO org.springframework.web.servlet.mvc.method.annotation.RequestMappingHandlerMapping - Mapped "{[/review/getByIdLesson/{idLesson}],methods=[GET],produces=[application/json]}" onto public java.util.Set<it.unisalento.se.saw.dto.ReviewDTO> it.unisalento.se.saw.restapi.ReviewRestController.getByIdLesson(int) throws it.unisalento.se.saw.exceptions.ReviewNotFoundException
2085 [Test worker] INFO org.springframework.web.servlet.mvc.method.annotation.RequestMappingHandlerMapping - Mapped "{[/review/getByIdStudentAndIdMaterial/{idStudent}_{idMaterial}],methods=[GET],produces=[application/json]}" onto public it.unisalento.se.saw.dto.ReviewDTO it.unisalento.se.saw.restapi.ReviewRestController.getByIdStudentAndIdMaterial(int,int) throws it.unisalento.se.saw.exceptions.ReviewNotFoundException
2085 [Test worker] INFO org.springframework.web.servlet.mvc.method.annotation.RequestMappingHandlerMapping - Mapped "{[/review/getByIdStudentAndIdLesson/{idStudent}_{idLesson}],methods=[GET],produces=[application/json]}" onto public it.unisalento.se.saw.dto.ReviewDTO it.unisalento.se.saw.restapi.ReviewRestController.getByIdStudentAndIdLesson(int,int) throws it.unisalento.se.saw.exceptions.ReviewNotFoundException
2095 [Test worker] INFO org.springframework.web.servlet.mvc.method.annotation.RequestMappingHandlerAdapter - Looking for @ControllerAdvice: org.springframework.test.web.servlet.setup.StubWebApplicationContext@1d9724e6
2099 [Test worker] INFO org.springframework.mock.web.MockServletContext - Initializing Spring FrameworkServlet ''
2100 [Test worker] INFO org.springframework.test.web.servlet.TestDispatcherServlet - FrameworkServlet '': initialization started
2100 [Test worker] INFO org.springframework.test.web.servlet.TestDispatcherServlet - FrameworkServlet '': initialization completed in 0 ms
2110 [Test worker] INFO org.springframework.web.servlet.mvc.method.annotation.RequestMappingHandlerMapping - Mapped "{[/review/save],methods=[POST],consumes=[application/json]}" onto public it.unisalento.se.saw.dto.ReviewDTO it.unisalento.se.saw.restapi.ReviewRestController.save(it.unisalento.se.saw.dto.ReviewDTO) throws it.unisalento.se.saw.exceptions.StudentNotFoundException,it.unisalento.se.saw.exceptions.ReviewTypeNotFoundException
2110 [Test worker] INFO org.springframework.web.servlet.mvc.method.annotation.RequestMappingHandlerMapping - Mapped "{[/review/getById/{id}],methods=[GET],produces=[application/json]}" onto public it.unisalento.se.saw.dto.ReviewDTO it.unisalento.se.saw.restapi.ReviewRestController.getById(int) throws it.unisalento.se.saw.exceptions.ReviewNotFoundException
2110 [Test worker] INFO org.springframework.web.servlet.mvc.method.annotation.RequestMappingHandlerMapping - Mapped "{[/review/getByIdMaterial/{idMaterial}],methods=[GET],produces=[application/json]}" onto public java.util.Set<it.unisalento.se.saw.dto.ReviewDTO> it.unisalento.se.saw.restapi.ReviewRestController.getByIdMaterial(int) throws it.unisalento.se.saw.exceptions.ReviewNotFoundException
2111 [Test worker] INFO org.springframework.web.servlet.mvc.method.annotation.RequestMappingHandlerMapping - Mapped "{[/review/getByIdLesson/{idLesson}],methods=[GET],produces=[application/json]}" onto public java.util.Set<it.unisalento.se.saw.dto.ReviewDTO> it.unisalento.se.saw.restapi.ReviewRestController.getByIdLesson(int) throws it.unisalento.se.saw.exceptions.ReviewNotFoundException
2111 [Test worker] INFO org.springframework.web.servlet.mvc.method.annotation.RequestMappingHandlerMapping - Mapped "{[/review/getByIdStudentAndIdMaterial/{idStudent}_{idMaterial}],methods=[GET],produces=[application/json]}" onto public it.unisalento.se.saw.dto.ReviewDTO it.unisalento.se.saw.restapi.ReviewRestController.getByIdStudentAndIdMaterial(int,int) throws it.unisalento.se.saw.exceptions.ReviewNotFoundException
2111 [Test worker] INFO org.springframework.web.servlet.mvc.method.annotation.RequestMappingHandlerMapping - Mapped "{[/review/getByIdStudentAndIdLesson/{idStudent}_{idLesson}],methods=[GET],produces=[application/json]}" onto public it.unisalento.se.saw.dto.ReviewDTO it.unisalento.se.saw.restapi.ReviewRestController.getByIdStudentAndIdLesson(int,int) throws it.unisalento.se.saw.exceptions.ReviewNotFoundException
2117 [Test worker] INFO org.springframework.web.servlet.mvc.method.annotation.RequestMappingHandlerAdapter - Looking for @ControllerAdvice: org.springframework.test.web.servlet.setup.StubWebApplicationContext@13fd74ef
2120 [Test worker] INFO org.springframework.mock.web.MockServletContext - Initializing Spring FrameworkServlet ''
2120 [Test worker] INFO org.springframework.test.web.servlet.TestDispatcherServlet - FrameworkServlet '': initialization started
2120 [Test worker] INFO org.springframework.test.web.servlet.TestDispatcherServlet - FrameworkServlet '': initialization completed in 0 ms
2131 [Test worker] INFO org.springframework.web.servlet.mvc.method.annotation.RequestMappingHandlerMapping - Mapped "{[/review/save],methods=[POST],consumes=[application/json]}" onto public it.unisalento.se.saw.dto.ReviewDTO it.unisalento.se.saw.restapi.ReviewRestController.save(it.unisalento.se.saw.dto.ReviewDTO) throws it.unisalento.se.saw.exceptions.StudentNotFoundException,it.unisalento.se.saw.exceptions.ReviewTypeNotFoundException
2131 [Test worker] INFO org.springframework.web.servlet.mvc.method.annotation.RequestMappingHandlerMapping - Mapped "{[/review/getById/{id}],methods=[GET],produces=[application/json]}" onto public it.unisalento.se.saw.dto.ReviewDTO it.unisalento.se.saw.restapi.ReviewRestController.getById(int) throws it.unisalento.se.saw.exceptions.ReviewNotFoundException
2131 [Test worker] INFO org.springframework.web.servlet.mvc.method.annotation.RequestMappingHandlerMapping - Mapped "{[/review/getByIdMaterial/{idMaterial}],methods=[GET],produces=[application/json]}" onto public java.util.Set<it.unisalento.se.saw.dto.ReviewDTO> it.unisalento.se.saw.restapi.ReviewRestController.getByIdMaterial(int) throws it.unisalento.se.saw.exceptions.ReviewNotFoundException
2132 [Test worker] INFO org.springframework.web.servlet.mvc.method.annotation.RequestMappingHandlerMapping - Mapped "{[/review/getByIdLesson/{idLesson}],methods=[GET],produces=[application/json]}" onto public java.util.Set<it.unisalento.se.saw.dto.ReviewDTO> it.unisalento.se.saw.restapi.ReviewRestController.getByIdLesson(int) throws it.unisalento.se.saw.exceptions.ReviewNotFoundException
2132 [Test worker] INFO org.springframework.web.servlet.mvc.method.annotation.RequestMappingHandlerMapping - Mapped "{[/review/getByIdStudentAndIdMaterial/{idStudent}_{idMaterial}],methods=[GET],produces=[application/json]}" onto public it.unisalento.se.saw.dto.ReviewDTO it.unisalento.se.saw.restapi.ReviewRestController.getByIdStudentAndIdMaterial(int,int) throws it.unisalento.se.saw.exceptions.ReviewNotFoundException
2132 [Test worker] INFO org.springframework.web.servlet.mvc.method.annotation.RequestMappingHandlerMapping - Mapped "{[/review/getByIdStudentAndIdLesson/{idStudent}_{idLesson}],methods=[GET],produces=[application/json]}" onto public it.unisalento.se.saw.dto.ReviewDTO it.unisalento.se.saw.restapi.ReviewRestController.getByIdStudentAndIdLesson(int,int) throws it.unisalento.se.saw.exceptions.ReviewNotFoundException
2143 [Test worker] INFO org.springframework.web.servlet.mvc.method.annotation.RequestMappingHandlerAdapter - Looking for @ControllerAdvice: org.springframework.test.web.servlet.setup.StubWebApplicationContext@101a91a7
2147 [Test worker] INFO org.springframework.mock.web.MockServletContext - Initializing Spring FrameworkServlet ''
2147 [Test worker] INFO org.springframework.test.web.servlet.TestDispatcherServlet - FrameworkServlet '': initialization started
2147 [Test worker] INFO org.springframework.test.web.servlet.TestDispatcherServlet - FrameworkServlet '': initialization completed in 0 ms
2158 [Test worker] INFO org.springframework.web.servlet.mvc.method.annotation.RequestMappingHandlerMapping - Mapped "{[/review/save],methods=[POST],consumes=[application/json]}" onto public it.unisalento.se.saw.dto.ReviewDTO it.unisalento.se.saw.restapi.ReviewRestController.save(it.unisalento.se.saw.dto.ReviewDTO) throws it.unisalento.se.saw.exceptions.StudentNotFoundException,it.unisalento.se.saw.exceptions.ReviewTypeNotFoundException
2159 [Test worker] INFO org.springframework.web.servlet.mvc.method.annotation.RequestMappingHandlerMapping - Mapped "{[/review/getById/{id}],methods=[GET],produces=[application/json]}" onto public it.unisalento.se.saw.dto.ReviewDTO it.unisalento.se.saw.restapi.ReviewRestController.getById(int) throws it.unisalento.se.saw.exceptions.ReviewNotFoundException
2159 [Test worker] INFO org.springframework.web.servlet.mvc.method.annotation.RequestMappingHandlerMapping - Mapped "{[/review/getByIdMaterial/{idMaterial}],methods=[GET],produces=[application/json]}" onto public java.util.Set<it.unisalento.se.saw.dto.ReviewDTO> it.unisalento.se.saw.restapi.ReviewRestController.getByIdMaterial(int) throws it.unisalento.se.saw.exceptions.ReviewNotFoundException
2159 [Test worker] INFO org.springframework.web.servlet.mvc.method.annotation.RequestMappingHandlerMapping - Mapped "{[/review/getByIdLesson/{idLesson}],methods=[GET],produces=[application/json]}" onto public java.util.Set<it.unisalento.se.saw.dto.ReviewDTO> it.unisalento.se.saw.restapi.ReviewRestController.getByIdLesson(int) throws it.unisalento.se.saw.exceptions.ReviewNotFoundException
2159 [Test worker] INFO org.springframework.web.servlet.mvc.method.annotation.RequestMappingHandlerMapping - Mapped "{[/review/getByIdStudentAndIdMaterial/{idStudent}_{idMaterial}],methods=[GET],produces=[application/json]}" onto public it.unisalento.se.saw.dto.ReviewDTO it.unisalento.se.saw.restapi.ReviewRestController.getByIdStudentAndIdMaterial(int,int) throws it.unisalento.se.saw.exceptions.ReviewNotFoundException
2160 [Test worker] INFO org.springframework.web.servlet.mvc.method.annotation.RequestMappingHandlerMapping - Mapped "{[/review/getByIdStudentAndIdLesson/{idStudent}_{idLesson}],methods=[GET],produces=[application/json]}" onto public it.unisalento.se.saw.dto.ReviewDTO it.unisalento.se.saw.restapi.ReviewRestController.getByIdStudentAndIdLesson(int,int) throws it.unisalento.se.saw.exceptions.ReviewNotFoundException
2165 [Test worker] INFO org.springframework.web.servlet.mvc.method.annotation.RequestMappingHandlerAdapter - Looking for @ControllerAdvice: org.springframework.test.web.servlet.setup.StubWebApplicationContext@712cf567
2167 [Test worker] INFO org.springframework.mock.web.MockServletContext - Initializing Spring FrameworkServlet ''
2167 [Test worker] INFO org.springframework.test.web.servlet.TestDispatcherServlet - FrameworkServlet '': initialization started
2168 [Test worker] INFO org.springframework.test.web.servlet.TestDispatcherServlet - FrameworkServlet '': initialization completed in 1 ms
]]></system-err>
</testsuite>
