<?xml version="1.0" encoding="UTF-8"?>
<testsuite name="it.unisalento.se.saw.restapi.MaterialRestControllerTest" tests="5" skipped="0" failures="0" errors="0" timestamp="2018-09-04T13:19:32" hostname="DESKTOP-TUGA85P" time="0.196">
  <properties/>
  <testcase name="saveTest" classname="it.unisalento.se.saw.restapi.MaterialRestControllerTest" time="0.041"/>
  <testcase name="getByIdLessonTest" classname="it.unisalento.se.saw.restapi.MaterialRestControllerTest" time="0.037"/>
  <testcase name="getByIdTest" classname="it.unisalento.se.saw.restapi.MaterialRestControllerTest" time="0.032"/>
  <testcase name="getByIdTeachingTest" classname="it.unisalento.se.saw.restapi.MaterialRestControllerTest" time="0.04"/>
  <testcase name="getAllTest" classname="it.unisalento.se.saw.restapi.MaterialRestControllerTest" time="0.036"/>
  <system-out><![CDATA[]]></system-out>
  <system-err><![CDATA[2400 [Test worker] INFO org.springframework.web.servlet.mvc.method.annotation.RequestMappingHandlerMapping - Mapped "{[/material/save],methods=[POST],consumes=[application/json]}" onto public it.unisalento.se.saw.dto.MaterialDTO it.unisalento.se.saw.restapi.MaterialRestController.save(it.unisalento.se.saw.dto.MaterialDTO) throws it.unisalento.se.saw.exceptions.TeachingNotFoundException
2400 [Test worker] INFO org.springframework.web.servlet.mvc.method.annotation.RequestMappingHandlerMapping - Mapped "{[/material/getAll],methods=[GET],produces=[application/json]}" onto public java.util.Set<it.unisalento.se.saw.dto.MaterialDTO> it.unisalento.se.saw.restapi.MaterialRestController.getAll()
2401 [Test worker] INFO org.springframework.web.servlet.mvc.method.annotation.RequestMappingHandlerMapping - Mapped "{[/material/getById/{id}],methods=[GET],produces=[application/json]}" onto public it.unisalento.se.saw.dto.MaterialDTO it.unisalento.se.saw.restapi.MaterialRestController.getById(int) throws it.unisalento.se.saw.exceptions.MaterialNotFoundException
2401 [Test worker] INFO org.springframework.web.servlet.mvc.method.annotation.RequestMappingHandlerMapping - Mapped "{[/material/getByIdTeaching/{id}],methods=[GET],produces=[application/json]}" onto public java.util.Set<it.unisalento.se.saw.dto.MaterialDTO> it.unisalento.se.saw.restapi.MaterialRestController.getByIdTeaching(int)
2402 [Test worker] INFO org.springframework.web.servlet.mvc.method.annotation.RequestMappingHandlerMapping - Mapped "{[/material/getByIdLesson/{id}],methods=[GET],produces=[application/json]}" onto public java.util.Set<it.unisalento.se.saw.dto.MaterialDTO> it.unisalento.se.saw.restapi.MaterialRestController.getByIdLesson(int)
2417 [Test worker] INFO org.springframework.web.servlet.mvc.method.annotation.RequestMappingHandlerAdapter - Looking for @ControllerAdvice: org.springframework.test.web.servlet.setup.StubWebApplicationContext@781cc76
2423 [Test worker] INFO org.springframework.mock.web.MockServletContext - Initializing Spring FrameworkServlet ''
2423 [Test worker] INFO org.springframework.test.web.servlet.TestDispatcherServlet - FrameworkServlet '': initialization started
2423 [Test worker] INFO org.springframework.test.web.servlet.TestDispatcherServlet - FrameworkServlet '': initialization completed in 0 ms
2444 [Test worker] INFO org.springframework.web.servlet.mvc.method.annotation.RequestMappingHandlerMapping - Mapped "{[/material/save],methods=[POST],consumes=[application/json]}" onto public it.unisalento.se.saw.dto.MaterialDTO it.unisalento.se.saw.restapi.MaterialRestController.save(it.unisalento.se.saw.dto.MaterialDTO) throws it.unisalento.se.saw.exceptions.TeachingNotFoundException
2445 [Test worker] INFO org.springframework.web.servlet.mvc.method.annotation.RequestMappingHandlerMapping - Mapped "{[/material/getAll],methods=[GET],produces=[application/json]}" onto public java.util.Set<it.unisalento.se.saw.dto.MaterialDTO> it.unisalento.se.saw.restapi.MaterialRestController.getAll()
2446 [Test worker] INFO org.springframework.web.servlet.mvc.method.annotation.RequestMappingHandlerMapping - Mapped "{[/material/getById/{id}],methods=[GET],produces=[application/json]}" onto public it.unisalento.se.saw.dto.MaterialDTO it.unisalento.se.saw.restapi.MaterialRestController.getById(int) throws it.unisalento.se.saw.exceptions.MaterialNotFoundException
2446 [Test worker] INFO org.springframework.web.servlet.mvc.method.annotation.RequestMappingHandlerMapping - Mapped "{[/material/getByIdTeaching/{id}],methods=[GET],produces=[application/json]}" onto public java.util.Set<it.unisalento.se.saw.dto.MaterialDTO> it.unisalento.se.saw.restapi.MaterialRestController.getByIdTeaching(int)
2447 [Test worker] INFO org.springframework.web.servlet.mvc.method.annotation.RequestMappingHandlerMapping - Mapped "{[/material/getByIdLesson/{id}],methods=[GET],produces=[application/json]}" onto public java.util.Set<it.unisalento.se.saw.dto.MaterialDTO> it.unisalento.se.saw.restapi.MaterialRestController.getByIdLesson(int)
2459 [Test worker] INFO org.springframework.web.servlet.mvc.method.annotation.RequestMappingHandlerAdapter - Looking for @ControllerAdvice: org.springframework.test.web.servlet.setup.StubWebApplicationContext@54bfa9c3
2463 [Test worker] INFO org.springframework.mock.web.MockServletContext - Initializing Spring FrameworkServlet ''
2463 [Test worker] INFO org.springframework.test.web.servlet.TestDispatcherServlet - FrameworkServlet '': initialization started
2464 [Test worker] INFO org.springframework.test.web.servlet.TestDispatcherServlet - FrameworkServlet '': initialization completed in 0 ms
2485 [Test worker] INFO org.springframework.web.servlet.mvc.method.annotation.RequestMappingHandlerMapping - Mapped "{[/material/save],methods=[POST],consumes=[application/json]}" onto public it.unisalento.se.saw.dto.MaterialDTO it.unisalento.se.saw.restapi.MaterialRestController.save(it.unisalento.se.saw.dto.MaterialDTO) throws it.unisalento.se.saw.exceptions.TeachingNotFoundException
2485 [Test worker] INFO org.springframework.web.servlet.mvc.method.annotation.RequestMappingHandlerMapping - Mapped "{[/material/getAll],methods=[GET],produces=[application/json]}" onto public java.util.Set<it.unisalento.se.saw.dto.MaterialDTO> it.unisalento.se.saw.restapi.MaterialRestController.getAll()
2486 [Test worker] INFO org.springframework.web.servlet.mvc.method.annotation.RequestMappingHandlerMapping - Mapped "{[/material/getById/{id}],methods=[GET],produces=[application/json]}" onto public it.unisalento.se.saw.dto.MaterialDTO it.unisalento.se.saw.restapi.MaterialRestController.getById(int) throws it.unisalento.se.saw.exceptions.MaterialNotFoundException
2486 [Test worker] INFO org.springframework.web.servlet.mvc.method.annotation.RequestMappingHandlerMapping - Mapped "{[/material/getByIdTeaching/{id}],methods=[GET],produces=[application/json]}" onto public java.util.Set<it.unisalento.se.saw.dto.MaterialDTO> it.unisalento.se.saw.restapi.MaterialRestController.getByIdTeaching(int)
2487 [Test worker] INFO org.springframework.web.servlet.mvc.method.annotation.RequestMappingHandlerMapping - Mapped "{[/material/getByIdLesson/{id}],methods=[GET],produces=[application/json]}" onto public java.util.Set<it.unisalento.se.saw.dto.MaterialDTO> it.unisalento.se.saw.restapi.MaterialRestController.getByIdLesson(int)
2497 [Test worker] INFO org.springframework.web.servlet.mvc.method.annotation.RequestMappingHandlerAdapter - Looking for @ControllerAdvice: org.springframework.test.web.servlet.setup.StubWebApplicationContext@7fdbd0f4
2502 [Test worker] INFO org.springframework.mock.web.MockServletContext - Initializing Spring FrameworkServlet ''
2503 [Test worker] INFO org.springframework.test.web.servlet.TestDispatcherServlet - FrameworkServlet '': initialization started
2503 [Test worker] INFO org.springframework.test.web.servlet.TestDispatcherServlet - FrameworkServlet '': initialization completed in 0 ms
2517 [Test worker] INFO org.springframework.web.servlet.mvc.method.annotation.RequestMappingHandlerMapping - Mapped "{[/material/save],methods=[POST],consumes=[application/json]}" onto public it.unisalento.se.saw.dto.MaterialDTO it.unisalento.se.saw.restapi.MaterialRestController.save(it.unisalento.se.saw.dto.MaterialDTO) throws it.unisalento.se.saw.exceptions.TeachingNotFoundException
2518 [Test worker] INFO org.springframework.web.servlet.mvc.method.annotation.RequestMappingHandlerMapping - Mapped "{[/material/getAll],methods=[GET],produces=[application/json]}" onto public java.util.Set<it.unisalento.se.saw.dto.MaterialDTO> it.unisalento.se.saw.restapi.MaterialRestController.getAll()
2518 [Test worker] INFO org.springframework.web.servlet.mvc.method.annotation.RequestMappingHandlerMapping - Mapped "{[/material/getById/{id}],methods=[GET],produces=[application/json]}" onto public it.unisalento.se.saw.dto.MaterialDTO it.unisalento.se.saw.restapi.MaterialRestController.getById(int) throws it.unisalento.se.saw.exceptions.MaterialNotFoundException
2518 [Test worker] INFO org.springframework.web.servlet.mvc.method.annotation.RequestMappingHandlerMapping - Mapped "{[/material/getByIdTeaching/{id}],methods=[GET],produces=[application/json]}" onto public java.util.Set<it.unisalento.se.saw.dto.MaterialDTO> it.unisalento.se.saw.restapi.MaterialRestController.getByIdTeaching(int)
2519 [Test worker] INFO org.springframework.web.servlet.mvc.method.annotation.RequestMappingHandlerMapping - Mapped "{[/material/getByIdLesson/{id}],methods=[GET],produces=[application/json]}" onto public java.util.Set<it.unisalento.se.saw.dto.MaterialDTO> it.unisalento.se.saw.restapi.MaterialRestController.getByIdLesson(int)
2539 [Test worker] INFO org.springframework.web.servlet.mvc.method.annotation.RequestMappingHandlerAdapter - Looking for @ControllerAdvice: org.springframework.test.web.servlet.setup.StubWebApplicationContext@5c36261b
2543 [Test worker] INFO org.springframework.mock.web.MockServletContext - Initializing Spring FrameworkServlet ''
2543 [Test worker] INFO org.springframework.test.web.servlet.TestDispatcherServlet - FrameworkServlet '': initialization started
2544 [Test worker] INFO org.springframework.test.web.servlet.TestDispatcherServlet - FrameworkServlet '': initialization completed in 0 ms
2559 [Test worker] INFO org.springframework.web.servlet.mvc.method.annotation.RequestMappingHandlerMapping - Mapped "{[/material/save],methods=[POST],consumes=[application/json]}" onto public it.unisalento.se.saw.dto.MaterialDTO it.unisalento.se.saw.restapi.MaterialRestController.save(it.unisalento.se.saw.dto.MaterialDTO) throws it.unisalento.se.saw.exceptions.TeachingNotFoundException
2559 [Test worker] INFO org.springframework.web.servlet.mvc.method.annotation.RequestMappingHandlerMapping - Mapped "{[/material/getAll],methods=[GET],produces=[application/json]}" onto public java.util.Set<it.unisalento.se.saw.dto.MaterialDTO> it.unisalento.se.saw.restapi.MaterialRestController.getAll()
2560 [Test worker] INFO org.springframework.web.servlet.mvc.method.annotation.RequestMappingHandlerMapping - Mapped "{[/material/getById/{id}],methods=[GET],produces=[application/json]}" onto public it.unisalento.se.saw.dto.MaterialDTO it.unisalento.se.saw.restapi.MaterialRestController.getById(int) throws it.unisalento.se.saw.exceptions.MaterialNotFoundException
2560 [Test worker] INFO org.springframework.web.servlet.mvc.method.annotation.RequestMappingHandlerMapping - Mapped "{[/material/getByIdTeaching/{id}],methods=[GET],produces=[application/json]}" onto public java.util.Set<it.unisalento.se.saw.dto.MaterialDTO> it.unisalento.se.saw.restapi.MaterialRestController.getByIdTeaching(int)
2561 [Test worker] INFO org.springframework.web.servlet.mvc.method.annotation.RequestMappingHandlerMapping - Mapped "{[/material/getByIdLesson/{id}],methods=[GET],produces=[application/json]}" onto public java.util.Set<it.unisalento.se.saw.dto.MaterialDTO> it.unisalento.se.saw.restapi.MaterialRestController.getByIdLesson(int)
2575 [Test worker] INFO org.springframework.web.servlet.mvc.method.annotation.RequestMappingHandlerAdapter - Looking for @ControllerAdvice: org.springframework.test.web.servlet.setup.StubWebApplicationContext@94e1556
2580 [Test worker] INFO org.springframework.mock.web.MockServletContext - Initializing Spring FrameworkServlet ''
2581 [Test worker] INFO org.springframework.test.web.servlet.TestDispatcherServlet - FrameworkServlet '': initialization started
2582 [Test worker] INFO org.springframework.test.web.servlet.TestDispatcherServlet - FrameworkServlet '': initialization completed in 0 ms
]]></system-err>
</testsuite>
