<?xml version="1.0" encoding="UTF-8"?>
<testsuite name="it.unisalento.se.saw.services.UserServiceTest" tests="6" skipped="0" failures="0" errors="0" timestamp="2018-09-04T13:19:34" hostname="DESKTOP-TUGA85P" time="0.012">
  <properties/>
  <testcase name="saveTest" classname="it.unisalento.se.saw.services.UserServiceTest" time="0.001"/>
  <testcase name="getByIdTest" classname="it.unisalento.se.saw.services.UserServiceTest" time="0.001"/>
  <testcase name="getSecretaryByUidTest" classname="it.unisalento.se.saw.services.UserServiceTest" time="0.001"/>
  <testcase name="getProfByUidTest" classname="it.unisalento.se.saw.services.UserServiceTest" time="0.0"/>
  <testcase name="addFcmToken" classname="it.unisalento.se.saw.services.UserServiceTest" time="0.002"/>
  <testcase name="getStudentByUidTest" classname="it.unisalento.se.saw.services.UserServiceTest" time="0.002"/>
  <system-out><![CDATA[class it.unisalento.se.saw.dto.UserDTO
domain fine
]]></system-out>
  <system-err><![CDATA[]]></system-err>
</testsuite>
