<?xml version="1.0" encoding="UTF-8"?>
<testsuite name="it.unisalento.se.saw.restapi.SegnalationRestControllerTest" tests="5" skipped="0" failures="0" errors="0" timestamp="2018-09-08T13:45:06" hostname="DESKTOP-5IEPLHD" time="0.088">
  <properties/>
  <testcase name="getByRoomTest" classname="it.unisalento.se.saw.restapi.SegnalationRestControllerTest" time="0.018"/>
  <testcase name="saveTest" classname="it.unisalento.se.saw.restapi.SegnalationRestControllerTest" time="0.02"/>
  <testcase name="getByIdTest" classname="it.unisalento.se.saw.restapi.SegnalationRestControllerTest" time="0.016"/>
  <testcase name="getAllTest" classname="it.unisalento.se.saw.restapi.SegnalationRestControllerTest" time="0.015"/>
  <testcase name="getByProfTest" classname="it.unisalento.se.saw.restapi.SegnalationRestControllerTest" time="0.016"/>
  <system-out><![CDATA[]]></system-out>
  <system-err><![CDATA[2383 [Test worker] INFO org.springframework.web.servlet.mvc.method.annotation.RequestMappingHandlerMapping - Mapped "{[/segnalation/save],methods=[POST],consumes=[application/json]}" onto public it.unisalento.se.saw.dto.SegnalationDTO it.unisalento.se.saw.restapi.SegnalationRestController.save(it.unisalento.se.saw.dto.SegnalationDTO) throws it.unisalento.se.saw.exceptions.SegnalationStateNotFoundException,it.unisalento.se.saw.exceptions.ProfessorNotFoundException,it.unisalento.se.saw.exceptions.RoomNotFoundException
2384 [Test worker] INFO org.springframework.web.servlet.mvc.method.annotation.RequestMappingHandlerMapping - Mapped "{[/segnalation/getAll],methods=[GET],produces=[application/json]}" onto public java.util.Set<it.unisalento.se.saw.dto.SegnalationDTO> it.unisalento.se.saw.restapi.SegnalationRestController.getAll()
2384 [Test worker] INFO org.springframework.web.servlet.mvc.method.annotation.RequestMappingHandlerMapping - Mapped "{[/segnalation/getById/{id}],methods=[GET],produces=[application/json]}" onto public it.unisalento.se.saw.dto.SegnalationDTO it.unisalento.se.saw.restapi.SegnalationRestController.getById(int) throws it.unisalento.se.saw.exceptions.SegnalationNotFoundException
2384 [Test worker] INFO org.springframework.web.servlet.mvc.method.annotation.RequestMappingHandlerMapping - Mapped "{[/segnalation/getByIdProfessor/{id}],methods=[GET],produces=[application/json]}" onto public java.util.Set<it.unisalento.se.saw.dto.SegnalationDTO> it.unisalento.se.saw.restapi.SegnalationRestController.getByProfessor(int)
2384 [Test worker] INFO org.springframework.web.servlet.mvc.method.annotation.RequestMappingHandlerMapping - Mapped "{[/segnalation/getByRoom/{id}],methods=[GET],produces=[application/json]}" onto public java.util.Set<it.unisalento.se.saw.dto.SegnalationDTO> it.unisalento.se.saw.restapi.SegnalationRestController.getByRoom(int)
2390 [Test worker] INFO org.springframework.web.servlet.mvc.method.annotation.RequestMappingHandlerAdapter - Looking for @ControllerAdvice: org.springframework.test.web.servlet.setup.StubWebApplicationContext@7f84cfc9
2392 [Test worker] INFO org.springframework.mock.web.MockServletContext - Initializing Spring FrameworkServlet ''
2393 [Test worker] INFO org.springframework.test.web.servlet.TestDispatcherServlet - FrameworkServlet '': initialization started
2393 [Test worker] INFO org.springframework.test.web.servlet.TestDispatcherServlet - FrameworkServlet '': initialization completed in 0 ms
2401 [Test worker] INFO org.springframework.web.servlet.mvc.method.annotation.RequestMappingHandlerMapping - Mapped "{[/segnalation/save],methods=[POST],consumes=[application/json]}" onto public it.unisalento.se.saw.dto.SegnalationDTO it.unisalento.se.saw.restapi.SegnalationRestController.save(it.unisalento.se.saw.dto.SegnalationDTO) throws it.unisalento.se.saw.exceptions.SegnalationStateNotFoundException,it.unisalento.se.saw.exceptions.ProfessorNotFoundException,it.unisalento.se.saw.exceptions.RoomNotFoundException
2402 [Test worker] INFO org.springframework.web.servlet.mvc.method.annotation.RequestMappingHandlerMapping - Mapped "{[/segnalation/getAll],methods=[GET],produces=[application/json]}" onto public java.util.Set<it.unisalento.se.saw.dto.SegnalationDTO> it.unisalento.se.saw.restapi.SegnalationRestController.getAll()
2402 [Test worker] INFO org.springframework.web.servlet.mvc.method.annotation.RequestMappingHandlerMapping - Mapped "{[/segnalation/getById/{id}],methods=[GET],produces=[application/json]}" onto public it.unisalento.se.saw.dto.SegnalationDTO it.unisalento.se.saw.restapi.SegnalationRestController.getById(int) throws it.unisalento.se.saw.exceptions.SegnalationNotFoundException
2402 [Test worker] INFO org.springframework.web.servlet.mvc.method.annotation.RequestMappingHandlerMapping - Mapped "{[/segnalation/getByIdProfessor/{id}],methods=[GET],produces=[application/json]}" onto public java.util.Set<it.unisalento.se.saw.dto.SegnalationDTO> it.unisalento.se.saw.restapi.SegnalationRestController.getByProfessor(int)
2402 [Test worker] INFO org.springframework.web.servlet.mvc.method.annotation.RequestMappingHandlerMapping - Mapped "{[/segnalation/getByRoom/{id}],methods=[GET],produces=[application/json]}" onto public java.util.Set<it.unisalento.se.saw.dto.SegnalationDTO> it.unisalento.se.saw.restapi.SegnalationRestController.getByRoom(int)
2408 [Test worker] INFO org.springframework.web.servlet.mvc.method.annotation.RequestMappingHandlerAdapter - Looking for @ControllerAdvice: org.springframework.test.web.servlet.setup.StubWebApplicationContext@2d9c3854
2411 [Test worker] INFO org.springframework.mock.web.MockServletContext - Initializing Spring FrameworkServlet ''
2411 [Test worker] INFO org.springframework.test.web.servlet.TestDispatcherServlet - FrameworkServlet '': initialization started
2411 [Test worker] INFO org.springframework.test.web.servlet.TestDispatcherServlet - FrameworkServlet '': initialization completed in 0 ms
2422 [Test worker] INFO org.springframework.web.servlet.mvc.method.annotation.RequestMappingHandlerMapping - Mapped "{[/segnalation/save],methods=[POST],consumes=[application/json]}" onto public it.unisalento.se.saw.dto.SegnalationDTO it.unisalento.se.saw.restapi.SegnalationRestController.save(it.unisalento.se.saw.dto.SegnalationDTO) throws it.unisalento.se.saw.exceptions.SegnalationStateNotFoundException,it.unisalento.se.saw.exceptions.ProfessorNotFoundException,it.unisalento.se.saw.exceptions.RoomNotFoundException
2422 [Test worker] INFO org.springframework.web.servlet.mvc.method.annotation.RequestMappingHandlerMapping - Mapped "{[/segnalation/getAll],methods=[GET],produces=[application/json]}" onto public java.util.Set<it.unisalento.se.saw.dto.SegnalationDTO> it.unisalento.se.saw.restapi.SegnalationRestController.getAll()
2422 [Test worker] INFO org.springframework.web.servlet.mvc.method.annotation.RequestMappingHandlerMapping - Mapped "{[/segnalation/getById/{id}],methods=[GET],produces=[application/json]}" onto public it.unisalento.se.saw.dto.SegnalationDTO it.unisalento.se.saw.restapi.SegnalationRestController.getById(int) throws it.unisalento.se.saw.exceptions.SegnalationNotFoundException
2422 [Test worker] INFO org.springframework.web.servlet.mvc.method.annotation.RequestMappingHandlerMapping - Mapped "{[/segnalation/getByIdProfessor/{id}],methods=[GET],produces=[application/json]}" onto public java.util.Set<it.unisalento.se.saw.dto.SegnalationDTO> it.unisalento.se.saw.restapi.SegnalationRestController.getByProfessor(int)
2423 [Test worker] INFO org.springframework.web.servlet.mvc.method.annotation.RequestMappingHandlerMapping - Mapped "{[/segnalation/getByRoom/{id}],methods=[GET],produces=[application/json]}" onto public java.util.Set<it.unisalento.se.saw.dto.SegnalationDTO> it.unisalento.se.saw.restapi.SegnalationRestController.getByRoom(int)
2428 [Test worker] INFO org.springframework.web.servlet.mvc.method.annotation.RequestMappingHandlerAdapter - Looking for @ControllerAdvice: org.springframework.test.web.servlet.setup.StubWebApplicationContext@6dc89ef1
2431 [Test worker] INFO org.springframework.mock.web.MockServletContext - Initializing Spring FrameworkServlet ''
2431 [Test worker] INFO org.springframework.test.web.servlet.TestDispatcherServlet - FrameworkServlet '': initialization started
2431 [Test worker] INFO org.springframework.test.web.servlet.TestDispatcherServlet - FrameworkServlet '': initialization completed in 0 ms
2439 [Test worker] INFO org.springframework.web.servlet.mvc.method.annotation.RequestMappingHandlerMapping - Mapped "{[/segnalation/save],methods=[POST],consumes=[application/json]}" onto public it.unisalento.se.saw.dto.SegnalationDTO it.unisalento.se.saw.restapi.SegnalationRestController.save(it.unisalento.se.saw.dto.SegnalationDTO) throws it.unisalento.se.saw.exceptions.SegnalationStateNotFoundException,it.unisalento.se.saw.exceptions.ProfessorNotFoundException,it.unisalento.se.saw.exceptions.RoomNotFoundException
2439 [Test worker] INFO org.springframework.web.servlet.mvc.method.annotation.RequestMappingHandlerMapping - Mapped "{[/segnalation/getAll],methods=[GET],produces=[application/json]}" onto public java.util.Set<it.unisalento.se.saw.dto.SegnalationDTO> it.unisalento.se.saw.restapi.SegnalationRestController.getAll()
2440 [Test worker] INFO org.springframework.web.servlet.mvc.method.annotation.RequestMappingHandlerMapping - Mapped "{[/segnalation/getById/{id}],methods=[GET],produces=[application/json]}" onto public it.unisalento.se.saw.dto.SegnalationDTO it.unisalento.se.saw.restapi.SegnalationRestController.getById(int) throws it.unisalento.se.saw.exceptions.SegnalationNotFoundException
2440 [Test worker] INFO org.springframework.web.servlet.mvc.method.annotation.RequestMappingHandlerMapping - Mapped "{[/segnalation/getByIdProfessor/{id}],methods=[GET],produces=[application/json]}" onto public java.util.Set<it.unisalento.se.saw.dto.SegnalationDTO> it.unisalento.se.saw.restapi.SegnalationRestController.getByProfessor(int)
2440 [Test worker] INFO org.springframework.web.servlet.mvc.method.annotation.RequestMappingHandlerMapping - Mapped "{[/segnalation/getByRoom/{id}],methods=[GET],produces=[application/json]}" onto public java.util.Set<it.unisalento.se.saw.dto.SegnalationDTO> it.unisalento.se.saw.restapi.SegnalationRestController.getByRoom(int)
2445 [Test worker] INFO org.springframework.web.servlet.mvc.method.annotation.RequestMappingHandlerAdapter - Looking for @ControllerAdvice: org.springframework.test.web.servlet.setup.StubWebApplicationContext@198d4751
2447 [Test worker] INFO org.springframework.mock.web.MockServletContext - Initializing Spring FrameworkServlet ''
2448 [Test worker] INFO org.springframework.test.web.servlet.TestDispatcherServlet - FrameworkServlet '': initialization started
2448 [Test worker] INFO org.springframework.test.web.servlet.TestDispatcherServlet - FrameworkServlet '': initialization completed in 0 ms
2455 [Test worker] INFO org.springframework.web.servlet.mvc.method.annotation.RequestMappingHandlerMapping - Mapped "{[/segnalation/save],methods=[POST],consumes=[application/json]}" onto public it.unisalento.se.saw.dto.SegnalationDTO it.unisalento.se.saw.restapi.SegnalationRestController.save(it.unisalento.se.saw.dto.SegnalationDTO) throws it.unisalento.se.saw.exceptions.SegnalationStateNotFoundException,it.unisalento.se.saw.exceptions.ProfessorNotFoundException,it.unisalento.se.saw.exceptions.RoomNotFoundException
2455 [Test worker] INFO org.springframework.web.servlet.mvc.method.annotation.RequestMappingHandlerMapping - Mapped "{[/segnalation/getAll],methods=[GET],produces=[application/json]}" onto public java.util.Set<it.unisalento.se.saw.dto.SegnalationDTO> it.unisalento.se.saw.restapi.SegnalationRestController.getAll()
2455 [Test worker] INFO org.springframework.web.servlet.mvc.method.annotation.RequestMappingHandlerMapping - Mapped "{[/segnalation/getById/{id}],methods=[GET],produces=[application/json]}" onto public it.unisalento.se.saw.dto.SegnalationDTO it.unisalento.se.saw.restapi.SegnalationRestController.getById(int) throws it.unisalento.se.saw.exceptions.SegnalationNotFoundException
2455 [Test worker] INFO org.springframework.web.servlet.mvc.method.annotation.RequestMappingHandlerMapping - Mapped "{[/segnalation/getByIdProfessor/{id}],methods=[GET],produces=[application/json]}" onto public java.util.Set<it.unisalento.se.saw.dto.SegnalationDTO> it.unisalento.se.saw.restapi.SegnalationRestController.getByProfessor(int)
2455 [Test worker] INFO org.springframework.web.servlet.mvc.method.annotation.RequestMappingHandlerMapping - Mapped "{[/segnalation/getByRoom/{id}],methods=[GET],produces=[application/json]}" onto public java.util.Set<it.unisalento.se.saw.dto.SegnalationDTO> it.unisalento.se.saw.restapi.SegnalationRestController.getByRoom(int)
2461 [Test worker] INFO org.springframework.web.servlet.mvc.method.annotation.RequestMappingHandlerAdapter - Looking for @ControllerAdvice: org.springframework.test.web.servlet.setup.StubWebApplicationContext@7eac61da
2463 [Test worker] INFO org.springframework.mock.web.MockServletContext - Initializing Spring FrameworkServlet ''
2463 [Test worker] INFO org.springframework.test.web.servlet.TestDispatcherServlet - FrameworkServlet '': initialization started
2463 [Test worker] INFO org.springframework.test.web.servlet.TestDispatcherServlet - FrameworkServlet '': initialization completed in 0 ms
]]></system-err>
</testsuite>
