<?xml version="1.0" encoding="UTF-8"?>
<testsuite name="it.unisalento.se.saw.restapi.MaterialRestControllerTest" tests="5" skipped="0" failures="0" errors="0" timestamp="2018-09-03T09:21:36" hostname="DESKTOP-TUGA85P" time="0.276">
  <properties/>
  <testcase name="saveTest" classname="it.unisalento.se.saw.restapi.MaterialRestControllerTest" time="0.05"/>
  <testcase name="getByIdLessonTest" classname="it.unisalento.se.saw.restapi.MaterialRestControllerTest" time="0.057"/>
  <testcase name="getByIdTest" classname="it.unisalento.se.saw.restapi.MaterialRestControllerTest" time="0.045"/>
  <testcase name="getByIdTeachingTest" classname="it.unisalento.se.saw.restapi.MaterialRestControllerTest" time="0.039"/>
  <testcase name="getAllTest" classname="it.unisalento.se.saw.restapi.MaterialRestControllerTest" time="0.074"/>
  <system-out><![CDATA[]]></system-out>
  <system-err><![CDATA[2824 [Test worker] INFO org.springframework.web.servlet.mvc.method.annotation.RequestMappingHandlerMapping - Mapped "{[/material/save],methods=[POST],consumes=[application/json]}" onto public it.unisalento.se.saw.dto.MaterialDTO it.unisalento.se.saw.restapi.MaterialRestController.save(it.unisalento.se.saw.dto.MaterialDTO) throws it.unisalento.se.saw.exceptions.TeachingNotFoundException
2824 [Test worker] INFO org.springframework.web.servlet.mvc.method.annotation.RequestMappingHandlerMapping - Mapped "{[/material/getAll],methods=[GET],produces=[application/json]}" onto public java.util.Set<it.unisalento.se.saw.dto.MaterialDTO> it.unisalento.se.saw.restapi.MaterialRestController.getAll()
2825 [Test worker] INFO org.springframework.web.servlet.mvc.method.annotation.RequestMappingHandlerMapping - Mapped "{[/material/getById/{id}],methods=[GET],produces=[application/json]}" onto public it.unisalento.se.saw.dto.MaterialDTO it.unisalento.se.saw.restapi.MaterialRestController.getById(int) throws it.unisalento.se.saw.exceptions.MaterialNotFoundException
2825 [Test worker] INFO org.springframework.web.servlet.mvc.method.annotation.RequestMappingHandlerMapping - Mapped "{[/material/getByIdTeaching/{id}],methods=[GET],produces=[application/json]}" onto public java.util.Set<it.unisalento.se.saw.dto.MaterialDTO> it.unisalento.se.saw.restapi.MaterialRestController.getByIdTeaching(int)
2825 [Test worker] INFO org.springframework.web.servlet.mvc.method.annotation.RequestMappingHandlerMapping - Mapped "{[/material/getByIdLesson/{id}],methods=[GET],produces=[application/json]}" onto public java.util.Set<it.unisalento.se.saw.dto.MaterialDTO> it.unisalento.se.saw.restapi.MaterialRestController.getByIdLesson(int)
2843 [Test worker] INFO org.springframework.web.servlet.mvc.method.annotation.RequestMappingHandlerAdapter - Looking for @ControllerAdvice: org.springframework.test.web.servlet.setup.StubWebApplicationContext@5c382c5d
2848 [Test worker] INFO org.springframework.mock.web.MockServletContext - Initializing Spring FrameworkServlet ''
2848 [Test worker] INFO org.springframework.test.web.servlet.TestDispatcherServlet - FrameworkServlet '': initialization started
2849 [Test worker] INFO org.springframework.test.web.servlet.TestDispatcherServlet - FrameworkServlet '': initialization completed in 1 ms
2889 [Test worker] INFO org.springframework.web.servlet.mvc.method.annotation.RequestMappingHandlerMapping - Mapped "{[/material/save],methods=[POST],consumes=[application/json]}" onto public it.unisalento.se.saw.dto.MaterialDTO it.unisalento.se.saw.restapi.MaterialRestController.save(it.unisalento.se.saw.dto.MaterialDTO) throws it.unisalento.se.saw.exceptions.TeachingNotFoundException
2891 [Test worker] INFO org.springframework.web.servlet.mvc.method.annotation.RequestMappingHandlerMapping - Mapped "{[/material/getAll],methods=[GET],produces=[application/json]}" onto public java.util.Set<it.unisalento.se.saw.dto.MaterialDTO> it.unisalento.se.saw.restapi.MaterialRestController.getAll()
2893 [Test worker] INFO org.springframework.web.servlet.mvc.method.annotation.RequestMappingHandlerMapping - Mapped "{[/material/getById/{id}],methods=[GET],produces=[application/json]}" onto public it.unisalento.se.saw.dto.MaterialDTO it.unisalento.se.saw.restapi.MaterialRestController.getById(int) throws it.unisalento.se.saw.exceptions.MaterialNotFoundException
2895 [Test worker] INFO org.springframework.web.servlet.mvc.method.annotation.RequestMappingHandlerMapping - Mapped "{[/material/getByIdTeaching/{id}],methods=[GET],produces=[application/json]}" onto public java.util.Set<it.unisalento.se.saw.dto.MaterialDTO> it.unisalento.se.saw.restapi.MaterialRestController.getByIdTeaching(int)
2898 [Test worker] INFO org.springframework.web.servlet.mvc.method.annotation.RequestMappingHandlerMapping - Mapped "{[/material/getByIdLesson/{id}],methods=[GET],produces=[application/json]}" onto public java.util.Set<it.unisalento.se.saw.dto.MaterialDTO> it.unisalento.se.saw.restapi.MaterialRestController.getByIdLesson(int)
2911 [Test worker] INFO org.springframework.web.servlet.mvc.method.annotation.RequestMappingHandlerAdapter - Looking for @ControllerAdvice: org.springframework.test.web.servlet.setup.StubWebApplicationContext@78cf1ef0
2918 [Test worker] INFO org.springframework.mock.web.MockServletContext - Initializing Spring FrameworkServlet ''
2919 [Test worker] INFO org.springframework.test.web.servlet.TestDispatcherServlet - FrameworkServlet '': initialization started
2920 [Test worker] INFO org.springframework.test.web.servlet.TestDispatcherServlet - FrameworkServlet '': initialization completed in 0 ms
2940 [Test worker] INFO org.springframework.web.servlet.mvc.method.annotation.RequestMappingHandlerMapping - Mapped "{[/material/save],methods=[POST],consumes=[application/json]}" onto public it.unisalento.se.saw.dto.MaterialDTO it.unisalento.se.saw.restapi.MaterialRestController.save(it.unisalento.se.saw.dto.MaterialDTO) throws it.unisalento.se.saw.exceptions.TeachingNotFoundException
2941 [Test worker] INFO org.springframework.web.servlet.mvc.method.annotation.RequestMappingHandlerMapping - Mapped "{[/material/getAll],methods=[GET],produces=[application/json]}" onto public java.util.Set<it.unisalento.se.saw.dto.MaterialDTO> it.unisalento.se.saw.restapi.MaterialRestController.getAll()
2941 [Test worker] INFO org.springframework.web.servlet.mvc.method.annotation.RequestMappingHandlerMapping - Mapped "{[/material/getById/{id}],methods=[GET],produces=[application/json]}" onto public it.unisalento.se.saw.dto.MaterialDTO it.unisalento.se.saw.restapi.MaterialRestController.getById(int) throws it.unisalento.se.saw.exceptions.MaterialNotFoundException
2945 [Test worker] INFO org.springframework.web.servlet.mvc.method.annotation.RequestMappingHandlerMapping - Mapped "{[/material/getByIdTeaching/{id}],methods=[GET],produces=[application/json]}" onto public java.util.Set<it.unisalento.se.saw.dto.MaterialDTO> it.unisalento.se.saw.restapi.MaterialRestController.getByIdTeaching(int)
2946 [Test worker] INFO org.springframework.web.servlet.mvc.method.annotation.RequestMappingHandlerMapping - Mapped "{[/material/getByIdLesson/{id}],methods=[GET],produces=[application/json]}" onto public java.util.Set<it.unisalento.se.saw.dto.MaterialDTO> it.unisalento.se.saw.restapi.MaterialRestController.getByIdLesson(int)
2963 [Test worker] INFO org.springframework.web.servlet.mvc.method.annotation.RequestMappingHandlerAdapter - Looking for @ControllerAdvice: org.springframework.test.web.servlet.setup.StubWebApplicationContext@1836a225
2970 [Test worker] INFO org.springframework.mock.web.MockServletContext - Initializing Spring FrameworkServlet ''
2970 [Test worker] INFO org.springframework.test.web.servlet.TestDispatcherServlet - FrameworkServlet '': initialization started
2971 [Test worker] INFO org.springframework.test.web.servlet.TestDispatcherServlet - FrameworkServlet '': initialization completed in 0 ms
2987 [Test worker] INFO org.springframework.web.servlet.mvc.method.annotation.RequestMappingHandlerMapping - Mapped "{[/material/save],methods=[POST],consumes=[application/json]}" onto public it.unisalento.se.saw.dto.MaterialDTO it.unisalento.se.saw.restapi.MaterialRestController.save(it.unisalento.se.saw.dto.MaterialDTO) throws it.unisalento.se.saw.exceptions.TeachingNotFoundException
2989 [Test worker] INFO org.springframework.web.servlet.mvc.method.annotation.RequestMappingHandlerMapping - Mapped "{[/material/getAll],methods=[GET],produces=[application/json]}" onto public java.util.Set<it.unisalento.se.saw.dto.MaterialDTO> it.unisalento.se.saw.restapi.MaterialRestController.getAll()
2990 [Test worker] INFO org.springframework.web.servlet.mvc.method.annotation.RequestMappingHandlerMapping - Mapped "{[/material/getById/{id}],methods=[GET],produces=[application/json]}" onto public it.unisalento.se.saw.dto.MaterialDTO it.unisalento.se.saw.restapi.MaterialRestController.getById(int) throws it.unisalento.se.saw.exceptions.MaterialNotFoundException
2991 [Test worker] INFO org.springframework.web.servlet.mvc.method.annotation.RequestMappingHandlerMapping - Mapped "{[/material/getByIdTeaching/{id}],methods=[GET],produces=[application/json]}" onto public java.util.Set<it.unisalento.se.saw.dto.MaterialDTO> it.unisalento.se.saw.restapi.MaterialRestController.getByIdTeaching(int)
2992 [Test worker] INFO org.springframework.web.servlet.mvc.method.annotation.RequestMappingHandlerMapping - Mapped "{[/material/getByIdLesson/{id}],methods=[GET],produces=[application/json]}" onto public java.util.Set<it.unisalento.se.saw.dto.MaterialDTO> it.unisalento.se.saw.restapi.MaterialRestController.getByIdLesson(int)
3004 [Test worker] INFO org.springframework.web.servlet.mvc.method.annotation.RequestMappingHandlerAdapter - Looking for @ControllerAdvice: org.springframework.test.web.servlet.setup.StubWebApplicationContext@763938cb
3009 [Test worker] INFO org.springframework.mock.web.MockServletContext - Initializing Spring FrameworkServlet ''
3009 [Test worker] INFO org.springframework.test.web.servlet.TestDispatcherServlet - FrameworkServlet '': initialization started
3010 [Test worker] INFO org.springframework.test.web.servlet.TestDispatcherServlet - FrameworkServlet '': initialization completed in 0 ms
3030 [Test worker] INFO org.springframework.web.servlet.mvc.method.annotation.RequestMappingHandlerMapping - Mapped "{[/material/save],methods=[POST],consumes=[application/json]}" onto public it.unisalento.se.saw.dto.MaterialDTO it.unisalento.se.saw.restapi.MaterialRestController.save(it.unisalento.se.saw.dto.MaterialDTO) throws it.unisalento.se.saw.exceptions.TeachingNotFoundException
3032 [Test worker] INFO org.springframework.web.servlet.mvc.method.annotation.RequestMappingHandlerMapping - Mapped "{[/material/getAll],methods=[GET],produces=[application/json]}" onto public java.util.Set<it.unisalento.se.saw.dto.MaterialDTO> it.unisalento.se.saw.restapi.MaterialRestController.getAll()
3033 [Test worker] INFO org.springframework.web.servlet.mvc.method.annotation.RequestMappingHandlerMapping - Mapped "{[/material/getById/{id}],methods=[GET],produces=[application/json]}" onto public it.unisalento.se.saw.dto.MaterialDTO it.unisalento.se.saw.restapi.MaterialRestController.getById(int) throws it.unisalento.se.saw.exceptions.MaterialNotFoundException
3033 [Test worker] INFO org.springframework.web.servlet.mvc.method.annotation.RequestMappingHandlerMapping - Mapped "{[/material/getByIdTeaching/{id}],methods=[GET],produces=[application/json]}" onto public java.util.Set<it.unisalento.se.saw.dto.MaterialDTO> it.unisalento.se.saw.restapi.MaterialRestController.getByIdTeaching(int)
3040 [Test worker] INFO org.springframework.web.servlet.mvc.method.annotation.RequestMappingHandlerMapping - Mapped "{[/material/getByIdLesson/{id}],methods=[GET],produces=[application/json]}" onto public java.util.Set<it.unisalento.se.saw.dto.MaterialDTO> it.unisalento.se.saw.restapi.MaterialRestController.getByIdLesson(int)
3084 [Test worker] INFO org.springframework.web.servlet.mvc.method.annotation.RequestMappingHandlerAdapter - Looking for @ControllerAdvice: org.springframework.test.web.servlet.setup.StubWebApplicationContext@25f3c3e5
3088 [Test worker] INFO org.springframework.mock.web.MockServletContext - Initializing Spring FrameworkServlet ''
3089 [Test worker] INFO org.springframework.test.web.servlet.TestDispatcherServlet - FrameworkServlet '': initialization started
3090 [Test worker] INFO org.springframework.test.web.servlet.TestDispatcherServlet - FrameworkServlet '': initialization completed in 0 ms
]]></system-err>
</testsuite>
