<?xml version="1.0" encoding="UTF-8"?>
<testsuite name="it.unisalento.se.saw.restapi.AccessoryRestControllerTest" tests="4" skipped="0" failures="0" errors="0" timestamp="2018-09-03T14:27:53" hostname="DESKTOP-TUGA85P" time="1.871">
  <properties/>
  <testcase name="saveTest" classname="it.unisalento.se.saw.restapi.AccessoryRestControllerTest" time="1.714"/>
  <testcase name="getByIdTest" classname="it.unisalento.se.saw.restapi.AccessoryRestControllerTest" time="0.071"/>
  <testcase name="getAllTest" classname="it.unisalento.se.saw.restapi.AccessoryRestControllerTest" time="0.039"/>
  <testcase name="getByIdRoomTest" classname="it.unisalento.se.saw.restapi.AccessoryRestControllerTest" time="0.041"/>
  <system-out><![CDATA[]]></system-out>
  <system-err><![CDATA[492 [Test worker] INFO org.springframework.web.servlet.mvc.method.annotation.RequestMappingHandlerMapping - Mapped "{[/accessory/save],methods=[POST],consumes=[application/json]}" onto public it.unisalento.se.saw.dto.AccessoryDTO it.unisalento.se.saw.restapi.AccessoryRestController.save(it.unisalento.se.saw.dto.AccessoryDTO) throws it.unisalento.se.saw.exceptions.RoomNotFoundException
503 [Test worker] INFO org.springframework.web.servlet.mvc.method.annotation.RequestMappingHandlerMapping - Mapped "{[/accessory/getAll],methods=[GET],produces=[application/json]}" onto public java.util.Set<it.unisalento.se.saw.dto.AccessoryDTO> it.unisalento.se.saw.restapi.AccessoryRestController.getAll()
504 [Test worker] INFO org.springframework.web.servlet.mvc.method.annotation.RequestMappingHandlerMapping - Mapped "{[/accessory/getByIdRoom/{id}],methods=[GET],produces=[application/json]}" onto public java.util.Set<it.unisalento.se.saw.dto.AccessoryDTO> it.unisalento.se.saw.restapi.AccessoryRestController.getByIdRoom(int)
506 [Test worker] INFO org.springframework.web.servlet.mvc.method.annotation.RequestMappingHandlerMapping - Mapped "{[/accessory/getById/{id}],methods=[GET],produces=[application/json]}" onto public it.unisalento.se.saw.dto.AccessoryDTO it.unisalento.se.saw.restapi.AccessoryRestController.getById(int) throws it.unisalento.se.saw.exceptions.AccessoryNotFoundException
976 [Test worker] INFO org.springframework.web.servlet.mvc.method.annotation.RequestMappingHandlerAdapter - Looking for @ControllerAdvice: org.springframework.test.web.servlet.setup.StubWebApplicationContext@4123843
1095 [Test worker] INFO org.springframework.mock.web.MockServletContext - Initializing Spring FrameworkServlet ''
1096 [Test worker] INFO org.springframework.test.web.servlet.TestDispatcherServlet - FrameworkServlet '': initialization started
1101 [Test worker] INFO org.springframework.test.web.servlet.TestDispatcherServlet - FrameworkServlet '': initialization completed in 5 ms
1627 [Test worker] INFO org.springframework.web.servlet.mvc.method.annotation.RequestMappingHandlerMapping - Mapped "{[/accessory/save],methods=[POST],consumes=[application/json]}" onto public it.unisalento.se.saw.dto.AccessoryDTO it.unisalento.se.saw.restapi.AccessoryRestController.save(it.unisalento.se.saw.dto.AccessoryDTO) throws it.unisalento.se.saw.exceptions.RoomNotFoundException
1628 [Test worker] INFO org.springframework.web.servlet.mvc.method.annotation.RequestMappingHandlerMapping - Mapped "{[/accessory/getAll],methods=[GET],produces=[application/json]}" onto public java.util.Set<it.unisalento.se.saw.dto.AccessoryDTO> it.unisalento.se.saw.restapi.AccessoryRestController.getAll()
1628 [Test worker] INFO org.springframework.web.servlet.mvc.method.annotation.RequestMappingHandlerMapping - Mapped "{[/accessory/getByIdRoom/{id}],methods=[GET],produces=[application/json]}" onto public java.util.Set<it.unisalento.se.saw.dto.AccessoryDTO> it.unisalento.se.saw.restapi.AccessoryRestController.getByIdRoom(int)
1629 [Test worker] INFO org.springframework.web.servlet.mvc.method.annotation.RequestMappingHandlerMapping - Mapped "{[/accessory/getById/{id}],methods=[GET],produces=[application/json]}" onto public it.unisalento.se.saw.dto.AccessoryDTO it.unisalento.se.saw.restapi.AccessoryRestController.getById(int) throws it.unisalento.se.saw.exceptions.AccessoryNotFoundException
1640 [Test worker] INFO org.springframework.web.servlet.mvc.method.annotation.RequestMappingHandlerAdapter - Looking for @ControllerAdvice: org.springframework.test.web.servlet.setup.StubWebApplicationContext@5bab95b8
1645 [Test worker] INFO org.springframework.mock.web.MockServletContext - Initializing Spring FrameworkServlet ''
1645 [Test worker] INFO org.springframework.test.web.servlet.TestDispatcherServlet - FrameworkServlet '': initialization started
1645 [Test worker] INFO org.springframework.test.web.servlet.TestDispatcherServlet - FrameworkServlet '': initialization completed in 0 ms
1697 [Test worker] INFO org.springframework.web.servlet.mvc.method.annotation.RequestMappingHandlerMapping - Mapped "{[/accessory/save],methods=[POST],consumes=[application/json]}" onto public it.unisalento.se.saw.dto.AccessoryDTO it.unisalento.se.saw.restapi.AccessoryRestController.save(it.unisalento.se.saw.dto.AccessoryDTO) throws it.unisalento.se.saw.exceptions.RoomNotFoundException
1698 [Test worker] INFO org.springframework.web.servlet.mvc.method.annotation.RequestMappingHandlerMapping - Mapped "{[/accessory/getAll],methods=[GET],produces=[application/json]}" onto public java.util.Set<it.unisalento.se.saw.dto.AccessoryDTO> it.unisalento.se.saw.restapi.AccessoryRestController.getAll()
1698 [Test worker] INFO org.springframework.web.servlet.mvc.method.annotation.RequestMappingHandlerMapping - Mapped "{[/accessory/getByIdRoom/{id}],methods=[GET],produces=[application/json]}" onto public java.util.Set<it.unisalento.se.saw.dto.AccessoryDTO> it.unisalento.se.saw.restapi.AccessoryRestController.getByIdRoom(int)
1699 [Test worker] INFO org.springframework.web.servlet.mvc.method.annotation.RequestMappingHandlerMapping - Mapped "{[/accessory/getById/{id}],methods=[GET],produces=[application/json]}" onto public it.unisalento.se.saw.dto.AccessoryDTO it.unisalento.se.saw.restapi.AccessoryRestController.getById(int) throws it.unisalento.se.saw.exceptions.AccessoryNotFoundException
1711 [Test worker] INFO org.springframework.web.servlet.mvc.method.annotation.RequestMappingHandlerAdapter - Looking for @ControllerAdvice: org.springframework.test.web.servlet.setup.StubWebApplicationContext@67532438
1715 [Test worker] INFO org.springframework.mock.web.MockServletContext - Initializing Spring FrameworkServlet ''
1715 [Test worker] INFO org.springframework.test.web.servlet.TestDispatcherServlet - FrameworkServlet '': initialization started
1716 [Test worker] INFO org.springframework.test.web.servlet.TestDispatcherServlet - FrameworkServlet '': initialization completed in 0 ms
1739 [Test worker] INFO org.springframework.web.servlet.mvc.method.annotation.RequestMappingHandlerMapping - Mapped "{[/accessory/save],methods=[POST],consumes=[application/json]}" onto public it.unisalento.se.saw.dto.AccessoryDTO it.unisalento.se.saw.restapi.AccessoryRestController.save(it.unisalento.se.saw.dto.AccessoryDTO) throws it.unisalento.se.saw.exceptions.RoomNotFoundException
1741 [Test worker] INFO org.springframework.web.servlet.mvc.method.annotation.RequestMappingHandlerMapping - Mapped "{[/accessory/getAll],methods=[GET],produces=[application/json]}" onto public java.util.Set<it.unisalento.se.saw.dto.AccessoryDTO> it.unisalento.se.saw.restapi.AccessoryRestController.getAll()
1742 [Test worker] INFO org.springframework.web.servlet.mvc.method.annotation.RequestMappingHandlerMapping - Mapped "{[/accessory/getByIdRoom/{id}],methods=[GET],produces=[application/json]}" onto public java.util.Set<it.unisalento.se.saw.dto.AccessoryDTO> it.unisalento.se.saw.restapi.AccessoryRestController.getByIdRoom(int)
1743 [Test worker] INFO org.springframework.web.servlet.mvc.method.annotation.RequestMappingHandlerMapping - Mapped "{[/accessory/getById/{id}],methods=[GET],produces=[application/json]}" onto public it.unisalento.se.saw.dto.AccessoryDTO it.unisalento.se.saw.restapi.AccessoryRestController.getById(int) throws it.unisalento.se.saw.exceptions.AccessoryNotFoundException
1758 [Test worker] INFO org.springframework.web.servlet.mvc.method.annotation.RequestMappingHandlerAdapter - Looking for @ControllerAdvice: org.springframework.test.web.servlet.setup.StubWebApplicationContext@7a358251
1762 [Test worker] INFO org.springframework.mock.web.MockServletContext - Initializing Spring FrameworkServlet ''
1763 [Test worker] INFO org.springframework.test.web.servlet.TestDispatcherServlet - FrameworkServlet '': initialization started
1764 [Test worker] INFO org.springframework.test.web.servlet.TestDispatcherServlet - FrameworkServlet '': initialization completed in 0 ms
]]></system-err>
</testsuite>
