<?xml version="1.0" encoding="UTF-8"?>
<testsuite name="it.unisalento.se.saw.restapi.ProfessorRestControllerTest" tests="4" skipped="0" failures="0" errors="0" timestamp="2018-09-08T13:45:06" hostname="DESKTOP-5IEPLHD" time="0.092">
  <properties/>
  <testcase name="saveTest" classname="it.unisalento.se.saw.restapi.ProfessorRestControllerTest" time="0.026"/>
  <testcase name="getByIdCourseTest" classname="it.unisalento.se.saw.restapi.ProfessorRestControllerTest" time="0.022"/>
  <testcase name="getByIdTest" classname="it.unisalento.se.saw.restapi.ProfessorRestControllerTest" time="0.022"/>
  <testcase name="getAllTest" classname="it.unisalento.se.saw.restapi.ProfessorRestControllerTest" time="0.019"/>
  <system-out><![CDATA[]]></system-out>
  <system-err><![CDATA[1921 [Test worker] INFO org.springframework.web.servlet.mvc.method.annotation.RequestMappingHandlerMapping - Mapped "{[/professor/save],methods=[POST],consumes=[application/json]}" onto public it.unisalento.se.saw.dto.ProfessorDTO it.unisalento.se.saw.restapi.ProfessorRestController.save(it.unisalento.se.saw.dto.ProfessorDTO) throws it.unisalento.se.saw.exceptions.CourseNotFoundException
1921 [Test worker] INFO org.springframework.web.servlet.mvc.method.annotation.RequestMappingHandlerMapping - Mapped "{[/professor/getAll],methods=[GET],produces=[application/json]}" onto public java.util.Set<it.unisalento.se.saw.dto.ProfessorDTO> it.unisalento.se.saw.restapi.ProfessorRestController.getAll()
1922 [Test worker] INFO org.springframework.web.servlet.mvc.method.annotation.RequestMappingHandlerMapping - Mapped "{[/professor/getById/{id}],methods=[GET],produces=[application/json]}" onto public it.unisalento.se.saw.dto.ProfessorDTO it.unisalento.se.saw.restapi.ProfessorRestController.getById(int) throws it.unisalento.se.saw.exceptions.ProfessorNotFoundException
1922 [Test worker] INFO org.springframework.web.servlet.mvc.method.annotation.RequestMappingHandlerMapping - Mapped "{[/professor/getByCourse/{id}],methods=[GET],produces=[application/json]}" onto public java.util.Set<it.unisalento.se.saw.dto.ProfessorDTO> it.unisalento.se.saw.restapi.ProfessorRestController.getByIdCourse(int) throws it.unisalento.se.saw.exceptions.ProfessorNotFoundException
1929 [Test worker] INFO org.springframework.web.servlet.mvc.method.annotation.RequestMappingHandlerAdapter - Looking for @ControllerAdvice: org.springframework.test.web.servlet.setup.StubWebApplicationContext@4ea8923d
1933 [Test worker] INFO org.springframework.mock.web.MockServletContext - Initializing Spring FrameworkServlet ''
1933 [Test worker] INFO org.springframework.test.web.servlet.TestDispatcherServlet - FrameworkServlet '': initialization started
1933 [Test worker] INFO org.springframework.test.web.servlet.TestDispatcherServlet - FrameworkServlet '': initialization completed in 0 ms
1947 [Test worker] INFO org.springframework.web.servlet.mvc.method.annotation.RequestMappingHandlerMapping - Mapped "{[/professor/save],methods=[POST],consumes=[application/json]}" onto public it.unisalento.se.saw.dto.ProfessorDTO it.unisalento.se.saw.restapi.ProfessorRestController.save(it.unisalento.se.saw.dto.ProfessorDTO) throws it.unisalento.se.saw.exceptions.CourseNotFoundException
1948 [Test worker] INFO org.springframework.web.servlet.mvc.method.annotation.RequestMappingHandlerMapping - Mapped "{[/professor/getAll],methods=[GET],produces=[application/json]}" onto public java.util.Set<it.unisalento.se.saw.dto.ProfessorDTO> it.unisalento.se.saw.restapi.ProfessorRestController.getAll()
1948 [Test worker] INFO org.springframework.web.servlet.mvc.method.annotation.RequestMappingHandlerMapping - Mapped "{[/professor/getById/{id}],methods=[GET],produces=[application/json]}" onto public it.unisalento.se.saw.dto.ProfessorDTO it.unisalento.se.saw.restapi.ProfessorRestController.getById(int) throws it.unisalento.se.saw.exceptions.ProfessorNotFoundException
1949 [Test worker] INFO org.springframework.web.servlet.mvc.method.annotation.RequestMappingHandlerMapping - Mapped "{[/professor/getByCourse/{id}],methods=[GET],produces=[application/json]}" onto public java.util.Set<it.unisalento.se.saw.dto.ProfessorDTO> it.unisalento.se.saw.restapi.ProfessorRestController.getByIdCourse(int) throws it.unisalento.se.saw.exceptions.ProfessorNotFoundException
1956 [Test worker] INFO org.springframework.web.servlet.mvc.method.annotation.RequestMappingHandlerAdapter - Looking for @ControllerAdvice: org.springframework.test.web.servlet.setup.StubWebApplicationContext@200b07ef
1959 [Test worker] INFO org.springframework.mock.web.MockServletContext - Initializing Spring FrameworkServlet ''
1959 [Test worker] INFO org.springframework.test.web.servlet.TestDispatcherServlet - FrameworkServlet '': initialization started
1960 [Test worker] INFO org.springframework.test.web.servlet.TestDispatcherServlet - FrameworkServlet '': initialization completed in 1 ms
1970 [Test worker] INFO org.springframework.web.servlet.mvc.method.annotation.RequestMappingHandlerMapping - Mapped "{[/professor/save],methods=[POST],consumes=[application/json]}" onto public it.unisalento.se.saw.dto.ProfessorDTO it.unisalento.se.saw.restapi.ProfessorRestController.save(it.unisalento.se.saw.dto.ProfessorDTO) throws it.unisalento.se.saw.exceptions.CourseNotFoundException
1971 [Test worker] INFO org.springframework.web.servlet.mvc.method.annotation.RequestMappingHandlerMapping - Mapped "{[/professor/getAll],methods=[GET],produces=[application/json]}" onto public java.util.Set<it.unisalento.se.saw.dto.ProfessorDTO> it.unisalento.se.saw.restapi.ProfessorRestController.getAll()
1971 [Test worker] INFO org.springframework.web.servlet.mvc.method.annotation.RequestMappingHandlerMapping - Mapped "{[/professor/getById/{id}],methods=[GET],produces=[application/json]}" onto public it.unisalento.se.saw.dto.ProfessorDTO it.unisalento.se.saw.restapi.ProfessorRestController.getById(int) throws it.unisalento.se.saw.exceptions.ProfessorNotFoundException
1971 [Test worker] INFO org.springframework.web.servlet.mvc.method.annotation.RequestMappingHandlerMapping - Mapped "{[/professor/getByCourse/{id}],methods=[GET],produces=[application/json]}" onto public java.util.Set<it.unisalento.se.saw.dto.ProfessorDTO> it.unisalento.se.saw.restapi.ProfessorRestController.getByIdCourse(int) throws it.unisalento.se.saw.exceptions.ProfessorNotFoundException
1980 [Test worker] INFO org.springframework.web.servlet.mvc.method.annotation.RequestMappingHandlerAdapter - Looking for @ControllerAdvice: org.springframework.test.web.servlet.setup.StubWebApplicationContext@1898bebc
1983 [Test worker] INFO org.springframework.mock.web.MockServletContext - Initializing Spring FrameworkServlet ''
1983 [Test worker] INFO org.springframework.test.web.servlet.TestDispatcherServlet - FrameworkServlet '': initialization started
1983 [Test worker] INFO org.springframework.test.web.servlet.TestDispatcherServlet - FrameworkServlet '': initialization completed in 0 ms
1993 [Test worker] INFO org.springframework.web.servlet.mvc.method.annotation.RequestMappingHandlerMapping - Mapped "{[/professor/save],methods=[POST],consumes=[application/json]}" onto public it.unisalento.se.saw.dto.ProfessorDTO it.unisalento.se.saw.restapi.ProfessorRestController.save(it.unisalento.se.saw.dto.ProfessorDTO) throws it.unisalento.se.saw.exceptions.CourseNotFoundException
1993 [Test worker] INFO org.springframework.web.servlet.mvc.method.annotation.RequestMappingHandlerMapping - Mapped "{[/professor/getAll],methods=[GET],produces=[application/json]}" onto public java.util.Set<it.unisalento.se.saw.dto.ProfessorDTO> it.unisalento.se.saw.restapi.ProfessorRestController.getAll()
1993 [Test worker] INFO org.springframework.web.servlet.mvc.method.annotation.RequestMappingHandlerMapping - Mapped "{[/professor/getById/{id}],methods=[GET],produces=[application/json]}" onto public it.unisalento.se.saw.dto.ProfessorDTO it.unisalento.se.saw.restapi.ProfessorRestController.getById(int) throws it.unisalento.se.saw.exceptions.ProfessorNotFoundException
1994 [Test worker] INFO org.springframework.web.servlet.mvc.method.annotation.RequestMappingHandlerMapping - Mapped "{[/professor/getByCourse/{id}],methods=[GET],produces=[application/json]}" onto public java.util.Set<it.unisalento.se.saw.dto.ProfessorDTO> it.unisalento.se.saw.restapi.ProfessorRestController.getByIdCourse(int) throws it.unisalento.se.saw.exceptions.ProfessorNotFoundException
2000 [Test worker] INFO org.springframework.web.servlet.mvc.method.annotation.RequestMappingHandlerAdapter - Looking for @ControllerAdvice: org.springframework.test.web.servlet.setup.StubWebApplicationContext@6cf03928
2003 [Test worker] INFO org.springframework.mock.web.MockServletContext - Initializing Spring FrameworkServlet ''
2003 [Test worker] INFO org.springframework.test.web.servlet.TestDispatcherServlet - FrameworkServlet '': initialization started
2003 [Test worker] INFO org.springframework.test.web.servlet.TestDispatcherServlet - FrameworkServlet '': initialization completed in 0 ms
]]></system-err>
</testsuite>
