<?xml version="1.0" encoding="UTF-8"?>
<testsuite name="it.unisalento.se.saw.restapi.ProfessorRestControllerTest" tests="4" skipped="0" failures="0" errors="0" timestamp="2018-09-09T11:32:27" hostname="antonio-pc" time="0.137">
  <properties/>
  <testcase name="saveTest" classname="it.unisalento.se.saw.restapi.ProfessorRestControllerTest" time="0.055"/>
  <testcase name="getByIdCourseTest" classname="it.unisalento.se.saw.restapi.ProfessorRestControllerTest" time="0.027"/>
  <testcase name="getByIdTest" classname="it.unisalento.se.saw.restapi.ProfessorRestControllerTest" time="0.026"/>
  <testcase name="getAllTest" classname="it.unisalento.se.saw.restapi.ProfessorRestControllerTest" time="0.026"/>
  <system-out><![CDATA[]]></system-out>
  <system-err><![CDATA[1586 [Test worker] INFO org.springframework.web.servlet.mvc.method.annotation.RequestMappingHandlerMapping - Mapped "{[/professor/getById/{id}],methods=[GET],produces=[application/json]}" onto public it.unisalento.se.saw.dto.ProfessorDTO it.unisalento.se.saw.restapi.ProfessorRestController.getById(int) throws it.unisalento.se.saw.exceptions.ProfessorNotFoundException
1587 [Test worker] INFO org.springframework.web.servlet.mvc.method.annotation.RequestMappingHandlerMapping - Mapped "{[/professor/getByCourse/{id}],methods=[GET],produces=[application/json]}" onto public java.util.Set<it.unisalento.se.saw.dto.ProfessorDTO> it.unisalento.se.saw.restapi.ProfessorRestController.getByIdCourse(int) throws it.unisalento.se.saw.exceptions.ProfessorNotFoundException
1588 [Test worker] INFO org.springframework.web.servlet.mvc.method.annotation.RequestMappingHandlerMapping - Mapped "{[/professor/save],methods=[POST],consumes=[application/json]}" onto public it.unisalento.se.saw.dto.ProfessorDTO it.unisalento.se.saw.restapi.ProfessorRestController.save(it.unisalento.se.saw.dto.ProfessorDTO) throws it.unisalento.se.saw.exceptions.CourseNotFoundException
1589 [Test worker] INFO org.springframework.web.servlet.mvc.method.annotation.RequestMappingHandlerMapping - Mapped "{[/professor/getAll],methods=[GET],produces=[application/json]}" onto public java.util.Set<it.unisalento.se.saw.dto.ProfessorDTO> it.unisalento.se.saw.restapi.ProfessorRestController.getAll()
1602 [Test worker] INFO org.springframework.web.servlet.mvc.method.annotation.RequestMappingHandlerAdapter - Looking for @ControllerAdvice: org.springframework.test.web.servlet.setup.StubWebApplicationContext@1904b4a5
1610 [Test worker] INFO org.springframework.mock.web.MockServletContext - Initializing Spring FrameworkServlet ''
1610 [Test worker] INFO org.springframework.test.web.servlet.TestDispatcherServlet - FrameworkServlet '': initialization started
1611 [Test worker] INFO org.springframework.test.web.servlet.TestDispatcherServlet - FrameworkServlet '': initialization completed in 1 ms
1634 [Test worker] INFO org.springframework.web.servlet.mvc.method.annotation.RequestMappingHandlerMapping - Mapped "{[/professor/getById/{id}],methods=[GET],produces=[application/json]}" onto public it.unisalento.se.saw.dto.ProfessorDTO it.unisalento.se.saw.restapi.ProfessorRestController.getById(int) throws it.unisalento.se.saw.exceptions.ProfessorNotFoundException
1635 [Test worker] INFO org.springframework.web.servlet.mvc.method.annotation.RequestMappingHandlerMapping - Mapped "{[/professor/getByCourse/{id}],methods=[GET],produces=[application/json]}" onto public java.util.Set<it.unisalento.se.saw.dto.ProfessorDTO> it.unisalento.se.saw.restapi.ProfessorRestController.getByIdCourse(int) throws it.unisalento.se.saw.exceptions.ProfessorNotFoundException
1636 [Test worker] INFO org.springframework.web.servlet.mvc.method.annotation.RequestMappingHandlerMapping - Mapped "{[/professor/save],methods=[POST],consumes=[application/json]}" onto public it.unisalento.se.saw.dto.ProfessorDTO it.unisalento.se.saw.restapi.ProfessorRestController.save(it.unisalento.se.saw.dto.ProfessorDTO) throws it.unisalento.se.saw.exceptions.CourseNotFoundException
1636 [Test worker] INFO org.springframework.web.servlet.mvc.method.annotation.RequestMappingHandlerMapping - Mapped "{[/professor/getAll],methods=[GET],produces=[application/json]}" onto public java.util.Set<it.unisalento.se.saw.dto.ProfessorDTO> it.unisalento.se.saw.restapi.ProfessorRestController.getAll()
1644 [Test worker] INFO org.springframework.web.servlet.mvc.method.annotation.RequestMappingHandlerAdapter - Looking for @ControllerAdvice: org.springframework.test.web.servlet.setup.StubWebApplicationContext@6b051186
1647 [Test worker] INFO org.springframework.mock.web.MockServletContext - Initializing Spring FrameworkServlet ''
1648 [Test worker] INFO org.springframework.test.web.servlet.TestDispatcherServlet - FrameworkServlet '': initialization started
1648 [Test worker] INFO org.springframework.test.web.servlet.TestDispatcherServlet - FrameworkServlet '': initialization completed in 0 ms
1663 [Test worker] INFO org.springframework.web.servlet.mvc.method.annotation.RequestMappingHandlerMapping - Mapped "{[/professor/getById/{id}],methods=[GET],produces=[application/json]}" onto public it.unisalento.se.saw.dto.ProfessorDTO it.unisalento.se.saw.restapi.ProfessorRestController.getById(int) throws it.unisalento.se.saw.exceptions.ProfessorNotFoundException
1663 [Test worker] INFO org.springframework.web.servlet.mvc.method.annotation.RequestMappingHandlerMapping - Mapped "{[/professor/getByCourse/{id}],methods=[GET],produces=[application/json]}" onto public java.util.Set<it.unisalento.se.saw.dto.ProfessorDTO> it.unisalento.se.saw.restapi.ProfessorRestController.getByIdCourse(int) throws it.unisalento.se.saw.exceptions.ProfessorNotFoundException
1663 [Test worker] INFO org.springframework.web.servlet.mvc.method.annotation.RequestMappingHandlerMapping - Mapped "{[/professor/save],methods=[POST],consumes=[application/json]}" onto public it.unisalento.se.saw.dto.ProfessorDTO it.unisalento.se.saw.restapi.ProfessorRestController.save(it.unisalento.se.saw.dto.ProfessorDTO) throws it.unisalento.se.saw.exceptions.CourseNotFoundException
1664 [Test worker] INFO org.springframework.web.servlet.mvc.method.annotation.RequestMappingHandlerMapping - Mapped "{[/professor/getAll],methods=[GET],produces=[application/json]}" onto public java.util.Set<it.unisalento.se.saw.dto.ProfessorDTO> it.unisalento.se.saw.restapi.ProfessorRestController.getAll()
1673 [Test worker] INFO org.springframework.web.servlet.mvc.method.annotation.RequestMappingHandlerAdapter - Looking for @ControllerAdvice: org.springframework.test.web.servlet.setup.StubWebApplicationContext@9e1c7a7
1676 [Test worker] INFO org.springframework.mock.web.MockServletContext - Initializing Spring FrameworkServlet ''
1676 [Test worker] INFO org.springframework.test.web.servlet.TestDispatcherServlet - FrameworkServlet '': initialization started
1677 [Test worker] INFO org.springframework.test.web.servlet.TestDispatcherServlet - FrameworkServlet '': initialization completed in 1 ms
1689 [Test worker] INFO org.springframework.web.servlet.mvc.method.annotation.RequestMappingHandlerMapping - Mapped "{[/professor/getById/{id}],methods=[GET],produces=[application/json]}" onto public it.unisalento.se.saw.dto.ProfessorDTO it.unisalento.se.saw.restapi.ProfessorRestController.getById(int) throws it.unisalento.se.saw.exceptions.ProfessorNotFoundException
1690 [Test worker] INFO org.springframework.web.servlet.mvc.method.annotation.RequestMappingHandlerMapping - Mapped "{[/professor/getByCourse/{id}],methods=[GET],produces=[application/json]}" onto public java.util.Set<it.unisalento.se.saw.dto.ProfessorDTO> it.unisalento.se.saw.restapi.ProfessorRestController.getByIdCourse(int) throws it.unisalento.se.saw.exceptions.ProfessorNotFoundException
1690 [Test worker] INFO org.springframework.web.servlet.mvc.method.annotation.RequestMappingHandlerMapping - Mapped "{[/professor/save],methods=[POST],consumes=[application/json]}" onto public it.unisalento.se.saw.dto.ProfessorDTO it.unisalento.se.saw.restapi.ProfessorRestController.save(it.unisalento.se.saw.dto.ProfessorDTO) throws it.unisalento.se.saw.exceptions.CourseNotFoundException
1691 [Test worker] INFO org.springframework.web.servlet.mvc.method.annotation.RequestMappingHandlerMapping - Mapped "{[/professor/getAll],methods=[GET],produces=[application/json]}" onto public java.util.Set<it.unisalento.se.saw.dto.ProfessorDTO> it.unisalento.se.saw.restapi.ProfessorRestController.getAll()
1699 [Test worker] INFO org.springframework.web.servlet.mvc.method.annotation.RequestMappingHandlerAdapter - Looking for @ControllerAdvice: org.springframework.test.web.servlet.setup.StubWebApplicationContext@4b39edf1
1703 [Test worker] INFO org.springframework.mock.web.MockServletContext - Initializing Spring FrameworkServlet ''
1703 [Test worker] INFO org.springframework.test.web.servlet.TestDispatcherServlet - FrameworkServlet '': initialization started
1703 [Test worker] INFO org.springframework.test.web.servlet.TestDispatcherServlet - FrameworkServlet '': initialization completed in 0 ms
]]></system-err>
</testsuite>
