<?xml version="1.0" encoding="UTF-8"?>
<testsuite name="it.unisalento.se.saw.restapi.CourseRestControllerTest" tests="3" skipped="0" failures="0" errors="0" timestamp="2018-09-01T14:35:09" hostname="DESKTOP-TUGA85P" time="2.091">
  <properties/>
  <testcase name="saveTest" classname="it.unisalento.se.saw.restapi.CourseRestControllerTest" time="1.982"/>
  <testcase name="getByIdTest" classname="it.unisalento.se.saw.restapi.CourseRestControllerTest" time="0.052"/>
  <testcase name="getAllTest" classname="it.unisalento.se.saw.restapi.CourseRestControllerTest" time="0.051"/>
  <system-out><![CDATA[]]></system-out>
  <system-err><![CDATA[639 [Test worker] INFO org.springframework.web.servlet.mvc.method.annotation.RequestMappingHandlerMapping - Mapped "{[/course/getAll],methods=[GET],produces=[application/json]}" onto public java.util.Set<it.unisalento.se.saw.dto.CourseDTO> it.unisalento.se.saw.restapi.CourseRestController.getAll()
656 [Test worker] INFO org.springframework.web.servlet.mvc.method.annotation.RequestMappingHandlerMapping - Mapped "{[/course/getByIdProf/{id}],methods=[GET],produces=[application/json]}" onto public java.util.Set<it.unisalento.se.saw.dto.CourseDTO> it.unisalento.se.saw.restapi.CourseRestController.getByIdProf(int) throws it.unisalento.se.saw.exceptions.CourseNotFoundException,it.unisalento.se.saw.exceptions.ProfessorNotFoundException
660 [Test worker] INFO org.springframework.web.servlet.mvc.method.annotation.RequestMappingHandlerMapping - Mapped "{[/course/getById/{id}],methods=[GET],produces=[application/json]}" onto public it.unisalento.se.saw.dto.CourseDTO it.unisalento.se.saw.restapi.CourseRestController.getById(int) throws it.unisalento.se.saw.exceptions.CourseNotFoundException
665 [Test worker] INFO org.springframework.web.servlet.mvc.method.annotation.RequestMappingHandlerMapping - Mapped "{[/course/save],methods=[POST],consumes=[application/json]}" onto public it.unisalento.se.saw.dto.CourseDTO it.unisalento.se.saw.restapi.CourseRestController.post(it.unisalento.se.saw.dto.CourseDTO)
1236 [Test worker] INFO org.springframework.web.servlet.mvc.method.annotation.RequestMappingHandlerAdapter - Looking for @ControllerAdvice: org.springframework.test.web.servlet.setup.StubWebApplicationContext@19184341
1358 [Test worker] INFO org.springframework.mock.web.MockServletContext - Initializing Spring FrameworkServlet ''
1360 [Test worker] INFO org.springframework.test.web.servlet.TestDispatcherServlet - FrameworkServlet '': initialization started
1364 [Test worker] INFO org.springframework.test.web.servlet.TestDispatcherServlet - FrameworkServlet '': initialization completed in 3 ms
1888 [Test worker] INFO org.springframework.web.servlet.mvc.method.annotation.RequestMappingHandlerMapping - Mapped "{[/course/getAll],methods=[GET],produces=[application/json]}" onto public java.util.Set<it.unisalento.se.saw.dto.CourseDTO> it.unisalento.se.saw.restapi.CourseRestController.getAll()
1889 [Test worker] INFO org.springframework.web.servlet.mvc.method.annotation.RequestMappingHandlerMapping - Mapped "{[/course/getByIdProf/{id}],methods=[GET],produces=[application/json]}" onto public java.util.Set<it.unisalento.se.saw.dto.CourseDTO> it.unisalento.se.saw.restapi.CourseRestController.getByIdProf(int) throws it.unisalento.se.saw.exceptions.CourseNotFoundException,it.unisalento.se.saw.exceptions.ProfessorNotFoundException
1891 [Test worker] INFO org.springframework.web.servlet.mvc.method.annotation.RequestMappingHandlerMapping - Mapped "{[/course/getById/{id}],methods=[GET],produces=[application/json]}" onto public it.unisalento.se.saw.dto.CourseDTO it.unisalento.se.saw.restapi.CourseRestController.getById(int) throws it.unisalento.se.saw.exceptions.CourseNotFoundException
1891 [Test worker] INFO org.springframework.web.servlet.mvc.method.annotation.RequestMappingHandlerMapping - Mapped "{[/course/save],methods=[POST],consumes=[application/json]}" onto public it.unisalento.se.saw.dto.CourseDTO it.unisalento.se.saw.restapi.CourseRestController.post(it.unisalento.se.saw.dto.CourseDTO)
1904 [Test worker] INFO org.springframework.web.servlet.mvc.method.annotation.RequestMappingHandlerAdapter - Looking for @ControllerAdvice: org.springframework.test.web.servlet.setup.StubWebApplicationContext@7aa87ba7
1910 [Test worker] INFO org.springframework.mock.web.MockServletContext - Initializing Spring FrameworkServlet ''
1910 [Test worker] INFO org.springframework.test.web.servlet.TestDispatcherServlet - FrameworkServlet '': initialization started
1910 [Test worker] INFO org.springframework.test.web.servlet.TestDispatcherServlet - FrameworkServlet '': initialization completed in 0 ms
1936 [Test worker] INFO org.springframework.web.servlet.mvc.method.annotation.RequestMappingHandlerMapping - Mapped "{[/course/getAll],methods=[GET],produces=[application/json]}" onto public java.util.Set<it.unisalento.se.saw.dto.CourseDTO> it.unisalento.se.saw.restapi.CourseRestController.getAll()
1937 [Test worker] INFO org.springframework.web.servlet.mvc.method.annotation.RequestMappingHandlerMapping - Mapped "{[/course/getByIdProf/{id}],methods=[GET],produces=[application/json]}" onto public java.util.Set<it.unisalento.se.saw.dto.CourseDTO> it.unisalento.se.saw.restapi.CourseRestController.getByIdProf(int) throws it.unisalento.se.saw.exceptions.CourseNotFoundException,it.unisalento.se.saw.exceptions.ProfessorNotFoundException
1938 [Test worker] INFO org.springframework.web.servlet.mvc.method.annotation.RequestMappingHandlerMapping - Mapped "{[/course/getById/{id}],methods=[GET],produces=[application/json]}" onto public it.unisalento.se.saw.dto.CourseDTO it.unisalento.se.saw.restapi.CourseRestController.getById(int) throws it.unisalento.se.saw.exceptions.CourseNotFoundException
1939 [Test worker] INFO org.springframework.web.servlet.mvc.method.annotation.RequestMappingHandlerMapping - Mapped "{[/course/save],methods=[POST],consumes=[application/json]}" onto public it.unisalento.se.saw.dto.CourseDTO it.unisalento.se.saw.restapi.CourseRestController.post(it.unisalento.se.saw.dto.CourseDTO)
1959 [Test worker] INFO org.springframework.web.servlet.mvc.method.annotation.RequestMappingHandlerAdapter - Looking for @ControllerAdvice: org.springframework.test.web.servlet.setup.StubWebApplicationContext@5abbf3ab
1964 [Test worker] INFO org.springframework.mock.web.MockServletContext - Initializing Spring FrameworkServlet ''
1965 [Test worker] INFO org.springframework.test.web.servlet.TestDispatcherServlet - FrameworkServlet '': initialization started
1965 [Test worker] INFO org.springframework.test.web.servlet.TestDispatcherServlet - FrameworkServlet '': initialization completed in 0 ms
]]></system-err>
</testsuite>
