<?xml version="1.0" encoding="UTF-8"?>
<testsuite name="it.unisalento.se.saw.restapi.RoomRestControllerTest" tests="4" skipped="0" failures="0" errors="0" timestamp="2018-09-03T09:21:37" hostname="DESKTOP-TUGA85P" time="0.178">
  <properties/>
  <testcase name="saveTest" classname="it.unisalento.se.saw.restapi.RoomRestControllerTest" time="0.05"/>
  <testcase name="getByCapacity" classname="it.unisalento.se.saw.restapi.RoomRestControllerTest" time="0.046"/>
  <testcase name="getByIdTest" classname="it.unisalento.se.saw.restapi.RoomRestControllerTest" time="0.04"/>
  <testcase name="getAllTest" classname="it.unisalento.se.saw.restapi.RoomRestControllerTest" time="0.037"/>
  <system-out><![CDATA[]]></system-out>
  <system-err><![CDATA[3846 [Test worker] INFO org.springframework.web.servlet.mvc.method.annotation.RequestMappingHandlerMapping - Mapped "{[/room/save],methods=[POST],consumes=[application/json]}" onto public it.unisalento.se.saw.dto.RoomDTO it.unisalento.se.saw.restapi.RoomRestController.save(it.unisalento.se.saw.dto.RoomDTO)
3846 [Test worker] INFO org.springframework.web.servlet.mvc.method.annotation.RequestMappingHandlerMapping - Mapped "{[/room/getAll],methods=[GET],produces=[application/json]}" onto public java.util.Set<it.unisalento.se.saw.dto.RoomDTO> it.unisalento.se.saw.restapi.RoomRestController.getAll()
3846 [Test worker] INFO org.springframework.web.servlet.mvc.method.annotation.RequestMappingHandlerMapping - Mapped "{[/room/getById/{id}],methods=[GET],produces=[application/json]}" onto public it.unisalento.se.saw.dto.RoomDTO it.unisalento.se.saw.restapi.RoomRestController.getById(int) throws it.unisalento.se.saw.exceptions.RoomNotFoundException
3850 [Test worker] INFO org.springframework.web.servlet.mvc.method.annotation.RequestMappingHandlerMapping - Mapped "{[/room/getByCapacity/{capacity}],methods=[GET],produces=[application/json]}" onto public java.util.Set<it.unisalento.se.saw.dto.RoomDTO> it.unisalento.se.saw.restapi.RoomRestController.getByCapacity(int)
3860 [Test worker] INFO org.springframework.web.servlet.mvc.method.annotation.RequestMappingHandlerAdapter - Looking for @ControllerAdvice: org.springframework.test.web.servlet.setup.StubWebApplicationContext@36a1bddb
3865 [Test worker] INFO org.springframework.mock.web.MockServletContext - Initializing Spring FrameworkServlet ''
3865 [Test worker] INFO org.springframework.test.web.servlet.TestDispatcherServlet - FrameworkServlet '': initialization started
3865 [Test worker] INFO org.springframework.test.web.servlet.TestDispatcherServlet - FrameworkServlet '': initialization completed in 0 ms
3905 [Test worker] INFO org.springframework.web.servlet.mvc.method.annotation.RequestMappingHandlerMapping - Mapped "{[/room/save],methods=[POST],consumes=[application/json]}" onto public it.unisalento.se.saw.dto.RoomDTO it.unisalento.se.saw.restapi.RoomRestController.save(it.unisalento.se.saw.dto.RoomDTO)
3906 [Test worker] INFO org.springframework.web.servlet.mvc.method.annotation.RequestMappingHandlerMapping - Mapped "{[/room/getAll],methods=[GET],produces=[application/json]}" onto public java.util.Set<it.unisalento.se.saw.dto.RoomDTO> it.unisalento.se.saw.restapi.RoomRestController.getAll()
3906 [Test worker] INFO org.springframework.web.servlet.mvc.method.annotation.RequestMappingHandlerMapping - Mapped "{[/room/getById/{id}],methods=[GET],produces=[application/json]}" onto public it.unisalento.se.saw.dto.RoomDTO it.unisalento.se.saw.restapi.RoomRestController.getById(int) throws it.unisalento.se.saw.exceptions.RoomNotFoundException
3907 [Test worker] INFO org.springframework.web.servlet.mvc.method.annotation.RequestMappingHandlerMapping - Mapped "{[/room/getByCapacity/{capacity}],methods=[GET],produces=[application/json]}" onto public java.util.Set<it.unisalento.se.saw.dto.RoomDTO> it.unisalento.se.saw.restapi.RoomRestController.getByCapacity(int)
3920 [Test worker] INFO org.springframework.web.servlet.mvc.method.annotation.RequestMappingHandlerAdapter - Looking for @ControllerAdvice: org.springframework.test.web.servlet.setup.StubWebApplicationContext@52f6e3cc
3925 [Test worker] INFO org.springframework.mock.web.MockServletContext - Initializing Spring FrameworkServlet ''
3927 [Test worker] INFO org.springframework.test.web.servlet.TestDispatcherServlet - FrameworkServlet '': initialization started
3927 [Test worker] INFO org.springframework.test.web.servlet.TestDispatcherServlet - FrameworkServlet '': initialization completed in 0 ms
3944 [Test worker] INFO org.springframework.web.servlet.mvc.method.annotation.RequestMappingHandlerMapping - Mapped "{[/room/save],methods=[POST],consumes=[application/json]}" onto public it.unisalento.se.saw.dto.RoomDTO it.unisalento.se.saw.restapi.RoomRestController.save(it.unisalento.se.saw.dto.RoomDTO)
3945 [Test worker] INFO org.springframework.web.servlet.mvc.method.annotation.RequestMappingHandlerMapping - Mapped "{[/room/getAll],methods=[GET],produces=[application/json]}" onto public java.util.Set<it.unisalento.se.saw.dto.RoomDTO> it.unisalento.se.saw.restapi.RoomRestController.getAll()
3946 [Test worker] INFO org.springframework.web.servlet.mvc.method.annotation.RequestMappingHandlerMapping - Mapped "{[/room/getById/{id}],methods=[GET],produces=[application/json]}" onto public it.unisalento.se.saw.dto.RoomDTO it.unisalento.se.saw.restapi.RoomRestController.getById(int) throws it.unisalento.se.saw.exceptions.RoomNotFoundException
3946 [Test worker] INFO org.springframework.web.servlet.mvc.method.annotation.RequestMappingHandlerMapping - Mapped "{[/room/getByCapacity/{capacity}],methods=[GET],produces=[application/json]}" onto public java.util.Set<it.unisalento.se.saw.dto.RoomDTO> it.unisalento.se.saw.restapi.RoomRestController.getByCapacity(int)
3962 [Test worker] INFO org.springframework.web.servlet.mvc.method.annotation.RequestMappingHandlerAdapter - Looking for @ControllerAdvice: org.springframework.test.web.servlet.setup.StubWebApplicationContext@5447c5ed
3967 [Test worker] INFO org.springframework.mock.web.MockServletContext - Initializing Spring FrameworkServlet ''
3968 [Test worker] INFO org.springframework.test.web.servlet.TestDispatcherServlet - FrameworkServlet '': initialization started
3968 [Test worker] INFO org.springframework.test.web.servlet.TestDispatcherServlet - FrameworkServlet '': initialization completed in 0 ms
3987 [Test worker] INFO org.springframework.web.servlet.mvc.method.annotation.RequestMappingHandlerMapping - Mapped "{[/room/save],methods=[POST],consumes=[application/json]}" onto public it.unisalento.se.saw.dto.RoomDTO it.unisalento.se.saw.restapi.RoomRestController.save(it.unisalento.se.saw.dto.RoomDTO)
3987 [Test worker] INFO org.springframework.web.servlet.mvc.method.annotation.RequestMappingHandlerMapping - Mapped "{[/room/getAll],methods=[GET],produces=[application/json]}" onto public java.util.Set<it.unisalento.se.saw.dto.RoomDTO> it.unisalento.se.saw.restapi.RoomRestController.getAll()
3987 [Test worker] INFO org.springframework.web.servlet.mvc.method.annotation.RequestMappingHandlerMapping - Mapped "{[/room/getById/{id}],methods=[GET],produces=[application/json]}" onto public it.unisalento.se.saw.dto.RoomDTO it.unisalento.se.saw.restapi.RoomRestController.getById(int) throws it.unisalento.se.saw.exceptions.RoomNotFoundException
3988 [Test worker] INFO org.springframework.web.servlet.mvc.method.annotation.RequestMappingHandlerMapping - Mapped "{[/room/getByCapacity/{capacity}],methods=[GET],produces=[application/json]}" onto public java.util.Set<it.unisalento.se.saw.dto.RoomDTO> it.unisalento.se.saw.restapi.RoomRestController.getByCapacity(int)
4008 [Test worker] INFO org.springframework.web.servlet.mvc.method.annotation.RequestMappingHandlerAdapter - Looking for @ControllerAdvice: org.springframework.test.web.servlet.setup.StubWebApplicationContext@594a3f3a
4011 [Test worker] INFO org.springframework.mock.web.MockServletContext - Initializing Spring FrameworkServlet ''
4011 [Test worker] INFO org.springframework.test.web.servlet.TestDispatcherServlet - FrameworkServlet '': initialization started
4012 [Test worker] INFO org.springframework.test.web.servlet.TestDispatcherServlet - FrameworkServlet '': initialization completed in 1 ms
]]></system-err>
</testsuite>
