<?xml version="1.0" encoding="UTF-8"?>
<testsuite name="it.unisalento.se.saw.services.ExamServiceTest" tests="4" skipped="0" failures="0" errors="0" timestamp="2018-09-04T13:19:34" hostname="DESKTOP-TUGA85P" time="0.011">
  <properties/>
  <testcase name="saveTest" classname="it.unisalento.se.saw.services.ExamServiceTest" time="0.005"/>
  <testcase name="getByIdTest" classname="it.unisalento.se.saw.services.ExamServiceTest" time="0.0"/>
  <testcase name="getAllTest" classname="it.unisalento.se.saw.services.ExamServiceTest" time="0.002"/>
  <testcase name="getByIdErrorTest" classname="it.unisalento.se.saw.services.ExamServiceTest" time="0.0"/>
  <system-out><![CDATA[1
]]></system-out>
  <system-err><![CDATA[]]></system-err>
</testsuite>
