<?xml version="1.0" encoding="UTF-8"?>
<testsuite name="it.unisalento.se.saw.restapi.UserRestControllerTest" tests="5" skipped="0" failures="0" errors="0" timestamp="2018-09-03T14:27:57" hostname="DESKTOP-TUGA85P" time="0.163">
  <properties/>
  <testcase name="saveTest" classname="it.unisalento.se.saw.restapi.UserRestControllerTest" time="0.044"/>
  <testcase name="addToken" classname="it.unisalento.se.saw.restapi.UserRestControllerTest" time="0.03"/>
  <testcase name="getAllUser" classname="it.unisalento.se.saw.restapi.UserRestControllerTest" time="0.029"/>
  <testcase name="getUserByUid" classname="it.unisalento.se.saw.restapi.UserRestControllerTest" time="0.03"/>
  <testcase name="findUserByIdTest" classname="it.unisalento.se.saw.restapi.UserRestControllerTest" time="0.025"/>
  <system-out><![CDATA[]]></system-out>
  <system-err><![CDATA[4043 [Test worker] INFO org.springframework.web.servlet.mvc.method.annotation.RequestMappingHandlerMapping - Mapped "{[/user/save],methods=[POST],consumes=[application/json]}" onto public it.unisalento.se.saw.dto.UserDTO it.unisalento.se.saw.restapi.UserRestController.save(it.unisalento.se.saw.dto.UserDTO)
4043 [Test worker] INFO org.springframework.web.servlet.mvc.method.annotation.RequestMappingHandlerMapping - Mapped "{[/user/getAll],methods=[GET],produces=[application/json]}" onto public java.util.Set<it.unisalento.se.saw.dto.UserDTO> it.unisalento.se.saw.restapi.UserRestController.getAll()
4044 [Test worker] INFO org.springframework.web.servlet.mvc.method.annotation.RequestMappingHandlerMapping - Mapped "{[/user/addFcmToken],methods=[POST],produces=[application/json]}" onto public it.unisalento.se.saw.dto.TokenDTO it.unisalento.se.saw.restapi.UserRestController.addFcmToken(it.unisalento.se.saw.dto.TokenDTO)
4044 [Test worker] INFO org.springframework.web.servlet.mvc.method.annotation.RequestMappingHandlerMapping - Mapped "{[/user/getByUid/{uid}],methods=[GET],produces=[application/json]}" onto public java.lang.Object it.unisalento.se.saw.restapi.UserRestController.getByUid(java.lang.String) throws it.unisalento.se.saw.exceptions.UserNotFoundException,it.unisalento.se.saw.exceptions.StudentNotFoundException,it.unisalento.se.saw.exceptions.ProfessorNotFoundException,it.unisalento.se.saw.exceptions.SecretaryNotFoundException
4044 [Test worker] INFO org.springframework.web.servlet.mvc.method.annotation.RequestMappingHandlerMapping - Mapped "{[/user/getById/{id}],methods=[GET],produces=[application/json]}" onto public it.unisalento.se.saw.dto.UserDTO it.unisalento.se.saw.restapi.UserRestController.getById(int) throws it.unisalento.se.saw.exceptions.UserNotFoundException
4054 [Test worker] INFO org.springframework.web.servlet.mvc.method.annotation.RequestMappingHandlerAdapter - Looking for @ControllerAdvice: org.springframework.test.web.servlet.setup.StubWebApplicationContext@737cfcff
4072 [Test worker] INFO org.springframework.mock.web.MockServletContext - Initializing Spring FrameworkServlet ''
4073 [Test worker] INFO org.springframework.test.web.servlet.TestDispatcherServlet - FrameworkServlet '': initialization started
4074 [Test worker] INFO org.springframework.test.web.servlet.TestDispatcherServlet - FrameworkServlet '': initialization completed in 0 ms
4099 [Test worker] INFO org.springframework.web.servlet.mvc.method.annotation.RequestMappingHandlerMapping - Mapped "{[/user/save],methods=[POST],consumes=[application/json]}" onto public it.unisalento.se.saw.dto.UserDTO it.unisalento.se.saw.restapi.UserRestController.save(it.unisalento.se.saw.dto.UserDTO)
4100 [Test worker] INFO org.springframework.web.servlet.mvc.method.annotation.RequestMappingHandlerMapping - Mapped "{[/user/getAll],methods=[GET],produces=[application/json]}" onto public java.util.Set<it.unisalento.se.saw.dto.UserDTO> it.unisalento.se.saw.restapi.UserRestController.getAll()
4100 [Test worker] INFO org.springframework.web.servlet.mvc.method.annotation.RequestMappingHandlerMapping - Mapped "{[/user/addFcmToken],methods=[POST],produces=[application/json]}" onto public it.unisalento.se.saw.dto.TokenDTO it.unisalento.se.saw.restapi.UserRestController.addFcmToken(it.unisalento.se.saw.dto.TokenDTO)
4101 [Test worker] INFO org.springframework.web.servlet.mvc.method.annotation.RequestMappingHandlerMapping - Mapped "{[/user/getByUid/{uid}],methods=[GET],produces=[application/json]}" onto public java.lang.Object it.unisalento.se.saw.restapi.UserRestController.getByUid(java.lang.String) throws it.unisalento.se.saw.exceptions.UserNotFoundException,it.unisalento.se.saw.exceptions.StudentNotFoundException,it.unisalento.se.saw.exceptions.ProfessorNotFoundException,it.unisalento.se.saw.exceptions.SecretaryNotFoundException
4101 [Test worker] INFO org.springframework.web.servlet.mvc.method.annotation.RequestMappingHandlerMapping - Mapped "{[/user/getById/{id}],methods=[GET],produces=[application/json]}" onto public it.unisalento.se.saw.dto.UserDTO it.unisalento.se.saw.restapi.UserRestController.getById(int) throws it.unisalento.se.saw.exceptions.UserNotFoundException
4107 [Test worker] INFO org.springframework.web.servlet.mvc.method.annotation.RequestMappingHandlerAdapter - Looking for @ControllerAdvice: org.springframework.test.web.servlet.setup.StubWebApplicationContext@1e30ea5f
4109 [Test worker] INFO org.springframework.mock.web.MockServletContext - Initializing Spring FrameworkServlet ''
4109 [Test worker] INFO org.springframework.test.web.servlet.TestDispatcherServlet - FrameworkServlet '': initialization started
4110 [Test worker] INFO org.springframework.test.web.servlet.TestDispatcherServlet - FrameworkServlet '': initialization completed in 1 ms
4119 [Test worker] INFO org.springframework.web.servlet.mvc.method.annotation.RequestMappingHandlerMapping - Mapped "{[/user/save],methods=[POST],consumes=[application/json]}" onto public it.unisalento.se.saw.dto.UserDTO it.unisalento.se.saw.restapi.UserRestController.save(it.unisalento.se.saw.dto.UserDTO)
4120 [Test worker] INFO org.springframework.web.servlet.mvc.method.annotation.RequestMappingHandlerMapping - Mapped "{[/user/getAll],methods=[GET],produces=[application/json]}" onto public java.util.Set<it.unisalento.se.saw.dto.UserDTO> it.unisalento.se.saw.restapi.UserRestController.getAll()
4121 [Test worker] INFO org.springframework.web.servlet.mvc.method.annotation.RequestMappingHandlerMapping - Mapped "{[/user/addFcmToken],methods=[POST],produces=[application/json]}" onto public it.unisalento.se.saw.dto.TokenDTO it.unisalento.se.saw.restapi.UserRestController.addFcmToken(it.unisalento.se.saw.dto.TokenDTO)
4124 [Test worker] INFO org.springframework.web.servlet.mvc.method.annotation.RequestMappingHandlerMapping - Mapped "{[/user/getByUid/{uid}],methods=[GET],produces=[application/json]}" onto public java.lang.Object it.unisalento.se.saw.restapi.UserRestController.getByUid(java.lang.String) throws it.unisalento.se.saw.exceptions.UserNotFoundException,it.unisalento.se.saw.exceptions.StudentNotFoundException,it.unisalento.se.saw.exceptions.ProfessorNotFoundException,it.unisalento.se.saw.exceptions.SecretaryNotFoundException
4125 [Test worker] INFO org.springframework.web.servlet.mvc.method.annotation.RequestMappingHandlerMapping - Mapped "{[/user/getById/{id}],methods=[GET],produces=[application/json]}" onto public it.unisalento.se.saw.dto.UserDTO it.unisalento.se.saw.restapi.UserRestController.getById(int) throws it.unisalento.se.saw.exceptions.UserNotFoundException
4134 [Test worker] INFO org.springframework.web.servlet.mvc.method.annotation.RequestMappingHandlerAdapter - Looking for @ControllerAdvice: org.springframework.test.web.servlet.setup.StubWebApplicationContext@75e28bbe
4137 [Test worker] INFO org.springframework.mock.web.MockServletContext - Initializing Spring FrameworkServlet ''
4138 [Test worker] INFO org.springframework.test.web.servlet.TestDispatcherServlet - FrameworkServlet '': initialization started
4138 [Test worker] INFO org.springframework.test.web.servlet.TestDispatcherServlet - FrameworkServlet '': initialization completed in 0 ms
4149 [Test worker] INFO org.springframework.web.servlet.mvc.method.annotation.RequestMappingHandlerMapping - Mapped "{[/user/save],methods=[POST],consumes=[application/json]}" onto public it.unisalento.se.saw.dto.UserDTO it.unisalento.se.saw.restapi.UserRestController.save(it.unisalento.se.saw.dto.UserDTO)
4149 [Test worker] INFO org.springframework.web.servlet.mvc.method.annotation.RequestMappingHandlerMapping - Mapped "{[/user/getAll],methods=[GET],produces=[application/json]}" onto public java.util.Set<it.unisalento.se.saw.dto.UserDTO> it.unisalento.se.saw.restapi.UserRestController.getAll()
4150 [Test worker] INFO org.springframework.web.servlet.mvc.method.annotation.RequestMappingHandlerMapping - Mapped "{[/user/addFcmToken],methods=[POST],produces=[application/json]}" onto public it.unisalento.se.saw.dto.TokenDTO it.unisalento.se.saw.restapi.UserRestController.addFcmToken(it.unisalento.se.saw.dto.TokenDTO)
4150 [Test worker] INFO org.springframework.web.servlet.mvc.method.annotation.RequestMappingHandlerMapping - Mapped "{[/user/getByUid/{uid}],methods=[GET],produces=[application/json]}" onto public java.lang.Object it.unisalento.se.saw.restapi.UserRestController.getByUid(java.lang.String) throws it.unisalento.se.saw.exceptions.UserNotFoundException,it.unisalento.se.saw.exceptions.StudentNotFoundException,it.unisalento.se.saw.exceptions.ProfessorNotFoundException,it.unisalento.se.saw.exceptions.SecretaryNotFoundException
4151 [Test worker] INFO org.springframework.web.servlet.mvc.method.annotation.RequestMappingHandlerMapping - Mapped "{[/user/getById/{id}],methods=[GET],produces=[application/json]}" onto public it.unisalento.se.saw.dto.UserDTO it.unisalento.se.saw.restapi.UserRestController.getById(int) throws it.unisalento.se.saw.exceptions.UserNotFoundException
4158 [Test worker] INFO org.springframework.web.servlet.mvc.method.annotation.RequestMappingHandlerAdapter - Looking for @ControllerAdvice: org.springframework.test.web.servlet.setup.StubWebApplicationContext@365decb5
4163 [Test worker] INFO org.springframework.mock.web.MockServletContext - Initializing Spring FrameworkServlet ''
4166 [Test worker] INFO org.springframework.test.web.servlet.TestDispatcherServlet - FrameworkServlet '': initialization started
4167 [Test worker] INFO org.springframework.test.web.servlet.TestDispatcherServlet - FrameworkServlet '': initialization completed in 0 ms
4182 [Test worker] INFO org.springframework.web.servlet.mvc.method.annotation.RequestMappingHandlerMapping - Mapped "{[/user/save],methods=[POST],consumes=[application/json]}" onto public it.unisalento.se.saw.dto.UserDTO it.unisalento.se.saw.restapi.UserRestController.save(it.unisalento.se.saw.dto.UserDTO)
4182 [Test worker] INFO org.springframework.web.servlet.mvc.method.annotation.RequestMappingHandlerMapping - Mapped "{[/user/getAll],methods=[GET],produces=[application/json]}" onto public java.util.Set<it.unisalento.se.saw.dto.UserDTO> it.unisalento.se.saw.restapi.UserRestController.getAll()
4182 [Test worker] INFO org.springframework.web.servlet.mvc.method.annotation.RequestMappingHandlerMapping - Mapped "{[/user/addFcmToken],methods=[POST],produces=[application/json]}" onto public it.unisalento.se.saw.dto.TokenDTO it.unisalento.se.saw.restapi.UserRestController.addFcmToken(it.unisalento.se.saw.dto.TokenDTO)
4182 [Test worker] INFO org.springframework.web.servlet.mvc.method.annotation.RequestMappingHandlerMapping - Mapped "{[/user/getByUid/{uid}],methods=[GET],produces=[application/json]}" onto public java.lang.Object it.unisalento.se.saw.restapi.UserRestController.getByUid(java.lang.String) throws it.unisalento.se.saw.exceptions.UserNotFoundException,it.unisalento.se.saw.exceptions.StudentNotFoundException,it.unisalento.se.saw.exceptions.ProfessorNotFoundException,it.unisalento.se.saw.exceptions.SecretaryNotFoundException
4182 [Test worker] INFO org.springframework.web.servlet.mvc.method.annotation.RequestMappingHandlerMapping - Mapped "{[/user/getById/{id}],methods=[GET],produces=[application/json]}" onto public it.unisalento.se.saw.dto.UserDTO it.unisalento.se.saw.restapi.UserRestController.getById(int) throws it.unisalento.se.saw.exceptions.UserNotFoundException
4190 [Test worker] INFO org.springframework.web.servlet.mvc.method.annotation.RequestMappingHandlerAdapter - Looking for @ControllerAdvice: org.springframework.test.web.servlet.setup.StubWebApplicationContext@1c2dd569
4194 [Test worker] INFO org.springframework.mock.web.MockServletContext - Initializing Spring FrameworkServlet ''
4196 [Test worker] INFO org.springframework.test.web.servlet.TestDispatcherServlet - FrameworkServlet '': initialization started
4197 [Test worker] INFO org.springframework.test.web.servlet.TestDispatcherServlet - FrameworkServlet '': initialization completed in 0 ms
]]></system-err>
</testsuite>
