<?xml version="1.0" encoding="UTF-8"?>
<testsuite name="it.unisalento.se.saw.restapi.MaterialRestControllerTest" tests="5" skipped="0" failures="0" errors="0" timestamp="2018-09-08T13:45:06" hostname="DESKTOP-5IEPLHD" time="0.134">
  <properties/>
  <testcase name="saveTest" classname="it.unisalento.se.saw.restapi.MaterialRestControllerTest" time="0.026"/>
  <testcase name="getByIdLessonTest" classname="it.unisalento.se.saw.restapi.MaterialRestControllerTest" time="0.027"/>
  <testcase name="getByIdTest" classname="it.unisalento.se.saw.restapi.MaterialRestControllerTest" time="0.028"/>
  <testcase name="getByIdTeachingTest" classname="it.unisalento.se.saw.restapi.MaterialRestControllerTest" time="0.026"/>
  <testcase name="getAllTest" classname="it.unisalento.se.saw.restapi.MaterialRestControllerTest" time="0.021"/>
  <system-out><![CDATA[]]></system-out>
  <system-err><![CDATA[1784 [Test worker] INFO org.springframework.web.servlet.mvc.method.annotation.RequestMappingHandlerMapping - Mapped "{[/material/save],methods=[POST],consumes=[application/json]}" onto public it.unisalento.se.saw.dto.MaterialDTO it.unisalento.se.saw.restapi.MaterialRestController.save(it.unisalento.se.saw.dto.MaterialDTO) throws it.unisalento.se.saw.exceptions.TeachingNotFoundException
1784 [Test worker] INFO org.springframework.web.servlet.mvc.method.annotation.RequestMappingHandlerMapping - Mapped "{[/material/getAll],methods=[GET],produces=[application/json]}" onto public java.util.Set<it.unisalento.se.saw.dto.MaterialDTO> it.unisalento.se.saw.restapi.MaterialRestController.getAll()
1785 [Test worker] INFO org.springframework.web.servlet.mvc.method.annotation.RequestMappingHandlerMapping - Mapped "{[/material/getById/{id}],methods=[GET],produces=[application/json]}" onto public it.unisalento.se.saw.dto.MaterialDTO it.unisalento.se.saw.restapi.MaterialRestController.getById(int) throws it.unisalento.se.saw.exceptions.MaterialNotFoundException
1785 [Test worker] INFO org.springframework.web.servlet.mvc.method.annotation.RequestMappingHandlerMapping - Mapped "{[/material/getByIdLesson/{id}],methods=[GET],produces=[application/json]}" onto public java.util.Set<it.unisalento.se.saw.dto.MaterialDTO> it.unisalento.se.saw.restapi.MaterialRestController.getByIdLesson(int)
1785 [Test worker] INFO org.springframework.web.servlet.mvc.method.annotation.RequestMappingHandlerMapping - Mapped "{[/material/getByIdTeaching/{id}],methods=[GET],produces=[application/json]}" onto public java.util.Set<it.unisalento.se.saw.dto.MaterialDTO> it.unisalento.se.saw.restapi.MaterialRestController.getByIdTeaching(int)
1793 [Test worker] INFO org.springframework.web.servlet.mvc.method.annotation.RequestMappingHandlerAdapter - Looking for @ControllerAdvice: org.springframework.test.web.servlet.setup.StubWebApplicationContext@6153bca4
1797 [Test worker] INFO org.springframework.mock.web.MockServletContext - Initializing Spring FrameworkServlet ''
1797 [Test worker] INFO org.springframework.test.web.servlet.TestDispatcherServlet - FrameworkServlet '': initialization started
1797 [Test worker] INFO org.springframework.test.web.servlet.TestDispatcherServlet - FrameworkServlet '': initialization completed in 0 ms
1810 [Test worker] INFO org.springframework.web.servlet.mvc.method.annotation.RequestMappingHandlerMapping - Mapped "{[/material/save],methods=[POST],consumes=[application/json]}" onto public it.unisalento.se.saw.dto.MaterialDTO it.unisalento.se.saw.restapi.MaterialRestController.save(it.unisalento.se.saw.dto.MaterialDTO) throws it.unisalento.se.saw.exceptions.TeachingNotFoundException
1810 [Test worker] INFO org.springframework.web.servlet.mvc.method.annotation.RequestMappingHandlerMapping - Mapped "{[/material/getAll],methods=[GET],produces=[application/json]}" onto public java.util.Set<it.unisalento.se.saw.dto.MaterialDTO> it.unisalento.se.saw.restapi.MaterialRestController.getAll()
1811 [Test worker] INFO org.springframework.web.servlet.mvc.method.annotation.RequestMappingHandlerMapping - Mapped "{[/material/getById/{id}],methods=[GET],produces=[application/json]}" onto public it.unisalento.se.saw.dto.MaterialDTO it.unisalento.se.saw.restapi.MaterialRestController.getById(int) throws it.unisalento.se.saw.exceptions.MaterialNotFoundException
1811 [Test worker] INFO org.springframework.web.servlet.mvc.method.annotation.RequestMappingHandlerMapping - Mapped "{[/material/getByIdLesson/{id}],methods=[GET],produces=[application/json]}" onto public java.util.Set<it.unisalento.se.saw.dto.MaterialDTO> it.unisalento.se.saw.restapi.MaterialRestController.getByIdLesson(int)
1811 [Test worker] INFO org.springframework.web.servlet.mvc.method.annotation.RequestMappingHandlerMapping - Mapped "{[/material/getByIdTeaching/{id}],methods=[GET],produces=[application/json]}" onto public java.util.Set<it.unisalento.se.saw.dto.MaterialDTO> it.unisalento.se.saw.restapi.MaterialRestController.getByIdTeaching(int)
1821 [Test worker] INFO org.springframework.web.servlet.mvc.method.annotation.RequestMappingHandlerAdapter - Looking for @ControllerAdvice: org.springframework.test.web.servlet.setup.StubWebApplicationContext@37e008d2
1825 [Test worker] INFO org.springframework.mock.web.MockServletContext - Initializing Spring FrameworkServlet ''
1825 [Test worker] INFO org.springframework.test.web.servlet.TestDispatcherServlet - FrameworkServlet '': initialization started
1825 [Test worker] INFO org.springframework.test.web.servlet.TestDispatcherServlet - FrameworkServlet '': initialization completed in 0 ms
1839 [Test worker] INFO org.springframework.web.servlet.mvc.method.annotation.RequestMappingHandlerMapping - Mapped "{[/material/save],methods=[POST],consumes=[application/json]}" onto public it.unisalento.se.saw.dto.MaterialDTO it.unisalento.se.saw.restapi.MaterialRestController.save(it.unisalento.se.saw.dto.MaterialDTO) throws it.unisalento.se.saw.exceptions.TeachingNotFoundException
1840 [Test worker] INFO org.springframework.web.servlet.mvc.method.annotation.RequestMappingHandlerMapping - Mapped "{[/material/getAll],methods=[GET],produces=[application/json]}" onto public java.util.Set<it.unisalento.se.saw.dto.MaterialDTO> it.unisalento.se.saw.restapi.MaterialRestController.getAll()
1840 [Test worker] INFO org.springframework.web.servlet.mvc.method.annotation.RequestMappingHandlerMapping - Mapped "{[/material/getById/{id}],methods=[GET],produces=[application/json]}" onto public it.unisalento.se.saw.dto.MaterialDTO it.unisalento.se.saw.restapi.MaterialRestController.getById(int) throws it.unisalento.se.saw.exceptions.MaterialNotFoundException
1841 [Test worker] INFO org.springframework.web.servlet.mvc.method.annotation.RequestMappingHandlerMapping - Mapped "{[/material/getByIdLesson/{id}],methods=[GET],produces=[application/json]}" onto public java.util.Set<it.unisalento.se.saw.dto.MaterialDTO> it.unisalento.se.saw.restapi.MaterialRestController.getByIdLesson(int)
1841 [Test worker] INFO org.springframework.web.servlet.mvc.method.annotation.RequestMappingHandlerMapping - Mapped "{[/material/getByIdTeaching/{id}],methods=[GET],produces=[application/json]}" onto public java.util.Set<it.unisalento.se.saw.dto.MaterialDTO> it.unisalento.se.saw.restapi.MaterialRestController.getByIdTeaching(int)
1851 [Test worker] INFO org.springframework.web.servlet.mvc.method.annotation.RequestMappingHandlerAdapter - Looking for @ControllerAdvice: org.springframework.test.web.servlet.setup.StubWebApplicationContext@1bb50a5f
1855 [Test worker] INFO org.springframework.mock.web.MockServletContext - Initializing Spring FrameworkServlet ''
1855 [Test worker] INFO org.springframework.test.web.servlet.TestDispatcherServlet - FrameworkServlet '': initialization started
1855 [Test worker] INFO org.springframework.test.web.servlet.TestDispatcherServlet - FrameworkServlet '': initialization completed in 0 ms
1869 [Test worker] INFO org.springframework.web.servlet.mvc.method.annotation.RequestMappingHandlerMapping - Mapped "{[/material/save],methods=[POST],consumes=[application/json]}" onto public it.unisalento.se.saw.dto.MaterialDTO it.unisalento.se.saw.restapi.MaterialRestController.save(it.unisalento.se.saw.dto.MaterialDTO) throws it.unisalento.se.saw.exceptions.TeachingNotFoundException
1869 [Test worker] INFO org.springframework.web.servlet.mvc.method.annotation.RequestMappingHandlerMapping - Mapped "{[/material/getAll],methods=[GET],produces=[application/json]}" onto public java.util.Set<it.unisalento.se.saw.dto.MaterialDTO> it.unisalento.se.saw.restapi.MaterialRestController.getAll()
1870 [Test worker] INFO org.springframework.web.servlet.mvc.method.annotation.RequestMappingHandlerMapping - Mapped "{[/material/getById/{id}],methods=[GET],produces=[application/json]}" onto public it.unisalento.se.saw.dto.MaterialDTO it.unisalento.se.saw.restapi.MaterialRestController.getById(int) throws it.unisalento.se.saw.exceptions.MaterialNotFoundException
1870 [Test worker] INFO org.springframework.web.servlet.mvc.method.annotation.RequestMappingHandlerMapping - Mapped "{[/material/getByIdLesson/{id}],methods=[GET],produces=[application/json]}" onto public java.util.Set<it.unisalento.se.saw.dto.MaterialDTO> it.unisalento.se.saw.restapi.MaterialRestController.getByIdLesson(int)
1871 [Test worker] INFO org.springframework.web.servlet.mvc.method.annotation.RequestMappingHandlerMapping - Mapped "{[/material/getByIdTeaching/{id}],methods=[GET],produces=[application/json]}" onto public java.util.Set<it.unisalento.se.saw.dto.MaterialDTO> it.unisalento.se.saw.restapi.MaterialRestController.getByIdTeaching(int)
1879 [Test worker] INFO org.springframework.web.servlet.mvc.method.annotation.RequestMappingHandlerAdapter - Looking for @ControllerAdvice: org.springframework.test.web.servlet.setup.StubWebApplicationContext@2168ee
1882 [Test worker] INFO org.springframework.mock.web.MockServletContext - Initializing Spring FrameworkServlet ''
1882 [Test worker] INFO org.springframework.test.web.servlet.TestDispatcherServlet - FrameworkServlet '': initialization started
1882 [Test worker] INFO org.springframework.test.web.servlet.TestDispatcherServlet - FrameworkServlet '': initialization completed in 0 ms
1895 [Test worker] INFO org.springframework.web.servlet.mvc.method.annotation.RequestMappingHandlerMapping - Mapped "{[/material/save],methods=[POST],consumes=[application/json]}" onto public it.unisalento.se.saw.dto.MaterialDTO it.unisalento.se.saw.restapi.MaterialRestController.save(it.unisalento.se.saw.dto.MaterialDTO) throws it.unisalento.se.saw.exceptions.TeachingNotFoundException
1895 [Test worker] INFO org.springframework.web.servlet.mvc.method.annotation.RequestMappingHandlerMapping - Mapped "{[/material/getAll],methods=[GET],produces=[application/json]}" onto public java.util.Set<it.unisalento.se.saw.dto.MaterialDTO> it.unisalento.se.saw.restapi.MaterialRestController.getAll()
1896 [Test worker] INFO org.springframework.web.servlet.mvc.method.annotation.RequestMappingHandlerMapping - Mapped "{[/material/getById/{id}],methods=[GET],produces=[application/json]}" onto public it.unisalento.se.saw.dto.MaterialDTO it.unisalento.se.saw.restapi.MaterialRestController.getById(int) throws it.unisalento.se.saw.exceptions.MaterialNotFoundException
1896 [Test worker] INFO org.springframework.web.servlet.mvc.method.annotation.RequestMappingHandlerMapping - Mapped "{[/material/getByIdLesson/{id}],methods=[GET],produces=[application/json]}" onto public java.util.Set<it.unisalento.se.saw.dto.MaterialDTO> it.unisalento.se.saw.restapi.MaterialRestController.getByIdLesson(int)
1896 [Test worker] INFO org.springframework.web.servlet.mvc.method.annotation.RequestMappingHandlerMapping - Mapped "{[/material/getByIdTeaching/{id}],methods=[GET],produces=[application/json]}" onto public java.util.Set<it.unisalento.se.saw.dto.MaterialDTO> it.unisalento.se.saw.restapi.MaterialRestController.getByIdTeaching(int)
1905 [Test worker] INFO org.springframework.web.servlet.mvc.method.annotation.RequestMappingHandlerAdapter - Looking for @ControllerAdvice: org.springframework.test.web.servlet.setup.StubWebApplicationContext@4a6a79bd
1908 [Test worker] INFO org.springframework.mock.web.MockServletContext - Initializing Spring FrameworkServlet ''
1908 [Test worker] INFO org.springframework.test.web.servlet.TestDispatcherServlet - FrameworkServlet '': initialization started
1908 [Test worker] INFO org.springframework.test.web.servlet.TestDispatcherServlet - FrameworkServlet '': initialization completed in 0 ms
]]></system-err>
</testsuite>
