<?xml version="1.0" encoding="UTF-8"?>
<testsuite name="it.unisalento.se.saw.restapi.ProfessorRestControllerTest" tests="4" skipped="0" failures="0" errors="0" timestamp="2018-09-09T08:46:49" hostname="antonio-pc" time="0.094">
  <properties/>
  <testcase name="saveTest" classname="it.unisalento.se.saw.restapi.ProfessorRestControllerTest" time="0.027"/>
  <testcase name="getByIdCourseTest" classname="it.unisalento.se.saw.restapi.ProfessorRestControllerTest" time="0.024"/>
  <testcase name="getByIdTest" classname="it.unisalento.se.saw.restapi.ProfessorRestControllerTest" time="0.022"/>
  <testcase name="getAllTest" classname="it.unisalento.se.saw.restapi.ProfessorRestControllerTest" time="0.018"/>
  <system-out><![CDATA[]]></system-out>
  <system-err><![CDATA[1122 [Test worker] INFO org.springframework.web.servlet.mvc.method.annotation.RequestMappingHandlerMapping - Mapped "{[/professor/getById/{id}],methods=[GET],produces=[application/json]}" onto public it.unisalento.se.saw.dto.ProfessorDTO it.unisalento.se.saw.restapi.ProfessorRestController.getById(int) throws it.unisalento.se.saw.exceptions.ProfessorNotFoundException
1122 [Test worker] INFO org.springframework.web.servlet.mvc.method.annotation.RequestMappingHandlerMapping - Mapped "{[/professor/getByCourse/{id}],methods=[GET],produces=[application/json]}" onto public java.util.Set<it.unisalento.se.saw.dto.ProfessorDTO> it.unisalento.se.saw.restapi.ProfessorRestController.getByIdCourse(int) throws it.unisalento.se.saw.exceptions.ProfessorNotFoundException
1123 [Test worker] INFO org.springframework.web.servlet.mvc.method.annotation.RequestMappingHandlerMapping - Mapped "{[/professor/getAll],methods=[GET],produces=[application/json]}" onto public java.util.Set<it.unisalento.se.saw.dto.ProfessorDTO> it.unisalento.se.saw.restapi.ProfessorRestController.getAll()
1123 [Test worker] INFO org.springframework.web.servlet.mvc.method.annotation.RequestMappingHandlerMapping - Mapped "{[/professor/save],methods=[POST],consumes=[application/json]}" onto public it.unisalento.se.saw.dto.ProfessorDTO it.unisalento.se.saw.restapi.ProfessorRestController.save(it.unisalento.se.saw.dto.ProfessorDTO) throws it.unisalento.se.saw.exceptions.CourseNotFoundException
1131 [Test worker] INFO org.springframework.web.servlet.mvc.method.annotation.RequestMappingHandlerAdapter - Looking for @ControllerAdvice: org.springframework.test.web.servlet.setup.StubWebApplicationContext@57d0d18e
1134 [Test worker] INFO org.springframework.mock.web.MockServletContext - Initializing Spring FrameworkServlet ''
1135 [Test worker] INFO org.springframework.test.web.servlet.TestDispatcherServlet - FrameworkServlet '': initialization started
1136 [Test worker] INFO org.springframework.test.web.servlet.TestDispatcherServlet - FrameworkServlet '': initialization completed in 1 ms
1150 [Test worker] INFO org.springframework.web.servlet.mvc.method.annotation.RequestMappingHandlerMapping - Mapped "{[/professor/getById/{id}],methods=[GET],produces=[application/json]}" onto public it.unisalento.se.saw.dto.ProfessorDTO it.unisalento.se.saw.restapi.ProfessorRestController.getById(int) throws it.unisalento.se.saw.exceptions.ProfessorNotFoundException
1151 [Test worker] INFO org.springframework.web.servlet.mvc.method.annotation.RequestMappingHandlerMapping - Mapped "{[/professor/getByCourse/{id}],methods=[GET],produces=[application/json]}" onto public java.util.Set<it.unisalento.se.saw.dto.ProfessorDTO> it.unisalento.se.saw.restapi.ProfessorRestController.getByIdCourse(int) throws it.unisalento.se.saw.exceptions.ProfessorNotFoundException
1153 [Test worker] INFO org.springframework.web.servlet.mvc.method.annotation.RequestMappingHandlerMapping - Mapped "{[/professor/getAll],methods=[GET],produces=[application/json]}" onto public java.util.Set<it.unisalento.se.saw.dto.ProfessorDTO> it.unisalento.se.saw.restapi.ProfessorRestController.getAll()
1154 [Test worker] INFO org.springframework.web.servlet.mvc.method.annotation.RequestMappingHandlerMapping - Mapped "{[/professor/save],methods=[POST],consumes=[application/json]}" onto public it.unisalento.se.saw.dto.ProfessorDTO it.unisalento.se.saw.restapi.ProfessorRestController.save(it.unisalento.se.saw.dto.ProfessorDTO) throws it.unisalento.se.saw.exceptions.CourseNotFoundException
1161 [Test worker] INFO org.springframework.web.servlet.mvc.method.annotation.RequestMappingHandlerAdapter - Looking for @ControllerAdvice: org.springframework.test.web.servlet.setup.StubWebApplicationContext@24faaa26
1164 [Test worker] INFO org.springframework.mock.web.MockServletContext - Initializing Spring FrameworkServlet ''
1164 [Test worker] INFO org.springframework.test.web.servlet.TestDispatcherServlet - FrameworkServlet '': initialization started
1164 [Test worker] INFO org.springframework.test.web.servlet.TestDispatcherServlet - FrameworkServlet '': initialization completed in 0 ms
1174 [Test worker] INFO org.springframework.web.servlet.mvc.method.annotation.RequestMappingHandlerMapping - Mapped "{[/professor/getById/{id}],methods=[GET],produces=[application/json]}" onto public it.unisalento.se.saw.dto.ProfessorDTO it.unisalento.se.saw.restapi.ProfessorRestController.getById(int) throws it.unisalento.se.saw.exceptions.ProfessorNotFoundException
1174 [Test worker] INFO org.springframework.web.servlet.mvc.method.annotation.RequestMappingHandlerMapping - Mapped "{[/professor/getByCourse/{id}],methods=[GET],produces=[application/json]}" onto public java.util.Set<it.unisalento.se.saw.dto.ProfessorDTO> it.unisalento.se.saw.restapi.ProfessorRestController.getByIdCourse(int) throws it.unisalento.se.saw.exceptions.ProfessorNotFoundException
1174 [Test worker] INFO org.springframework.web.servlet.mvc.method.annotation.RequestMappingHandlerMapping - Mapped "{[/professor/getAll],methods=[GET],produces=[application/json]}" onto public java.util.Set<it.unisalento.se.saw.dto.ProfessorDTO> it.unisalento.se.saw.restapi.ProfessorRestController.getAll()
1175 [Test worker] INFO org.springframework.web.servlet.mvc.method.annotation.RequestMappingHandlerMapping - Mapped "{[/professor/save],methods=[POST],consumes=[application/json]}" onto public it.unisalento.se.saw.dto.ProfessorDTO it.unisalento.se.saw.restapi.ProfessorRestController.save(it.unisalento.se.saw.dto.ProfessorDTO) throws it.unisalento.se.saw.exceptions.CourseNotFoundException
1181 [Test worker] INFO org.springframework.web.servlet.mvc.method.annotation.RequestMappingHandlerAdapter - Looking for @ControllerAdvice: org.springframework.test.web.servlet.setup.StubWebApplicationContext@77a5bbb4
1184 [Test worker] INFO org.springframework.mock.web.MockServletContext - Initializing Spring FrameworkServlet ''
1184 [Test worker] INFO org.springframework.test.web.servlet.TestDispatcherServlet - FrameworkServlet '': initialization started
1187 [Test worker] INFO org.springframework.test.web.servlet.TestDispatcherServlet - FrameworkServlet '': initialization completed in 0 ms
1196 [Test worker] INFO org.springframework.web.servlet.mvc.method.annotation.RequestMappingHandlerMapping - Mapped "{[/professor/getById/{id}],methods=[GET],produces=[application/json]}" onto public it.unisalento.se.saw.dto.ProfessorDTO it.unisalento.se.saw.restapi.ProfessorRestController.getById(int) throws it.unisalento.se.saw.exceptions.ProfessorNotFoundException
1197 [Test worker] INFO org.springframework.web.servlet.mvc.method.annotation.RequestMappingHandlerMapping - Mapped "{[/professor/getByCourse/{id}],methods=[GET],produces=[application/json]}" onto public java.util.Set<it.unisalento.se.saw.dto.ProfessorDTO> it.unisalento.se.saw.restapi.ProfessorRestController.getByIdCourse(int) throws it.unisalento.se.saw.exceptions.ProfessorNotFoundException
1197 [Test worker] INFO org.springframework.web.servlet.mvc.method.annotation.RequestMappingHandlerMapping - Mapped "{[/professor/getAll],methods=[GET],produces=[application/json]}" onto public java.util.Set<it.unisalento.se.saw.dto.ProfessorDTO> it.unisalento.se.saw.restapi.ProfessorRestController.getAll()
1197 [Test worker] INFO org.springframework.web.servlet.mvc.method.annotation.RequestMappingHandlerMapping - Mapped "{[/professor/save],methods=[POST],consumes=[application/json]}" onto public it.unisalento.se.saw.dto.ProfessorDTO it.unisalento.se.saw.restapi.ProfessorRestController.save(it.unisalento.se.saw.dto.ProfessorDTO) throws it.unisalento.se.saw.exceptions.CourseNotFoundException
1203 [Test worker] INFO org.springframework.web.servlet.mvc.method.annotation.RequestMappingHandlerAdapter - Looking for @ControllerAdvice: org.springframework.test.web.servlet.setup.StubWebApplicationContext@709a4cb3
1206 [Test worker] INFO org.springframework.mock.web.MockServletContext - Initializing Spring FrameworkServlet ''
1207 [Test worker] INFO org.springframework.test.web.servlet.TestDispatcherServlet - FrameworkServlet '': initialization started
1207 [Test worker] INFO org.springframework.test.web.servlet.TestDispatcherServlet - FrameworkServlet '': initialization completed in 0 ms
]]></system-err>
</testsuite>
