<?xml version="1.0" encoding="UTF-8"?>
<testsuite name="it.unisalento.se.saw.restapi.UserRestControllerTest" tests="1" skipped="0" failures="0" errors="0" timestamp="2018-08-30T14:52:49" hostname="DESKTOP-TUGA85P" time="2.286">
  <properties/>
  <testcase name="findUserByIdTest" classname="it.unisalento.se.saw.restapi.UserRestControllerTest" time="2.286"/>
  <system-out><![CDATA[
prova
ciao
]]></system-out>
  <system-err><![CDATA[625 [Test worker] INFO org.springframework.web.servlet.mvc.method.annotation.RequestMappingHandlerMapping - Mapped "{[/user/getId/{id}],methods=[GET],produces=[application/json]}" onto public it.unisalento.se.saw.domain.User it.unisalento.se.saw.restapi.UserRestController.getId(int) throws it.unisalento.se.saw.exceptions.UserNotFoundException
640 [Test worker] INFO org.springframework.web.servlet.mvc.method.annotation.RequestMappingHandlerMapping - Mapped "{[/user/getByName/{name}],methods=[GET],produces=[application/json]}" onto public java.util.List<it.unisalento.se.saw.domain.User> it.unisalento.se.saw.restapi.UserRestController.getByName(java.lang.String)
658 [Test worker] INFO org.springframework.web.servlet.mvc.method.annotation.RequestMappingHandlerMapping - Mapped "{[/user/getAll],methods=[GET],produces=[application/json]}" onto public java.util.List<it.unisalento.se.saw.domain.User> it.unisalento.se.saw.restapi.UserRestController.getAll()
660 [Test worker] INFO org.springframework.web.servlet.mvc.method.annotation.RequestMappingHandlerMapping - Mapped "{[/user/getById/{id}],methods=[GET],produces=[application/json]}" onto public it.unisalento.se.saw.dto.UserDTO it.unisalento.se.saw.restapi.UserRestController.getById(int) throws it.unisalento.se.saw.exceptions.UserNotFoundException
663 [Test worker] INFO org.springframework.web.servlet.mvc.method.annotation.RequestMappingHandlerMapping - Mapped "{[/user/save],methods=[POST],consumes=[application/json]}" onto public it.unisalento.se.saw.domain.User it.unisalento.se.saw.restapi.UserRestController.post(it.unisalento.se.saw.dto.UserDTO)
667 [Test worker] INFO org.springframework.web.servlet.mvc.method.annotation.RequestMappingHandlerMapping - Mapped "{[/user/delete/{id}]}" onto public void it.unisalento.se.saw.restapi.UserRestController.deleteById(int) throws it.unisalento.se.saw.exceptions.UserNotFoundException
671 [Test worker] INFO org.springframework.web.servlet.mvc.method.annotation.RequestMappingHandlerMapping - Mapped "{[/user/update/{id}_{name}],produces=[application/json]}" onto public it.unisalento.se.saw.domain.User it.unisalento.se.saw.restapi.UserRestController.updateNameById(int,java.lang.String) throws it.unisalento.se.saw.exceptions.UserNotFoundException
678 [Test worker] INFO org.springframework.web.servlet.mvc.method.annotation.RequestMappingHandlerMapping - Mapped "{[/user/deleteFcmToken/{id}],methods=[POST],produces=[application/json]}" onto public void it.unisalento.se.saw.restapi.UserRestController.deleteFcmToken(int)
698 [Test worker] INFO org.springframework.web.servlet.mvc.method.annotation.RequestMappingHandlerMapping - Mapped "{[/user/getByNameSurname/{name}_{surname}],methods=[GET],produces=[application/json]}" onto public it.unisalento.se.saw.dto.UserDTO it.unisalento.se.saw.restapi.UserRestController.getByNameSurname(java.lang.String,java.lang.String) throws it.unisalento.se.saw.exceptions.UserNotFoundException
704 [Test worker] INFO org.springframework.web.servlet.mvc.method.annotation.RequestMappingHandlerMapping - Mapped "{[/user/addFcmToken],methods=[POST],produces=[application/json]}" onto public it.unisalento.se.saw.dto.TokenDTO it.unisalento.se.saw.restapi.UserRestController.addFcmToken(it.unisalento.se.saw.dto.TokenDTO)
711 [Test worker] INFO org.springframework.web.servlet.mvc.method.annotation.RequestMappingHandlerMapping - Mapped "{[/user/getByUid/{uid}],methods=[GET],produces=[application/json]}" onto public java.lang.Object it.unisalento.se.saw.restapi.UserRestController.getByUid(java.lang.String) throws it.unisalento.se.saw.exceptions.UserNotFoundException,it.unisalento.se.saw.exceptions.StudentNotFoundException,it.unisalento.se.saw.exceptions.ProfessorNotFoundException
1397 [Test worker] INFO org.springframework.web.servlet.mvc.method.annotation.RequestMappingHandlerAdapter - Looking for @ControllerAdvice: org.springframework.test.web.servlet.setup.StubWebApplicationContext@22012c3a
1551 [Test worker] INFO org.springframework.mock.web.MockServletContext - Initializing Spring FrameworkServlet ''
1552 [Test worker] INFO org.springframework.test.web.servlet.TestDispatcherServlet - FrameworkServlet '': initialization started
1561 [Test worker] INFO org.springframework.test.web.servlet.TestDispatcherServlet - FrameworkServlet '': initialization completed in 8 ms
]]></system-err>
</testsuite>
