<?xml version="1.0" encoding="UTF-8"?>
<testsuite name="it.unisalento.se.saw.restapi.LessonRestControllerTest" tests="5" skipped="0" failures="0" errors="0" timestamp="2018-09-09T11:32:28" hostname="antonio-pc" time="0.209">
  <properties/>
  <testcase name="saveTest" classname="it.unisalento.se.saw.restapi.LessonRestControllerTest" time="0.057"/>
  <testcase name="getByIdTest" classname="it.unisalento.se.saw.restapi.LessonRestControllerTest" time="0.043"/>
  <testcase name="updateTest" classname="it.unisalento.se.saw.restapi.LessonRestControllerTest" time="0.049"/>
  <testcase name="getAllTest" classname="it.unisalento.se.saw.restapi.LessonRestControllerTest" time="0.027"/>
  <testcase name="getByIdRoomTest" classname="it.unisalento.se.saw.restapi.LessonRestControllerTest" time="0.029"/>
  <system-out><![CDATA[qui                                                                          afaf
qui                                                                          afaf
]]></system-out>
  <system-err><![CDATA[1748 [Test worker] INFO org.springframework.web.servlet.mvc.method.annotation.RequestMappingHandlerMapping - Mapped "{[/lesson/getByIdRoom/{id}],methods=[GET],produces=[application/json]}" onto public java.util.Set<it.unisalento.se.saw.dto.LessonDTO> it.unisalento.se.saw.restapi.LessonRestController.getByIdRoom(int)
1749 [Test worker] INFO org.springframework.web.servlet.mvc.method.annotation.RequestMappingHandlerMapping - Mapped "{[/lesson/getById/{id}],methods=[GET],produces=[application/json]}" onto public it.unisalento.se.saw.dto.LessonDTO it.unisalento.se.saw.restapi.LessonRestController.getById(int) throws it.unisalento.se.saw.exceptions.LessonNotFoundException
1751 [Test worker] INFO org.springframework.web.servlet.mvc.method.annotation.RequestMappingHandlerMapping - Mapped "{[/lesson/getByDateAndIdProf/{date}_{id}],methods=[GET],produces=[application/json]}" onto public java.util.Set<it.unisalento.se.saw.dto.LessonDTO> it.unisalento.se.saw.restapi.LessonRestController.getByDateAndIdProfessor(java.lang.String,int) throws java.text.ParseException
1752 [Test worker] INFO org.springframework.web.servlet.mvc.method.annotation.RequestMappingHandlerMapping - Mapped "{[/lesson/getByDate/{date}_{id}],methods=[GET],produces=[application/json]}" onto public java.util.Set<it.unisalento.se.saw.dto.LessonDTO> it.unisalento.se.saw.restapi.LessonRestController.getByDateAndIdCourse(java.lang.String,int) throws java.text.ParseException
1753 [Test worker] INFO org.springframework.web.servlet.mvc.method.annotation.RequestMappingHandlerMapping - Mapped "{[/lesson/update],methods=[POST],consumes=[application/json]}" onto public it.unisalento.se.saw.dto.LessonDTO it.unisalento.se.saw.restapi.LessonRestController.update(it.unisalento.se.saw.dto.LessonDTO) throws it.unisalento.se.saw.exceptions.RoomNotFoundException,it.unisalento.se.saw.exceptions.TeachingNotFoundException
1754 [Test worker] INFO org.springframework.web.servlet.mvc.method.annotation.RequestMappingHandlerMapping - Mapped "{[/lesson/save],methods=[POST],consumes=[application/json]}" onto public it.unisalento.se.saw.dto.LessonDTO it.unisalento.se.saw.restapi.LessonRestController.save(it.unisalento.se.saw.dto.LessonDTO) throws it.unisalento.se.saw.exceptions.RoomNotFoundException,it.unisalento.se.saw.exceptions.TeachingNotFoundException
1755 [Test worker] INFO org.springframework.web.servlet.mvc.method.annotation.RequestMappingHandlerMapping - Mapped "{[/lesson/getAll],methods=[GET],produces=[application/json]}" onto public java.util.Set<it.unisalento.se.saw.dto.LessonDTO> it.unisalento.se.saw.restapi.LessonRestController.getAll()
1764 [Test worker] INFO org.springframework.web.servlet.mvc.method.annotation.RequestMappingHandlerAdapter - Looking for @ControllerAdvice: org.springframework.test.web.servlet.setup.StubWebApplicationContext@5f6f7cef
1767 [Test worker] INFO org.springframework.mock.web.MockServletContext - Initializing Spring FrameworkServlet ''
1767 [Test worker] INFO org.springframework.test.web.servlet.TestDispatcherServlet - FrameworkServlet '': initialization started
1768 [Test worker] INFO org.springframework.test.web.servlet.TestDispatcherServlet - FrameworkServlet '': initialization completed in 1 ms
1805 [Test worker] INFO org.springframework.web.servlet.mvc.method.annotation.RequestMappingHandlerMapping - Mapped "{[/lesson/getByIdRoom/{id}],methods=[GET],produces=[application/json]}" onto public java.util.Set<it.unisalento.se.saw.dto.LessonDTO> it.unisalento.se.saw.restapi.LessonRestController.getByIdRoom(int)
1806 [Test worker] INFO org.springframework.web.servlet.mvc.method.annotation.RequestMappingHandlerMapping - Mapped "{[/lesson/getById/{id}],methods=[GET],produces=[application/json]}" onto public it.unisalento.se.saw.dto.LessonDTO it.unisalento.se.saw.restapi.LessonRestController.getById(int) throws it.unisalento.se.saw.exceptions.LessonNotFoundException
1807 [Test worker] INFO org.springframework.web.servlet.mvc.method.annotation.RequestMappingHandlerMapping - Mapped "{[/lesson/getByDateAndIdProf/{date}_{id}],methods=[GET],produces=[application/json]}" onto public java.util.Set<it.unisalento.se.saw.dto.LessonDTO> it.unisalento.se.saw.restapi.LessonRestController.getByDateAndIdProfessor(java.lang.String,int) throws java.text.ParseException
1808 [Test worker] INFO org.springframework.web.servlet.mvc.method.annotation.RequestMappingHandlerMapping - Mapped "{[/lesson/getByDate/{date}_{id}],methods=[GET],produces=[application/json]}" onto public java.util.Set<it.unisalento.se.saw.dto.LessonDTO> it.unisalento.se.saw.restapi.LessonRestController.getByDateAndIdCourse(java.lang.String,int) throws java.text.ParseException
1809 [Test worker] INFO org.springframework.web.servlet.mvc.method.annotation.RequestMappingHandlerMapping - Mapped "{[/lesson/update],methods=[POST],consumes=[application/json]}" onto public it.unisalento.se.saw.dto.LessonDTO it.unisalento.se.saw.restapi.LessonRestController.update(it.unisalento.se.saw.dto.LessonDTO) throws it.unisalento.se.saw.exceptions.RoomNotFoundException,it.unisalento.se.saw.exceptions.TeachingNotFoundException
1810 [Test worker] INFO org.springframework.web.servlet.mvc.method.annotation.RequestMappingHandlerMapping - Mapped "{[/lesson/save],methods=[POST],consumes=[application/json]}" onto public it.unisalento.se.saw.dto.LessonDTO it.unisalento.se.saw.restapi.LessonRestController.save(it.unisalento.se.saw.dto.LessonDTO) throws it.unisalento.se.saw.exceptions.RoomNotFoundException,it.unisalento.se.saw.exceptions.TeachingNotFoundException
1811 [Test worker] INFO org.springframework.web.servlet.mvc.method.annotation.RequestMappingHandlerMapping - Mapped "{[/lesson/getAll],methods=[GET],produces=[application/json]}" onto public java.util.Set<it.unisalento.se.saw.dto.LessonDTO> it.unisalento.se.saw.restapi.LessonRestController.getAll()
1823 [Test worker] INFO org.springframework.web.servlet.mvc.method.annotation.RequestMappingHandlerAdapter - Looking for @ControllerAdvice: org.springframework.test.web.servlet.setup.StubWebApplicationContext@6ee4badb
1830 [Test worker] INFO org.springframework.mock.web.MockServletContext - Initializing Spring FrameworkServlet ''
1830 [Test worker] INFO org.springframework.test.web.servlet.TestDispatcherServlet - FrameworkServlet '': initialization started
1831 [Test worker] INFO org.springframework.test.web.servlet.TestDispatcherServlet - FrameworkServlet '': initialization completed in 0 ms
1847 [Test worker] INFO org.springframework.web.servlet.mvc.method.annotation.RequestMappingHandlerMapping - Mapped "{[/lesson/getByIdRoom/{id}],methods=[GET],produces=[application/json]}" onto public java.util.Set<it.unisalento.se.saw.dto.LessonDTO> it.unisalento.se.saw.restapi.LessonRestController.getByIdRoom(int)
1848 [Test worker] INFO org.springframework.web.servlet.mvc.method.annotation.RequestMappingHandlerMapping - Mapped "{[/lesson/getById/{id}],methods=[GET],produces=[application/json]}" onto public it.unisalento.se.saw.dto.LessonDTO it.unisalento.se.saw.restapi.LessonRestController.getById(int) throws it.unisalento.se.saw.exceptions.LessonNotFoundException
1849 [Test worker] INFO org.springframework.web.servlet.mvc.method.annotation.RequestMappingHandlerMapping - Mapped "{[/lesson/getByDateAndIdProf/{date}_{id}],methods=[GET],produces=[application/json]}" onto public java.util.Set<it.unisalento.se.saw.dto.LessonDTO> it.unisalento.se.saw.restapi.LessonRestController.getByDateAndIdProfessor(java.lang.String,int) throws java.text.ParseException
1849 [Test worker] INFO org.springframework.web.servlet.mvc.method.annotation.RequestMappingHandlerMapping - Mapped "{[/lesson/getByDate/{date}_{id}],methods=[GET],produces=[application/json]}" onto public java.util.Set<it.unisalento.se.saw.dto.LessonDTO> it.unisalento.se.saw.restapi.LessonRestController.getByDateAndIdCourse(java.lang.String,int) throws java.text.ParseException
1850 [Test worker] INFO org.springframework.web.servlet.mvc.method.annotation.RequestMappingHandlerMapping - Mapped "{[/lesson/update],methods=[POST],consumes=[application/json]}" onto public it.unisalento.se.saw.dto.LessonDTO it.unisalento.se.saw.restapi.LessonRestController.update(it.unisalento.se.saw.dto.LessonDTO) throws it.unisalento.se.saw.exceptions.RoomNotFoundException,it.unisalento.se.saw.exceptions.TeachingNotFoundException
1850 [Test worker] INFO org.springframework.web.servlet.mvc.method.annotation.RequestMappingHandlerMapping - Mapped "{[/lesson/save],methods=[POST],consumes=[application/json]}" onto public it.unisalento.se.saw.dto.LessonDTO it.unisalento.se.saw.restapi.LessonRestController.save(it.unisalento.se.saw.dto.LessonDTO) throws it.unisalento.se.saw.exceptions.RoomNotFoundException,it.unisalento.se.saw.exceptions.TeachingNotFoundException
1850 [Test worker] INFO org.springframework.web.servlet.mvc.method.annotation.RequestMappingHandlerMapping - Mapped "{[/lesson/getAll],methods=[GET],produces=[application/json]}" onto public java.util.Set<it.unisalento.se.saw.dto.LessonDTO> it.unisalento.se.saw.restapi.LessonRestController.getAll()
1870 [Test worker] INFO org.springframework.web.servlet.mvc.method.annotation.RequestMappingHandlerAdapter - Looking for @ControllerAdvice: org.springframework.test.web.servlet.setup.StubWebApplicationContext@270de3c5
1873 [Test worker] INFO org.springframework.mock.web.MockServletContext - Initializing Spring FrameworkServlet ''
1873 [Test worker] INFO org.springframework.test.web.servlet.TestDispatcherServlet - FrameworkServlet '': initialization started
1873 [Test worker] INFO org.springframework.test.web.servlet.TestDispatcherServlet - FrameworkServlet '': initialization completed in 0 ms
1894 [Test worker] INFO org.springframework.web.servlet.mvc.method.annotation.RequestMappingHandlerMapping - Mapped "{[/lesson/getByIdRoom/{id}],methods=[GET],produces=[application/json]}" onto public java.util.Set<it.unisalento.se.saw.dto.LessonDTO> it.unisalento.se.saw.restapi.LessonRestController.getByIdRoom(int)
1895 [Test worker] INFO org.springframework.web.servlet.mvc.method.annotation.RequestMappingHandlerMapping - Mapped "{[/lesson/getById/{id}],methods=[GET],produces=[application/json]}" onto public it.unisalento.se.saw.dto.LessonDTO it.unisalento.se.saw.restapi.LessonRestController.getById(int) throws it.unisalento.se.saw.exceptions.LessonNotFoundException
1896 [Test worker] INFO org.springframework.web.servlet.mvc.method.annotation.RequestMappingHandlerMapping - Mapped "{[/lesson/getByDateAndIdProf/{date}_{id}],methods=[GET],produces=[application/json]}" onto public java.util.Set<it.unisalento.se.saw.dto.LessonDTO> it.unisalento.se.saw.restapi.LessonRestController.getByDateAndIdProfessor(java.lang.String,int) throws java.text.ParseException
1897 [Test worker] INFO org.springframework.web.servlet.mvc.method.annotation.RequestMappingHandlerMapping - Mapped "{[/lesson/getByDate/{date}_{id}],methods=[GET],produces=[application/json]}" onto public java.util.Set<it.unisalento.se.saw.dto.LessonDTO> it.unisalento.se.saw.restapi.LessonRestController.getByDateAndIdCourse(java.lang.String,int) throws java.text.ParseException
1898 [Test worker] INFO org.springframework.web.servlet.mvc.method.annotation.RequestMappingHandlerMapping - Mapped "{[/lesson/update],methods=[POST],consumes=[application/json]}" onto public it.unisalento.se.saw.dto.LessonDTO it.unisalento.se.saw.restapi.LessonRestController.update(it.unisalento.se.saw.dto.LessonDTO) throws it.unisalento.se.saw.exceptions.RoomNotFoundException,it.unisalento.se.saw.exceptions.TeachingNotFoundException
1899 [Test worker] INFO org.springframework.web.servlet.mvc.method.annotation.RequestMappingHandlerMapping - Mapped "{[/lesson/save],methods=[POST],consumes=[application/json]}" onto public it.unisalento.se.saw.dto.LessonDTO it.unisalento.se.saw.restapi.LessonRestController.save(it.unisalento.se.saw.dto.LessonDTO) throws it.unisalento.se.saw.exceptions.RoomNotFoundException,it.unisalento.se.saw.exceptions.TeachingNotFoundException
1899 [Test worker] INFO org.springframework.web.servlet.mvc.method.annotation.RequestMappingHandlerMapping - Mapped "{[/lesson/getAll],methods=[GET],produces=[application/json]}" onto public java.util.Set<it.unisalento.se.saw.dto.LessonDTO> it.unisalento.se.saw.restapi.LessonRestController.getAll()
1907 [Test worker] INFO org.springframework.web.servlet.mvc.method.annotation.RequestMappingHandlerAdapter - Looking for @ControllerAdvice: org.springframework.test.web.servlet.setup.StubWebApplicationContext@501951c4
1910 [Test worker] INFO org.springframework.mock.web.MockServletContext - Initializing Spring FrameworkServlet ''
1910 [Test worker] INFO org.springframework.test.web.servlet.TestDispatcherServlet - FrameworkServlet '': initialization started
1910 [Test worker] INFO org.springframework.test.web.servlet.TestDispatcherServlet - FrameworkServlet '': initialization completed in 0 ms
1922 [Test worker] INFO org.springframework.web.servlet.mvc.method.annotation.RequestMappingHandlerMapping - Mapped "{[/lesson/getByIdRoom/{id}],methods=[GET],produces=[application/json]}" onto public java.util.Set<it.unisalento.se.saw.dto.LessonDTO> it.unisalento.se.saw.restapi.LessonRestController.getByIdRoom(int)
1923 [Test worker] INFO org.springframework.web.servlet.mvc.method.annotation.RequestMappingHandlerMapping - Mapped "{[/lesson/getById/{id}],methods=[GET],produces=[application/json]}" onto public it.unisalento.se.saw.dto.LessonDTO it.unisalento.se.saw.restapi.LessonRestController.getById(int) throws it.unisalento.se.saw.exceptions.LessonNotFoundException
1924 [Test worker] INFO org.springframework.web.servlet.mvc.method.annotation.RequestMappingHandlerMapping - Mapped "{[/lesson/getByDateAndIdProf/{date}_{id}],methods=[GET],produces=[application/json]}" onto public java.util.Set<it.unisalento.se.saw.dto.LessonDTO> it.unisalento.se.saw.restapi.LessonRestController.getByDateAndIdProfessor(java.lang.String,int) throws java.text.ParseException
1925 [Test worker] INFO org.springframework.web.servlet.mvc.method.annotation.RequestMappingHandlerMapping - Mapped "{[/lesson/getByDate/{date}_{id}],methods=[GET],produces=[application/json]}" onto public java.util.Set<it.unisalento.se.saw.dto.LessonDTO> it.unisalento.se.saw.restapi.LessonRestController.getByDateAndIdCourse(java.lang.String,int) throws java.text.ParseException
1926 [Test worker] INFO org.springframework.web.servlet.mvc.method.annotation.RequestMappingHandlerMapping - Mapped "{[/lesson/update],methods=[POST],consumes=[application/json]}" onto public it.unisalento.se.saw.dto.LessonDTO it.unisalento.se.saw.restapi.LessonRestController.update(it.unisalento.se.saw.dto.LessonDTO) throws it.unisalento.se.saw.exceptions.RoomNotFoundException,it.unisalento.se.saw.exceptions.TeachingNotFoundException
1927 [Test worker] INFO org.springframework.web.servlet.mvc.method.annotation.RequestMappingHandlerMapping - Mapped "{[/lesson/save],methods=[POST],consumes=[application/json]}" onto public it.unisalento.se.saw.dto.LessonDTO it.unisalento.se.saw.restapi.LessonRestController.save(it.unisalento.se.saw.dto.LessonDTO) throws it.unisalento.se.saw.exceptions.RoomNotFoundException,it.unisalento.se.saw.exceptions.TeachingNotFoundException
1927 [Test worker] INFO org.springframework.web.servlet.mvc.method.annotation.RequestMappingHandlerMapping - Mapped "{[/lesson/getAll],methods=[GET],produces=[application/json]}" onto public java.util.Set<it.unisalento.se.saw.dto.LessonDTO> it.unisalento.se.saw.restapi.LessonRestController.getAll()
1934 [Test worker] INFO org.springframework.web.servlet.mvc.method.annotation.RequestMappingHandlerAdapter - Looking for @ControllerAdvice: org.springframework.test.web.servlet.setup.StubWebApplicationContext@24da6a7
1938 [Test worker] INFO org.springframework.mock.web.MockServletContext - Initializing Spring FrameworkServlet ''
1938 [Test worker] INFO org.springframework.test.web.servlet.TestDispatcherServlet - FrameworkServlet '': initialization started
1938 [Test worker] INFO org.springframework.test.web.servlet.TestDispatcherServlet - FrameworkServlet '': initialization completed in 0 ms
]]></system-err>
</testsuite>
