<?xml version="1.0" encoding="UTF-8"?>
<testsuite name="it.unisalento.se.saw.restapi.LessonRestControllerTest" tests="4" skipped="0" failures="0" errors="0" timestamp="2018-09-03T09:21:36" hostname="DESKTOP-TUGA85P" time="0.189">
  <properties/>
  <testcase name="saveTest" classname="it.unisalento.se.saw.restapi.LessonRestControllerTest" time="0.068"/>
  <testcase name="getByIdTest" classname="it.unisalento.se.saw.restapi.LessonRestControllerTest" time="0.036"/>
  <testcase name="getAllTest" classname="it.unisalento.se.saw.restapi.LessonRestControllerTest" time="0.031"/>
  <testcase name="getByIdRoomTest" classname="it.unisalento.se.saw.restapi.LessonRestControllerTest" time="0.051"/>
  <system-out><![CDATA[]]></system-out>
  <system-err><![CDATA[2612 [Test worker] INFO org.springframework.web.servlet.mvc.method.annotation.RequestMappingHandlerMapping - Mapped "{[/lesson/save],methods=[POST],consumes=[application/json]}" onto public it.unisalento.se.saw.dto.LessonDTO it.unisalento.se.saw.restapi.LessonRestController.save(it.unisalento.se.saw.dto.LessonDTO) throws it.unisalento.se.saw.exceptions.RoomNotFoundException,it.unisalento.se.saw.exceptions.TeachingNotFoundException
2612 [Test worker] INFO org.springframework.web.servlet.mvc.method.annotation.RequestMappingHandlerMapping - Mapped "{[/lesson/getAll],methods=[GET],produces=[application/json]}" onto public java.util.Set<it.unisalento.se.saw.dto.LessonDTO> it.unisalento.se.saw.restapi.LessonRestController.getAll()
2612 [Test worker] INFO org.springframework.web.servlet.mvc.method.annotation.RequestMappingHandlerMapping - Mapped "{[/lesson/getById/{id}],methods=[GET],produces=[application/json]}" onto public it.unisalento.se.saw.dto.LessonDTO it.unisalento.se.saw.restapi.LessonRestController.getById(int) throws it.unisalento.se.saw.exceptions.LessonNotFoundException
2612 [Test worker] INFO org.springframework.web.servlet.mvc.method.annotation.RequestMappingHandlerMapping - Mapped "{[/lesson/getByIdRoom/{id}],methods=[GET],produces=[application/json]}" onto public java.util.Set<it.unisalento.se.saw.dto.LessonDTO> it.unisalento.se.saw.restapi.LessonRestController.getByIdRoom(int)
2612 [Test worker] INFO org.springframework.web.servlet.mvc.method.annotation.RequestMappingHandlerMapping - Mapped "{[/lesson/getByDateAndIdProf/{date}_{id}],methods=[GET],produces=[application/json]}" onto public java.util.Set<it.unisalento.se.saw.dto.LessonDTO> it.unisalento.se.saw.restapi.LessonRestController.getByDateAndIdProfessor(java.lang.String,int) throws java.text.ParseException
2612 [Test worker] INFO org.springframework.web.servlet.mvc.method.annotation.RequestMappingHandlerMapping - Mapped "{[/lesson/getByDate/{date}_{id}],methods=[GET],produces=[application/json]}" onto public java.util.Set<it.unisalento.se.saw.dto.LessonDTO> it.unisalento.se.saw.restapi.LessonRestController.getByDateAndIdCourse(java.lang.String,int) throws java.text.ParseException
2645 [Test worker] INFO org.springframework.web.servlet.mvc.method.annotation.RequestMappingHandlerAdapter - Looking for @ControllerAdvice: org.springframework.test.web.servlet.setup.StubWebApplicationContext@6754f63f
2648 [Test worker] INFO org.springframework.mock.web.MockServletContext - Initializing Spring FrameworkServlet ''
2648 [Test worker] INFO org.springframework.test.web.servlet.TestDispatcherServlet - FrameworkServlet '': initialization started
2649 [Test worker] INFO org.springframework.test.web.servlet.TestDispatcherServlet - FrameworkServlet '': initialization completed in 1 ms
2687 [Test worker] INFO org.springframework.web.servlet.mvc.method.annotation.RequestMappingHandlerMapping - Mapped "{[/lesson/save],methods=[POST],consumes=[application/json]}" onto public it.unisalento.se.saw.dto.LessonDTO it.unisalento.se.saw.restapi.LessonRestController.save(it.unisalento.se.saw.dto.LessonDTO) throws it.unisalento.se.saw.exceptions.RoomNotFoundException,it.unisalento.se.saw.exceptions.TeachingNotFoundException
2688 [Test worker] INFO org.springframework.web.servlet.mvc.method.annotation.RequestMappingHandlerMapping - Mapped "{[/lesson/getAll],methods=[GET],produces=[application/json]}" onto public java.util.Set<it.unisalento.se.saw.dto.LessonDTO> it.unisalento.se.saw.restapi.LessonRestController.getAll()
2688 [Test worker] INFO org.springframework.web.servlet.mvc.method.annotation.RequestMappingHandlerMapping - Mapped "{[/lesson/getById/{id}],methods=[GET],produces=[application/json]}" onto public it.unisalento.se.saw.dto.LessonDTO it.unisalento.se.saw.restapi.LessonRestController.getById(int) throws it.unisalento.se.saw.exceptions.LessonNotFoundException
2689 [Test worker] INFO org.springframework.web.servlet.mvc.method.annotation.RequestMappingHandlerMapping - Mapped "{[/lesson/getByIdRoom/{id}],methods=[GET],produces=[application/json]}" onto public java.util.Set<it.unisalento.se.saw.dto.LessonDTO> it.unisalento.se.saw.restapi.LessonRestController.getByIdRoom(int)
2689 [Test worker] INFO org.springframework.web.servlet.mvc.method.annotation.RequestMappingHandlerMapping - Mapped "{[/lesson/getByDateAndIdProf/{date}_{id}],methods=[GET],produces=[application/json]}" onto public java.util.Set<it.unisalento.se.saw.dto.LessonDTO> it.unisalento.se.saw.restapi.LessonRestController.getByDateAndIdProfessor(java.lang.String,int) throws java.text.ParseException
2690 [Test worker] INFO org.springframework.web.servlet.mvc.method.annotation.RequestMappingHandlerMapping - Mapped "{[/lesson/getByDate/{date}_{id}],methods=[GET],produces=[application/json]}" onto public java.util.Set<it.unisalento.se.saw.dto.LessonDTO> it.unisalento.se.saw.restapi.LessonRestController.getByDateAndIdCourse(java.lang.String,int) throws java.text.ParseException
2691 [Test worker] INFO org.springframework.web.servlet.mvc.method.annotation.RequestMappingHandlerAdapter - Looking for @ControllerAdvice: org.springframework.test.web.servlet.setup.StubWebApplicationContext@4d51a57c
2691 [Test worker] INFO org.springframework.mock.web.MockServletContext - Initializing Spring FrameworkServlet ''
2691 [Test worker] INFO org.springframework.test.web.servlet.TestDispatcherServlet - FrameworkServlet '': initialization started
2691 [Test worker] INFO org.springframework.test.web.servlet.TestDispatcherServlet - FrameworkServlet '': initialization completed in 0 ms
2723 [Test worker] INFO org.springframework.web.servlet.mvc.method.annotation.RequestMappingHandlerMapping - Mapped "{[/lesson/save],methods=[POST],consumes=[application/json]}" onto public it.unisalento.se.saw.dto.LessonDTO it.unisalento.se.saw.restapi.LessonRestController.save(it.unisalento.se.saw.dto.LessonDTO) throws it.unisalento.se.saw.exceptions.RoomNotFoundException,it.unisalento.se.saw.exceptions.TeachingNotFoundException
2723 [Test worker] INFO org.springframework.web.servlet.mvc.method.annotation.RequestMappingHandlerMapping - Mapped "{[/lesson/getAll],methods=[GET],produces=[application/json]}" onto public java.util.Set<it.unisalento.se.saw.dto.LessonDTO> it.unisalento.se.saw.restapi.LessonRestController.getAll()
2723 [Test worker] INFO org.springframework.web.servlet.mvc.method.annotation.RequestMappingHandlerMapping - Mapped "{[/lesson/getById/{id}],methods=[GET],produces=[application/json]}" onto public it.unisalento.se.saw.dto.LessonDTO it.unisalento.se.saw.restapi.LessonRestController.getById(int) throws it.unisalento.se.saw.exceptions.LessonNotFoundException
2723 [Test worker] INFO org.springframework.web.servlet.mvc.method.annotation.RequestMappingHandlerMapping - Mapped "{[/lesson/getByIdRoom/{id}],methods=[GET],produces=[application/json]}" onto public java.util.Set<it.unisalento.se.saw.dto.LessonDTO> it.unisalento.se.saw.restapi.LessonRestController.getByIdRoom(int)
2723 [Test worker] INFO org.springframework.web.servlet.mvc.method.annotation.RequestMappingHandlerMapping - Mapped "{[/lesson/getByDateAndIdProf/{date}_{id}],methods=[GET],produces=[application/json]}" onto public java.util.Set<it.unisalento.se.saw.dto.LessonDTO> it.unisalento.se.saw.restapi.LessonRestController.getByDateAndIdProfessor(java.lang.String,int) throws java.text.ParseException
2723 [Test worker] INFO org.springframework.web.servlet.mvc.method.annotation.RequestMappingHandlerMapping - Mapped "{[/lesson/getByDate/{date}_{id}],methods=[GET],produces=[application/json]}" onto public java.util.Set<it.unisalento.se.saw.dto.LessonDTO> it.unisalento.se.saw.restapi.LessonRestController.getByDateAndIdCourse(java.lang.String,int) throws java.text.ParseException
2738 [Test worker] INFO org.springframework.web.servlet.mvc.method.annotation.RequestMappingHandlerAdapter - Looking for @ControllerAdvice: org.springframework.test.web.servlet.setup.StubWebApplicationContext@22b3b756
2738 [Test worker] INFO org.springframework.mock.web.MockServletContext - Initializing Spring FrameworkServlet ''
2738 [Test worker] INFO org.springframework.test.web.servlet.TestDispatcherServlet - FrameworkServlet '': initialization started
2738 [Test worker] INFO org.springframework.test.web.servlet.TestDispatcherServlet - FrameworkServlet '': initialization completed in 0 ms
2754 [Test worker] INFO org.springframework.web.servlet.mvc.method.annotation.RequestMappingHandlerMapping - Mapped "{[/lesson/save],methods=[POST],consumes=[application/json]}" onto public it.unisalento.se.saw.dto.LessonDTO it.unisalento.se.saw.restapi.LessonRestController.save(it.unisalento.se.saw.dto.LessonDTO) throws it.unisalento.se.saw.exceptions.RoomNotFoundException,it.unisalento.se.saw.exceptions.TeachingNotFoundException
2754 [Test worker] INFO org.springframework.web.servlet.mvc.method.annotation.RequestMappingHandlerMapping - Mapped "{[/lesson/getAll],methods=[GET],produces=[application/json]}" onto public java.util.Set<it.unisalento.se.saw.dto.LessonDTO> it.unisalento.se.saw.restapi.LessonRestController.getAll()
2754 [Test worker] INFO org.springframework.web.servlet.mvc.method.annotation.RequestMappingHandlerMapping - Mapped "{[/lesson/getById/{id}],methods=[GET],produces=[application/json]}" onto public it.unisalento.se.saw.dto.LessonDTO it.unisalento.se.saw.restapi.LessonRestController.getById(int) throws it.unisalento.se.saw.exceptions.LessonNotFoundException
2754 [Test worker] INFO org.springframework.web.servlet.mvc.method.annotation.RequestMappingHandlerMapping - Mapped "{[/lesson/getByIdRoom/{id}],methods=[GET],produces=[application/json]}" onto public java.util.Set<it.unisalento.se.saw.dto.LessonDTO> it.unisalento.se.saw.restapi.LessonRestController.getByIdRoom(int)
2770 [Test worker] INFO org.springframework.web.servlet.mvc.method.annotation.RequestMappingHandlerMapping - Mapped "{[/lesson/getByDateAndIdProf/{date}_{id}],methods=[GET],produces=[application/json]}" onto public java.util.Set<it.unisalento.se.saw.dto.LessonDTO> it.unisalento.se.saw.restapi.LessonRestController.getByDateAndIdProfessor(java.lang.String,int) throws java.text.ParseException
2770 [Test worker] INFO org.springframework.web.servlet.mvc.method.annotation.RequestMappingHandlerMapping - Mapped "{[/lesson/getByDate/{date}_{id}],methods=[GET],produces=[application/json]}" onto public java.util.Set<it.unisalento.se.saw.dto.LessonDTO> it.unisalento.se.saw.restapi.LessonRestController.getByDateAndIdCourse(java.lang.String,int) throws java.text.ParseException
2785 [Test worker] INFO org.springframework.web.servlet.mvc.method.annotation.RequestMappingHandlerAdapter - Looking for @ControllerAdvice: org.springframework.test.web.servlet.setup.StubWebApplicationContext@61fb20fe
2785 [Test worker] INFO org.springframework.mock.web.MockServletContext - Initializing Spring FrameworkServlet ''
2785 [Test worker] INFO org.springframework.test.web.servlet.TestDispatcherServlet - FrameworkServlet '': initialization started
2785 [Test worker] INFO org.springframework.test.web.servlet.TestDispatcherServlet - FrameworkServlet '': initialization completed in 0 ms
]]></system-err>
</testsuite>
