<?xml version="1.0" encoding="UTF-8"?>
<testsuite name="it.unisalento.se.saw.restapi.RoomRestControllerTest" tests="4" skipped="0" failures="0" errors="0" timestamp="2018-09-08T13:45:06" hostname="DESKTOP-5IEPLHD" time="0.071">
  <properties/>
  <testcase name="saveTest" classname="it.unisalento.se.saw.restapi.RoomRestControllerTest" time="0.018"/>
  <testcase name="getByCapacity" classname="it.unisalento.se.saw.restapi.RoomRestControllerTest" time="0.016"/>
  <testcase name="getByIdTest" classname="it.unisalento.se.saw.restapi.RoomRestControllerTest" time="0.018"/>
  <testcase name="getAllTest" classname="it.unisalento.se.saw.restapi.RoomRestControllerTest" time="0.016"/>
  <system-out><![CDATA[]]></system-out>
  <system-err><![CDATA[2241 [Test worker] INFO org.springframework.web.servlet.mvc.method.annotation.RequestMappingHandlerMapping - Mapped "{[/room/save],methods=[POST],consumes=[application/json]}" onto public it.unisalento.se.saw.dto.RoomDTO it.unisalento.se.saw.restapi.RoomRestController.save(it.unisalento.se.saw.dto.RoomDTO)
2242 [Test worker] INFO org.springframework.web.servlet.mvc.method.annotation.RequestMappingHandlerMapping - Mapped "{[/room/getAll],methods=[GET],produces=[application/json]}" onto public java.util.Set<it.unisalento.se.saw.dto.RoomDTO> it.unisalento.se.saw.restapi.RoomRestController.getAll()
2242 [Test worker] INFO org.springframework.web.servlet.mvc.method.annotation.RequestMappingHandlerMapping - Mapped "{[/room/getById/{id}],methods=[GET],produces=[application/json]}" onto public it.unisalento.se.saw.dto.RoomDTO it.unisalento.se.saw.restapi.RoomRestController.getById(int) throws it.unisalento.se.saw.exceptions.RoomNotFoundException
2242 [Test worker] INFO org.springframework.web.servlet.mvc.method.annotation.RequestMappingHandlerMapping - Mapped "{[/room/getByCapacity/{capacity}],methods=[GET],produces=[application/json]}" onto public java.util.Set<it.unisalento.se.saw.dto.RoomDTO> it.unisalento.se.saw.restapi.RoomRestController.getByCapacity(int)
2247 [Test worker] INFO org.springframework.web.servlet.mvc.method.annotation.RequestMappingHandlerAdapter - Looking for @ControllerAdvice: org.springframework.test.web.servlet.setup.StubWebApplicationContext@a15a23d
2250 [Test worker] INFO org.springframework.mock.web.MockServletContext - Initializing Spring FrameworkServlet ''
2250 [Test worker] INFO org.springframework.test.web.servlet.TestDispatcherServlet - FrameworkServlet '': initialization started
2250 [Test worker] INFO org.springframework.test.web.servlet.TestDispatcherServlet - FrameworkServlet '': initialization completed in 0 ms
2260 [Test worker] INFO org.springframework.web.servlet.mvc.method.annotation.RequestMappingHandlerMapping - Mapped "{[/room/save],methods=[POST],consumes=[application/json]}" onto public it.unisalento.se.saw.dto.RoomDTO it.unisalento.se.saw.restapi.RoomRestController.save(it.unisalento.se.saw.dto.RoomDTO)
2260 [Test worker] INFO org.springframework.web.servlet.mvc.method.annotation.RequestMappingHandlerMapping - Mapped "{[/room/getAll],methods=[GET],produces=[application/json]}" onto public java.util.Set<it.unisalento.se.saw.dto.RoomDTO> it.unisalento.se.saw.restapi.RoomRestController.getAll()
2260 [Test worker] INFO org.springframework.web.servlet.mvc.method.annotation.RequestMappingHandlerMapping - Mapped "{[/room/getById/{id}],methods=[GET],produces=[application/json]}" onto public it.unisalento.se.saw.dto.RoomDTO it.unisalento.se.saw.restapi.RoomRestController.getById(int) throws it.unisalento.se.saw.exceptions.RoomNotFoundException
2260 [Test worker] INFO org.springframework.web.servlet.mvc.method.annotation.RequestMappingHandlerMapping - Mapped "{[/room/getByCapacity/{capacity}],methods=[GET],produces=[application/json]}" onto public java.util.Set<it.unisalento.se.saw.dto.RoomDTO> it.unisalento.se.saw.restapi.RoomRestController.getByCapacity(int)
2266 [Test worker] INFO org.springframework.web.servlet.mvc.method.annotation.RequestMappingHandlerAdapter - Looking for @ControllerAdvice: org.springframework.test.web.servlet.setup.StubWebApplicationContext@423111c6
2268 [Test worker] INFO org.springframework.mock.web.MockServletContext - Initializing Spring FrameworkServlet ''
2268 [Test worker] INFO org.springframework.test.web.servlet.TestDispatcherServlet - FrameworkServlet '': initialization started
2269 [Test worker] INFO org.springframework.test.web.servlet.TestDispatcherServlet - FrameworkServlet '': initialization completed in 1 ms
2277 [Test worker] INFO org.springframework.web.servlet.mvc.method.annotation.RequestMappingHandlerMapping - Mapped "{[/room/save],methods=[POST],consumes=[application/json]}" onto public it.unisalento.se.saw.dto.RoomDTO it.unisalento.se.saw.restapi.RoomRestController.save(it.unisalento.se.saw.dto.RoomDTO)
2277 [Test worker] INFO org.springframework.web.servlet.mvc.method.annotation.RequestMappingHandlerMapping - Mapped "{[/room/getAll],methods=[GET],produces=[application/json]}" onto public java.util.Set<it.unisalento.se.saw.dto.RoomDTO> it.unisalento.se.saw.restapi.RoomRestController.getAll()
2278 [Test worker] INFO org.springframework.web.servlet.mvc.method.annotation.RequestMappingHandlerMapping - Mapped "{[/room/getById/{id}],methods=[GET],produces=[application/json]}" onto public it.unisalento.se.saw.dto.RoomDTO it.unisalento.se.saw.restapi.RoomRestController.getById(int) throws it.unisalento.se.saw.exceptions.RoomNotFoundException
2278 [Test worker] INFO org.springframework.web.servlet.mvc.method.annotation.RequestMappingHandlerMapping - Mapped "{[/room/getByCapacity/{capacity}],methods=[GET],produces=[application/json]}" onto public java.util.Set<it.unisalento.se.saw.dto.RoomDTO> it.unisalento.se.saw.restapi.RoomRestController.getByCapacity(int)
2284 [Test worker] INFO org.springframework.web.servlet.mvc.method.annotation.RequestMappingHandlerAdapter - Looking for @ControllerAdvice: org.springframework.test.web.servlet.setup.StubWebApplicationContext@7a68f0c4
2286 [Test worker] INFO org.springframework.mock.web.MockServletContext - Initializing Spring FrameworkServlet ''
2286 [Test worker] INFO org.springframework.test.web.servlet.TestDispatcherServlet - FrameworkServlet '': initialization started
2287 [Test worker] INFO org.springframework.test.web.servlet.TestDispatcherServlet - FrameworkServlet '': initialization completed in 1 ms
2296 [Test worker] INFO org.springframework.web.servlet.mvc.method.annotation.RequestMappingHandlerMapping - Mapped "{[/room/save],methods=[POST],consumes=[application/json]}" onto public it.unisalento.se.saw.dto.RoomDTO it.unisalento.se.saw.restapi.RoomRestController.save(it.unisalento.se.saw.dto.RoomDTO)
2297 [Test worker] INFO org.springframework.web.servlet.mvc.method.annotation.RequestMappingHandlerMapping - Mapped "{[/room/getAll],methods=[GET],produces=[application/json]}" onto public java.util.Set<it.unisalento.se.saw.dto.RoomDTO> it.unisalento.se.saw.restapi.RoomRestController.getAll()
2297 [Test worker] INFO org.springframework.web.servlet.mvc.method.annotation.RequestMappingHandlerMapping - Mapped "{[/room/getById/{id}],methods=[GET],produces=[application/json]}" onto public it.unisalento.se.saw.dto.RoomDTO it.unisalento.se.saw.restapi.RoomRestController.getById(int) throws it.unisalento.se.saw.exceptions.RoomNotFoundException
2297 [Test worker] INFO org.springframework.web.servlet.mvc.method.annotation.RequestMappingHandlerMapping - Mapped "{[/room/getByCapacity/{capacity}],methods=[GET],produces=[application/json]}" onto public java.util.Set<it.unisalento.se.saw.dto.RoomDTO> it.unisalento.se.saw.restapi.RoomRestController.getByCapacity(int)
2303 [Test worker] INFO org.springframework.web.servlet.mvc.method.annotation.RequestMappingHandlerAdapter - Looking for @ControllerAdvice: org.springframework.test.web.servlet.setup.StubWebApplicationContext@42b52682
2305 [Test worker] INFO org.springframework.mock.web.MockServletContext - Initializing Spring FrameworkServlet ''
2305 [Test worker] INFO org.springframework.test.web.servlet.TestDispatcherServlet - FrameworkServlet '': initialization started
2306 [Test worker] INFO org.springframework.test.web.servlet.TestDispatcherServlet - FrameworkServlet '': initialization completed in 1 ms
]]></system-err>
</testsuite>
