<?xml version="1.0" encoding="UTF-8"?>
<testsuite name="it.unisalento.se.saw.restapi.TeachingRestControllerTest" tests="7" skipped="0" failures="0" errors="0" timestamp="2018-09-01T12:27:46" hostname="DESKTOP-TUGA85P" time="0.375">
  <properties/>
  <testcase name="getAll" classname="it.unisalento.se.saw.restapi.TeachingRestControllerTest" time="0.058"/>
  <testcase name="getByNameAndIdCourse" classname="it.unisalento.se.saw.restapi.TeachingRestControllerTest" time="0.047"/>
  <testcase name="getByNameAndIdProf" classname="it.unisalento.se.saw.restapi.TeachingRestControllerTest" time="0.045"/>
  <testcase name="getById" classname="it.unisalento.se.saw.restapi.TeachingRestControllerTest" time="0.086"/>
  <testcase name="getAllByIdCourse" classname="it.unisalento.se.saw.restapi.TeachingRestControllerTest" time="0.032"/>
  <testcase name="save" classname="it.unisalento.se.saw.restapi.TeachingRestControllerTest" time="0.064"/>
  <testcase name="getAllByIdProf" classname="it.unisalento.se.saw.restapi.TeachingRestControllerTest" time="0.041"/>
  <system-out><![CDATA[]]></system-out>
  <system-err><![CDATA[837 [Test worker] INFO org.springframework.web.servlet.mvc.method.annotation.RequestMappingHandlerMapping - Mapped "{[/teaching/save],methods=[POST],consumes=[application/json]}" onto public it.unisalento.se.saw.dto.TeachingDTO it.unisalento.se.saw.restapi.TeachingRestController.save(it.unisalento.se.saw.dto.TeachingDTO) throws it.unisalento.se.saw.exceptions.CourseNotFoundException,it.unisalento.se.saw.exceptions.ProfessorNotFoundException
838 [Test worker] INFO org.springframework.web.servlet.mvc.method.annotation.RequestMappingHandlerMapping - Mapped "{[/teaching/getAll],methods=[GET],produces=[application/json]}" onto public java.util.Set<it.unisalento.se.saw.dto.TeachingDTO> it.unisalento.se.saw.restapi.TeachingRestController.getAll()
838 [Test worker] INFO org.springframework.web.servlet.mvc.method.annotation.RequestMappingHandlerMapping - Mapped "{[/teaching/getById/{id}],methods=[GET],produces=[application/json]}" onto public it.unisalento.se.saw.dto.TeachingDTO it.unisalento.se.saw.restapi.TeachingRestController.getById(int) throws it.unisalento.se.saw.exceptions.TeachingNotFoundException
839 [Test worker] INFO org.springframework.web.servlet.mvc.method.annotation.RequestMappingHandlerMapping - Mapped "{[/teaching/getByIdCourse/{id}],methods=[GET],produces=[application/json]}" onto public java.util.Set<it.unisalento.se.saw.dto.TeachingDTO> it.unisalento.se.saw.restapi.TeachingRestController.getByIdCourse(int) throws it.unisalento.se.saw.exceptions.TeachingNotFoundException
851 [Test worker] INFO org.springframework.web.servlet.mvc.method.annotation.RequestMappingHandlerMapping - Mapped "{[/teaching/getByIdProf/{id}],methods=[GET],produces=[application/json]}" onto public java.util.Set<it.unisalento.se.saw.dto.TeachingDTO> it.unisalento.se.saw.restapi.TeachingRestController.getByProf(int) throws it.unisalento.se.saw.exceptions.TeachingNotFoundException
852 [Test worker] INFO org.springframework.web.servlet.mvc.method.annotation.RequestMappingHandlerMapping - Mapped "{[/teaching/getByNameAndIdProf/{name}_{idProf}],methods=[GET],produces=[application/json]}" onto public it.unisalento.se.saw.dto.TeachingDTO it.unisalento.se.saw.restapi.TeachingRestController.getByNameAndIdProf(java.lang.String,int) throws it.unisalento.se.saw.exceptions.TeachingNotFoundException
852 [Test worker] INFO org.springframework.web.servlet.mvc.method.annotation.RequestMappingHandlerMapping - Mapped "{[/teaching/getByNameAndIdCourse/{name}_{idCourse}],methods=[GET],produces=[application/json]}" onto public it.unisalento.se.saw.dto.TeachingDTO it.unisalento.se.saw.restapi.TeachingRestController.getByNameAndIdCourse(java.lang.String,int) throws it.unisalento.se.saw.exceptions.TeachingNotFoundException
865 [Test worker] INFO org.springframework.web.servlet.mvc.method.annotation.RequestMappingHandlerAdapter - Looking for @ControllerAdvice: org.springframework.test.web.servlet.setup.StubWebApplicationContext@4673425c
868 [Test worker] INFO org.springframework.mock.web.MockServletContext - Initializing Spring FrameworkServlet ''
868 [Test worker] INFO org.springframework.test.web.servlet.TestDispatcherServlet - FrameworkServlet '': initialization started
868 [Test worker] INFO org.springframework.test.web.servlet.TestDispatcherServlet - FrameworkServlet '': initialization completed in 0 ms
893 [Test worker] INFO org.springframework.web.servlet.mvc.method.annotation.RequestMappingHandlerMapping - Mapped "{[/teaching/save],methods=[POST],consumes=[application/json]}" onto public it.unisalento.se.saw.dto.TeachingDTO it.unisalento.se.saw.restapi.TeachingRestController.save(it.unisalento.se.saw.dto.TeachingDTO) throws it.unisalento.se.saw.exceptions.CourseNotFoundException,it.unisalento.se.saw.exceptions.ProfessorNotFoundException
893 [Test worker] INFO org.springframework.web.servlet.mvc.method.annotation.RequestMappingHandlerMapping - Mapped "{[/teaching/getAll],methods=[GET],produces=[application/json]}" onto public java.util.Set<it.unisalento.se.saw.dto.TeachingDTO> it.unisalento.se.saw.restapi.TeachingRestController.getAll()
894 [Test worker] INFO org.springframework.web.servlet.mvc.method.annotation.RequestMappingHandlerMapping - Mapped "{[/teaching/getById/{id}],methods=[GET],produces=[application/json]}" onto public it.unisalento.se.saw.dto.TeachingDTO it.unisalento.se.saw.restapi.TeachingRestController.getById(int) throws it.unisalento.se.saw.exceptions.TeachingNotFoundException
894 [Test worker] INFO org.springframework.web.servlet.mvc.method.annotation.RequestMappingHandlerMapping - Mapped "{[/teaching/getByIdCourse/{id}],methods=[GET],produces=[application/json]}" onto public java.util.Set<it.unisalento.se.saw.dto.TeachingDTO> it.unisalento.se.saw.restapi.TeachingRestController.getByIdCourse(int) throws it.unisalento.se.saw.exceptions.TeachingNotFoundException
900 [Test worker] INFO org.springframework.web.servlet.mvc.method.annotation.RequestMappingHandlerMapping - Mapped "{[/teaching/getByIdProf/{id}],methods=[GET],produces=[application/json]}" onto public java.util.Set<it.unisalento.se.saw.dto.TeachingDTO> it.unisalento.se.saw.restapi.TeachingRestController.getByProf(int) throws it.unisalento.se.saw.exceptions.TeachingNotFoundException
903 [Test worker] INFO org.springframework.web.servlet.mvc.method.annotation.RequestMappingHandlerMapping - Mapped "{[/teaching/getByNameAndIdProf/{name}_{idProf}],methods=[GET],produces=[application/json]}" onto public it.unisalento.se.saw.dto.TeachingDTO it.unisalento.se.saw.restapi.TeachingRestController.getByNameAndIdProf(java.lang.String,int) throws it.unisalento.se.saw.exceptions.TeachingNotFoundException
904 [Test worker] INFO org.springframework.web.servlet.mvc.method.annotation.RequestMappingHandlerMapping - Mapped "{[/teaching/getByNameAndIdCourse/{name}_{idCourse}],methods=[GET],produces=[application/json]}" onto public it.unisalento.se.saw.dto.TeachingDTO it.unisalento.se.saw.restapi.TeachingRestController.getByNameAndIdCourse(java.lang.String,int) throws it.unisalento.se.saw.exceptions.TeachingNotFoundException
919 [Test worker] INFO org.springframework.web.servlet.mvc.method.annotation.RequestMappingHandlerAdapter - Looking for @ControllerAdvice: org.springframework.test.web.servlet.setup.StubWebApplicationContext@65aeb0
924 [Test worker] INFO org.springframework.mock.web.MockServletContext - Initializing Spring FrameworkServlet ''
924 [Test worker] INFO org.springframework.test.web.servlet.TestDispatcherServlet - FrameworkServlet '': initialization started
926 [Test worker] INFO org.springframework.test.web.servlet.TestDispatcherServlet - FrameworkServlet '': initialization completed in 2 ms
935 [Test worker] INFO org.springframework.web.servlet.mvc.method.annotation.RequestMappingHandlerMapping - Mapped "{[/teaching/save],methods=[POST],consumes=[application/json]}" onto public it.unisalento.se.saw.dto.TeachingDTO it.unisalento.se.saw.restapi.TeachingRestController.save(it.unisalento.se.saw.dto.TeachingDTO) throws it.unisalento.se.saw.exceptions.CourseNotFoundException,it.unisalento.se.saw.exceptions.ProfessorNotFoundException
936 [Test worker] INFO org.springframework.web.servlet.mvc.method.annotation.RequestMappingHandlerMapping - Mapped "{[/teaching/getAll],methods=[GET],produces=[application/json]}" onto public java.util.Set<it.unisalento.se.saw.dto.TeachingDTO> it.unisalento.se.saw.restapi.TeachingRestController.getAll()
936 [Test worker] INFO org.springframework.web.servlet.mvc.method.annotation.RequestMappingHandlerMapping - Mapped "{[/teaching/getById/{id}],methods=[GET],produces=[application/json]}" onto public it.unisalento.se.saw.dto.TeachingDTO it.unisalento.se.saw.restapi.TeachingRestController.getById(int) throws it.unisalento.se.saw.exceptions.TeachingNotFoundException
937 [Test worker] INFO org.springframework.web.servlet.mvc.method.annotation.RequestMappingHandlerMapping - Mapped "{[/teaching/getByIdCourse/{id}],methods=[GET],produces=[application/json]}" onto public java.util.Set<it.unisalento.se.saw.dto.TeachingDTO> it.unisalento.se.saw.restapi.TeachingRestController.getByIdCourse(int) throws it.unisalento.se.saw.exceptions.TeachingNotFoundException
937 [Test worker] INFO org.springframework.web.servlet.mvc.method.annotation.RequestMappingHandlerMapping - Mapped "{[/teaching/getByIdProf/{id}],methods=[GET],produces=[application/json]}" onto public java.util.Set<it.unisalento.se.saw.dto.TeachingDTO> it.unisalento.se.saw.restapi.TeachingRestController.getByProf(int) throws it.unisalento.se.saw.exceptions.TeachingNotFoundException
938 [Test worker] INFO org.springframework.web.servlet.mvc.method.annotation.RequestMappingHandlerMapping - Mapped "{[/teaching/getByNameAndIdProf/{name}_{idProf}],methods=[GET],produces=[application/json]}" onto public it.unisalento.se.saw.dto.TeachingDTO it.unisalento.se.saw.restapi.TeachingRestController.getByNameAndIdProf(java.lang.String,int) throws it.unisalento.se.saw.exceptions.TeachingNotFoundException
938 [Test worker] INFO org.springframework.web.servlet.mvc.method.annotation.RequestMappingHandlerMapping - Mapped "{[/teaching/getByNameAndIdCourse/{name}_{idCourse}],methods=[GET],produces=[application/json]}" onto public it.unisalento.se.saw.dto.TeachingDTO it.unisalento.se.saw.restapi.TeachingRestController.getByNameAndIdCourse(java.lang.String,int) throws it.unisalento.se.saw.exceptions.TeachingNotFoundException
956 [Test worker] INFO org.springframework.web.servlet.mvc.method.annotation.RequestMappingHandlerAdapter - Looking for @ControllerAdvice: org.springframework.test.web.servlet.setup.StubWebApplicationContext@49d8be06
962 [Test worker] INFO org.springframework.mock.web.MockServletContext - Initializing Spring FrameworkServlet ''
962 [Test worker] INFO org.springframework.test.web.servlet.TestDispatcherServlet - FrameworkServlet '': initialization started
962 [Test worker] INFO org.springframework.test.web.servlet.TestDispatcherServlet - FrameworkServlet '': initialization completed in 0 ms
984 [Test worker] INFO org.springframework.web.servlet.mvc.method.annotation.RequestMappingHandlerMapping - Mapped "{[/teaching/save],methods=[POST],consumes=[application/json]}" onto public it.unisalento.se.saw.dto.TeachingDTO it.unisalento.se.saw.restapi.TeachingRestController.save(it.unisalento.se.saw.dto.TeachingDTO) throws it.unisalento.se.saw.exceptions.CourseNotFoundException,it.unisalento.se.saw.exceptions.ProfessorNotFoundException
984 [Test worker] INFO org.springframework.web.servlet.mvc.method.annotation.RequestMappingHandlerMapping - Mapped "{[/teaching/getAll],methods=[GET],produces=[application/json]}" onto public java.util.Set<it.unisalento.se.saw.dto.TeachingDTO> it.unisalento.se.saw.restapi.TeachingRestController.getAll()
985 [Test worker] INFO org.springframework.web.servlet.mvc.method.annotation.RequestMappingHandlerMapping - Mapped "{[/teaching/getById/{id}],methods=[GET],produces=[application/json]}" onto public it.unisalento.se.saw.dto.TeachingDTO it.unisalento.se.saw.restapi.TeachingRestController.getById(int) throws it.unisalento.se.saw.exceptions.TeachingNotFoundException
986 [Test worker] INFO org.springframework.web.servlet.mvc.method.annotation.RequestMappingHandlerMapping - Mapped "{[/teaching/getByIdCourse/{id}],methods=[GET],produces=[application/json]}" onto public java.util.Set<it.unisalento.se.saw.dto.TeachingDTO> it.unisalento.se.saw.restapi.TeachingRestController.getByIdCourse(int) throws it.unisalento.se.saw.exceptions.TeachingNotFoundException
988 [Test worker] INFO org.springframework.web.servlet.mvc.method.annotation.RequestMappingHandlerMapping - Mapped "{[/teaching/getByIdProf/{id}],methods=[GET],produces=[application/json]}" onto public java.util.Set<it.unisalento.se.saw.dto.TeachingDTO> it.unisalento.se.saw.restapi.TeachingRestController.getByProf(int) throws it.unisalento.se.saw.exceptions.TeachingNotFoundException
988 [Test worker] INFO org.springframework.web.servlet.mvc.method.annotation.RequestMappingHandlerMapping - Mapped "{[/teaching/getByNameAndIdProf/{name}_{idProf}],methods=[GET],produces=[application/json]}" onto public it.unisalento.se.saw.dto.TeachingDTO it.unisalento.se.saw.restapi.TeachingRestController.getByNameAndIdProf(java.lang.String,int) throws it.unisalento.se.saw.exceptions.TeachingNotFoundException
988 [Test worker] INFO org.springframework.web.servlet.mvc.method.annotation.RequestMappingHandlerMapping - Mapped "{[/teaching/getByNameAndIdCourse/{name}_{idCourse}],methods=[GET],produces=[application/json]}" onto public it.unisalento.se.saw.dto.TeachingDTO it.unisalento.se.saw.restapi.TeachingRestController.getByNameAndIdCourse(java.lang.String,int) throws it.unisalento.se.saw.exceptions.TeachingNotFoundException
1001 [Test worker] INFO org.springframework.web.servlet.mvc.method.annotation.RequestMappingHandlerAdapter - Looking for @ControllerAdvice: org.springframework.test.web.servlet.setup.StubWebApplicationContext@7271fdad
1008 [Test worker] INFO org.springframework.mock.web.MockServletContext - Initializing Spring FrameworkServlet ''
1009 [Test worker] INFO org.springframework.test.web.servlet.TestDispatcherServlet - FrameworkServlet '': initialization started
1009 [Test worker] INFO org.springframework.test.web.servlet.TestDispatcherServlet - FrameworkServlet '': initialization completed in 0 ms
1068 [Test worker] INFO org.springframework.web.servlet.mvc.method.annotation.RequestMappingHandlerMapping - Mapped "{[/teaching/save],methods=[POST],consumes=[application/json]}" onto public it.unisalento.se.saw.dto.TeachingDTO it.unisalento.se.saw.restapi.TeachingRestController.save(it.unisalento.se.saw.dto.TeachingDTO) throws it.unisalento.se.saw.exceptions.CourseNotFoundException,it.unisalento.se.saw.exceptions.ProfessorNotFoundException
1069 [Test worker] INFO org.springframework.web.servlet.mvc.method.annotation.RequestMappingHandlerMapping - Mapped "{[/teaching/getAll],methods=[GET],produces=[application/json]}" onto public java.util.Set<it.unisalento.se.saw.dto.TeachingDTO> it.unisalento.se.saw.restapi.TeachingRestController.getAll()
1069 [Test worker] INFO org.springframework.web.servlet.mvc.method.annotation.RequestMappingHandlerMapping - Mapped "{[/teaching/getById/{id}],methods=[GET],produces=[application/json]}" onto public it.unisalento.se.saw.dto.TeachingDTO it.unisalento.se.saw.restapi.TeachingRestController.getById(int) throws it.unisalento.se.saw.exceptions.TeachingNotFoundException
1070 [Test worker] INFO org.springframework.web.servlet.mvc.method.annotation.RequestMappingHandlerMapping - Mapped "{[/teaching/getByIdCourse/{id}],methods=[GET],produces=[application/json]}" onto public java.util.Set<it.unisalento.se.saw.dto.TeachingDTO> it.unisalento.se.saw.restapi.TeachingRestController.getByIdCourse(int) throws it.unisalento.se.saw.exceptions.TeachingNotFoundException
1070 [Test worker] INFO org.springframework.web.servlet.mvc.method.annotation.RequestMappingHandlerMapping - Mapped "{[/teaching/getByIdProf/{id}],methods=[GET],produces=[application/json]}" onto public java.util.Set<it.unisalento.se.saw.dto.TeachingDTO> it.unisalento.se.saw.restapi.TeachingRestController.getByProf(int) throws it.unisalento.se.saw.exceptions.TeachingNotFoundException
1070 [Test worker] INFO org.springframework.web.servlet.mvc.method.annotation.RequestMappingHandlerMapping - Mapped "{[/teaching/getByNameAndIdProf/{name}_{idProf}],methods=[GET],produces=[application/json]}" onto public it.unisalento.se.saw.dto.TeachingDTO it.unisalento.se.saw.restapi.TeachingRestController.getByNameAndIdProf(java.lang.String,int) throws it.unisalento.se.saw.exceptions.TeachingNotFoundException
1070 [Test worker] INFO org.springframework.web.servlet.mvc.method.annotation.RequestMappingHandlerMapping - Mapped "{[/teaching/getByNameAndIdCourse/{name}_{idCourse}],methods=[GET],produces=[application/json]}" onto public it.unisalento.se.saw.dto.TeachingDTO it.unisalento.se.saw.restapi.TeachingRestController.getByNameAndIdCourse(java.lang.String,int) throws it.unisalento.se.saw.exceptions.TeachingNotFoundException
1079 [Test worker] INFO org.springframework.web.servlet.mvc.method.annotation.RequestMappingHandlerAdapter - Looking for @ControllerAdvice: org.springframework.test.web.servlet.setup.StubWebApplicationContext@53e01234
1083 [Test worker] INFO org.springframework.mock.web.MockServletContext - Initializing Spring FrameworkServlet ''
1083 [Test worker] INFO org.springframework.test.web.servlet.TestDispatcherServlet - FrameworkServlet '': initialization started
1083 [Test worker] INFO org.springframework.test.web.servlet.TestDispatcherServlet - FrameworkServlet '': initialization completed in 0 ms
1099 [Test worker] INFO org.springframework.web.servlet.mvc.method.annotation.RequestMappingHandlerMapping - Mapped "{[/teaching/save],methods=[POST],consumes=[application/json]}" onto public it.unisalento.se.saw.dto.TeachingDTO it.unisalento.se.saw.restapi.TeachingRestController.save(it.unisalento.se.saw.dto.TeachingDTO) throws it.unisalento.se.saw.exceptions.CourseNotFoundException,it.unisalento.se.saw.exceptions.ProfessorNotFoundException
1099 [Test worker] INFO org.springframework.web.servlet.mvc.method.annotation.RequestMappingHandlerMapping - Mapped "{[/teaching/getAll],methods=[GET],produces=[application/json]}" onto public java.util.Set<it.unisalento.se.saw.dto.TeachingDTO> it.unisalento.se.saw.restapi.TeachingRestController.getAll()
1100 [Test worker] INFO org.springframework.web.servlet.mvc.method.annotation.RequestMappingHandlerMapping - Mapped "{[/teaching/getById/{id}],methods=[GET],produces=[application/json]}" onto public it.unisalento.se.saw.dto.TeachingDTO it.unisalento.se.saw.restapi.TeachingRestController.getById(int) throws it.unisalento.se.saw.exceptions.TeachingNotFoundException
1100 [Test worker] INFO org.springframework.web.servlet.mvc.method.annotation.RequestMappingHandlerMapping - Mapped "{[/teaching/getByIdCourse/{id}],methods=[GET],produces=[application/json]}" onto public java.util.Set<it.unisalento.se.saw.dto.TeachingDTO> it.unisalento.se.saw.restapi.TeachingRestController.getByIdCourse(int) throws it.unisalento.se.saw.exceptions.TeachingNotFoundException
1100 [Test worker] INFO org.springframework.web.servlet.mvc.method.annotation.RequestMappingHandlerMapping - Mapped "{[/teaching/getByIdProf/{id}],methods=[GET],produces=[application/json]}" onto public java.util.Set<it.unisalento.se.saw.dto.TeachingDTO> it.unisalento.se.saw.restapi.TeachingRestController.getByProf(int) throws it.unisalento.se.saw.exceptions.TeachingNotFoundException
1101 [Test worker] INFO org.springframework.web.servlet.mvc.method.annotation.RequestMappingHandlerMapping - Mapped "{[/teaching/getByNameAndIdProf/{name}_{idProf}],methods=[GET],produces=[application/json]}" onto public it.unisalento.se.saw.dto.TeachingDTO it.unisalento.se.saw.restapi.TeachingRestController.getByNameAndIdProf(java.lang.String,int) throws it.unisalento.se.saw.exceptions.TeachingNotFoundException
1101 [Test worker] INFO org.springframework.web.servlet.mvc.method.annotation.RequestMappingHandlerMapping - Mapped "{[/teaching/getByNameAndIdCourse/{name}_{idCourse}],methods=[GET],produces=[application/json]}" onto public it.unisalento.se.saw.dto.TeachingDTO it.unisalento.se.saw.restapi.TeachingRestController.getByNameAndIdCourse(java.lang.String,int) throws it.unisalento.se.saw.exceptions.TeachingNotFoundException
1107 [Test worker] INFO org.springframework.web.servlet.mvc.method.annotation.RequestMappingHandlerAdapter - Looking for @ControllerAdvice: org.springframework.test.web.servlet.setup.StubWebApplicationContext@302e112a
1110 [Test worker] INFO org.springframework.mock.web.MockServletContext - Initializing Spring FrameworkServlet ''
1110 [Test worker] INFO org.springframework.test.web.servlet.TestDispatcherServlet - FrameworkServlet '': initialization started
1110 [Test worker] INFO org.springframework.test.web.servlet.TestDispatcherServlet - FrameworkServlet '': initialization completed in 0 ms
1162 [Test worker] INFO org.springframework.web.servlet.mvc.method.annotation.RequestMappingHandlerMapping - Mapped "{[/teaching/save],methods=[POST],consumes=[application/json]}" onto public it.unisalento.se.saw.dto.TeachingDTO it.unisalento.se.saw.restapi.TeachingRestController.save(it.unisalento.se.saw.dto.TeachingDTO) throws it.unisalento.se.saw.exceptions.CourseNotFoundException,it.unisalento.se.saw.exceptions.ProfessorNotFoundException
1163 [Test worker] INFO org.springframework.web.servlet.mvc.method.annotation.RequestMappingHandlerMapping - Mapped "{[/teaching/getAll],methods=[GET],produces=[application/json]}" onto public java.util.Set<it.unisalento.se.saw.dto.TeachingDTO> it.unisalento.se.saw.restapi.TeachingRestController.getAll()
1163 [Test worker] INFO org.springframework.web.servlet.mvc.method.annotation.RequestMappingHandlerMapping - Mapped "{[/teaching/getById/{id}],methods=[GET],produces=[application/json]}" onto public it.unisalento.se.saw.dto.TeachingDTO it.unisalento.se.saw.restapi.TeachingRestController.getById(int) throws it.unisalento.se.saw.exceptions.TeachingNotFoundException
1164 [Test worker] INFO org.springframework.web.servlet.mvc.method.annotation.RequestMappingHandlerMapping - Mapped "{[/teaching/getByIdCourse/{id}],methods=[GET],produces=[application/json]}" onto public java.util.Set<it.unisalento.se.saw.dto.TeachingDTO> it.unisalento.se.saw.restapi.TeachingRestController.getByIdCourse(int) throws it.unisalento.se.saw.exceptions.TeachingNotFoundException
1164 [Test worker] INFO org.springframework.web.servlet.mvc.method.annotation.RequestMappingHandlerMapping - Mapped "{[/teaching/getByIdProf/{id}],methods=[GET],produces=[application/json]}" onto public java.util.Set<it.unisalento.se.saw.dto.TeachingDTO> it.unisalento.se.saw.restapi.TeachingRestController.getByProf(int) throws it.unisalento.se.saw.exceptions.TeachingNotFoundException
1164 [Test worker] INFO org.springframework.web.servlet.mvc.method.annotation.RequestMappingHandlerMapping - Mapped "{[/teaching/getByNameAndIdProf/{name}_{idProf}],methods=[GET],produces=[application/json]}" onto public it.unisalento.se.saw.dto.TeachingDTO it.unisalento.se.saw.restapi.TeachingRestController.getByNameAndIdProf(java.lang.String,int) throws it.unisalento.se.saw.exceptions.TeachingNotFoundException
1165 [Test worker] INFO org.springframework.web.servlet.mvc.method.annotation.RequestMappingHandlerMapping - Mapped "{[/teaching/getByNameAndIdCourse/{name}_{idCourse}],methods=[GET],produces=[application/json]}" onto public it.unisalento.se.saw.dto.TeachingDTO it.unisalento.se.saw.restapi.TeachingRestController.getByNameAndIdCourse(java.lang.String,int) throws it.unisalento.se.saw.exceptions.TeachingNotFoundException
1177 [Test worker] INFO org.springframework.web.servlet.mvc.method.annotation.RequestMappingHandlerAdapter - Looking for @ControllerAdvice: org.springframework.test.web.servlet.setup.StubWebApplicationContext@5faad5f5
1180 [Test worker] INFO org.springframework.mock.web.MockServletContext - Initializing Spring FrameworkServlet ''
1180 [Test worker] INFO org.springframework.test.web.servlet.TestDispatcherServlet - FrameworkServlet '': initialization started
1181 [Test worker] INFO org.springframework.test.web.servlet.TestDispatcherServlet - FrameworkServlet '': initialization completed in 0 ms
]]></system-err>
</testsuite>
