<?xml version="1.0" encoding="UTF-8"?>
<testsuite name="it.unisalento.se.saw.restapi.SegnalationRestControllerTest" tests="5" skipped="0" failures="0" errors="0" timestamp="2018-09-01T15:52:40" hostname="DESKTOP-TUGA85P" time="0.166">
  <properties/>
  <testcase name="getByRoomTest" classname="it.unisalento.se.saw.restapi.SegnalationRestControllerTest" time="0.04"/>
  <testcase name="saveTest" classname="it.unisalento.se.saw.restapi.SegnalationRestControllerTest" time="0.038"/>
  <testcase name="getByIdTest" classname="it.unisalento.se.saw.restapi.SegnalationRestControllerTest" time="0.023"/>
  <testcase name="getAllTest" classname="it.unisalento.se.saw.restapi.SegnalationRestControllerTest" time="0.03"/>
  <testcase name="getByProfTest" classname="it.unisalento.se.saw.restapi.SegnalationRestControllerTest" time="0.034"/>
  <system-out><![CDATA[]]></system-out>
  <system-err><![CDATA[1089 [Test worker] INFO org.springframework.web.servlet.mvc.method.annotation.RequestMappingHandlerMapping - Mapped "{[/segnalation/save],methods=[POST],consumes=[application/json]}" onto public it.unisalento.se.saw.dto.SegnalationDTO it.unisalento.se.saw.restapi.SegnalationRestController.save(it.unisalento.se.saw.dto.SegnalationDTO) throws it.unisalento.se.saw.exceptions.RoomNotFoundException,it.unisalento.se.saw.exceptions.ProfessorNotFoundException
1089 [Test worker] INFO org.springframework.web.servlet.mvc.method.annotation.RequestMappingHandlerMapping - Mapped "{[/segnalation/getAll],methods=[GET],produces=[application/json]}" onto public java.util.Set<it.unisalento.se.saw.dto.SegnalationDTO> it.unisalento.se.saw.restapi.SegnalationRestController.getAll()
1090 [Test worker] INFO org.springframework.web.servlet.mvc.method.annotation.RequestMappingHandlerMapping - Mapped "{[/segnalation/getById/{id}],methods=[GET],produces=[application/json]}" onto public it.unisalento.se.saw.dto.SegnalationDTO it.unisalento.se.saw.restapi.SegnalationRestController.getById(int) throws it.unisalento.se.saw.exceptions.SegnalationNotFoundException
1090 [Test worker] INFO org.springframework.web.servlet.mvc.method.annotation.RequestMappingHandlerMapping - Mapped "{[/segnalation/getByRoom/{id}],methods=[GET],produces=[application/json]}" onto public java.util.Set<it.unisalento.se.saw.dto.SegnalationDTO> it.unisalento.se.saw.restapi.SegnalationRestController.getByRoom(int)
1090 [Test worker] INFO org.springframework.web.servlet.mvc.method.annotation.RequestMappingHandlerMapping - Mapped "{[/segnalation/getByIdProfessor/{id}],methods=[GET],produces=[application/json]}" onto public java.util.Set<it.unisalento.se.saw.dto.SegnalationDTO> it.unisalento.se.saw.restapi.SegnalationRestController.getByProfessor(int)
1099 [Test worker] INFO org.springframework.web.servlet.mvc.method.annotation.RequestMappingHandlerAdapter - Looking for @ControllerAdvice: org.springframework.test.web.servlet.setup.StubWebApplicationContext@6b93998c
1101 [Test worker] INFO org.springframework.mock.web.MockServletContext - Initializing Spring FrameworkServlet ''
1101 [Test worker] INFO org.springframework.test.web.servlet.TestDispatcherServlet - FrameworkServlet '': initialization started
1101 [Test worker] INFO org.springframework.test.web.servlet.TestDispatcherServlet - FrameworkServlet '': initialization completed in 0 ms
1120 [Test worker] INFO org.springframework.web.servlet.mvc.method.annotation.RequestMappingHandlerMapping - Mapped "{[/segnalation/save],methods=[POST],consumes=[application/json]}" onto public it.unisalento.se.saw.dto.SegnalationDTO it.unisalento.se.saw.restapi.SegnalationRestController.save(it.unisalento.se.saw.dto.SegnalationDTO) throws it.unisalento.se.saw.exceptions.RoomNotFoundException,it.unisalento.se.saw.exceptions.ProfessorNotFoundException
1120 [Test worker] INFO org.springframework.web.servlet.mvc.method.annotation.RequestMappingHandlerMapping - Mapped "{[/segnalation/getAll],methods=[GET],produces=[application/json]}" onto public java.util.Set<it.unisalento.se.saw.dto.SegnalationDTO> it.unisalento.se.saw.restapi.SegnalationRestController.getAll()
1120 [Test worker] INFO org.springframework.web.servlet.mvc.method.annotation.RequestMappingHandlerMapping - Mapped "{[/segnalation/getById/{id}],methods=[GET],produces=[application/json]}" onto public it.unisalento.se.saw.dto.SegnalationDTO it.unisalento.se.saw.restapi.SegnalationRestController.getById(int) throws it.unisalento.se.saw.exceptions.SegnalationNotFoundException
1121 [Test worker] INFO org.springframework.web.servlet.mvc.method.annotation.RequestMappingHandlerMapping - Mapped "{[/segnalation/getByRoom/{id}],methods=[GET],produces=[application/json]}" onto public java.util.Set<it.unisalento.se.saw.dto.SegnalationDTO> it.unisalento.se.saw.restapi.SegnalationRestController.getByRoom(int)
1121 [Test worker] INFO org.springframework.web.servlet.mvc.method.annotation.RequestMappingHandlerMapping - Mapped "{[/segnalation/getByIdProfessor/{id}],methods=[GET],produces=[application/json]}" onto public java.util.Set<it.unisalento.se.saw.dto.SegnalationDTO> it.unisalento.se.saw.restapi.SegnalationRestController.getByProfessor(int)
1130 [Test worker] INFO org.springframework.web.servlet.mvc.method.annotation.RequestMappingHandlerAdapter - Looking for @ControllerAdvice: org.springframework.test.web.servlet.setup.StubWebApplicationContext@5e183d0f
1137 [Test worker] INFO org.springframework.mock.web.MockServletContext - Initializing Spring FrameworkServlet ''
1137 [Test worker] INFO org.springframework.test.web.servlet.TestDispatcherServlet - FrameworkServlet '': initialization started
1137 [Test worker] INFO org.springframework.test.web.servlet.TestDispatcherServlet - FrameworkServlet '': initialization completed in 0 ms
1160 [Test worker] INFO org.springframework.web.servlet.mvc.method.annotation.RequestMappingHandlerMapping - Mapped "{[/segnalation/save],methods=[POST],consumes=[application/json]}" onto public it.unisalento.se.saw.dto.SegnalationDTO it.unisalento.se.saw.restapi.SegnalationRestController.save(it.unisalento.se.saw.dto.SegnalationDTO) throws it.unisalento.se.saw.exceptions.RoomNotFoundException,it.unisalento.se.saw.exceptions.ProfessorNotFoundException
1160 [Test worker] INFO org.springframework.web.servlet.mvc.method.annotation.RequestMappingHandlerMapping - Mapped "{[/segnalation/getAll],methods=[GET],produces=[application/json]}" onto public java.util.Set<it.unisalento.se.saw.dto.SegnalationDTO> it.unisalento.se.saw.restapi.SegnalationRestController.getAll()
1160 [Test worker] INFO org.springframework.web.servlet.mvc.method.annotation.RequestMappingHandlerMapping - Mapped "{[/segnalation/getById/{id}],methods=[GET],produces=[application/json]}" onto public it.unisalento.se.saw.dto.SegnalationDTO it.unisalento.se.saw.restapi.SegnalationRestController.getById(int) throws it.unisalento.se.saw.exceptions.SegnalationNotFoundException
1161 [Test worker] INFO org.springframework.web.servlet.mvc.method.annotation.RequestMappingHandlerMapping - Mapped "{[/segnalation/getByRoom/{id}],methods=[GET],produces=[application/json]}" onto public java.util.Set<it.unisalento.se.saw.dto.SegnalationDTO> it.unisalento.se.saw.restapi.SegnalationRestController.getByRoom(int)
1161 [Test worker] INFO org.springframework.web.servlet.mvc.method.annotation.RequestMappingHandlerMapping - Mapped "{[/segnalation/getByIdProfessor/{id}],methods=[GET],produces=[application/json]}" onto public java.util.Set<it.unisalento.se.saw.dto.SegnalationDTO> it.unisalento.se.saw.restapi.SegnalationRestController.getByProfessor(int)
1167 [Test worker] INFO org.springframework.web.servlet.mvc.method.annotation.RequestMappingHandlerAdapter - Looking for @ControllerAdvice: org.springframework.test.web.servlet.setup.StubWebApplicationContext@34d21300
1171 [Test worker] INFO org.springframework.mock.web.MockServletContext - Initializing Spring FrameworkServlet ''
1171 [Test worker] INFO org.springframework.test.web.servlet.TestDispatcherServlet - FrameworkServlet '': initialization started
1171 [Test worker] INFO org.springframework.test.web.servlet.TestDispatcherServlet - FrameworkServlet '': initialization completed in 0 ms
1182 [Test worker] INFO org.springframework.web.servlet.mvc.method.annotation.RequestMappingHandlerMapping - Mapped "{[/segnalation/save],methods=[POST],consumes=[application/json]}" onto public it.unisalento.se.saw.dto.SegnalationDTO it.unisalento.se.saw.restapi.SegnalationRestController.save(it.unisalento.se.saw.dto.SegnalationDTO) throws it.unisalento.se.saw.exceptions.RoomNotFoundException,it.unisalento.se.saw.exceptions.ProfessorNotFoundException
1182 [Test worker] INFO org.springframework.web.servlet.mvc.method.annotation.RequestMappingHandlerMapping - Mapped "{[/segnalation/getAll],methods=[GET],produces=[application/json]}" onto public java.util.Set<it.unisalento.se.saw.dto.SegnalationDTO> it.unisalento.se.saw.restapi.SegnalationRestController.getAll()
1182 [Test worker] INFO org.springframework.web.servlet.mvc.method.annotation.RequestMappingHandlerMapping - Mapped "{[/segnalation/getById/{id}],methods=[GET],produces=[application/json]}" onto public it.unisalento.se.saw.dto.SegnalationDTO it.unisalento.se.saw.restapi.SegnalationRestController.getById(int) throws it.unisalento.se.saw.exceptions.SegnalationNotFoundException
1186 [Test worker] INFO org.springframework.web.servlet.mvc.method.annotation.RequestMappingHandlerMapping - Mapped "{[/segnalation/getByRoom/{id}],methods=[GET],produces=[application/json]}" onto public java.util.Set<it.unisalento.se.saw.dto.SegnalationDTO> it.unisalento.se.saw.restapi.SegnalationRestController.getByRoom(int)
1188 [Test worker] INFO org.springframework.web.servlet.mvc.method.annotation.RequestMappingHandlerMapping - Mapped "{[/segnalation/getByIdProfessor/{id}],methods=[GET],produces=[application/json]}" onto public java.util.Set<it.unisalento.se.saw.dto.SegnalationDTO> it.unisalento.se.saw.restapi.SegnalationRestController.getByProfessor(int)
1198 [Test worker] INFO org.springframework.web.servlet.mvc.method.annotation.RequestMappingHandlerAdapter - Looking for @ControllerAdvice: org.springframework.test.web.servlet.setup.StubWebApplicationContext@68a7b487
1203 [Test worker] INFO org.springframework.mock.web.MockServletContext - Initializing Spring FrameworkServlet ''
1203 [Test worker] INFO org.springframework.test.web.servlet.TestDispatcherServlet - FrameworkServlet '': initialization started
1203 [Test worker] INFO org.springframework.test.web.servlet.TestDispatcherServlet - FrameworkServlet '': initialization completed in 0 ms
1213 [Test worker] INFO org.springframework.web.servlet.mvc.method.annotation.RequestMappingHandlerMapping - Mapped "{[/segnalation/save],methods=[POST],consumes=[application/json]}" onto public it.unisalento.se.saw.dto.SegnalationDTO it.unisalento.se.saw.restapi.SegnalationRestController.save(it.unisalento.se.saw.dto.SegnalationDTO) throws it.unisalento.se.saw.exceptions.RoomNotFoundException,it.unisalento.se.saw.exceptions.ProfessorNotFoundException
1213 [Test worker] INFO org.springframework.web.servlet.mvc.method.annotation.RequestMappingHandlerMapping - Mapped "{[/segnalation/getAll],methods=[GET],produces=[application/json]}" onto public java.util.Set<it.unisalento.se.saw.dto.SegnalationDTO> it.unisalento.se.saw.restapi.SegnalationRestController.getAll()
1214 [Test worker] INFO org.springframework.web.servlet.mvc.method.annotation.RequestMappingHandlerMapping - Mapped "{[/segnalation/getById/{id}],methods=[GET],produces=[application/json]}" onto public it.unisalento.se.saw.dto.SegnalationDTO it.unisalento.se.saw.restapi.SegnalationRestController.getById(int) throws it.unisalento.se.saw.exceptions.SegnalationNotFoundException
1214 [Test worker] INFO org.springframework.web.servlet.mvc.method.annotation.RequestMappingHandlerMapping - Mapped "{[/segnalation/getByRoom/{id}],methods=[GET],produces=[application/json]}" onto public java.util.Set<it.unisalento.se.saw.dto.SegnalationDTO> it.unisalento.se.saw.restapi.SegnalationRestController.getByRoom(int)
1214 [Test worker] INFO org.springframework.web.servlet.mvc.method.annotation.RequestMappingHandlerMapping - Mapped "{[/segnalation/getByIdProfessor/{id}],methods=[GET],produces=[application/json]}" onto public java.util.Set<it.unisalento.se.saw.dto.SegnalationDTO> it.unisalento.se.saw.restapi.SegnalationRestController.getByProfessor(int)
1221 [Test worker] INFO org.springframework.web.servlet.mvc.method.annotation.RequestMappingHandlerAdapter - Looking for @ControllerAdvice: org.springframework.test.web.servlet.setup.StubWebApplicationContext@3200ac7b
1226 [Test worker] INFO org.springframework.mock.web.MockServletContext - Initializing Spring FrameworkServlet ''
1227 [Test worker] INFO org.springframework.test.web.servlet.TestDispatcherServlet - FrameworkServlet '': initialization started
1227 [Test worker] INFO org.springframework.test.web.servlet.TestDispatcherServlet - FrameworkServlet '': initialization completed in 0 ms
]]></system-err>
</testsuite>
