<?xml version="1.0" encoding="UTF-8"?>
<testsuite name="it.unisalento.se.saw.services.SegnalationServiceTest" tests="6" skipped="0" failures="0" errors="0" timestamp="2018-09-09T08:46:48" hostname="antonio-pc" time="0.011">
  <properties/>
  <testcase name="getByRoomTest" classname="it.unisalento.se.saw.services.SegnalationServiceTest" time="0.002"/>
  <testcase name="saveTest" classname="it.unisalento.se.saw.services.SegnalationServiceTest" time="0.001"/>
  <testcase name="getByProfessorTest" classname="it.unisalento.se.saw.services.SegnalationServiceTest" time="0.001"/>
  <testcase name="getByIdTest" classname="it.unisalento.se.saw.services.SegnalationServiceTest" time="0.001"/>
  <testcase name="getAllTest" classname="it.unisalento.se.saw.services.SegnalationServiceTest" time="0.0"/>
  <testcase name="getByIdErrorTest" classname="it.unisalento.se.saw.services.SegnalationServiceTest" time="0.001"/>
  <system-out><![CDATA[]]></system-out>
  <system-err><![CDATA[]]></system-err>
</testsuite>
