<?xml version="1.0" encoding="UTF-8"?>
<testsuite name="it.unisalento.se.saw.restapi.SecretaryRestControllerTest" tests="3" skipped="0" failures="0" errors="0" timestamp="2018-09-01T18:05:51" hostname="DESKTOP-TUGA85P" time="0.109">
  <properties/>
  <testcase name="saveTest" classname="it.unisalento.se.saw.restapi.SecretaryRestControllerTest" time="0.036"/>
  <testcase name="getByIdTest" classname="it.unisalento.se.saw.restapi.SecretaryRestControllerTest" time="0.044"/>
  <testcase name="getByUidTest" classname="it.unisalento.se.saw.restapi.SecretaryRestControllerTest" time="0.028"/>
  <system-out><![CDATA[]]></system-out>
  <system-err><![CDATA[932 [Test worker] INFO org.springframework.web.servlet.mvc.method.annotation.RequestMappingHandlerMapping - Mapped "{[/secretary/getByUid/{uid}],methods=[GET],produces=[application/json]}" onto public it.unisalento.se.saw.dto.SecretaryDTO it.unisalento.se.saw.restapi.SecretaryRestController.getByUid(java.lang.String) throws it.unisalento.se.saw.exceptions.SecretaryNotFoundException
933 [Test worker] INFO org.springframework.web.servlet.mvc.method.annotation.RequestMappingHandlerMapping - Mapped "{[/secretary/getById/{id}],methods=[GET],produces=[application/json]}" onto public it.unisalento.se.saw.dto.SecretaryDTO it.unisalento.se.saw.restapi.SecretaryRestController.getById(int) throws it.unisalento.se.saw.exceptions.SecretaryNotFoundException
933 [Test worker] INFO org.springframework.web.servlet.mvc.method.annotation.RequestMappingHandlerMapping - Mapped "{[/secretary/save],methods=[POST],consumes=[application/json]}" onto public it.unisalento.se.saw.dto.SecretaryDTO it.unisalento.se.saw.restapi.SecretaryRestController.post(it.unisalento.se.saw.dto.SecretaryDTO) throws it.unisalento.se.saw.exceptions.SecretaryNotFoundException
948 [Test worker] INFO org.springframework.web.servlet.mvc.method.annotation.RequestMappingHandlerAdapter - Looking for @ControllerAdvice: org.springframework.test.web.servlet.setup.StubWebApplicationContext@20e460da
954 [Test worker] INFO org.springframework.mock.web.MockServletContext - Initializing Spring FrameworkServlet ''
954 [Test worker] INFO org.springframework.test.web.servlet.TestDispatcherServlet - FrameworkServlet '': initialization started
955 [Test worker] INFO org.springframework.test.web.servlet.TestDispatcherServlet - FrameworkServlet '': initialization completed in 1 ms
968 [Test worker] INFO org.springframework.web.servlet.mvc.method.annotation.RequestMappingHandlerMapping - Mapped "{[/secretary/getByUid/{uid}],methods=[GET],produces=[application/json]}" onto public it.unisalento.se.saw.dto.SecretaryDTO it.unisalento.se.saw.restapi.SecretaryRestController.getByUid(java.lang.String) throws it.unisalento.se.saw.exceptions.SecretaryNotFoundException
969 [Test worker] INFO org.springframework.web.servlet.mvc.method.annotation.RequestMappingHandlerMapping - Mapped "{[/secretary/getById/{id}],methods=[GET],produces=[application/json]}" onto public it.unisalento.se.saw.dto.SecretaryDTO it.unisalento.se.saw.restapi.SecretaryRestController.getById(int) throws it.unisalento.se.saw.exceptions.SecretaryNotFoundException
970 [Test worker] INFO org.springframework.web.servlet.mvc.method.annotation.RequestMappingHandlerMapping - Mapped "{[/secretary/save],methods=[POST],consumes=[application/json]}" onto public it.unisalento.se.saw.dto.SecretaryDTO it.unisalento.se.saw.restapi.SecretaryRestController.post(it.unisalento.se.saw.dto.SecretaryDTO) throws it.unisalento.se.saw.exceptions.SecretaryNotFoundException
998 [Test worker] INFO org.springframework.web.servlet.mvc.method.annotation.RequestMappingHandlerAdapter - Looking for @ControllerAdvice: org.springframework.test.web.servlet.setup.StubWebApplicationContext@34522fa0
1003 [Test worker] INFO org.springframework.mock.web.MockServletContext - Initializing Spring FrameworkServlet ''
1003 [Test worker] INFO org.springframework.test.web.servlet.TestDispatcherServlet - FrameworkServlet '': initialization started
1003 [Test worker] INFO org.springframework.test.web.servlet.TestDispatcherServlet - FrameworkServlet '': initialization completed in 0 ms
1013 [Test worker] INFO org.springframework.web.servlet.mvc.method.annotation.RequestMappingHandlerMapping - Mapped "{[/secretary/getByUid/{uid}],methods=[GET],produces=[application/json]}" onto public it.unisalento.se.saw.dto.SecretaryDTO it.unisalento.se.saw.restapi.SecretaryRestController.getByUid(java.lang.String) throws it.unisalento.se.saw.exceptions.SecretaryNotFoundException
1013 [Test worker] INFO org.springframework.web.servlet.mvc.method.annotation.RequestMappingHandlerMapping - Mapped "{[/secretary/getById/{id}],methods=[GET],produces=[application/json]}" onto public it.unisalento.se.saw.dto.SecretaryDTO it.unisalento.se.saw.restapi.SecretaryRestController.getById(int) throws it.unisalento.se.saw.exceptions.SecretaryNotFoundException
1013 [Test worker] INFO org.springframework.web.servlet.mvc.method.annotation.RequestMappingHandlerMapping - Mapped "{[/secretary/save],methods=[POST],consumes=[application/json]}" onto public it.unisalento.se.saw.dto.SecretaryDTO it.unisalento.se.saw.restapi.SecretaryRestController.post(it.unisalento.se.saw.dto.SecretaryDTO) throws it.unisalento.se.saw.exceptions.SecretaryNotFoundException
1026 [Test worker] INFO org.springframework.web.servlet.mvc.method.annotation.RequestMappingHandlerAdapter - Looking for @ControllerAdvice: org.springframework.test.web.servlet.setup.StubWebApplicationContext@48c4ccd7
1030 [Test worker] INFO org.springframework.mock.web.MockServletContext - Initializing Spring FrameworkServlet ''
1030 [Test worker] INFO org.springframework.test.web.servlet.TestDispatcherServlet - FrameworkServlet '': initialization started
1030 [Test worker] INFO org.springframework.test.web.servlet.TestDispatcherServlet - FrameworkServlet '': initialization completed in 0 ms
]]></system-err>
</testsuite>
