<?xml version="1.0" encoding="UTF-8"?>
<testsuite name="it.unisalento.se.saw.restapi.ProfessorRestControllerTest" tests="4" skipped="0" failures="0" errors="0" timestamp="2018-09-04T13:19:32" hostname="DESKTOP-TUGA85P" time="0.164">
  <properties/>
  <testcase name="saveTest" classname="it.unisalento.se.saw.restapi.ProfessorRestControllerTest" time="0.037"/>
  <testcase name="getByIdCourseTest" classname="it.unisalento.se.saw.restapi.ProfessorRestControllerTest" time="0.071"/>
  <testcase name="getByIdTest" classname="it.unisalento.se.saw.restapi.ProfessorRestControllerTest" time="0.024"/>
  <testcase name="getAllTest" classname="it.unisalento.se.saw.restapi.ProfessorRestControllerTest" time="0.028"/>
  <system-out><![CDATA[]]></system-out>
  <system-err><![CDATA[2604 [Test worker] INFO org.springframework.web.servlet.mvc.method.annotation.RequestMappingHandlerMapping - Mapped "{[/professor/save],methods=[POST],consumes=[application/json]}" onto public it.unisalento.se.saw.dto.ProfessorDTO it.unisalento.se.saw.restapi.ProfessorRestController.save(it.unisalento.se.saw.dto.ProfessorDTO) throws it.unisalento.se.saw.exceptions.CourseNotFoundException
2604 [Test worker] INFO org.springframework.web.servlet.mvc.method.annotation.RequestMappingHandlerMapping - Mapped "{[/professor/getAll],methods=[GET],produces=[application/json]}" onto public java.util.Set<it.unisalento.se.saw.dto.ProfessorDTO> it.unisalento.se.saw.restapi.ProfessorRestController.getAll()
2605 [Test worker] INFO org.springframework.web.servlet.mvc.method.annotation.RequestMappingHandlerMapping - Mapped "{[/professor/getByCourse/{id}],methods=[GET],produces=[application/json]}" onto public java.util.Set<it.unisalento.se.saw.dto.ProfessorDTO> it.unisalento.se.saw.restapi.ProfessorRestController.getByIdCourse(int) throws it.unisalento.se.saw.exceptions.ProfessorNotFoundException
2605 [Test worker] INFO org.springframework.web.servlet.mvc.method.annotation.RequestMappingHandlerMapping - Mapped "{[/professor/getById/{id}],methods=[GET],produces=[application/json]}" onto public it.unisalento.se.saw.dto.ProfessorDTO it.unisalento.se.saw.restapi.ProfessorRestController.getById(int) throws it.unisalento.se.saw.exceptions.ProfessorNotFoundException
2616 [Test worker] INFO org.springframework.web.servlet.mvc.method.annotation.RequestMappingHandlerAdapter - Looking for @ControllerAdvice: org.springframework.test.web.servlet.setup.StubWebApplicationContext@fb06bd1
2621 [Test worker] INFO org.springframework.mock.web.MockServletContext - Initializing Spring FrameworkServlet ''
2621 [Test worker] INFO org.springframework.test.web.servlet.TestDispatcherServlet - FrameworkServlet '': initialization started
2622 [Test worker] INFO org.springframework.test.web.servlet.TestDispatcherServlet - FrameworkServlet '': initialization completed in 0 ms
2641 [Test worker] INFO org.springframework.web.servlet.mvc.method.annotation.RequestMappingHandlerMapping - Mapped "{[/professor/save],methods=[POST],consumes=[application/json]}" onto public it.unisalento.se.saw.dto.ProfessorDTO it.unisalento.se.saw.restapi.ProfessorRestController.save(it.unisalento.se.saw.dto.ProfessorDTO) throws it.unisalento.se.saw.exceptions.CourseNotFoundException
2642 [Test worker] INFO org.springframework.web.servlet.mvc.method.annotation.RequestMappingHandlerMapping - Mapped "{[/professor/getAll],methods=[GET],produces=[application/json]}" onto public java.util.Set<it.unisalento.se.saw.dto.ProfessorDTO> it.unisalento.se.saw.restapi.ProfessorRestController.getAll()
2644 [Test worker] INFO org.springframework.web.servlet.mvc.method.annotation.RequestMappingHandlerMapping - Mapped "{[/professor/getByCourse/{id}],methods=[GET],produces=[application/json]}" onto public java.util.Set<it.unisalento.se.saw.dto.ProfessorDTO> it.unisalento.se.saw.restapi.ProfessorRestController.getByIdCourse(int) throws it.unisalento.se.saw.exceptions.ProfessorNotFoundException
2645 [Test worker] INFO org.springframework.web.servlet.mvc.method.annotation.RequestMappingHandlerMapping - Mapped "{[/professor/getById/{id}],methods=[GET],produces=[application/json]}" onto public it.unisalento.se.saw.dto.ProfessorDTO it.unisalento.se.saw.restapi.ProfessorRestController.getById(int) throws it.unisalento.se.saw.exceptions.ProfessorNotFoundException
2668 [Test worker] INFO org.springframework.web.servlet.mvc.method.annotation.RequestMappingHandlerAdapter - Looking for @ControllerAdvice: org.springframework.test.web.servlet.setup.StubWebApplicationContext@10a9d751
2682 [Test worker] INFO org.springframework.mock.web.MockServletContext - Initializing Spring FrameworkServlet ''
2698 [Test worker] INFO org.springframework.test.web.servlet.TestDispatcherServlet - FrameworkServlet '': initialization started
2699 [Test worker] INFO org.springframework.test.web.servlet.TestDispatcherServlet - FrameworkServlet '': initialization completed in 0 ms
2713 [Test worker] INFO org.springframework.web.servlet.mvc.method.annotation.RequestMappingHandlerMapping - Mapped "{[/professor/save],methods=[POST],consumes=[application/json]}" onto public it.unisalento.se.saw.dto.ProfessorDTO it.unisalento.se.saw.restapi.ProfessorRestController.save(it.unisalento.se.saw.dto.ProfessorDTO) throws it.unisalento.se.saw.exceptions.CourseNotFoundException
2714 [Test worker] INFO org.springframework.web.servlet.mvc.method.annotation.RequestMappingHandlerMapping - Mapped "{[/professor/getAll],methods=[GET],produces=[application/json]}" onto public java.util.Set<it.unisalento.se.saw.dto.ProfessorDTO> it.unisalento.se.saw.restapi.ProfessorRestController.getAll()
2714 [Test worker] INFO org.springframework.web.servlet.mvc.method.annotation.RequestMappingHandlerMapping - Mapped "{[/professor/getByCourse/{id}],methods=[GET],produces=[application/json]}" onto public java.util.Set<it.unisalento.se.saw.dto.ProfessorDTO> it.unisalento.se.saw.restapi.ProfessorRestController.getByIdCourse(int) throws it.unisalento.se.saw.exceptions.ProfessorNotFoundException
2714 [Test worker] INFO org.springframework.web.servlet.mvc.method.annotation.RequestMappingHandlerMapping - Mapped "{[/professor/getById/{id}],methods=[GET],produces=[application/json]}" onto public it.unisalento.se.saw.dto.ProfessorDTO it.unisalento.se.saw.restapi.ProfessorRestController.getById(int) throws it.unisalento.se.saw.exceptions.ProfessorNotFoundException
2722 [Test worker] INFO org.springframework.web.servlet.mvc.method.annotation.RequestMappingHandlerAdapter - Looking for @ControllerAdvice: org.springframework.test.web.servlet.setup.StubWebApplicationContext@73cb8a74
2725 [Test worker] INFO org.springframework.mock.web.MockServletContext - Initializing Spring FrameworkServlet ''
2725 [Test worker] INFO org.springframework.test.web.servlet.TestDispatcherServlet - FrameworkServlet '': initialization started
2726 [Test worker] INFO org.springframework.test.web.servlet.TestDispatcherServlet - FrameworkServlet '': initialization completed in 1 ms
2738 [Test worker] INFO org.springframework.web.servlet.mvc.method.annotation.RequestMappingHandlerMapping - Mapped "{[/professor/save],methods=[POST],consumes=[application/json]}" onto public it.unisalento.se.saw.dto.ProfessorDTO it.unisalento.se.saw.restapi.ProfessorRestController.save(it.unisalento.se.saw.dto.ProfessorDTO) throws it.unisalento.se.saw.exceptions.CourseNotFoundException
2738 [Test worker] INFO org.springframework.web.servlet.mvc.method.annotation.RequestMappingHandlerMapping - Mapped "{[/professor/getAll],methods=[GET],produces=[application/json]}" onto public java.util.Set<it.unisalento.se.saw.dto.ProfessorDTO> it.unisalento.se.saw.restapi.ProfessorRestController.getAll()
2738 [Test worker] INFO org.springframework.web.servlet.mvc.method.annotation.RequestMappingHandlerMapping - Mapped "{[/professor/getByCourse/{id}],methods=[GET],produces=[application/json]}" onto public java.util.Set<it.unisalento.se.saw.dto.ProfessorDTO> it.unisalento.se.saw.restapi.ProfessorRestController.getByIdCourse(int) throws it.unisalento.se.saw.exceptions.ProfessorNotFoundException
2739 [Test worker] INFO org.springframework.web.servlet.mvc.method.annotation.RequestMappingHandlerMapping - Mapped "{[/professor/getById/{id}],methods=[GET],produces=[application/json]}" onto public it.unisalento.se.saw.dto.ProfessorDTO it.unisalento.se.saw.restapi.ProfessorRestController.getById(int) throws it.unisalento.se.saw.exceptions.ProfessorNotFoundException
2749 [Test worker] INFO org.springframework.web.servlet.mvc.method.annotation.RequestMappingHandlerAdapter - Looking for @ControllerAdvice: org.springframework.test.web.servlet.setup.StubWebApplicationContext@5d7c540f
2754 [Test worker] INFO org.springframework.mock.web.MockServletContext - Initializing Spring FrameworkServlet ''
2754 [Test worker] INFO org.springframework.test.web.servlet.TestDispatcherServlet - FrameworkServlet '': initialization started
2755 [Test worker] INFO org.springframework.test.web.servlet.TestDispatcherServlet - FrameworkServlet '': initialization completed in 0 ms
]]></system-err>
</testsuite>
