<?xml version="1.0" encoding="UTF-8"?>
<testsuite name="it.unisalento.se.saw.restapi.TeachingRestControllerTest" tests="7" skipped="0" failures="0" errors="0" timestamp="2018-09-01T14:35:12" hostname="DESKTOP-TUGA85P" time="0.373">
  <properties/>
  <testcase name="getAll" classname="it.unisalento.se.saw.restapi.TeachingRestControllerTest" time="0.059"/>
  <testcase name="getByNameAndIdCourse" classname="it.unisalento.se.saw.restapi.TeachingRestControllerTest" time="0.035"/>
  <testcase name="getByNameAndIdProf" classname="it.unisalento.se.saw.restapi.TeachingRestControllerTest" time="0.04"/>
  <testcase name="getById" classname="it.unisalento.se.saw.restapi.TeachingRestControllerTest" time="0.073"/>
  <testcase name="getAllByIdCourse" classname="it.unisalento.se.saw.restapi.TeachingRestControllerTest" time="0.074"/>
  <testcase name="save" classname="it.unisalento.se.saw.restapi.TeachingRestControllerTest" time="0.046"/>
  <testcase name="getAllByIdProf" classname="it.unisalento.se.saw.restapi.TeachingRestControllerTest" time="0.043"/>
  <system-out><![CDATA[]]></system-out>
  <system-err><![CDATA[2840 [Test worker] INFO org.springframework.web.servlet.mvc.method.annotation.RequestMappingHandlerMapping - Mapped "{[/teaching/save],methods=[POST],consumes=[application/json]}" onto public it.unisalento.se.saw.dto.TeachingDTO it.unisalento.se.saw.restapi.TeachingRestController.save(it.unisalento.se.saw.dto.TeachingDTO) throws it.unisalento.se.saw.exceptions.CourseNotFoundException,it.unisalento.se.saw.exceptions.ProfessorNotFoundException
2841 [Test worker] INFO org.springframework.web.servlet.mvc.method.annotation.RequestMappingHandlerMapping - Mapped "{[/teaching/getAll],methods=[GET],produces=[application/json]}" onto public java.util.Set<it.unisalento.se.saw.dto.TeachingDTO> it.unisalento.se.saw.restapi.TeachingRestController.getAll()
2842 [Test worker] INFO org.springframework.web.servlet.mvc.method.annotation.RequestMappingHandlerMapping - Mapped "{[/teaching/getById/{id}],methods=[GET],produces=[application/json]}" onto public it.unisalento.se.saw.dto.TeachingDTO it.unisalento.se.saw.restapi.TeachingRestController.getById(int) throws it.unisalento.se.saw.exceptions.TeachingNotFoundException
2842 [Test worker] INFO org.springframework.web.servlet.mvc.method.annotation.RequestMappingHandlerMapping - Mapped "{[/teaching/getByIdCourse/{id}],methods=[GET],produces=[application/json]}" onto public java.util.Set<it.unisalento.se.saw.dto.TeachingDTO> it.unisalento.se.saw.restapi.TeachingRestController.getByIdCourse(int) throws it.unisalento.se.saw.exceptions.TeachingNotFoundException
2842 [Test worker] INFO org.springframework.web.servlet.mvc.method.annotation.RequestMappingHandlerMapping - Mapped "{[/teaching/getByNameAndIdProf/{name}_{idProf}],methods=[GET],produces=[application/json]}" onto public it.unisalento.se.saw.dto.TeachingDTO it.unisalento.se.saw.restapi.TeachingRestController.getByNameAndIdProf(java.lang.String,int) throws it.unisalento.se.saw.exceptions.TeachingNotFoundException
2843 [Test worker] INFO org.springframework.web.servlet.mvc.method.annotation.RequestMappingHandlerMapping - Mapped "{[/teaching/getByNameAndIdCourse/{name}_{idCourse}],methods=[GET],produces=[application/json]}" onto public it.unisalento.se.saw.dto.TeachingDTO it.unisalento.se.saw.restapi.TeachingRestController.getByNameAndIdCourse(java.lang.String,int) throws it.unisalento.se.saw.exceptions.TeachingNotFoundException
2843 [Test worker] INFO org.springframework.web.servlet.mvc.method.annotation.RequestMappingHandlerMapping - Mapped "{[/teaching/getByIdProf/{id}],methods=[GET],produces=[application/json]}" onto public java.util.Set<it.unisalento.se.saw.dto.TeachingDTO> it.unisalento.se.saw.restapi.TeachingRestController.getByProf(int) throws it.unisalento.se.saw.exceptions.TeachingNotFoundException
2860 [Test worker] INFO org.springframework.web.servlet.mvc.method.annotation.RequestMappingHandlerAdapter - Looking for @ControllerAdvice: org.springframework.test.web.servlet.setup.StubWebApplicationContext@58a57c70
2881 [Test worker] INFO org.springframework.mock.web.MockServletContext - Initializing Spring FrameworkServlet ''
2881 [Test worker] INFO org.springframework.test.web.servlet.TestDispatcherServlet - FrameworkServlet '': initialization started
2881 [Test worker] INFO org.springframework.test.web.servlet.TestDispatcherServlet - FrameworkServlet '': initialization completed in 0 ms
2898 [Test worker] INFO org.springframework.web.servlet.mvc.method.annotation.RequestMappingHandlerMapping - Mapped "{[/teaching/save],methods=[POST],consumes=[application/json]}" onto public it.unisalento.se.saw.dto.TeachingDTO it.unisalento.se.saw.restapi.TeachingRestController.save(it.unisalento.se.saw.dto.TeachingDTO) throws it.unisalento.se.saw.exceptions.CourseNotFoundException,it.unisalento.se.saw.exceptions.ProfessorNotFoundException
2898 [Test worker] INFO org.springframework.web.servlet.mvc.method.annotation.RequestMappingHandlerMapping - Mapped "{[/teaching/getAll],methods=[GET],produces=[application/json]}" onto public java.util.Set<it.unisalento.se.saw.dto.TeachingDTO> it.unisalento.se.saw.restapi.TeachingRestController.getAll()
2898 [Test worker] INFO org.springframework.web.servlet.mvc.method.annotation.RequestMappingHandlerMapping - Mapped "{[/teaching/getById/{id}],methods=[GET],produces=[application/json]}" onto public it.unisalento.se.saw.dto.TeachingDTO it.unisalento.se.saw.restapi.TeachingRestController.getById(int) throws it.unisalento.se.saw.exceptions.TeachingNotFoundException
2899 [Test worker] INFO org.springframework.web.servlet.mvc.method.annotation.RequestMappingHandlerMapping - Mapped "{[/teaching/getByIdCourse/{id}],methods=[GET],produces=[application/json]}" onto public java.util.Set<it.unisalento.se.saw.dto.TeachingDTO> it.unisalento.se.saw.restapi.TeachingRestController.getByIdCourse(int) throws it.unisalento.se.saw.exceptions.TeachingNotFoundException
2899 [Test worker] INFO org.springframework.web.servlet.mvc.method.annotation.RequestMappingHandlerMapping - Mapped "{[/teaching/getByNameAndIdProf/{name}_{idProf}],methods=[GET],produces=[application/json]}" onto public it.unisalento.se.saw.dto.TeachingDTO it.unisalento.se.saw.restapi.TeachingRestController.getByNameAndIdProf(java.lang.String,int) throws it.unisalento.se.saw.exceptions.TeachingNotFoundException
2899 [Test worker] INFO org.springframework.web.servlet.mvc.method.annotation.RequestMappingHandlerMapping - Mapped "{[/teaching/getByNameAndIdCourse/{name}_{idCourse}],methods=[GET],produces=[application/json]}" onto public it.unisalento.se.saw.dto.TeachingDTO it.unisalento.se.saw.restapi.TeachingRestController.getByNameAndIdCourse(java.lang.String,int) throws it.unisalento.se.saw.exceptions.TeachingNotFoundException
2900 [Test worker] INFO org.springframework.web.servlet.mvc.method.annotation.RequestMappingHandlerMapping - Mapped "{[/teaching/getByIdProf/{id}],methods=[GET],produces=[application/json]}" onto public java.util.Set<it.unisalento.se.saw.dto.TeachingDTO> it.unisalento.se.saw.restapi.TeachingRestController.getByProf(int) throws it.unisalento.se.saw.exceptions.TeachingNotFoundException
2910 [Test worker] INFO org.springframework.web.servlet.mvc.method.annotation.RequestMappingHandlerAdapter - Looking for @ControllerAdvice: org.springframework.test.web.servlet.setup.StubWebApplicationContext@374fcaf7
2917 [Test worker] INFO org.springframework.mock.web.MockServletContext - Initializing Spring FrameworkServlet ''
2917 [Test worker] INFO org.springframework.test.web.servlet.TestDispatcherServlet - FrameworkServlet '': initialization started
2917 [Test worker] INFO org.springframework.test.web.servlet.TestDispatcherServlet - FrameworkServlet '': initialization completed in 0 ms
2934 [Test worker] INFO org.springframework.web.servlet.mvc.method.annotation.RequestMappingHandlerMapping - Mapped "{[/teaching/save],methods=[POST],consumes=[application/json]}" onto public it.unisalento.se.saw.dto.TeachingDTO it.unisalento.se.saw.restapi.TeachingRestController.save(it.unisalento.se.saw.dto.TeachingDTO) throws it.unisalento.se.saw.exceptions.CourseNotFoundException,it.unisalento.se.saw.exceptions.ProfessorNotFoundException
2934 [Test worker] INFO org.springframework.web.servlet.mvc.method.annotation.RequestMappingHandlerMapping - Mapped "{[/teaching/getAll],methods=[GET],produces=[application/json]}" onto public java.util.Set<it.unisalento.se.saw.dto.TeachingDTO> it.unisalento.se.saw.restapi.TeachingRestController.getAll()
2935 [Test worker] INFO org.springframework.web.servlet.mvc.method.annotation.RequestMappingHandlerMapping - Mapped "{[/teaching/getById/{id}],methods=[GET],produces=[application/json]}" onto public it.unisalento.se.saw.dto.TeachingDTO it.unisalento.se.saw.restapi.TeachingRestController.getById(int) throws it.unisalento.se.saw.exceptions.TeachingNotFoundException
2935 [Test worker] INFO org.springframework.web.servlet.mvc.method.annotation.RequestMappingHandlerMapping - Mapped "{[/teaching/getByIdCourse/{id}],methods=[GET],produces=[application/json]}" onto public java.util.Set<it.unisalento.se.saw.dto.TeachingDTO> it.unisalento.se.saw.restapi.TeachingRestController.getByIdCourse(int) throws it.unisalento.se.saw.exceptions.TeachingNotFoundException
2935 [Test worker] INFO org.springframework.web.servlet.mvc.method.annotation.RequestMappingHandlerMapping - Mapped "{[/teaching/getByNameAndIdProf/{name}_{idProf}],methods=[GET],produces=[application/json]}" onto public it.unisalento.se.saw.dto.TeachingDTO it.unisalento.se.saw.restapi.TeachingRestController.getByNameAndIdProf(java.lang.String,int) throws it.unisalento.se.saw.exceptions.TeachingNotFoundException
2936 [Test worker] INFO org.springframework.web.servlet.mvc.method.annotation.RequestMappingHandlerMapping - Mapped "{[/teaching/getByNameAndIdCourse/{name}_{idCourse}],methods=[GET],produces=[application/json]}" onto public it.unisalento.se.saw.dto.TeachingDTO it.unisalento.se.saw.restapi.TeachingRestController.getByNameAndIdCourse(java.lang.String,int) throws it.unisalento.se.saw.exceptions.TeachingNotFoundException
2936 [Test worker] INFO org.springframework.web.servlet.mvc.method.annotation.RequestMappingHandlerMapping - Mapped "{[/teaching/getByIdProf/{id}],methods=[GET],produces=[application/json]}" onto public java.util.Set<it.unisalento.se.saw.dto.TeachingDTO> it.unisalento.se.saw.restapi.TeachingRestController.getByProf(int) throws it.unisalento.se.saw.exceptions.TeachingNotFoundException
2947 [Test worker] INFO org.springframework.web.servlet.mvc.method.annotation.RequestMappingHandlerAdapter - Looking for @ControllerAdvice: org.springframework.test.web.servlet.setup.StubWebApplicationContext@ae2a799
2956 [Test worker] INFO org.springframework.mock.web.MockServletContext - Initializing Spring FrameworkServlet ''
2957 [Test worker] INFO org.springframework.test.web.servlet.TestDispatcherServlet - FrameworkServlet '': initialization started
2958 [Test worker] INFO org.springframework.test.web.servlet.TestDispatcherServlet - FrameworkServlet '': initialization completed in 0 ms
2972 [Test worker] INFO org.springframework.web.servlet.mvc.method.annotation.RequestMappingHandlerMapping - Mapped "{[/teaching/save],methods=[POST],consumes=[application/json]}" onto public it.unisalento.se.saw.dto.TeachingDTO it.unisalento.se.saw.restapi.TeachingRestController.save(it.unisalento.se.saw.dto.TeachingDTO) throws it.unisalento.se.saw.exceptions.CourseNotFoundException,it.unisalento.se.saw.exceptions.ProfessorNotFoundException
2973 [Test worker] INFO org.springframework.web.servlet.mvc.method.annotation.RequestMappingHandlerMapping - Mapped "{[/teaching/getAll],methods=[GET],produces=[application/json]}" onto public java.util.Set<it.unisalento.se.saw.dto.TeachingDTO> it.unisalento.se.saw.restapi.TeachingRestController.getAll()
2974 [Test worker] INFO org.springframework.web.servlet.mvc.method.annotation.RequestMappingHandlerMapping - Mapped "{[/teaching/getById/{id}],methods=[GET],produces=[application/json]}" onto public it.unisalento.se.saw.dto.TeachingDTO it.unisalento.se.saw.restapi.TeachingRestController.getById(int) throws it.unisalento.se.saw.exceptions.TeachingNotFoundException
2975 [Test worker] INFO org.springframework.web.servlet.mvc.method.annotation.RequestMappingHandlerMapping - Mapped "{[/teaching/getByIdCourse/{id}],methods=[GET],produces=[application/json]}" onto public java.util.Set<it.unisalento.se.saw.dto.TeachingDTO> it.unisalento.se.saw.restapi.TeachingRestController.getByIdCourse(int) throws it.unisalento.se.saw.exceptions.TeachingNotFoundException
2975 [Test worker] INFO org.springframework.web.servlet.mvc.method.annotation.RequestMappingHandlerMapping - Mapped "{[/teaching/getByNameAndIdProf/{name}_{idProf}],methods=[GET],produces=[application/json]}" onto public it.unisalento.se.saw.dto.TeachingDTO it.unisalento.se.saw.restapi.TeachingRestController.getByNameAndIdProf(java.lang.String,int) throws it.unisalento.se.saw.exceptions.TeachingNotFoundException
2977 [Test worker] INFO org.springframework.web.servlet.mvc.method.annotation.RequestMappingHandlerMapping - Mapped "{[/teaching/getByNameAndIdCourse/{name}_{idCourse}],methods=[GET],produces=[application/json]}" onto public it.unisalento.se.saw.dto.TeachingDTO it.unisalento.se.saw.restapi.TeachingRestController.getByNameAndIdCourse(java.lang.String,int) throws it.unisalento.se.saw.exceptions.TeachingNotFoundException
2978 [Test worker] INFO org.springframework.web.servlet.mvc.method.annotation.RequestMappingHandlerMapping - Mapped "{[/teaching/getByIdProf/{id}],methods=[GET],produces=[application/json]}" onto public java.util.Set<it.unisalento.se.saw.dto.TeachingDTO> it.unisalento.se.saw.restapi.TeachingRestController.getByProf(int) throws it.unisalento.se.saw.exceptions.TeachingNotFoundException
2996 [Test worker] INFO org.springframework.web.servlet.mvc.method.annotation.RequestMappingHandlerAdapter - Looking for @ControllerAdvice: org.springframework.test.web.servlet.setup.StubWebApplicationContext@4de5dc34
3009 [Test worker] INFO org.springframework.mock.web.MockServletContext - Initializing Spring FrameworkServlet ''
3009 [Test worker] INFO org.springframework.test.web.servlet.TestDispatcherServlet - FrameworkServlet '': initialization started
3009 [Test worker] INFO org.springframework.test.web.servlet.TestDispatcherServlet - FrameworkServlet '': initialization completed in 0 ms
3065 [Test worker] INFO org.springframework.web.servlet.mvc.method.annotation.RequestMappingHandlerMapping - Mapped "{[/teaching/save],methods=[POST],consumes=[application/json]}" onto public it.unisalento.se.saw.dto.TeachingDTO it.unisalento.se.saw.restapi.TeachingRestController.save(it.unisalento.se.saw.dto.TeachingDTO) throws it.unisalento.se.saw.exceptions.CourseNotFoundException,it.unisalento.se.saw.exceptions.ProfessorNotFoundException
3067 [Test worker] INFO org.springframework.web.servlet.mvc.method.annotation.RequestMappingHandlerMapping - Mapped "{[/teaching/getAll],methods=[GET],produces=[application/json]}" onto public java.util.Set<it.unisalento.se.saw.dto.TeachingDTO> it.unisalento.se.saw.restapi.TeachingRestController.getAll()
3068 [Test worker] INFO org.springframework.web.servlet.mvc.method.annotation.RequestMappingHandlerMapping - Mapped "{[/teaching/getById/{id}],methods=[GET],produces=[application/json]}" onto public it.unisalento.se.saw.dto.TeachingDTO it.unisalento.se.saw.restapi.TeachingRestController.getById(int) throws it.unisalento.se.saw.exceptions.TeachingNotFoundException
3069 [Test worker] INFO org.springframework.web.servlet.mvc.method.annotation.RequestMappingHandlerMapping - Mapped "{[/teaching/getByIdCourse/{id}],methods=[GET],produces=[application/json]}" onto public java.util.Set<it.unisalento.se.saw.dto.TeachingDTO> it.unisalento.se.saw.restapi.TeachingRestController.getByIdCourse(int) throws it.unisalento.se.saw.exceptions.TeachingNotFoundException
3071 [Test worker] INFO org.springframework.web.servlet.mvc.method.annotation.RequestMappingHandlerMapping - Mapped "{[/teaching/getByNameAndIdProf/{name}_{idProf}],methods=[GET],produces=[application/json]}" onto public it.unisalento.se.saw.dto.TeachingDTO it.unisalento.se.saw.restapi.TeachingRestController.getByNameAndIdProf(java.lang.String,int) throws it.unisalento.se.saw.exceptions.TeachingNotFoundException
3072 [Test worker] INFO org.springframework.web.servlet.mvc.method.annotation.RequestMappingHandlerMapping - Mapped "{[/teaching/getByNameAndIdCourse/{name}_{idCourse}],methods=[GET],produces=[application/json]}" onto public it.unisalento.se.saw.dto.TeachingDTO it.unisalento.se.saw.restapi.TeachingRestController.getByNameAndIdCourse(java.lang.String,int) throws it.unisalento.se.saw.exceptions.TeachingNotFoundException
3074 [Test worker] INFO org.springframework.web.servlet.mvc.method.annotation.RequestMappingHandlerMapping - Mapped "{[/teaching/getByIdProf/{id}],methods=[GET],produces=[application/json]}" onto public java.util.Set<it.unisalento.se.saw.dto.TeachingDTO> it.unisalento.se.saw.restapi.TeachingRestController.getByProf(int) throws it.unisalento.se.saw.exceptions.TeachingNotFoundException
3085 [Test worker] INFO org.springframework.web.servlet.mvc.method.annotation.RequestMappingHandlerAdapter - Looking for @ControllerAdvice: org.springframework.test.web.servlet.setup.StubWebApplicationContext@1faa032
3089 [Test worker] INFO org.springframework.mock.web.MockServletContext - Initializing Spring FrameworkServlet ''
3089 [Test worker] INFO org.springframework.test.web.servlet.TestDispatcherServlet - FrameworkServlet '': initialization started
3090 [Test worker] INFO org.springframework.test.web.servlet.TestDispatcherServlet - FrameworkServlet '': initialization completed in 1 ms
3119 [Test worker] INFO org.springframework.web.servlet.mvc.method.annotation.RequestMappingHandlerMapping - Mapped "{[/teaching/save],methods=[POST],consumes=[application/json]}" onto public it.unisalento.se.saw.dto.TeachingDTO it.unisalento.se.saw.restapi.TeachingRestController.save(it.unisalento.se.saw.dto.TeachingDTO) throws it.unisalento.se.saw.exceptions.CourseNotFoundException,it.unisalento.se.saw.exceptions.ProfessorNotFoundException
3121 [Test worker] INFO org.springframework.web.servlet.mvc.method.annotation.RequestMappingHandlerMapping - Mapped "{[/teaching/getAll],methods=[GET],produces=[application/json]}" onto public java.util.Set<it.unisalento.se.saw.dto.TeachingDTO> it.unisalento.se.saw.restapi.TeachingRestController.getAll()
3122 [Test worker] INFO org.springframework.web.servlet.mvc.method.annotation.RequestMappingHandlerMapping - Mapped "{[/teaching/getById/{id}],methods=[GET],produces=[application/json]}" onto public it.unisalento.se.saw.dto.TeachingDTO it.unisalento.se.saw.restapi.TeachingRestController.getById(int) throws it.unisalento.se.saw.exceptions.TeachingNotFoundException
3122 [Test worker] INFO org.springframework.web.servlet.mvc.method.annotation.RequestMappingHandlerMapping - Mapped "{[/teaching/getByIdCourse/{id}],methods=[GET],produces=[application/json]}" onto public java.util.Set<it.unisalento.se.saw.dto.TeachingDTO> it.unisalento.se.saw.restapi.TeachingRestController.getByIdCourse(int) throws it.unisalento.se.saw.exceptions.TeachingNotFoundException
3122 [Test worker] INFO org.springframework.web.servlet.mvc.method.annotation.RequestMappingHandlerMapping - Mapped "{[/teaching/getByNameAndIdProf/{name}_{idProf}],methods=[GET],produces=[application/json]}" onto public it.unisalento.se.saw.dto.TeachingDTO it.unisalento.se.saw.restapi.TeachingRestController.getByNameAndIdProf(java.lang.String,int) throws it.unisalento.se.saw.exceptions.TeachingNotFoundException
3123 [Test worker] INFO org.springframework.web.servlet.mvc.method.annotation.RequestMappingHandlerMapping - Mapped "{[/teaching/getByNameAndIdCourse/{name}_{idCourse}],methods=[GET],produces=[application/json]}" onto public it.unisalento.se.saw.dto.TeachingDTO it.unisalento.se.saw.restapi.TeachingRestController.getByNameAndIdCourse(java.lang.String,int) throws it.unisalento.se.saw.exceptions.TeachingNotFoundException
3123 [Test worker] INFO org.springframework.web.servlet.mvc.method.annotation.RequestMappingHandlerMapping - Mapped "{[/teaching/getByIdProf/{id}],methods=[GET],produces=[application/json]}" onto public java.util.Set<it.unisalento.se.saw.dto.TeachingDTO> it.unisalento.se.saw.restapi.TeachingRestController.getByProf(int) throws it.unisalento.se.saw.exceptions.TeachingNotFoundException
3133 [Test worker] INFO org.springframework.web.servlet.mvc.method.annotation.RequestMappingHandlerAdapter - Looking for @ControllerAdvice: org.springframework.test.web.servlet.setup.StubWebApplicationContext@1fa63908
3137 [Test worker] INFO org.springframework.mock.web.MockServletContext - Initializing Spring FrameworkServlet ''
3137 [Test worker] INFO org.springframework.test.web.servlet.TestDispatcherServlet - FrameworkServlet '': initialization started
3137 [Test worker] INFO org.springframework.test.web.servlet.TestDispatcherServlet - FrameworkServlet '': initialization completed in 0 ms
3166 [Test worker] INFO org.springframework.web.servlet.mvc.method.annotation.RequestMappingHandlerMapping - Mapped "{[/teaching/save],methods=[POST],consumes=[application/json]}" onto public it.unisalento.se.saw.dto.TeachingDTO it.unisalento.se.saw.restapi.TeachingRestController.save(it.unisalento.se.saw.dto.TeachingDTO) throws it.unisalento.se.saw.exceptions.CourseNotFoundException,it.unisalento.se.saw.exceptions.ProfessorNotFoundException
3166 [Test worker] INFO org.springframework.web.servlet.mvc.method.annotation.RequestMappingHandlerMapping - Mapped "{[/teaching/getAll],methods=[GET],produces=[application/json]}" onto public java.util.Set<it.unisalento.se.saw.dto.TeachingDTO> it.unisalento.se.saw.restapi.TeachingRestController.getAll()
3167 [Test worker] INFO org.springframework.web.servlet.mvc.method.annotation.RequestMappingHandlerMapping - Mapped "{[/teaching/getById/{id}],methods=[GET],produces=[application/json]}" onto public it.unisalento.se.saw.dto.TeachingDTO it.unisalento.se.saw.restapi.TeachingRestController.getById(int) throws it.unisalento.se.saw.exceptions.TeachingNotFoundException
3167 [Test worker] INFO org.springframework.web.servlet.mvc.method.annotation.RequestMappingHandlerMapping - Mapped "{[/teaching/getByIdCourse/{id}],methods=[GET],produces=[application/json]}" onto public java.util.Set<it.unisalento.se.saw.dto.TeachingDTO> it.unisalento.se.saw.restapi.TeachingRestController.getByIdCourse(int) throws it.unisalento.se.saw.exceptions.TeachingNotFoundException
3167 [Test worker] INFO org.springframework.web.servlet.mvc.method.annotation.RequestMappingHandlerMapping - Mapped "{[/teaching/getByNameAndIdProf/{name}_{idProf}],methods=[GET],produces=[application/json]}" onto public it.unisalento.se.saw.dto.TeachingDTO it.unisalento.se.saw.restapi.TeachingRestController.getByNameAndIdProf(java.lang.String,int) throws it.unisalento.se.saw.exceptions.TeachingNotFoundException
3167 [Test worker] INFO org.springframework.web.servlet.mvc.method.annotation.RequestMappingHandlerMapping - Mapped "{[/teaching/getByNameAndIdCourse/{name}_{idCourse}],methods=[GET],produces=[application/json]}" onto public it.unisalento.se.saw.dto.TeachingDTO it.unisalento.se.saw.restapi.TeachingRestController.getByNameAndIdCourse(java.lang.String,int) throws it.unisalento.se.saw.exceptions.TeachingNotFoundException
3168 [Test worker] INFO org.springframework.web.servlet.mvc.method.annotation.RequestMappingHandlerMapping - Mapped "{[/teaching/getByIdProf/{id}],methods=[GET],produces=[application/json]}" onto public java.util.Set<it.unisalento.se.saw.dto.TeachingDTO> it.unisalento.se.saw.restapi.TeachingRestController.getByProf(int) throws it.unisalento.se.saw.exceptions.TeachingNotFoundException
3178 [Test worker] INFO org.springframework.web.servlet.mvc.method.annotation.RequestMappingHandlerAdapter - Looking for @ControllerAdvice: org.springframework.test.web.servlet.setup.StubWebApplicationContext@461b3d2a
3182 [Test worker] INFO org.springframework.mock.web.MockServletContext - Initializing Spring FrameworkServlet ''
3183 [Test worker] INFO org.springframework.test.web.servlet.TestDispatcherServlet - FrameworkServlet '': initialization started
3183 [Test worker] INFO org.springframework.test.web.servlet.TestDispatcherServlet - FrameworkServlet '': initialization completed in 0 ms
]]></system-err>
</testsuite>
