<?xml version="1.0" encoding="UTF-8"?>
<testsuite name="it.unisalento.se.saw.restapi.SegnalationStateRestControllerTest" tests="4" skipped="0" failures="0" errors="0" timestamp="2018-09-09T11:32:29" hostname="antonio-pc" time="0.105">
  <properties/>
  <testcase name="saveTest" classname="it.unisalento.se.saw.restapi.SegnalationStateRestControllerTest" time="0.018"/>
  <testcase name="getByIdTest" classname="it.unisalento.se.saw.restapi.SegnalationStateRestControllerTest" time="0.042"/>
  <testcase name="getAllTest" classname="it.unisalento.se.saw.restapi.SegnalationStateRestControllerTest" time="0.023"/>
  <testcase name="getByIdErrorTest" classname="it.unisalento.se.saw.restapi.SegnalationStateRestControllerTest" time="0.019"/>
  <system-out><![CDATA[SegnalationState not found
]]></system-out>
  <system-err><![CDATA[2793 [Test worker] INFO org.springframework.web.servlet.mvc.method.annotation.RequestMappingHandlerMapping - Mapped "{[/segnalationState/getById/{id}],methods=[GET],produces=[application/json]}" onto public it.unisalento.se.saw.dto.SegnalationStateDTO it.unisalento.se.saw.restapi.SegnalationStateRestController.getById(int) throws it.unisalento.se.saw.exceptions.SegnalationStateNotFoundException
2793 [Test worker] INFO org.springframework.web.servlet.mvc.method.annotation.RequestMappingHandlerMapping - Mapped "{[/segnalationState/save],methods=[POST],consumes=[application/json]}" onto public it.unisalento.se.saw.dto.SegnalationStateDTO it.unisalento.se.saw.restapi.SegnalationStateRestController.save(it.unisalento.se.saw.dto.SegnalationStateDTO)
2794 [Test worker] INFO org.springframework.web.servlet.mvc.method.annotation.RequestMappingHandlerMapping - Mapped "{[/segnalationState/getAll],methods=[GET],produces=[application/json]}" onto public java.util.Set<it.unisalento.se.saw.dto.SegnalationStateDTO> it.unisalento.se.saw.restapi.SegnalationStateRestController.getAll()
2799 [Test worker] INFO org.springframework.web.servlet.mvc.method.annotation.RequestMappingHandlerAdapter - Looking for @ControllerAdvice: org.springframework.test.web.servlet.setup.StubWebApplicationContext@1071223a
2802 [Test worker] INFO org.springframework.mock.web.MockServletContext - Initializing Spring FrameworkServlet ''
2802 [Test worker] INFO org.springframework.test.web.servlet.TestDispatcherServlet - FrameworkServlet '': initialization started
2802 [Test worker] INFO org.springframework.test.web.servlet.TestDispatcherServlet - FrameworkServlet '': initialization completed in 0 ms
2812 [Test worker] INFO org.springframework.web.servlet.mvc.method.annotation.RequestMappingHandlerMapping - Mapped "{[/segnalationState/getById/{id}],methods=[GET],produces=[application/json]}" onto public it.unisalento.se.saw.dto.SegnalationStateDTO it.unisalento.se.saw.restapi.SegnalationStateRestController.getById(int) throws it.unisalento.se.saw.exceptions.SegnalationStateNotFoundException
2832 [Test worker] INFO org.springframework.web.servlet.mvc.method.annotation.RequestMappingHandlerMapping - Mapped "{[/segnalationState/save],methods=[POST],consumes=[application/json]}" onto public it.unisalento.se.saw.dto.SegnalationStateDTO it.unisalento.se.saw.restapi.SegnalationStateRestController.save(it.unisalento.se.saw.dto.SegnalationStateDTO)
2832 [Test worker] INFO org.springframework.web.servlet.mvc.method.annotation.RequestMappingHandlerMapping - Mapped "{[/segnalationState/getAll],methods=[GET],produces=[application/json]}" onto public java.util.Set<it.unisalento.se.saw.dto.SegnalationStateDTO> it.unisalento.se.saw.restapi.SegnalationStateRestController.getAll()
2838 [Test worker] INFO org.springframework.web.servlet.mvc.method.annotation.RequestMappingHandlerAdapter - Looking for @ControllerAdvice: org.springframework.test.web.servlet.setup.StubWebApplicationContext@1f5c42c5
2845 [Test worker] INFO org.springframework.mock.web.MockServletContext - Initializing Spring FrameworkServlet ''
2845 [Test worker] INFO org.springframework.test.web.servlet.TestDispatcherServlet - FrameworkServlet '': initialization started
2845 [Test worker] INFO org.springframework.test.web.servlet.TestDispatcherServlet - FrameworkServlet '': initialization completed in 0 ms
2857 [Test worker] INFO org.springframework.web.servlet.mvc.method.annotation.RequestMappingHandlerMapping - Mapped "{[/segnalationState/getById/{id}],methods=[GET],produces=[application/json]}" onto public it.unisalento.se.saw.dto.SegnalationStateDTO it.unisalento.se.saw.restapi.SegnalationStateRestController.getById(int) throws it.unisalento.se.saw.exceptions.SegnalationStateNotFoundException
2857 [Test worker] INFO org.springframework.web.servlet.mvc.method.annotation.RequestMappingHandlerMapping - Mapped "{[/segnalationState/save],methods=[POST],consumes=[application/json]}" onto public it.unisalento.se.saw.dto.SegnalationStateDTO it.unisalento.se.saw.restapi.SegnalationStateRestController.save(it.unisalento.se.saw.dto.SegnalationStateDTO)
2859 [Test worker] INFO org.springframework.web.servlet.mvc.method.annotation.RequestMappingHandlerMapping - Mapped "{[/segnalationState/getAll],methods=[GET],produces=[application/json]}" onto public java.util.Set<it.unisalento.se.saw.dto.SegnalationStateDTO> it.unisalento.se.saw.restapi.SegnalationStateRestController.getAll()
2866 [Test worker] INFO org.springframework.web.servlet.mvc.method.annotation.RequestMappingHandlerAdapter - Looking for @ControllerAdvice: org.springframework.test.web.servlet.setup.StubWebApplicationContext@77dd2d49
2870 [Test worker] INFO org.springframework.mock.web.MockServletContext - Initializing Spring FrameworkServlet ''
2870 [Test worker] INFO org.springframework.test.web.servlet.TestDispatcherServlet - FrameworkServlet '': initialization started
2871 [Test worker] INFO org.springframework.test.web.servlet.TestDispatcherServlet - FrameworkServlet '': initialization completed in 1 ms
2880 [Test worker] INFO org.springframework.web.servlet.mvc.method.annotation.RequestMappingHandlerMapping - Mapped "{[/segnalationState/getById/{id}],methods=[GET],produces=[application/json]}" onto public it.unisalento.se.saw.dto.SegnalationStateDTO it.unisalento.se.saw.restapi.SegnalationStateRestController.getById(int) throws it.unisalento.se.saw.exceptions.SegnalationStateNotFoundException
2881 [Test worker] INFO org.springframework.web.servlet.mvc.method.annotation.RequestMappingHandlerMapping - Mapped "{[/segnalationState/save],methods=[POST],consumes=[application/json]}" onto public it.unisalento.se.saw.dto.SegnalationStateDTO it.unisalento.se.saw.restapi.SegnalationStateRestController.save(it.unisalento.se.saw.dto.SegnalationStateDTO)
2881 [Test worker] INFO org.springframework.web.servlet.mvc.method.annotation.RequestMappingHandlerMapping - Mapped "{[/segnalationState/getAll],methods=[GET],produces=[application/json]}" onto public java.util.Set<it.unisalento.se.saw.dto.SegnalationStateDTO> it.unisalento.se.saw.restapi.SegnalationStateRestController.getAll()
2887 [Test worker] INFO org.springframework.web.servlet.mvc.method.annotation.RequestMappingHandlerAdapter - Looking for @ControllerAdvice: org.springframework.test.web.servlet.setup.StubWebApplicationContext@3d7ba8ff
2889 [Test worker] INFO org.springframework.mock.web.MockServletContext - Initializing Spring FrameworkServlet ''
2889 [Test worker] INFO org.springframework.test.web.servlet.TestDispatcherServlet - FrameworkServlet '': initialization started
2889 [Test worker] INFO org.springframework.test.web.servlet.TestDispatcherServlet - FrameworkServlet '': initialization completed in 0 ms
]]></system-err>
</testsuite>
