<?xml version="1.0" encoding="UTF-8"?>
<testsuite name="it.unisalento.se.saw.restapi.ReviewRestControllerTest" tests="6" skipped="0" failures="0" errors="0" timestamp="2018-09-09T08:46:50" hostname="antonio-pc" time="0.182">
  <properties/>
  <testcase name="saveTest" classname="it.unisalento.se.saw.restapi.ReviewRestControllerTest" time="0.024"/>
  <testcase name="getByIdMaterialTest" classname="it.unisalento.se.saw.restapi.ReviewRestControllerTest" time="0.019"/>
  <testcase name="getByIdLessonTest" classname="it.unisalento.se.saw.restapi.ReviewRestControllerTest" time="0.022"/>
  <testcase name="getByIdTest" classname="it.unisalento.se.saw.restapi.ReviewRestControllerTest" time="0.033"/>
  <testcase name="getByIdStudentAndIdMaterialTest" classname="it.unisalento.se.saw.restapi.ReviewRestControllerTest" time="0.026"/>
  <testcase name="getByIdStudentAndIdLessonTest" classname="it.unisalento.se.saw.restapi.ReviewRestControllerTest" time="0.049"/>
  <system-out><![CDATA[]]></system-out>
  <system-err><![CDATA[1883 [Test worker] INFO org.springframework.web.servlet.mvc.method.annotation.RequestMappingHandlerMapping - Mapped "{[/review/getById/{id}],methods=[GET],produces=[application/json]}" onto public it.unisalento.se.saw.dto.ReviewDTO it.unisalento.se.saw.restapi.ReviewRestController.getById(int) throws it.unisalento.se.saw.exceptions.ReviewNotFoundException
1884 [Test worker] INFO org.springframework.web.servlet.mvc.method.annotation.RequestMappingHandlerMapping - Mapped "{[/review/getByIdLesson/{idLesson}],methods=[GET],produces=[application/json]}" onto public java.util.Set<it.unisalento.se.saw.dto.ReviewDTO> it.unisalento.se.saw.restapi.ReviewRestController.getByIdLesson(int) throws it.unisalento.se.saw.exceptions.ReviewNotFoundException
1884 [Test worker] INFO org.springframework.web.servlet.mvc.method.annotation.RequestMappingHandlerMapping - Mapped "{[/review/getByIdStudentAndIdLesson/{idStudent}_{idLesson}],methods=[GET],produces=[application/json]}" onto public it.unisalento.se.saw.dto.ReviewDTO it.unisalento.se.saw.restapi.ReviewRestController.getByIdStudentAndIdLesson(int,int) throws it.unisalento.se.saw.exceptions.ReviewNotFoundException
1886 [Test worker] INFO org.springframework.web.servlet.mvc.method.annotation.RequestMappingHandlerMapping - Mapped "{[/review/getByIdMaterial/{idMaterial}],methods=[GET],produces=[application/json]}" onto public java.util.Set<it.unisalento.se.saw.dto.ReviewDTO> it.unisalento.se.saw.restapi.ReviewRestController.getByIdMaterial(int) throws it.unisalento.se.saw.exceptions.ReviewNotFoundException
1886 [Test worker] INFO org.springframework.web.servlet.mvc.method.annotation.RequestMappingHandlerMapping - Mapped "{[/review/getByIdStudentAndIdMaterial/{idStudent}_{idMaterial}],methods=[GET],produces=[application/json]}" onto public it.unisalento.se.saw.dto.ReviewDTO it.unisalento.se.saw.restapi.ReviewRestController.getByIdStudentAndIdMaterial(int,int) throws it.unisalento.se.saw.exceptions.ReviewNotFoundException
1887 [Test worker] INFO org.springframework.web.servlet.mvc.method.annotation.RequestMappingHandlerMapping - Mapped "{[/review/save],methods=[POST],consumes=[application/json]}" onto public it.unisalento.se.saw.dto.ReviewDTO it.unisalento.se.saw.restapi.ReviewRestController.save(it.unisalento.se.saw.dto.ReviewDTO) throws it.unisalento.se.saw.exceptions.StudentNotFoundException,it.unisalento.se.saw.exceptions.ReviewTypeNotFoundException
1893 [Test worker] INFO org.springframework.web.servlet.mvc.method.annotation.RequestMappingHandlerAdapter - Looking for @ControllerAdvice: org.springframework.test.web.servlet.setup.StubWebApplicationContext@43a18005
1895 [Test worker] INFO org.springframework.mock.web.MockServletContext - Initializing Spring FrameworkServlet ''
1896 [Test worker] INFO org.springframework.test.web.servlet.TestDispatcherServlet - FrameworkServlet '': initialization started
1896 [Test worker] INFO org.springframework.test.web.servlet.TestDispatcherServlet - FrameworkServlet '': initialization completed in 0 ms
1908 [Test worker] INFO org.springframework.web.servlet.mvc.method.annotation.RequestMappingHandlerMapping - Mapped "{[/review/getById/{id}],methods=[GET],produces=[application/json]}" onto public it.unisalento.se.saw.dto.ReviewDTO it.unisalento.se.saw.restapi.ReviewRestController.getById(int) throws it.unisalento.se.saw.exceptions.ReviewNotFoundException
1909 [Test worker] INFO org.springframework.web.servlet.mvc.method.annotation.RequestMappingHandlerMapping - Mapped "{[/review/getByIdLesson/{idLesson}],methods=[GET],produces=[application/json]}" onto public java.util.Set<it.unisalento.se.saw.dto.ReviewDTO> it.unisalento.se.saw.restapi.ReviewRestController.getByIdLesson(int) throws it.unisalento.se.saw.exceptions.ReviewNotFoundException
1909 [Test worker] INFO org.springframework.web.servlet.mvc.method.annotation.RequestMappingHandlerMapping - Mapped "{[/review/getByIdStudentAndIdLesson/{idStudent}_{idLesson}],methods=[GET],produces=[application/json]}" onto public it.unisalento.se.saw.dto.ReviewDTO it.unisalento.se.saw.restapi.ReviewRestController.getByIdStudentAndIdLesson(int,int) throws it.unisalento.se.saw.exceptions.ReviewNotFoundException
1909 [Test worker] INFO org.springframework.web.servlet.mvc.method.annotation.RequestMappingHandlerMapping - Mapped "{[/review/getByIdMaterial/{idMaterial}],methods=[GET],produces=[application/json]}" onto public java.util.Set<it.unisalento.se.saw.dto.ReviewDTO> it.unisalento.se.saw.restapi.ReviewRestController.getByIdMaterial(int) throws it.unisalento.se.saw.exceptions.ReviewNotFoundException
1909 [Test worker] INFO org.springframework.web.servlet.mvc.method.annotation.RequestMappingHandlerMapping - Mapped "{[/review/getByIdStudentAndIdMaterial/{idStudent}_{idMaterial}],methods=[GET],produces=[application/json]}" onto public it.unisalento.se.saw.dto.ReviewDTO it.unisalento.se.saw.restapi.ReviewRestController.getByIdStudentAndIdMaterial(int,int) throws it.unisalento.se.saw.exceptions.ReviewNotFoundException
1910 [Test worker] INFO org.springframework.web.servlet.mvc.method.annotation.RequestMappingHandlerMapping - Mapped "{[/review/save],methods=[POST],consumes=[application/json]}" onto public it.unisalento.se.saw.dto.ReviewDTO it.unisalento.se.saw.restapi.ReviewRestController.save(it.unisalento.se.saw.dto.ReviewDTO) throws it.unisalento.se.saw.exceptions.StudentNotFoundException,it.unisalento.se.saw.exceptions.ReviewTypeNotFoundException
1916 [Test worker] INFO org.springframework.web.servlet.mvc.method.annotation.RequestMappingHandlerAdapter - Looking for @ControllerAdvice: org.springframework.test.web.servlet.setup.StubWebApplicationContext@63fd433a
1918 [Test worker] INFO org.springframework.mock.web.MockServletContext - Initializing Spring FrameworkServlet ''
1918 [Test worker] INFO org.springframework.test.web.servlet.TestDispatcherServlet - FrameworkServlet '': initialization started
1918 [Test worker] INFO org.springframework.test.web.servlet.TestDispatcherServlet - FrameworkServlet '': initialization completed in 0 ms
1928 [Test worker] INFO org.springframework.web.servlet.mvc.method.annotation.RequestMappingHandlerMapping - Mapped "{[/review/getById/{id}],methods=[GET],produces=[application/json]}" onto public it.unisalento.se.saw.dto.ReviewDTO it.unisalento.se.saw.restapi.ReviewRestController.getById(int) throws it.unisalento.se.saw.exceptions.ReviewNotFoundException
1928 [Test worker] INFO org.springframework.web.servlet.mvc.method.annotation.RequestMappingHandlerMapping - Mapped "{[/review/getByIdLesson/{idLesson}],methods=[GET],produces=[application/json]}" onto public java.util.Set<it.unisalento.se.saw.dto.ReviewDTO> it.unisalento.se.saw.restapi.ReviewRestController.getByIdLesson(int) throws it.unisalento.se.saw.exceptions.ReviewNotFoundException
1928 [Test worker] INFO org.springframework.web.servlet.mvc.method.annotation.RequestMappingHandlerMapping - Mapped "{[/review/getByIdStudentAndIdLesson/{idStudent}_{idLesson}],methods=[GET],produces=[application/json]}" onto public it.unisalento.se.saw.dto.ReviewDTO it.unisalento.se.saw.restapi.ReviewRestController.getByIdStudentAndIdLesson(int,int) throws it.unisalento.se.saw.exceptions.ReviewNotFoundException
1928 [Test worker] INFO org.springframework.web.servlet.mvc.method.annotation.RequestMappingHandlerMapping - Mapped "{[/review/getByIdMaterial/{idMaterial}],methods=[GET],produces=[application/json]}" onto public java.util.Set<it.unisalento.se.saw.dto.ReviewDTO> it.unisalento.se.saw.restapi.ReviewRestController.getByIdMaterial(int) throws it.unisalento.se.saw.exceptions.ReviewNotFoundException
1928 [Test worker] INFO org.springframework.web.servlet.mvc.method.annotation.RequestMappingHandlerMapping - Mapped "{[/review/getByIdStudentAndIdMaterial/{idStudent}_{idMaterial}],methods=[GET],produces=[application/json]}" onto public it.unisalento.se.saw.dto.ReviewDTO it.unisalento.se.saw.restapi.ReviewRestController.getByIdStudentAndIdMaterial(int,int) throws it.unisalento.se.saw.exceptions.ReviewNotFoundException
1929 [Test worker] INFO org.springframework.web.servlet.mvc.method.annotation.RequestMappingHandlerMapping - Mapped "{[/review/save],methods=[POST],consumes=[application/json]}" onto public it.unisalento.se.saw.dto.ReviewDTO it.unisalento.se.saw.restapi.ReviewRestController.save(it.unisalento.se.saw.dto.ReviewDTO) throws it.unisalento.se.saw.exceptions.StudentNotFoundException,it.unisalento.se.saw.exceptions.ReviewTypeNotFoundException
1933 [Test worker] INFO org.springframework.web.servlet.mvc.method.annotation.RequestMappingHandlerAdapter - Looking for @ControllerAdvice: org.springframework.test.web.servlet.setup.StubWebApplicationContext@598d1546
1935 [Test worker] INFO org.springframework.mock.web.MockServletContext - Initializing Spring FrameworkServlet ''
1935 [Test worker] INFO org.springframework.test.web.servlet.TestDispatcherServlet - FrameworkServlet '': initialization started
1935 [Test worker] INFO org.springframework.test.web.servlet.TestDispatcherServlet - FrameworkServlet '': initialization completed in 0 ms
1952 [Test worker] INFO org.springframework.web.servlet.mvc.method.annotation.RequestMappingHandlerMapping - Mapped "{[/review/getById/{id}],methods=[GET],produces=[application/json]}" onto public it.unisalento.se.saw.dto.ReviewDTO it.unisalento.se.saw.restapi.ReviewRestController.getById(int) throws it.unisalento.se.saw.exceptions.ReviewNotFoundException
1956 [Test worker] INFO org.springframework.web.servlet.mvc.method.annotation.RequestMappingHandlerMapping - Mapped "{[/review/getByIdLesson/{idLesson}],methods=[GET],produces=[application/json]}" onto public java.util.Set<it.unisalento.se.saw.dto.ReviewDTO> it.unisalento.se.saw.restapi.ReviewRestController.getByIdLesson(int) throws it.unisalento.se.saw.exceptions.ReviewNotFoundException
1957 [Test worker] INFO org.springframework.web.servlet.mvc.method.annotation.RequestMappingHandlerMapping - Mapped "{[/review/getByIdStudentAndIdLesson/{idStudent}_{idLesson}],methods=[GET],produces=[application/json]}" onto public it.unisalento.se.saw.dto.ReviewDTO it.unisalento.se.saw.restapi.ReviewRestController.getByIdStudentAndIdLesson(int,int) throws it.unisalento.se.saw.exceptions.ReviewNotFoundException
1957 [Test worker] INFO org.springframework.web.servlet.mvc.method.annotation.RequestMappingHandlerMapping - Mapped "{[/review/getByIdMaterial/{idMaterial}],methods=[GET],produces=[application/json]}" onto public java.util.Set<it.unisalento.se.saw.dto.ReviewDTO> it.unisalento.se.saw.restapi.ReviewRestController.getByIdMaterial(int) throws it.unisalento.se.saw.exceptions.ReviewNotFoundException
1957 [Test worker] INFO org.springframework.web.servlet.mvc.method.annotation.RequestMappingHandlerMapping - Mapped "{[/review/getByIdStudentAndIdMaterial/{idStudent}_{idMaterial}],methods=[GET],produces=[application/json]}" onto public it.unisalento.se.saw.dto.ReviewDTO it.unisalento.se.saw.restapi.ReviewRestController.getByIdStudentAndIdMaterial(int,int) throws it.unisalento.se.saw.exceptions.ReviewNotFoundException
1958 [Test worker] INFO org.springframework.web.servlet.mvc.method.annotation.RequestMappingHandlerMapping - Mapped "{[/review/save],methods=[POST],consumes=[application/json]}" onto public it.unisalento.se.saw.dto.ReviewDTO it.unisalento.se.saw.restapi.ReviewRestController.save(it.unisalento.se.saw.dto.ReviewDTO) throws it.unisalento.se.saw.exceptions.StudentNotFoundException,it.unisalento.se.saw.exceptions.ReviewTypeNotFoundException
1964 [Test worker] INFO org.springframework.web.servlet.mvc.method.annotation.RequestMappingHandlerAdapter - Looking for @ControllerAdvice: org.springframework.test.web.servlet.setup.StubWebApplicationContext@4e63daa2
1966 [Test worker] INFO org.springframework.mock.web.MockServletContext - Initializing Spring FrameworkServlet ''
1967 [Test worker] INFO org.springframework.test.web.servlet.TestDispatcherServlet - FrameworkServlet '': initialization started
1967 [Test worker] INFO org.springframework.test.web.servlet.TestDispatcherServlet - FrameworkServlet '': initialization completed in 0 ms
1986 [Test worker] INFO org.springframework.web.servlet.mvc.method.annotation.RequestMappingHandlerMapping - Mapped "{[/review/getById/{id}],methods=[GET],produces=[application/json]}" onto public it.unisalento.se.saw.dto.ReviewDTO it.unisalento.se.saw.restapi.ReviewRestController.getById(int) throws it.unisalento.se.saw.exceptions.ReviewNotFoundException
1987 [Test worker] INFO org.springframework.web.servlet.mvc.method.annotation.RequestMappingHandlerMapping - Mapped "{[/review/getByIdLesson/{idLesson}],methods=[GET],produces=[application/json]}" onto public java.util.Set<it.unisalento.se.saw.dto.ReviewDTO> it.unisalento.se.saw.restapi.ReviewRestController.getByIdLesson(int) throws it.unisalento.se.saw.exceptions.ReviewNotFoundException
1987 [Test worker] INFO org.springframework.web.servlet.mvc.method.annotation.RequestMappingHandlerMapping - Mapped "{[/review/getByIdStudentAndIdLesson/{idStudent}_{idLesson}],methods=[GET],produces=[application/json]}" onto public it.unisalento.se.saw.dto.ReviewDTO it.unisalento.se.saw.restapi.ReviewRestController.getByIdStudentAndIdLesson(int,int) throws it.unisalento.se.saw.exceptions.ReviewNotFoundException
1987 [Test worker] INFO org.springframework.web.servlet.mvc.method.annotation.RequestMappingHandlerMapping - Mapped "{[/review/getByIdMaterial/{idMaterial}],methods=[GET],produces=[application/json]}" onto public java.util.Set<it.unisalento.se.saw.dto.ReviewDTO> it.unisalento.se.saw.restapi.ReviewRestController.getByIdMaterial(int) throws it.unisalento.se.saw.exceptions.ReviewNotFoundException
1987 [Test worker] INFO org.springframework.web.servlet.mvc.method.annotation.RequestMappingHandlerMapping - Mapped "{[/review/getByIdStudentAndIdMaterial/{idStudent}_{idMaterial}],methods=[GET],produces=[application/json]}" onto public it.unisalento.se.saw.dto.ReviewDTO it.unisalento.se.saw.restapi.ReviewRestController.getByIdStudentAndIdMaterial(int,int) throws it.unisalento.se.saw.exceptions.ReviewNotFoundException
1987 [Test worker] INFO org.springframework.web.servlet.mvc.method.annotation.RequestMappingHandlerMapping - Mapped "{[/review/save],methods=[POST],consumes=[application/json]}" onto public it.unisalento.se.saw.dto.ReviewDTO it.unisalento.se.saw.restapi.ReviewRestController.save(it.unisalento.se.saw.dto.ReviewDTO) throws it.unisalento.se.saw.exceptions.StudentNotFoundException,it.unisalento.se.saw.exceptions.ReviewTypeNotFoundException
1993 [Test worker] INFO org.springframework.web.servlet.mvc.method.annotation.RequestMappingHandlerAdapter - Looking for @ControllerAdvice: org.springframework.test.web.servlet.setup.StubWebApplicationContext@93597cb
2002 [Test worker] INFO org.springframework.mock.web.MockServletContext - Initializing Spring FrameworkServlet ''
2003 [Test worker] INFO org.springframework.test.web.servlet.TestDispatcherServlet - FrameworkServlet '': initialization started
2004 [Test worker] INFO org.springframework.test.web.servlet.TestDispatcherServlet - FrameworkServlet '': initialization completed in 1 ms
2019 [Test worker] INFO org.springframework.web.servlet.mvc.method.annotation.RequestMappingHandlerMapping - Mapped "{[/review/getById/{id}],methods=[GET],produces=[application/json]}" onto public it.unisalento.se.saw.dto.ReviewDTO it.unisalento.se.saw.restapi.ReviewRestController.getById(int) throws it.unisalento.se.saw.exceptions.ReviewNotFoundException
2020 [Test worker] INFO org.springframework.web.servlet.mvc.method.annotation.RequestMappingHandlerMapping - Mapped "{[/review/getByIdLesson/{idLesson}],methods=[GET],produces=[application/json]}" onto public java.util.Set<it.unisalento.se.saw.dto.ReviewDTO> it.unisalento.se.saw.restapi.ReviewRestController.getByIdLesson(int) throws it.unisalento.se.saw.exceptions.ReviewNotFoundException
2021 [Test worker] INFO org.springframework.web.servlet.mvc.method.annotation.RequestMappingHandlerMapping - Mapped "{[/review/getByIdStudentAndIdLesson/{idStudent}_{idLesson}],methods=[GET],produces=[application/json]}" onto public it.unisalento.se.saw.dto.ReviewDTO it.unisalento.se.saw.restapi.ReviewRestController.getByIdStudentAndIdLesson(int,int) throws it.unisalento.se.saw.exceptions.ReviewNotFoundException
2022 [Test worker] INFO org.springframework.web.servlet.mvc.method.annotation.RequestMappingHandlerMapping - Mapped "{[/review/getByIdMaterial/{idMaterial}],methods=[GET],produces=[application/json]}" onto public java.util.Set<it.unisalento.se.saw.dto.ReviewDTO> it.unisalento.se.saw.restapi.ReviewRestController.getByIdMaterial(int) throws it.unisalento.se.saw.exceptions.ReviewNotFoundException
2023 [Test worker] INFO org.springframework.web.servlet.mvc.method.annotation.RequestMappingHandlerMapping - Mapped "{[/review/getByIdStudentAndIdMaterial/{idStudent}_{idMaterial}],methods=[GET],produces=[application/json]}" onto public it.unisalento.se.saw.dto.ReviewDTO it.unisalento.se.saw.restapi.ReviewRestController.getByIdStudentAndIdMaterial(int,int) throws it.unisalento.se.saw.exceptions.ReviewNotFoundException
2035 [Test worker] INFO org.springframework.web.servlet.mvc.method.annotation.RequestMappingHandlerMapping - Mapped "{[/review/save],methods=[POST],consumes=[application/json]}" onto public it.unisalento.se.saw.dto.ReviewDTO it.unisalento.se.saw.restapi.ReviewRestController.save(it.unisalento.se.saw.dto.ReviewDTO) throws it.unisalento.se.saw.exceptions.StudentNotFoundException,it.unisalento.se.saw.exceptions.ReviewTypeNotFoundException
2042 [Test worker] INFO org.springframework.web.servlet.mvc.method.annotation.RequestMappingHandlerAdapter - Looking for @ControllerAdvice: org.springframework.test.web.servlet.setup.StubWebApplicationContext@33ff4d6b
2048 [Test worker] INFO org.springframework.mock.web.MockServletContext - Initializing Spring FrameworkServlet ''
2048 [Test worker] INFO org.springframework.test.web.servlet.TestDispatcherServlet - FrameworkServlet '': initialization started
2048 [Test worker] INFO org.springframework.test.web.servlet.TestDispatcherServlet - FrameworkServlet '': initialization completed in 0 ms
]]></system-err>
</testsuite>
