<?xml version="1.0" encoding="UTF-8"?>
<testsuite name="it.unisalento.se.saw.restapi.UserRestControllerTest" tests="4" skipped="0" failures="0" errors="0" timestamp="2018-08-31T15:42:52" hostname="DESKTOP-TUGA85P" time="1.068">
  <properties/>
  <testcase name="addToken" classname="it.unisalento.se.saw.restapi.UserRestControllerTest" time="0.852"/>
  <testcase name="getAllUser" classname="it.unisalento.se.saw.restapi.UserRestControllerTest" time="0.049"/>
  <testcase name="findUserByIdTest" classname="it.unisalento.se.saw.restapi.UserRestControllerTest" time="0.071"/>
  <testcase name="getStudentByUid" classname="it.unisalento.se.saw.restapi.UserRestControllerTest" time="0.089"/>
  <system-out><![CDATA[]]></system-out>
  <system-err><![CDATA[242 [Test worker] INFO org.springframework.web.servlet.mvc.method.annotation.RequestMappingHandlerMapping - Mapped "{[/user/getAll],methods=[GET],produces=[application/json]}" onto public java.util.Set<it.unisalento.se.saw.dto.UserDTO> it.unisalento.se.saw.restapi.UserRestController.getAll()
249 [Test worker] INFO org.springframework.web.servlet.mvc.method.annotation.RequestMappingHandlerMapping - Mapped "{[/user/getById/{id}],methods=[GET],produces=[application/json]}" onto public it.unisalento.se.saw.dto.UserDTO it.unisalento.se.saw.restapi.UserRestController.getById(int) throws it.unisalento.se.saw.exceptions.UserNotFoundException
250 [Test worker] INFO org.springframework.web.servlet.mvc.method.annotation.RequestMappingHandlerMapping - Mapped "{[/user/addFcmToken],methods=[POST],produces=[application/json]}" onto public it.unisalento.se.saw.dto.TokenDTO it.unisalento.se.saw.restapi.UserRestController.addFcmToken(it.unisalento.se.saw.dto.TokenDTO)
251 [Test worker] INFO org.springframework.web.servlet.mvc.method.annotation.RequestMappingHandlerMapping - Mapped "{[/user/getByUid/{uid}],methods=[GET],produces=[application/json]}" onto public java.lang.Object it.unisalento.se.saw.restapi.UserRestController.getByUid(java.lang.String) throws it.unisalento.se.saw.exceptions.UserNotFoundException,it.unisalento.se.saw.exceptions.StudentNotFoundException,it.unisalento.se.saw.exceptions.ProfessorNotFoundException,it.unisalento.se.saw.exceptions.SecretaryNotFoundException
252 [Test worker] INFO org.springframework.web.servlet.mvc.method.annotation.RequestMappingHandlerMapping - Mapped "{[/user/save],methods=[POST],consumes=[application/json]}" onto public it.unisalento.se.saw.domain.User it.unisalento.se.saw.restapi.UserRestController.post(it.unisalento.se.saw.dto.UserDTO)
455 [Test worker] INFO org.springframework.web.servlet.mvc.method.annotation.RequestMappingHandlerAdapter - Looking for @ControllerAdvice: org.springframework.test.web.servlet.setup.StubWebApplicationContext@35c6c05b
507 [Test worker] INFO org.springframework.mock.web.MockServletContext - Initializing Spring FrameworkServlet ''
507 [Test worker] INFO org.springframework.test.web.servlet.TestDispatcherServlet - FrameworkServlet '': initialization started
510 [Test worker] INFO org.springframework.test.web.servlet.TestDispatcherServlet - FrameworkServlet '': initialization completed in 3 ms
800 [Test worker] INFO org.springframework.web.servlet.mvc.method.annotation.RequestMappingHandlerMapping - Mapped "{[/user/getAll],methods=[GET],produces=[application/json]}" onto public java.util.Set<it.unisalento.se.saw.dto.UserDTO> it.unisalento.se.saw.restapi.UserRestController.getAll()
800 [Test worker] INFO org.springframework.web.servlet.mvc.method.annotation.RequestMappingHandlerMapping - Mapped "{[/user/getById/{id}],methods=[GET],produces=[application/json]}" onto public it.unisalento.se.saw.dto.UserDTO it.unisalento.se.saw.restapi.UserRestController.getById(int) throws it.unisalento.se.saw.exceptions.UserNotFoundException
800 [Test worker] INFO org.springframework.web.servlet.mvc.method.annotation.RequestMappingHandlerMapping - Mapped "{[/user/addFcmToken],methods=[POST],produces=[application/json]}" onto public it.unisalento.se.saw.dto.TokenDTO it.unisalento.se.saw.restapi.UserRestController.addFcmToken(it.unisalento.se.saw.dto.TokenDTO)
801 [Test worker] INFO org.springframework.web.servlet.mvc.method.annotation.RequestMappingHandlerMapping - Mapped "{[/user/getByUid/{uid}],methods=[GET],produces=[application/json]}" onto public java.lang.Object it.unisalento.se.saw.restapi.UserRestController.getByUid(java.lang.String) throws it.unisalento.se.saw.exceptions.UserNotFoundException,it.unisalento.se.saw.exceptions.StudentNotFoundException,it.unisalento.se.saw.exceptions.ProfessorNotFoundException,it.unisalento.se.saw.exceptions.SecretaryNotFoundException
801 [Test worker] INFO org.springframework.web.servlet.mvc.method.annotation.RequestMappingHandlerMapping - Mapped "{[/user/save],methods=[POST],consumes=[application/json]}" onto public it.unisalento.se.saw.domain.User it.unisalento.se.saw.restapi.UserRestController.post(it.unisalento.se.saw.dto.UserDTO)
818 [Test worker] INFO org.springframework.web.servlet.mvc.method.annotation.RequestMappingHandlerAdapter - Looking for @ControllerAdvice: org.springframework.test.web.servlet.setup.StubWebApplicationContext@27e83257
823 [Test worker] INFO org.springframework.mock.web.MockServletContext - Initializing Spring FrameworkServlet ''
824 [Test worker] INFO org.springframework.test.web.servlet.TestDispatcherServlet - FrameworkServlet '': initialization started
825 [Test worker] INFO org.springframework.test.web.servlet.TestDispatcherServlet - FrameworkServlet '': initialization completed in 1 ms
851 [Test worker] INFO org.springframework.web.servlet.mvc.method.annotation.RequestMappingHandlerMapping - Mapped "{[/user/getAll],methods=[GET],produces=[application/json]}" onto public java.util.Set<it.unisalento.se.saw.dto.UserDTO> it.unisalento.se.saw.restapi.UserRestController.getAll()
853 [Test worker] INFO org.springframework.web.servlet.mvc.method.annotation.RequestMappingHandlerMapping - Mapped "{[/user/getById/{id}],methods=[GET],produces=[application/json]}" onto public it.unisalento.se.saw.dto.UserDTO it.unisalento.se.saw.restapi.UserRestController.getById(int) throws it.unisalento.se.saw.exceptions.UserNotFoundException
855 [Test worker] INFO org.springframework.web.servlet.mvc.method.annotation.RequestMappingHandlerMapping - Mapped "{[/user/addFcmToken],methods=[POST],produces=[application/json]}" onto public it.unisalento.se.saw.dto.TokenDTO it.unisalento.se.saw.restapi.UserRestController.addFcmToken(it.unisalento.se.saw.dto.TokenDTO)
856 [Test worker] INFO org.springframework.web.servlet.mvc.method.annotation.RequestMappingHandlerMapping - Mapped "{[/user/getByUid/{uid}],methods=[GET],produces=[application/json]}" onto public java.lang.Object it.unisalento.se.saw.restapi.UserRestController.getByUid(java.lang.String) throws it.unisalento.se.saw.exceptions.UserNotFoundException,it.unisalento.se.saw.exceptions.StudentNotFoundException,it.unisalento.se.saw.exceptions.ProfessorNotFoundException,it.unisalento.se.saw.exceptions.SecretaryNotFoundException
856 [Test worker] INFO org.springframework.web.servlet.mvc.method.annotation.RequestMappingHandlerMapping - Mapped "{[/user/save],methods=[POST],consumes=[application/json]}" onto public it.unisalento.se.saw.domain.User it.unisalento.se.saw.restapi.UserRestController.post(it.unisalento.se.saw.dto.UserDTO)
867 [Test worker] INFO org.springframework.web.servlet.mvc.method.annotation.RequestMappingHandlerAdapter - Looking for @ControllerAdvice: org.springframework.test.web.servlet.setup.StubWebApplicationContext@47e8e171
885 [Test worker] INFO org.springframework.mock.web.MockServletContext - Initializing Spring FrameworkServlet ''
886 [Test worker] INFO org.springframework.test.web.servlet.TestDispatcherServlet - FrameworkServlet '': initialization started
888 [Test worker] INFO org.springframework.test.web.servlet.TestDispatcherServlet - FrameworkServlet '': initialization completed in 1 ms
942 [Test worker] INFO org.springframework.web.servlet.mvc.method.annotation.RequestMappingHandlerMapping - Mapped "{[/user/getAll],methods=[GET],produces=[application/json]}" onto public java.util.Set<it.unisalento.se.saw.dto.UserDTO> it.unisalento.se.saw.restapi.UserRestController.getAll()
943 [Test worker] INFO org.springframework.web.servlet.mvc.method.annotation.RequestMappingHandlerMapping - Mapped "{[/user/getById/{id}],methods=[GET],produces=[application/json]}" onto public it.unisalento.se.saw.dto.UserDTO it.unisalento.se.saw.restapi.UserRestController.getById(int) throws it.unisalento.se.saw.exceptions.UserNotFoundException
947 [Test worker] INFO org.springframework.web.servlet.mvc.method.annotation.RequestMappingHandlerMapping - Mapped "{[/user/addFcmToken],methods=[POST],produces=[application/json]}" onto public it.unisalento.se.saw.dto.TokenDTO it.unisalento.se.saw.restapi.UserRestController.addFcmToken(it.unisalento.se.saw.dto.TokenDTO)
948 [Test worker] INFO org.springframework.web.servlet.mvc.method.annotation.RequestMappingHandlerMapping - Mapped "{[/user/getByUid/{uid}],methods=[GET],produces=[application/json]}" onto public java.lang.Object it.unisalento.se.saw.restapi.UserRestController.getByUid(java.lang.String) throws it.unisalento.se.saw.exceptions.UserNotFoundException,it.unisalento.se.saw.exceptions.StudentNotFoundException,it.unisalento.se.saw.exceptions.ProfessorNotFoundException,it.unisalento.se.saw.exceptions.SecretaryNotFoundException
968 [Test worker] INFO org.springframework.web.servlet.mvc.method.annotation.RequestMappingHandlerMapping - Mapped "{[/user/save],methods=[POST],consumes=[application/json]}" onto public it.unisalento.se.saw.domain.User it.unisalento.se.saw.restapi.UserRestController.post(it.unisalento.se.saw.dto.UserDTO)
983 [Test worker] INFO org.springframework.web.servlet.mvc.method.annotation.RequestMappingHandlerAdapter - Looking for @ControllerAdvice: org.springframework.test.web.servlet.setup.StubWebApplicationContext@63141a68
992 [Test worker] INFO org.springframework.mock.web.MockServletContext - Initializing Spring FrameworkServlet ''
993 [Test worker] INFO org.springframework.test.web.servlet.TestDispatcherServlet - FrameworkServlet '': initialization started
993 [Test worker] INFO org.springframework.test.web.servlet.TestDispatcherServlet - FrameworkServlet '': initialization completed in 0 ms
]]></system-err>
</testsuite>
