<?xml version="1.0" encoding="UTF-8"?>
<testsuite name="it.unisalento.se.saw.restapi.ExamRestControllerTest" tests="3" skipped="0" failures="0" errors="0" timestamp="2018-09-04T13:19:31" hostname="DESKTOP-TUGA85P" time="0.114">
  <properties/>
  <testcase name="saveTest" classname="it.unisalento.se.saw.restapi.ExamRestControllerTest" time="0.056"/>
  <testcase name="getByIdTest" classname="it.unisalento.se.saw.restapi.ExamRestControllerTest" time="0.031"/>
  <testcase name="getAllTest" classname="it.unisalento.se.saw.restapi.ExamRestControllerTest" time="0.026"/>
  <system-out><![CDATA[]]></system-out>
  <system-err><![CDATA[2040 [Test worker] INFO org.springframework.web.servlet.mvc.method.annotation.RequestMappingHandlerMapping - Mapped "{[/exam/save],methods=[POST],consumes=[application/json]}" onto public it.unisalento.se.saw.dto.ExamDTO it.unisalento.se.saw.restapi.ExamRestController.save(it.unisalento.se.saw.dto.ExamDTO)
2040 [Test worker] INFO org.springframework.web.servlet.mvc.method.annotation.RequestMappingHandlerMapping - Mapped "{[/exam/getAll],methods=[GET],produces=[application/json]}" onto public java.util.Set<it.unisalento.se.saw.dto.ExamDTO> it.unisalento.se.saw.restapi.ExamRestController.getAll()
2041 [Test worker] INFO org.springframework.web.servlet.mvc.method.annotation.RequestMappingHandlerMapping - Mapped "{[/exam/getById/{id}],methods=[GET],produces=[application/json]}" onto public it.unisalento.se.saw.dto.ExamDTO it.unisalento.se.saw.restapi.ExamRestController.getById(int) throws it.unisalento.se.saw.exceptions.ExamNotFoundException
2054 [Test worker] INFO org.springframework.web.servlet.mvc.method.annotation.RequestMappingHandlerAdapter - Looking for @ControllerAdvice: org.springframework.test.web.servlet.setup.StubWebApplicationContext@33541116
2057 [Test worker] INFO org.springframework.mock.web.MockServletContext - Initializing Spring FrameworkServlet ''
2057 [Test worker] INFO org.springframework.test.web.servlet.TestDispatcherServlet - FrameworkServlet '': initialization started
2059 [Test worker] INFO org.springframework.test.web.servlet.TestDispatcherServlet - FrameworkServlet '': initialization completed in 2 ms
2097 [Test worker] INFO org.springframework.web.servlet.mvc.method.annotation.RequestMappingHandlerMapping - Mapped "{[/exam/save],methods=[POST],consumes=[application/json]}" onto public it.unisalento.se.saw.dto.ExamDTO it.unisalento.se.saw.restapi.ExamRestController.save(it.unisalento.se.saw.dto.ExamDTO)
2097 [Test worker] INFO org.springframework.web.servlet.mvc.method.annotation.RequestMappingHandlerMapping - Mapped "{[/exam/getAll],methods=[GET],produces=[application/json]}" onto public java.util.Set<it.unisalento.se.saw.dto.ExamDTO> it.unisalento.se.saw.restapi.ExamRestController.getAll()
2098 [Test worker] INFO org.springframework.web.servlet.mvc.method.annotation.RequestMappingHandlerMapping - Mapped "{[/exam/getById/{id}],methods=[GET],produces=[application/json]}" onto public it.unisalento.se.saw.dto.ExamDTO it.unisalento.se.saw.restapi.ExamRestController.getById(int) throws it.unisalento.se.saw.exceptions.ExamNotFoundException
2108 [Test worker] INFO org.springframework.web.servlet.mvc.method.annotation.RequestMappingHandlerAdapter - Looking for @ControllerAdvice: org.springframework.test.web.servlet.setup.StubWebApplicationContext@fe06185
2111 [Test worker] INFO org.springframework.mock.web.MockServletContext - Initializing Spring FrameworkServlet ''
2112 [Test worker] INFO org.springframework.test.web.servlet.TestDispatcherServlet - FrameworkServlet '': initialization started
2112 [Test worker] INFO org.springframework.test.web.servlet.TestDispatcherServlet - FrameworkServlet '': initialization completed in 0 ms
2125 [Test worker] INFO org.springframework.web.servlet.mvc.method.annotation.RequestMappingHandlerMapping - Mapped "{[/exam/save],methods=[POST],consumes=[application/json]}" onto public it.unisalento.se.saw.dto.ExamDTO it.unisalento.se.saw.restapi.ExamRestController.save(it.unisalento.se.saw.dto.ExamDTO)
2126 [Test worker] INFO org.springframework.web.servlet.mvc.method.annotation.RequestMappingHandlerMapping - Mapped "{[/exam/getAll],methods=[GET],produces=[application/json]}" onto public java.util.Set<it.unisalento.se.saw.dto.ExamDTO> it.unisalento.se.saw.restapi.ExamRestController.getAll()
2126 [Test worker] INFO org.springframework.web.servlet.mvc.method.annotation.RequestMappingHandlerMapping - Mapped "{[/exam/getById/{id}],methods=[GET],produces=[application/json]}" onto public it.unisalento.se.saw.dto.ExamDTO it.unisalento.se.saw.restapi.ExamRestController.getById(int) throws it.unisalento.se.saw.exceptions.ExamNotFoundException
2136 [Test worker] INFO org.springframework.web.servlet.mvc.method.annotation.RequestMappingHandlerAdapter - Looking for @ControllerAdvice: org.springframework.test.web.servlet.setup.StubWebApplicationContext@507928b7
2139 [Test worker] INFO org.springframework.mock.web.MockServletContext - Initializing Spring FrameworkServlet ''
2140 [Test worker] INFO org.springframework.test.web.servlet.TestDispatcherServlet - FrameworkServlet '': initialization started
2140 [Test worker] INFO org.springframework.test.web.servlet.TestDispatcherServlet - FrameworkServlet '': initialization completed in 0 ms
]]></system-err>
</testsuite>
