<?xml version="1.0" encoding="UTF-8"?>
<testsuite name="it.unisalento.se.saw.services.UserServiceTest" tests="8" skipped="0" failures="0" errors="0" timestamp="2018-09-09T11:32:26" hostname="antonio-pc" time="0.019">
  <properties/>
  <testcase name="saveTest" classname="it.unisalento.se.saw.services.UserServiceTest" time="0.002"/>
  <testcase name="getByIdTest" classname="it.unisalento.se.saw.services.UserServiceTest" time="0.001"/>
  <testcase name="getSecretaryByUidTest" classname="it.unisalento.se.saw.services.UserServiceTest" time="0.001"/>
  <testcase name="getProfByUidTest" classname="it.unisalento.se.saw.services.UserServiceTest" time="0.001"/>
  <testcase name="getAllTest" classname="it.unisalento.se.saw.services.UserServiceTest" time="0.002"/>
  <testcase name="getByIdErrorTest" classname="it.unisalento.se.saw.services.UserServiceTest" time="0.001"/>
  <testcase name="addFcmToken" classname="it.unisalento.se.saw.services.UserServiceTest" time="0.0"/>
  <testcase name="getStudentByUidTest" classname="it.unisalento.se.saw.services.UserServiceTest" time="0.001"/>
  <system-out><![CDATA[class it.unisalento.se.saw.dto.UserDTO
domain fine
]]></system-out>
  <system-err><![CDATA[]]></system-err>
</testsuite>
