<?xml version="1.0" encoding="UTF-8"?>
<testsuite name="it.unisalento.se.saw.restapi.TeachingRestControllerTest" tests="7" skipped="0" failures="0" errors="0" timestamp="2018-09-04T13:19:33" hostname="DESKTOP-TUGA85P" time="0.233">
  <properties/>
  <testcase name="getAll" classname="it.unisalento.se.saw.restapi.TeachingRestControllerTest" time="0.028"/>
  <testcase name="getByNameAndIdCourse" classname="it.unisalento.se.saw.restapi.TeachingRestControllerTest" time="0.02"/>
  <testcase name="getByNameAndIdProf" classname="it.unisalento.se.saw.restapi.TeachingRestControllerTest" time="0.024"/>
  <testcase name="getById" classname="it.unisalento.se.saw.restapi.TeachingRestControllerTest" time="0.05"/>
  <testcase name="getAllByIdCourse" classname="it.unisalento.se.saw.restapi.TeachingRestControllerTest" time="0.034"/>
  <testcase name="save" classname="it.unisalento.se.saw.restapi.TeachingRestControllerTest" time="0.036"/>
  <testcase name="getAllByIdProf" classname="it.unisalento.se.saw.restapi.TeachingRestControllerTest" time="0.029"/>
  <system-out><![CDATA[]]></system-out>
  <system-err><![CDATA[3891 [Test worker] INFO org.springframework.web.servlet.mvc.method.annotation.RequestMappingHandlerMapping - Mapped "{[/teaching/save],methods=[POST],consumes=[application/json]}" onto public it.unisalento.se.saw.dto.TeachingDTO it.unisalento.se.saw.restapi.TeachingRestController.save(it.unisalento.se.saw.dto.TeachingDTO) throws it.unisalento.se.saw.exceptions.CourseNotFoundException,it.unisalento.se.saw.exceptions.ProfessorNotFoundException
3891 [Test worker] INFO org.springframework.web.servlet.mvc.method.annotation.RequestMappingHandlerMapping - Mapped "{[/teaching/getAll],methods=[GET],produces=[application/json]}" onto public java.util.Set<it.unisalento.se.saw.dto.TeachingDTO> it.unisalento.se.saw.restapi.TeachingRestController.getAll()
3892 [Test worker] INFO org.springframework.web.servlet.mvc.method.annotation.RequestMappingHandlerMapping - Mapped "{[/teaching/getByIdCourse/{id}],methods=[GET],produces=[application/json]}" onto public java.util.Set<it.unisalento.se.saw.dto.TeachingDTO> it.unisalento.se.saw.restapi.TeachingRestController.getByIdCourse(int) throws it.unisalento.se.saw.exceptions.TeachingNotFoundException
3892 [Test worker] INFO org.springframework.web.servlet.mvc.method.annotation.RequestMappingHandlerMapping - Mapped "{[/teaching/getByNameAndIdProf/{name}_{idProf}],methods=[GET],produces=[application/json]}" onto public it.unisalento.se.saw.dto.TeachingDTO it.unisalento.se.saw.restapi.TeachingRestController.getByNameAndIdProf(java.lang.String,int) throws it.unisalento.se.saw.exceptions.TeachingNotFoundException
3893 [Test worker] INFO org.springframework.web.servlet.mvc.method.annotation.RequestMappingHandlerMapping - Mapped "{[/teaching/getByNameAndIdCourse/{name}_{idCourse}],methods=[GET],produces=[application/json]}" onto public it.unisalento.se.saw.dto.TeachingDTO it.unisalento.se.saw.restapi.TeachingRestController.getByNameAndIdCourse(java.lang.String,int) throws it.unisalento.se.saw.exceptions.TeachingNotFoundException
3893 [Test worker] INFO org.springframework.web.servlet.mvc.method.annotation.RequestMappingHandlerMapping - Mapped "{[/teaching/getById/{id}],methods=[GET],produces=[application/json]}" onto public it.unisalento.se.saw.dto.TeachingDTO it.unisalento.se.saw.restapi.TeachingRestController.getById(int) throws it.unisalento.se.saw.exceptions.TeachingNotFoundException
3893 [Test worker] INFO org.springframework.web.servlet.mvc.method.annotation.RequestMappingHandlerMapping - Mapped "{[/teaching/getByIdProf/{id}],methods=[GET],produces=[application/json]}" onto public java.util.Set<it.unisalento.se.saw.dto.TeachingDTO> it.unisalento.se.saw.restapi.TeachingRestController.getByProf(int) throws it.unisalento.se.saw.exceptions.TeachingNotFoundException
3902 [Test worker] INFO org.springframework.web.servlet.mvc.method.annotation.RequestMappingHandlerAdapter - Looking for @ControllerAdvice: org.springframework.test.web.servlet.setup.StubWebApplicationContext@7f102585
3905 [Test worker] INFO org.springframework.mock.web.MockServletContext - Initializing Spring FrameworkServlet ''
3905 [Test worker] INFO org.springframework.test.web.servlet.TestDispatcherServlet - FrameworkServlet '': initialization started
3905 [Test worker] INFO org.springframework.test.web.servlet.TestDispatcherServlet - FrameworkServlet '': initialization completed in 0 ms
3918 [Test worker] INFO org.springframework.web.servlet.mvc.method.annotation.RequestMappingHandlerMapping - Mapped "{[/teaching/save],methods=[POST],consumes=[application/json]}" onto public it.unisalento.se.saw.dto.TeachingDTO it.unisalento.se.saw.restapi.TeachingRestController.save(it.unisalento.se.saw.dto.TeachingDTO) throws it.unisalento.se.saw.exceptions.CourseNotFoundException,it.unisalento.se.saw.exceptions.ProfessorNotFoundException
3919 [Test worker] INFO org.springframework.web.servlet.mvc.method.annotation.RequestMappingHandlerMapping - Mapped "{[/teaching/getAll],methods=[GET],produces=[application/json]}" onto public java.util.Set<it.unisalento.se.saw.dto.TeachingDTO> it.unisalento.se.saw.restapi.TeachingRestController.getAll()
3919 [Test worker] INFO org.springframework.web.servlet.mvc.method.annotation.RequestMappingHandlerMapping - Mapped "{[/teaching/getByIdCourse/{id}],methods=[GET],produces=[application/json]}" onto public java.util.Set<it.unisalento.se.saw.dto.TeachingDTO> it.unisalento.se.saw.restapi.TeachingRestController.getByIdCourse(int) throws it.unisalento.se.saw.exceptions.TeachingNotFoundException
3919 [Test worker] INFO org.springframework.web.servlet.mvc.method.annotation.RequestMappingHandlerMapping - Mapped "{[/teaching/getByNameAndIdProf/{name}_{idProf}],methods=[GET],produces=[application/json]}" onto public it.unisalento.se.saw.dto.TeachingDTO it.unisalento.se.saw.restapi.TeachingRestController.getByNameAndIdProf(java.lang.String,int) throws it.unisalento.se.saw.exceptions.TeachingNotFoundException
3920 [Test worker] INFO org.springframework.web.servlet.mvc.method.annotation.RequestMappingHandlerMapping - Mapped "{[/teaching/getByNameAndIdCourse/{name}_{idCourse}],methods=[GET],produces=[application/json]}" onto public it.unisalento.se.saw.dto.TeachingDTO it.unisalento.se.saw.restapi.TeachingRestController.getByNameAndIdCourse(java.lang.String,int) throws it.unisalento.se.saw.exceptions.TeachingNotFoundException
3921 [Test worker] INFO org.springframework.web.servlet.mvc.method.annotation.RequestMappingHandlerMapping - Mapped "{[/teaching/getById/{id}],methods=[GET],produces=[application/json]}" onto public it.unisalento.se.saw.dto.TeachingDTO it.unisalento.se.saw.restapi.TeachingRestController.getById(int) throws it.unisalento.se.saw.exceptions.TeachingNotFoundException
3921 [Test worker] INFO org.springframework.web.servlet.mvc.method.annotation.RequestMappingHandlerMapping - Mapped "{[/teaching/getByIdProf/{id}],methods=[GET],produces=[application/json]}" onto public java.util.Set<it.unisalento.se.saw.dto.TeachingDTO> it.unisalento.se.saw.restapi.TeachingRestController.getByProf(int) throws it.unisalento.se.saw.exceptions.TeachingNotFoundException
3926 [Test worker] INFO org.springframework.web.servlet.mvc.method.annotation.RequestMappingHandlerAdapter - Looking for @ControllerAdvice: org.springframework.test.web.servlet.setup.StubWebApplicationContext@2e501abb
3929 [Test worker] INFO org.springframework.mock.web.MockServletContext - Initializing Spring FrameworkServlet ''
3929 [Test worker] INFO org.springframework.test.web.servlet.TestDispatcherServlet - FrameworkServlet '': initialization started
3929 [Test worker] INFO org.springframework.test.web.servlet.TestDispatcherServlet - FrameworkServlet '': initialization completed in 0 ms
3940 [Test worker] INFO org.springframework.web.servlet.mvc.method.annotation.RequestMappingHandlerMapping - Mapped "{[/teaching/save],methods=[POST],consumes=[application/json]}" onto public it.unisalento.se.saw.dto.TeachingDTO it.unisalento.se.saw.restapi.TeachingRestController.save(it.unisalento.se.saw.dto.TeachingDTO) throws it.unisalento.se.saw.exceptions.CourseNotFoundException,it.unisalento.se.saw.exceptions.ProfessorNotFoundException
3941 [Test worker] INFO org.springframework.web.servlet.mvc.method.annotation.RequestMappingHandlerMapping - Mapped "{[/teaching/getAll],methods=[GET],produces=[application/json]}" onto public java.util.Set<it.unisalento.se.saw.dto.TeachingDTO> it.unisalento.se.saw.restapi.TeachingRestController.getAll()
3941 [Test worker] INFO org.springframework.web.servlet.mvc.method.annotation.RequestMappingHandlerMapping - Mapped "{[/teaching/getByIdCourse/{id}],methods=[GET],produces=[application/json]}" onto public java.util.Set<it.unisalento.se.saw.dto.TeachingDTO> it.unisalento.se.saw.restapi.TeachingRestController.getByIdCourse(int) throws it.unisalento.se.saw.exceptions.TeachingNotFoundException
3941 [Test worker] INFO org.springframework.web.servlet.mvc.method.annotation.RequestMappingHandlerMapping - Mapped "{[/teaching/getByNameAndIdProf/{name}_{idProf}],methods=[GET],produces=[application/json]}" onto public it.unisalento.se.saw.dto.TeachingDTO it.unisalento.se.saw.restapi.TeachingRestController.getByNameAndIdProf(java.lang.String,int) throws it.unisalento.se.saw.exceptions.TeachingNotFoundException
3941 [Test worker] INFO org.springframework.web.servlet.mvc.method.annotation.RequestMappingHandlerMapping - Mapped "{[/teaching/getByNameAndIdCourse/{name}_{idCourse}],methods=[GET],produces=[application/json]}" onto public it.unisalento.se.saw.dto.TeachingDTO it.unisalento.se.saw.restapi.TeachingRestController.getByNameAndIdCourse(java.lang.String,int) throws it.unisalento.se.saw.exceptions.TeachingNotFoundException
3941 [Test worker] INFO org.springframework.web.servlet.mvc.method.annotation.RequestMappingHandlerMapping - Mapped "{[/teaching/getById/{id}],methods=[GET],produces=[application/json]}" onto public it.unisalento.se.saw.dto.TeachingDTO it.unisalento.se.saw.restapi.TeachingRestController.getById(int) throws it.unisalento.se.saw.exceptions.TeachingNotFoundException
3942 [Test worker] INFO org.springframework.web.servlet.mvc.method.annotation.RequestMappingHandlerMapping - Mapped "{[/teaching/getByIdProf/{id}],methods=[GET],produces=[application/json]}" onto public java.util.Set<it.unisalento.se.saw.dto.TeachingDTO> it.unisalento.se.saw.restapi.TeachingRestController.getByProf(int) throws it.unisalento.se.saw.exceptions.TeachingNotFoundException
3950 [Test worker] INFO org.springframework.web.servlet.mvc.method.annotation.RequestMappingHandlerAdapter - Looking for @ControllerAdvice: org.springframework.test.web.servlet.setup.StubWebApplicationContext@788274cd
3954 [Test worker] INFO org.springframework.mock.web.MockServletContext - Initializing Spring FrameworkServlet ''
3954 [Test worker] INFO org.springframework.test.web.servlet.TestDispatcherServlet - FrameworkServlet '': initialization started
3954 [Test worker] INFO org.springframework.test.web.servlet.TestDispatcherServlet - FrameworkServlet '': initialization completed in 0 ms
3969 [Test worker] INFO org.springframework.web.servlet.mvc.method.annotation.RequestMappingHandlerMapping - Mapped "{[/teaching/save],methods=[POST],consumes=[application/json]}" onto public it.unisalento.se.saw.dto.TeachingDTO it.unisalento.se.saw.restapi.TeachingRestController.save(it.unisalento.se.saw.dto.TeachingDTO) throws it.unisalento.se.saw.exceptions.CourseNotFoundException,it.unisalento.se.saw.exceptions.ProfessorNotFoundException
3970 [Test worker] INFO org.springframework.web.servlet.mvc.method.annotation.RequestMappingHandlerMapping - Mapped "{[/teaching/getAll],methods=[GET],produces=[application/json]}" onto public java.util.Set<it.unisalento.se.saw.dto.TeachingDTO> it.unisalento.se.saw.restapi.TeachingRestController.getAll()
3971 [Test worker] INFO org.springframework.web.servlet.mvc.method.annotation.RequestMappingHandlerMapping - Mapped "{[/teaching/getByIdCourse/{id}],methods=[GET],produces=[application/json]}" onto public java.util.Set<it.unisalento.se.saw.dto.TeachingDTO> it.unisalento.se.saw.restapi.TeachingRestController.getByIdCourse(int) throws it.unisalento.se.saw.exceptions.TeachingNotFoundException
3972 [Test worker] INFO org.springframework.web.servlet.mvc.method.annotation.RequestMappingHandlerMapping - Mapped "{[/teaching/getByNameAndIdProf/{name}_{idProf}],methods=[GET],produces=[application/json]}" onto public it.unisalento.se.saw.dto.TeachingDTO it.unisalento.se.saw.restapi.TeachingRestController.getByNameAndIdProf(java.lang.String,int) throws it.unisalento.se.saw.exceptions.TeachingNotFoundException
3973 [Test worker] INFO org.springframework.web.servlet.mvc.method.annotation.RequestMappingHandlerMapping - Mapped "{[/teaching/getByNameAndIdCourse/{name}_{idCourse}],methods=[GET],produces=[application/json]}" onto public it.unisalento.se.saw.dto.TeachingDTO it.unisalento.se.saw.restapi.TeachingRestController.getByNameAndIdCourse(java.lang.String,int) throws it.unisalento.se.saw.exceptions.TeachingNotFoundException
3980 [Test worker] INFO org.springframework.web.servlet.mvc.method.annotation.RequestMappingHandlerMapping - Mapped "{[/teaching/getById/{id}],methods=[GET],produces=[application/json]}" onto public it.unisalento.se.saw.dto.TeachingDTO it.unisalento.se.saw.restapi.TeachingRestController.getById(int) throws it.unisalento.se.saw.exceptions.TeachingNotFoundException
3986 [Test worker] INFO org.springframework.web.servlet.mvc.method.annotation.RequestMappingHandlerMapping - Mapped "{[/teaching/getByIdProf/{id}],methods=[GET],produces=[application/json]}" onto public java.util.Set<it.unisalento.se.saw.dto.TeachingDTO> it.unisalento.se.saw.restapi.TeachingRestController.getByProf(int) throws it.unisalento.se.saw.exceptions.TeachingNotFoundException
3994 [Test worker] INFO org.springframework.web.servlet.mvc.method.annotation.RequestMappingHandlerAdapter - Looking for @ControllerAdvice: org.springframework.test.web.servlet.setup.StubWebApplicationContext@4b9cedf9
4005 [Test worker] INFO org.springframework.mock.web.MockServletContext - Initializing Spring FrameworkServlet ''
4005 [Test worker] INFO org.springframework.test.web.servlet.TestDispatcherServlet - FrameworkServlet '': initialization started
4005 [Test worker] INFO org.springframework.test.web.servlet.TestDispatcherServlet - FrameworkServlet '': initialization completed in 0 ms
4018 [Test worker] INFO org.springframework.web.servlet.mvc.method.annotation.RequestMappingHandlerMapping - Mapped "{[/teaching/save],methods=[POST],consumes=[application/json]}" onto public it.unisalento.se.saw.dto.TeachingDTO it.unisalento.se.saw.restapi.TeachingRestController.save(it.unisalento.se.saw.dto.TeachingDTO) throws it.unisalento.se.saw.exceptions.CourseNotFoundException,it.unisalento.se.saw.exceptions.ProfessorNotFoundException
4019 [Test worker] INFO org.springframework.web.servlet.mvc.method.annotation.RequestMappingHandlerMapping - Mapped "{[/teaching/getAll],methods=[GET],produces=[application/json]}" onto public java.util.Set<it.unisalento.se.saw.dto.TeachingDTO> it.unisalento.se.saw.restapi.TeachingRestController.getAll()
4020 [Test worker] INFO org.springframework.web.servlet.mvc.method.annotation.RequestMappingHandlerMapping - Mapped "{[/teaching/getByIdCourse/{id}],methods=[GET],produces=[application/json]}" onto public java.util.Set<it.unisalento.se.saw.dto.TeachingDTO> it.unisalento.se.saw.restapi.TeachingRestController.getByIdCourse(int) throws it.unisalento.se.saw.exceptions.TeachingNotFoundException
4021 [Test worker] INFO org.springframework.web.servlet.mvc.method.annotation.RequestMappingHandlerMapping - Mapped "{[/teaching/getByNameAndIdProf/{name}_{idProf}],methods=[GET],produces=[application/json]}" onto public it.unisalento.se.saw.dto.TeachingDTO it.unisalento.se.saw.restapi.TeachingRestController.getByNameAndIdProf(java.lang.String,int) throws it.unisalento.se.saw.exceptions.TeachingNotFoundException
4021 [Test worker] INFO org.springframework.web.servlet.mvc.method.annotation.RequestMappingHandlerMapping - Mapped "{[/teaching/getByNameAndIdCourse/{name}_{idCourse}],methods=[GET],produces=[application/json]}" onto public it.unisalento.se.saw.dto.TeachingDTO it.unisalento.se.saw.restapi.TeachingRestController.getByNameAndIdCourse(java.lang.String,int) throws it.unisalento.se.saw.exceptions.TeachingNotFoundException
4022 [Test worker] INFO org.springframework.web.servlet.mvc.method.annotation.RequestMappingHandlerMapping - Mapped "{[/teaching/getById/{id}],methods=[GET],produces=[application/json]}" onto public it.unisalento.se.saw.dto.TeachingDTO it.unisalento.se.saw.restapi.TeachingRestController.getById(int) throws it.unisalento.se.saw.exceptions.TeachingNotFoundException
4024 [Test worker] INFO org.springframework.web.servlet.mvc.method.annotation.RequestMappingHandlerMapping - Mapped "{[/teaching/getByIdProf/{id}],methods=[GET],produces=[application/json]}" onto public java.util.Set<it.unisalento.se.saw.dto.TeachingDTO> it.unisalento.se.saw.restapi.TeachingRestController.getByProf(int) throws it.unisalento.se.saw.exceptions.TeachingNotFoundException
4034 [Test worker] INFO org.springframework.web.servlet.mvc.method.annotation.RequestMappingHandlerAdapter - Looking for @ControllerAdvice: org.springframework.test.web.servlet.setup.StubWebApplicationContext@b218202
4038 [Test worker] INFO org.springframework.mock.web.MockServletContext - Initializing Spring FrameworkServlet ''
4038 [Test worker] INFO org.springframework.test.web.servlet.TestDispatcherServlet - FrameworkServlet '': initialization started
4039 [Test worker] INFO org.springframework.test.web.servlet.TestDispatcherServlet - FrameworkServlet '': initialization completed in 0 ms
4054 [Test worker] INFO org.springframework.web.servlet.mvc.method.annotation.RequestMappingHandlerMapping - Mapped "{[/teaching/save],methods=[POST],consumes=[application/json]}" onto public it.unisalento.se.saw.dto.TeachingDTO it.unisalento.se.saw.restapi.TeachingRestController.save(it.unisalento.se.saw.dto.TeachingDTO) throws it.unisalento.se.saw.exceptions.CourseNotFoundException,it.unisalento.se.saw.exceptions.ProfessorNotFoundException
4055 [Test worker] INFO org.springframework.web.servlet.mvc.method.annotation.RequestMappingHandlerMapping - Mapped "{[/teaching/getAll],methods=[GET],produces=[application/json]}" onto public java.util.Set<it.unisalento.se.saw.dto.TeachingDTO> it.unisalento.se.saw.restapi.TeachingRestController.getAll()
4055 [Test worker] INFO org.springframework.web.servlet.mvc.method.annotation.RequestMappingHandlerMapping - Mapped "{[/teaching/getByIdCourse/{id}],methods=[GET],produces=[application/json]}" onto public java.util.Set<it.unisalento.se.saw.dto.TeachingDTO> it.unisalento.se.saw.restapi.TeachingRestController.getByIdCourse(int) throws it.unisalento.se.saw.exceptions.TeachingNotFoundException
4056 [Test worker] INFO org.springframework.web.servlet.mvc.method.annotation.RequestMappingHandlerMapping - Mapped "{[/teaching/getByNameAndIdProf/{name}_{idProf}],methods=[GET],produces=[application/json]}" onto public it.unisalento.se.saw.dto.TeachingDTO it.unisalento.se.saw.restapi.TeachingRestController.getByNameAndIdProf(java.lang.String,int) throws it.unisalento.se.saw.exceptions.TeachingNotFoundException
4056 [Test worker] INFO org.springframework.web.servlet.mvc.method.annotation.RequestMappingHandlerMapping - Mapped "{[/teaching/getByNameAndIdCourse/{name}_{idCourse}],methods=[GET],produces=[application/json]}" onto public it.unisalento.se.saw.dto.TeachingDTO it.unisalento.se.saw.restapi.TeachingRestController.getByNameAndIdCourse(java.lang.String,int) throws it.unisalento.se.saw.exceptions.TeachingNotFoundException
4057 [Test worker] INFO org.springframework.web.servlet.mvc.method.annotation.RequestMappingHandlerMapping - Mapped "{[/teaching/getById/{id}],methods=[GET],produces=[application/json]}" onto public it.unisalento.se.saw.dto.TeachingDTO it.unisalento.se.saw.restapi.TeachingRestController.getById(int) throws it.unisalento.se.saw.exceptions.TeachingNotFoundException
4058 [Test worker] INFO org.springframework.web.servlet.mvc.method.annotation.RequestMappingHandlerMapping - Mapped "{[/teaching/getByIdProf/{id}],methods=[GET],produces=[application/json]}" onto public java.util.Set<it.unisalento.se.saw.dto.TeachingDTO> it.unisalento.se.saw.restapi.TeachingRestController.getByProf(int) throws it.unisalento.se.saw.exceptions.TeachingNotFoundException
4065 [Test worker] INFO org.springframework.web.servlet.mvc.method.annotation.RequestMappingHandlerAdapter - Looking for @ControllerAdvice: org.springframework.test.web.servlet.setup.StubWebApplicationContext@5ba1330
4067 [Test worker] INFO org.springframework.mock.web.MockServletContext - Initializing Spring FrameworkServlet ''
4068 [Test worker] INFO org.springframework.test.web.servlet.TestDispatcherServlet - FrameworkServlet '': initialization started
4069 [Test worker] INFO org.springframework.test.web.servlet.TestDispatcherServlet - FrameworkServlet '': initialization completed in 0 ms
4092 [Test worker] INFO org.springframework.web.servlet.mvc.method.annotation.RequestMappingHandlerMapping - Mapped "{[/teaching/save],methods=[POST],consumes=[application/json]}" onto public it.unisalento.se.saw.dto.TeachingDTO it.unisalento.se.saw.restapi.TeachingRestController.save(it.unisalento.se.saw.dto.TeachingDTO) throws it.unisalento.se.saw.exceptions.CourseNotFoundException,it.unisalento.se.saw.exceptions.ProfessorNotFoundException
4093 [Test worker] INFO org.springframework.web.servlet.mvc.method.annotation.RequestMappingHandlerMapping - Mapped "{[/teaching/getAll],methods=[GET],produces=[application/json]}" onto public java.util.Set<it.unisalento.se.saw.dto.TeachingDTO> it.unisalento.se.saw.restapi.TeachingRestController.getAll()
4094 [Test worker] INFO org.springframework.web.servlet.mvc.method.annotation.RequestMappingHandlerMapping - Mapped "{[/teaching/getByIdCourse/{id}],methods=[GET],produces=[application/json]}" onto public java.util.Set<it.unisalento.se.saw.dto.TeachingDTO> it.unisalento.se.saw.restapi.TeachingRestController.getByIdCourse(int) throws it.unisalento.se.saw.exceptions.TeachingNotFoundException
4095 [Test worker] INFO org.springframework.web.servlet.mvc.method.annotation.RequestMappingHandlerMapping - Mapped "{[/teaching/getByNameAndIdProf/{name}_{idProf}],methods=[GET],produces=[application/json]}" onto public it.unisalento.se.saw.dto.TeachingDTO it.unisalento.se.saw.restapi.TeachingRestController.getByNameAndIdProf(java.lang.String,int) throws it.unisalento.se.saw.exceptions.TeachingNotFoundException
4095 [Test worker] INFO org.springframework.web.servlet.mvc.method.annotation.RequestMappingHandlerMapping - Mapped "{[/teaching/getByNameAndIdCourse/{name}_{idCourse}],methods=[GET],produces=[application/json]}" onto public it.unisalento.se.saw.dto.TeachingDTO it.unisalento.se.saw.restapi.TeachingRestController.getByNameAndIdCourse(java.lang.String,int) throws it.unisalento.se.saw.exceptions.TeachingNotFoundException
4097 [Test worker] INFO org.springframework.web.servlet.mvc.method.annotation.RequestMappingHandlerMapping - Mapped "{[/teaching/getById/{id}],methods=[GET],produces=[application/json]}" onto public it.unisalento.se.saw.dto.TeachingDTO it.unisalento.se.saw.restapi.TeachingRestController.getById(int) throws it.unisalento.se.saw.exceptions.TeachingNotFoundException
4097 [Test worker] INFO org.springframework.web.servlet.mvc.method.annotation.RequestMappingHandlerMapping - Mapped "{[/teaching/getByIdProf/{id}],methods=[GET],produces=[application/json]}" onto public java.util.Set<it.unisalento.se.saw.dto.TeachingDTO> it.unisalento.se.saw.restapi.TeachingRestController.getByProf(int) throws it.unisalento.se.saw.exceptions.TeachingNotFoundException
4105 [Test worker] INFO org.springframework.web.servlet.mvc.method.annotation.RequestMappingHandlerAdapter - Looking for @ControllerAdvice: org.springframework.test.web.servlet.setup.StubWebApplicationContext@729f60fc
4108 [Test worker] INFO org.springframework.mock.web.MockServletContext - Initializing Spring FrameworkServlet ''
4108 [Test worker] INFO org.springframework.test.web.servlet.TestDispatcherServlet - FrameworkServlet '': initialization started
4109 [Test worker] INFO org.springframework.test.web.servlet.TestDispatcherServlet - FrameworkServlet '': initialization completed in 1 ms
]]></system-err>
</testsuite>
