<?xml version="1.0" encoding="UTF-8"?>
<testsuite name="it.unisalento.se.saw.restapi.StudentRestControllerTest" tests="7" skipped="0" failures="0" errors="0" timestamp="2018-09-09T11:32:28" hostname="antonio-pc" time="0.172">
  <properties/>
  <testcase name="saveTest" classname="it.unisalento.se.saw.restapi.StudentRestControllerTest" time="0.031"/>
  <testcase name="getByUidErrorTest" classname="it.unisalento.se.saw.restapi.StudentRestControllerTest" time="0.019"/>
  <testcase name="getByCourseTest" classname="it.unisalento.se.saw.restapi.StudentRestControllerTest" time="0.022"/>
  <testcase name="getByIdTest" classname="it.unisalento.se.saw.restapi.StudentRestControllerTest" time="0.02"/>
  <testcase name="getAllTest" classname="it.unisalento.se.saw.restapi.StudentRestControllerTest" time="0.031"/>
  <testcase name="getByIdErrorTest" classname="it.unisalento.se.saw.restapi.StudentRestControllerTest" time="0.023"/>
  <testcase name="getByUidTest" classname="it.unisalento.se.saw.restapi.StudentRestControllerTest" time="0.02"/>
  <system-out><![CDATA[Student not found
Student not found
]]></system-out>
  <system-err><![CDATA[2619 [Test worker] INFO org.springframework.web.servlet.mvc.method.annotation.RequestMappingHandlerMapping - Mapped "{[/student/getById/{id}],methods=[GET],produces=[application/json]}" onto public it.unisalento.se.saw.dto.StudentDTO it.unisalento.se.saw.restapi.StudentRestController.getById(int) throws it.unisalento.se.saw.exceptions.StudentNotFoundException
2620 [Test worker] INFO org.springframework.web.servlet.mvc.method.annotation.RequestMappingHandlerMapping - Mapped "{[/student/getByUid/{uid}],methods=[GET],produces=[application/json]}" onto public it.unisalento.se.saw.dto.StudentDTO it.unisalento.se.saw.restapi.StudentRestController.getByUid(java.lang.String) throws it.unisalento.se.saw.exceptions.StudentNotFoundException
2620 [Test worker] INFO org.springframework.web.servlet.mvc.method.annotation.RequestMappingHandlerMapping - Mapped "{[/student/getByCourse/{idCourse}],methods=[GET],produces=[application/json]}" onto public java.util.Set<it.unisalento.se.saw.dto.StudentDTO> it.unisalento.se.saw.restapi.StudentRestController.getByCourse(int)
2621 [Test worker] INFO org.springframework.web.servlet.mvc.method.annotation.RequestMappingHandlerMapping - Mapped "{[/student/save],methods=[POST],consumes=[application/json]}" onto public it.unisalento.se.saw.dto.StudentDTO it.unisalento.se.saw.restapi.StudentRestController.post(it.unisalento.se.saw.dto.StudentDTO) throws it.unisalento.se.saw.exceptions.CourseNotFoundException
2621 [Test worker] INFO org.springframework.web.servlet.mvc.method.annotation.RequestMappingHandlerMapping - Mapped "{[/student/getAll],methods=[GET],produces=[application/json]}" onto public java.util.Set<it.unisalento.se.saw.dto.StudentDTO> it.unisalento.se.saw.restapi.StudentRestController.getAll()
2627 [Test worker] INFO org.springframework.web.servlet.mvc.method.annotation.RequestMappingHandlerAdapter - Looking for @ControllerAdvice: org.springframework.test.web.servlet.setup.StubWebApplicationContext@138983f1
2630 [Test worker] INFO org.springframework.mock.web.MockServletContext - Initializing Spring FrameworkServlet ''
2630 [Test worker] INFO org.springframework.test.web.servlet.TestDispatcherServlet - FrameworkServlet '': initialization started
2630 [Test worker] INFO org.springframework.test.web.servlet.TestDispatcherServlet - FrameworkServlet '': initialization completed in 0 ms
2648 [Test worker] INFO org.springframework.web.servlet.mvc.method.annotation.RequestMappingHandlerMapping - Mapped "{[/student/getById/{id}],methods=[GET],produces=[application/json]}" onto public it.unisalento.se.saw.dto.StudentDTO it.unisalento.se.saw.restapi.StudentRestController.getById(int) throws it.unisalento.se.saw.exceptions.StudentNotFoundException
2649 [Test worker] INFO org.springframework.web.servlet.mvc.method.annotation.RequestMappingHandlerMapping - Mapped "{[/student/getByUid/{uid}],methods=[GET],produces=[application/json]}" onto public it.unisalento.se.saw.dto.StudentDTO it.unisalento.se.saw.restapi.StudentRestController.getByUid(java.lang.String) throws it.unisalento.se.saw.exceptions.StudentNotFoundException
2649 [Test worker] INFO org.springframework.web.servlet.mvc.method.annotation.RequestMappingHandlerMapping - Mapped "{[/student/getByCourse/{idCourse}],methods=[GET],produces=[application/json]}" onto public java.util.Set<it.unisalento.se.saw.dto.StudentDTO> it.unisalento.se.saw.restapi.StudentRestController.getByCourse(int)
2650 [Test worker] INFO org.springframework.web.servlet.mvc.method.annotation.RequestMappingHandlerMapping - Mapped "{[/student/save],methods=[POST],consumes=[application/json]}" onto public it.unisalento.se.saw.dto.StudentDTO it.unisalento.se.saw.restapi.StudentRestController.post(it.unisalento.se.saw.dto.StudentDTO) throws it.unisalento.se.saw.exceptions.CourseNotFoundException
2650 [Test worker] INFO org.springframework.web.servlet.mvc.method.annotation.RequestMappingHandlerMapping - Mapped "{[/student/getAll],methods=[GET],produces=[application/json]}" onto public java.util.Set<it.unisalento.se.saw.dto.StudentDTO> it.unisalento.se.saw.restapi.StudentRestController.getAll()
2656 [Test worker] INFO org.springframework.web.servlet.mvc.method.annotation.RequestMappingHandlerAdapter - Looking for @ControllerAdvice: org.springframework.test.web.servlet.setup.StubWebApplicationContext@c5145be
2657 [Test worker] INFO org.springframework.mock.web.MockServletContext - Initializing Spring FrameworkServlet ''
2657 [Test worker] INFO org.springframework.test.web.servlet.TestDispatcherServlet - FrameworkServlet '': initialization started
2658 [Test worker] INFO org.springframework.test.web.servlet.TestDispatcherServlet - FrameworkServlet '': initialization completed in 0 ms
2667 [Test worker] INFO org.springframework.web.servlet.mvc.method.annotation.RequestMappingHandlerMapping - Mapped "{[/student/getById/{id}],methods=[GET],produces=[application/json]}" onto public it.unisalento.se.saw.dto.StudentDTO it.unisalento.se.saw.restapi.StudentRestController.getById(int) throws it.unisalento.se.saw.exceptions.StudentNotFoundException
2668 [Test worker] INFO org.springframework.web.servlet.mvc.method.annotation.RequestMappingHandlerMapping - Mapped "{[/student/getByUid/{uid}],methods=[GET],produces=[application/json]}" onto public it.unisalento.se.saw.dto.StudentDTO it.unisalento.se.saw.restapi.StudentRestController.getByUid(java.lang.String) throws it.unisalento.se.saw.exceptions.StudentNotFoundException
2668 [Test worker] INFO org.springframework.web.servlet.mvc.method.annotation.RequestMappingHandlerMapping - Mapped "{[/student/getByCourse/{idCourse}],methods=[GET],produces=[application/json]}" onto public java.util.Set<it.unisalento.se.saw.dto.StudentDTO> it.unisalento.se.saw.restapi.StudentRestController.getByCourse(int)
2668 [Test worker] INFO org.springframework.web.servlet.mvc.method.annotation.RequestMappingHandlerMapping - Mapped "{[/student/save],methods=[POST],consumes=[application/json]}" onto public it.unisalento.se.saw.dto.StudentDTO it.unisalento.se.saw.restapi.StudentRestController.post(it.unisalento.se.saw.dto.StudentDTO) throws it.unisalento.se.saw.exceptions.CourseNotFoundException
2670 [Test worker] INFO org.springframework.web.servlet.mvc.method.annotation.RequestMappingHandlerMapping - Mapped "{[/student/getAll],methods=[GET],produces=[application/json]}" onto public java.util.Set<it.unisalento.se.saw.dto.StudentDTO> it.unisalento.se.saw.restapi.StudentRestController.getAll()
2676 [Test worker] INFO org.springframework.web.servlet.mvc.method.annotation.RequestMappingHandlerAdapter - Looking for @ControllerAdvice: org.springframework.test.web.servlet.setup.StubWebApplicationContext@30fe6f50
2679 [Test worker] INFO org.springframework.mock.web.MockServletContext - Initializing Spring FrameworkServlet ''
2679 [Test worker] INFO org.springframework.test.web.servlet.TestDispatcherServlet - FrameworkServlet '': initialization started
2679 [Test worker] INFO org.springframework.test.web.servlet.TestDispatcherServlet - FrameworkServlet '': initialization completed in 0 ms
2691 [Test worker] INFO org.springframework.web.servlet.mvc.method.annotation.RequestMappingHandlerMapping - Mapped "{[/student/getById/{id}],methods=[GET],produces=[application/json]}" onto public it.unisalento.se.saw.dto.StudentDTO it.unisalento.se.saw.restapi.StudentRestController.getById(int) throws it.unisalento.se.saw.exceptions.StudentNotFoundException
2691 [Test worker] INFO org.springframework.web.servlet.mvc.method.annotation.RequestMappingHandlerMapping - Mapped "{[/student/getByUid/{uid}],methods=[GET],produces=[application/json]}" onto public it.unisalento.se.saw.dto.StudentDTO it.unisalento.se.saw.restapi.StudentRestController.getByUid(java.lang.String) throws it.unisalento.se.saw.exceptions.StudentNotFoundException
2691 [Test worker] INFO org.springframework.web.servlet.mvc.method.annotation.RequestMappingHandlerMapping - Mapped "{[/student/getByCourse/{idCourse}],methods=[GET],produces=[application/json]}" onto public java.util.Set<it.unisalento.se.saw.dto.StudentDTO> it.unisalento.se.saw.restapi.StudentRestController.getByCourse(int)
2692 [Test worker] INFO org.springframework.web.servlet.mvc.method.annotation.RequestMappingHandlerMapping - Mapped "{[/student/save],methods=[POST],consumes=[application/json]}" onto public it.unisalento.se.saw.dto.StudentDTO it.unisalento.se.saw.restapi.StudentRestController.post(it.unisalento.se.saw.dto.StudentDTO) throws it.unisalento.se.saw.exceptions.CourseNotFoundException
2693 [Test worker] INFO org.springframework.web.servlet.mvc.method.annotation.RequestMappingHandlerMapping - Mapped "{[/student/getAll],methods=[GET],produces=[application/json]}" onto public java.util.Set<it.unisalento.se.saw.dto.StudentDTO> it.unisalento.se.saw.restapi.StudentRestController.getAll()
2699 [Test worker] INFO org.springframework.web.servlet.mvc.method.annotation.RequestMappingHandlerAdapter - Looking for @ControllerAdvice: org.springframework.test.web.servlet.setup.StubWebApplicationContext@7641b946
2701 [Test worker] INFO org.springframework.mock.web.MockServletContext - Initializing Spring FrameworkServlet ''
2701 [Test worker] INFO org.springframework.test.web.servlet.TestDispatcherServlet - FrameworkServlet '': initialization started
2701 [Test worker] INFO org.springframework.test.web.servlet.TestDispatcherServlet - FrameworkServlet '': initialization completed in 0 ms
2711 [Test worker] INFO org.springframework.web.servlet.mvc.method.annotation.RequestMappingHandlerMapping - Mapped "{[/student/getById/{id}],methods=[GET],produces=[application/json]}" onto public it.unisalento.se.saw.dto.StudentDTO it.unisalento.se.saw.restapi.StudentRestController.getById(int) throws it.unisalento.se.saw.exceptions.StudentNotFoundException
2712 [Test worker] INFO org.springframework.web.servlet.mvc.method.annotation.RequestMappingHandlerMapping - Mapped "{[/student/getByUid/{uid}],methods=[GET],produces=[application/json]}" onto public it.unisalento.se.saw.dto.StudentDTO it.unisalento.se.saw.restapi.StudentRestController.getByUid(java.lang.String) throws it.unisalento.se.saw.exceptions.StudentNotFoundException
2712 [Test worker] INFO org.springframework.web.servlet.mvc.method.annotation.RequestMappingHandlerMapping - Mapped "{[/student/getByCourse/{idCourse}],methods=[GET],produces=[application/json]}" onto public java.util.Set<it.unisalento.se.saw.dto.StudentDTO> it.unisalento.se.saw.restapi.StudentRestController.getByCourse(int)
2713 [Test worker] INFO org.springframework.web.servlet.mvc.method.annotation.RequestMappingHandlerMapping - Mapped "{[/student/save],methods=[POST],consumes=[application/json]}" onto public it.unisalento.se.saw.dto.StudentDTO it.unisalento.se.saw.restapi.StudentRestController.post(it.unisalento.se.saw.dto.StudentDTO) throws it.unisalento.se.saw.exceptions.CourseNotFoundException
2719 [Test worker] INFO org.springframework.web.servlet.mvc.method.annotation.RequestMappingHandlerMapping - Mapped "{[/student/getAll],methods=[GET],produces=[application/json]}" onto public java.util.Set<it.unisalento.se.saw.dto.StudentDTO> it.unisalento.se.saw.restapi.StudentRestController.getAll()
2729 [Test worker] INFO org.springframework.web.servlet.mvc.method.annotation.RequestMappingHandlerAdapter - Looking for @ControllerAdvice: org.springframework.test.web.servlet.setup.StubWebApplicationContext@213caa54
2732 [Test worker] INFO org.springframework.mock.web.MockServletContext - Initializing Spring FrameworkServlet ''
2732 [Test worker] INFO org.springframework.test.web.servlet.TestDispatcherServlet - FrameworkServlet '': initialization started
2732 [Test worker] INFO org.springframework.test.web.servlet.TestDispatcherServlet - FrameworkServlet '': initialization completed in 0 ms
2744 [Test worker] INFO org.springframework.web.servlet.mvc.method.annotation.RequestMappingHandlerMapping - Mapped "{[/student/getById/{id}],methods=[GET],produces=[application/json]}" onto public it.unisalento.se.saw.dto.StudentDTO it.unisalento.se.saw.restapi.StudentRestController.getById(int) throws it.unisalento.se.saw.exceptions.StudentNotFoundException
2744 [Test worker] INFO org.springframework.web.servlet.mvc.method.annotation.RequestMappingHandlerMapping - Mapped "{[/student/getByUid/{uid}],methods=[GET],produces=[application/json]}" onto public it.unisalento.se.saw.dto.StudentDTO it.unisalento.se.saw.restapi.StudentRestController.getByUid(java.lang.String) throws it.unisalento.se.saw.exceptions.StudentNotFoundException
2745 [Test worker] INFO org.springframework.web.servlet.mvc.method.annotation.RequestMappingHandlerMapping - Mapped "{[/student/getByCourse/{idCourse}],methods=[GET],produces=[application/json]}" onto public java.util.Set<it.unisalento.se.saw.dto.StudentDTO> it.unisalento.se.saw.restapi.StudentRestController.getByCourse(int)
2745 [Test worker] INFO org.springframework.web.servlet.mvc.method.annotation.RequestMappingHandlerMapping - Mapped "{[/student/save],methods=[POST],consumes=[application/json]}" onto public it.unisalento.se.saw.dto.StudentDTO it.unisalento.se.saw.restapi.StudentRestController.post(it.unisalento.se.saw.dto.StudentDTO) throws it.unisalento.se.saw.exceptions.CourseNotFoundException
2746 [Test worker] INFO org.springframework.web.servlet.mvc.method.annotation.RequestMappingHandlerMapping - Mapped "{[/student/getAll],methods=[GET],produces=[application/json]}" onto public java.util.Set<it.unisalento.se.saw.dto.StudentDTO> it.unisalento.se.saw.restapi.StudentRestController.getAll()
2753 [Test worker] INFO org.springframework.web.servlet.mvc.method.annotation.RequestMappingHandlerAdapter - Looking for @ControllerAdvice: org.springframework.test.web.servlet.setup.StubWebApplicationContext@8a8ffe8
2756 [Test worker] INFO org.springframework.mock.web.MockServletContext - Initializing Spring FrameworkServlet ''
2756 [Test worker] INFO org.springframework.test.web.servlet.TestDispatcherServlet - FrameworkServlet '': initialization started
2757 [Test worker] INFO org.springframework.test.web.servlet.TestDispatcherServlet - FrameworkServlet '': initialization completed in 1 ms
2768 [Test worker] INFO org.springframework.web.servlet.mvc.method.annotation.RequestMappingHandlerMapping - Mapped "{[/student/getById/{id}],methods=[GET],produces=[application/json]}" onto public it.unisalento.se.saw.dto.StudentDTO it.unisalento.se.saw.restapi.StudentRestController.getById(int) throws it.unisalento.se.saw.exceptions.StudentNotFoundException
2769 [Test worker] INFO org.springframework.web.servlet.mvc.method.annotation.RequestMappingHandlerMapping - Mapped "{[/student/getByUid/{uid}],methods=[GET],produces=[application/json]}" onto public it.unisalento.se.saw.dto.StudentDTO it.unisalento.se.saw.restapi.StudentRestController.getByUid(java.lang.String) throws it.unisalento.se.saw.exceptions.StudentNotFoundException
2769 [Test worker] INFO org.springframework.web.servlet.mvc.method.annotation.RequestMappingHandlerMapping - Mapped "{[/student/getByCourse/{idCourse}],methods=[GET],produces=[application/json]}" onto public java.util.Set<it.unisalento.se.saw.dto.StudentDTO> it.unisalento.se.saw.restapi.StudentRestController.getByCourse(int)
2769 [Test worker] INFO org.springframework.web.servlet.mvc.method.annotation.RequestMappingHandlerMapping - Mapped "{[/student/save],methods=[POST],consumes=[application/json]}" onto public it.unisalento.se.saw.dto.StudentDTO it.unisalento.se.saw.restapi.StudentRestController.post(it.unisalento.se.saw.dto.StudentDTO) throws it.unisalento.se.saw.exceptions.CourseNotFoundException
2770 [Test worker] INFO org.springframework.web.servlet.mvc.method.annotation.RequestMappingHandlerMapping - Mapped "{[/student/getAll],methods=[GET],produces=[application/json]}" onto public java.util.Set<it.unisalento.se.saw.dto.StudentDTO> it.unisalento.se.saw.restapi.StudentRestController.getAll()
2775 [Test worker] INFO org.springframework.web.servlet.mvc.method.annotation.RequestMappingHandlerAdapter - Looking for @ControllerAdvice: org.springframework.test.web.servlet.setup.StubWebApplicationContext@70553635
2778 [Test worker] INFO org.springframework.mock.web.MockServletContext - Initializing Spring FrameworkServlet ''
2778 [Test worker] INFO org.springframework.test.web.servlet.TestDispatcherServlet - FrameworkServlet '': initialization started
2778 [Test worker] INFO org.springframework.test.web.servlet.TestDispatcherServlet - FrameworkServlet '': initialization completed in 0 ms
]]></system-err>
</testsuite>
