<?xml version="1.0" encoding="UTF-8"?>
<testsuite name="it.unisalento.se.saw.restapi.StudentRestControllerTest" tests="5" skipped="0" failures="0" errors="0" timestamp="2018-09-08T13:45:07" hostname="DESKTOP-5IEPLHD" time="0.089">
  <properties/>
  <testcase name="saveTest" classname="it.unisalento.se.saw.restapi.StudentRestControllerTest" time="0.021"/>
  <testcase name="getByCourseTest" classname="it.unisalento.se.saw.restapi.StudentRestControllerTest" time="0.016"/>
  <testcase name="getByIdTest" classname="it.unisalento.se.saw.restapi.StudentRestControllerTest" time="0.018"/>
  <testcase name="getAllTest" classname="it.unisalento.se.saw.restapi.StudentRestControllerTest" time="0.015"/>
  <testcase name="getByUidTest" classname="it.unisalento.se.saw.restapi.StudentRestControllerTest" time="0.015"/>
  <system-out><![CDATA[]]></system-out>
  <system-err><![CDATA[2539 [Test worker] INFO org.springframework.web.servlet.mvc.method.annotation.RequestMappingHandlerMapping - Mapped "{[/student/getAll],methods=[GET],produces=[application/json]}" onto public java.util.Set<it.unisalento.se.saw.dto.StudentDTO> it.unisalento.se.saw.restapi.StudentRestController.getAll()
2540 [Test worker] INFO org.springframework.web.servlet.mvc.method.annotation.RequestMappingHandlerMapping - Mapped "{[/student/save],methods=[POST],consumes=[application/json]}" onto public it.unisalento.se.saw.dto.StudentDTO it.unisalento.se.saw.restapi.StudentRestController.post(it.unisalento.se.saw.dto.StudentDTO) throws it.unisalento.se.saw.exceptions.CourseNotFoundException
2540 [Test worker] INFO org.springframework.web.servlet.mvc.method.annotation.RequestMappingHandlerMapping - Mapped "{[/student/getById/{id}],methods=[GET],produces=[application/json]}" onto public it.unisalento.se.saw.dto.StudentDTO it.unisalento.se.saw.restapi.StudentRestController.getById(int) throws it.unisalento.se.saw.exceptions.StudentNotFoundException
2540 [Test worker] INFO org.springframework.web.servlet.mvc.method.annotation.RequestMappingHandlerMapping - Mapped "{[/student/getByCourse/{idCourse}],methods=[GET],produces=[application/json]}" onto public java.util.Set<it.unisalento.se.saw.dto.StudentDTO> it.unisalento.se.saw.restapi.StudentRestController.getByCourse(int)
2540 [Test worker] INFO org.springframework.web.servlet.mvc.method.annotation.RequestMappingHandlerMapping - Mapped "{[/student/getByUid/{uid}],methods=[GET],produces=[application/json]}" onto public it.unisalento.se.saw.dto.StudentDTO it.unisalento.se.saw.restapi.StudentRestController.getByUid(java.lang.String) throws it.unisalento.se.saw.exceptions.StudentNotFoundException
2546 [Test worker] INFO org.springframework.web.servlet.mvc.method.annotation.RequestMappingHandlerAdapter - Looking for @ControllerAdvice: org.springframework.test.web.servlet.setup.StubWebApplicationContext@60532d0e
2548 [Test worker] INFO org.springframework.mock.web.MockServletContext - Initializing Spring FrameworkServlet ''
2548 [Test worker] INFO org.springframework.test.web.servlet.TestDispatcherServlet - FrameworkServlet '': initialization started
2548 [Test worker] INFO org.springframework.test.web.servlet.TestDispatcherServlet - FrameworkServlet '': initialization completed in 0 ms
2560 [Test worker] INFO org.springframework.web.servlet.mvc.method.annotation.RequestMappingHandlerMapping - Mapped "{[/student/getAll],methods=[GET],produces=[application/json]}" onto public java.util.Set<it.unisalento.se.saw.dto.StudentDTO> it.unisalento.se.saw.restapi.StudentRestController.getAll()
2561 [Test worker] INFO org.springframework.web.servlet.mvc.method.annotation.RequestMappingHandlerMapping - Mapped "{[/student/save],methods=[POST],consumes=[application/json]}" onto public it.unisalento.se.saw.dto.StudentDTO it.unisalento.se.saw.restapi.StudentRestController.post(it.unisalento.se.saw.dto.StudentDTO) throws it.unisalento.se.saw.exceptions.CourseNotFoundException
2561 [Test worker] INFO org.springframework.web.servlet.mvc.method.annotation.RequestMappingHandlerMapping - Mapped "{[/student/getById/{id}],methods=[GET],produces=[application/json]}" onto public it.unisalento.se.saw.dto.StudentDTO it.unisalento.se.saw.restapi.StudentRestController.getById(int) throws it.unisalento.se.saw.exceptions.StudentNotFoundException
2561 [Test worker] INFO org.springframework.web.servlet.mvc.method.annotation.RequestMappingHandlerMapping - Mapped "{[/student/getByCourse/{idCourse}],methods=[GET],produces=[application/json]}" onto public java.util.Set<it.unisalento.se.saw.dto.StudentDTO> it.unisalento.se.saw.restapi.StudentRestController.getByCourse(int)
2561 [Test worker] INFO org.springframework.web.servlet.mvc.method.annotation.RequestMappingHandlerMapping - Mapped "{[/student/getByUid/{uid}],methods=[GET],produces=[application/json]}" onto public it.unisalento.se.saw.dto.StudentDTO it.unisalento.se.saw.restapi.StudentRestController.getByUid(java.lang.String) throws it.unisalento.se.saw.exceptions.StudentNotFoundException
2566 [Test worker] INFO org.springframework.web.servlet.mvc.method.annotation.RequestMappingHandlerAdapter - Looking for @ControllerAdvice: org.springframework.test.web.servlet.setup.StubWebApplicationContext@4d786046
2569 [Test worker] INFO org.springframework.mock.web.MockServletContext - Initializing Spring FrameworkServlet ''
2569 [Test worker] INFO org.springframework.test.web.servlet.TestDispatcherServlet - FrameworkServlet '': initialization started
2569 [Test worker] INFO org.springframework.test.web.servlet.TestDispatcherServlet - FrameworkServlet '': initialization completed in 0 ms
2579 [Test worker] INFO org.springframework.web.servlet.mvc.method.annotation.RequestMappingHandlerMapping - Mapped "{[/student/getAll],methods=[GET],produces=[application/json]}" onto public java.util.Set<it.unisalento.se.saw.dto.StudentDTO> it.unisalento.se.saw.restapi.StudentRestController.getAll()
2579 [Test worker] INFO org.springframework.web.servlet.mvc.method.annotation.RequestMappingHandlerMapping - Mapped "{[/student/save],methods=[POST],consumes=[application/json]}" onto public it.unisalento.se.saw.dto.StudentDTO it.unisalento.se.saw.restapi.StudentRestController.post(it.unisalento.se.saw.dto.StudentDTO) throws it.unisalento.se.saw.exceptions.CourseNotFoundException
2580 [Test worker] INFO org.springframework.web.servlet.mvc.method.annotation.RequestMappingHandlerMapping - Mapped "{[/student/getById/{id}],methods=[GET],produces=[application/json]}" onto public it.unisalento.se.saw.dto.StudentDTO it.unisalento.se.saw.restapi.StudentRestController.getById(int) throws it.unisalento.se.saw.exceptions.StudentNotFoundException
2580 [Test worker] INFO org.springframework.web.servlet.mvc.method.annotation.RequestMappingHandlerMapping - Mapped "{[/student/getByCourse/{idCourse}],methods=[GET],produces=[application/json]}" onto public java.util.Set<it.unisalento.se.saw.dto.StudentDTO> it.unisalento.se.saw.restapi.StudentRestController.getByCourse(int)
2580 [Test worker] INFO org.springframework.web.servlet.mvc.method.annotation.RequestMappingHandlerMapping - Mapped "{[/student/getByUid/{uid}],methods=[GET],produces=[application/json]}" onto public it.unisalento.se.saw.dto.StudentDTO it.unisalento.se.saw.restapi.StudentRestController.getByUid(java.lang.String) throws it.unisalento.se.saw.exceptions.StudentNotFoundException
2586 [Test worker] INFO org.springframework.web.servlet.mvc.method.annotation.RequestMappingHandlerAdapter - Looking for @ControllerAdvice: org.springframework.test.web.servlet.setup.StubWebApplicationContext@61fd0dec
2588 [Test worker] INFO org.springframework.mock.web.MockServletContext - Initializing Spring FrameworkServlet ''
2588 [Test worker] INFO org.springframework.test.web.servlet.TestDispatcherServlet - FrameworkServlet '': initialization started
2589 [Test worker] INFO org.springframework.test.web.servlet.TestDispatcherServlet - FrameworkServlet '': initialization completed in 1 ms
2597 [Test worker] INFO org.springframework.web.servlet.mvc.method.annotation.RequestMappingHandlerMapping - Mapped "{[/student/getAll],methods=[GET],produces=[application/json]}" onto public java.util.Set<it.unisalento.se.saw.dto.StudentDTO> it.unisalento.se.saw.restapi.StudentRestController.getAll()
2597 [Test worker] INFO org.springframework.web.servlet.mvc.method.annotation.RequestMappingHandlerMapping - Mapped "{[/student/save],methods=[POST],consumes=[application/json]}" onto public it.unisalento.se.saw.dto.StudentDTO it.unisalento.se.saw.restapi.StudentRestController.post(it.unisalento.se.saw.dto.StudentDTO) throws it.unisalento.se.saw.exceptions.CourseNotFoundException
2597 [Test worker] INFO org.springframework.web.servlet.mvc.method.annotation.RequestMappingHandlerMapping - Mapped "{[/student/getById/{id}],methods=[GET],produces=[application/json]}" onto public it.unisalento.se.saw.dto.StudentDTO it.unisalento.se.saw.restapi.StudentRestController.getById(int) throws it.unisalento.se.saw.exceptions.StudentNotFoundException
2597 [Test worker] INFO org.springframework.web.servlet.mvc.method.annotation.RequestMappingHandlerMapping - Mapped "{[/student/getByCourse/{idCourse}],methods=[GET],produces=[application/json]}" onto public java.util.Set<it.unisalento.se.saw.dto.StudentDTO> it.unisalento.se.saw.restapi.StudentRestController.getByCourse(int)
2597 [Test worker] INFO org.springframework.web.servlet.mvc.method.annotation.RequestMappingHandlerMapping - Mapped "{[/student/getByUid/{uid}],methods=[GET],produces=[application/json]}" onto public it.unisalento.se.saw.dto.StudentDTO it.unisalento.se.saw.restapi.StudentRestController.getByUid(java.lang.String) throws it.unisalento.se.saw.exceptions.StudentNotFoundException
2603 [Test worker] INFO org.springframework.web.servlet.mvc.method.annotation.RequestMappingHandlerAdapter - Looking for @ControllerAdvice: org.springframework.test.web.servlet.setup.StubWebApplicationContext@794c0af8
2605 [Test worker] INFO org.springframework.mock.web.MockServletContext - Initializing Spring FrameworkServlet ''
2605 [Test worker] INFO org.springframework.test.web.servlet.TestDispatcherServlet - FrameworkServlet '': initialization started
2605 [Test worker] INFO org.springframework.test.web.servlet.TestDispatcherServlet - FrameworkServlet '': initialization completed in 0 ms
2613 [Test worker] INFO org.springframework.web.servlet.mvc.method.annotation.RequestMappingHandlerMapping - Mapped "{[/student/getAll],methods=[GET],produces=[application/json]}" onto public java.util.Set<it.unisalento.se.saw.dto.StudentDTO> it.unisalento.se.saw.restapi.StudentRestController.getAll()
2613 [Test worker] INFO org.springframework.web.servlet.mvc.method.annotation.RequestMappingHandlerMapping - Mapped "{[/student/save],methods=[POST],consumes=[application/json]}" onto public it.unisalento.se.saw.dto.StudentDTO it.unisalento.se.saw.restapi.StudentRestController.post(it.unisalento.se.saw.dto.StudentDTO) throws it.unisalento.se.saw.exceptions.CourseNotFoundException
2613 [Test worker] INFO org.springframework.web.servlet.mvc.method.annotation.RequestMappingHandlerMapping - Mapped "{[/student/getById/{id}],methods=[GET],produces=[application/json]}" onto public it.unisalento.se.saw.dto.StudentDTO it.unisalento.se.saw.restapi.StudentRestController.getById(int) throws it.unisalento.se.saw.exceptions.StudentNotFoundException
2613 [Test worker] INFO org.springframework.web.servlet.mvc.method.annotation.RequestMappingHandlerMapping - Mapped "{[/student/getByCourse/{idCourse}],methods=[GET],produces=[application/json]}" onto public java.util.Set<it.unisalento.se.saw.dto.StudentDTO> it.unisalento.se.saw.restapi.StudentRestController.getByCourse(int)
2613 [Test worker] INFO org.springframework.web.servlet.mvc.method.annotation.RequestMappingHandlerMapping - Mapped "{[/student/getByUid/{uid}],methods=[GET],produces=[application/json]}" onto public it.unisalento.se.saw.dto.StudentDTO it.unisalento.se.saw.restapi.StudentRestController.getByUid(java.lang.String) throws it.unisalento.se.saw.exceptions.StudentNotFoundException
2619 [Test worker] INFO org.springframework.web.servlet.mvc.method.annotation.RequestMappingHandlerAdapter - Looking for @ControllerAdvice: org.springframework.test.web.servlet.setup.StubWebApplicationContext@5e67dbb8
2621 [Test worker] INFO org.springframework.mock.web.MockServletContext - Initializing Spring FrameworkServlet ''
2621 [Test worker] INFO org.springframework.test.web.servlet.TestDispatcherServlet - FrameworkServlet '': initialization started
2621 [Test worker] INFO org.springframework.test.web.servlet.TestDispatcherServlet - FrameworkServlet '': initialization completed in 0 ms
]]></system-err>
</testsuite>
