<?xml version="1.0" encoding="UTF-8"?>
<testsuite name="it.unisalento.se.saw.restapi.SegnalationRestControllerTest" tests="5" skipped="0" failures="0" errors="0" timestamp="2018-09-02T10:12:12" hostname="DESKTOP-TUGA85P" time="0.459">
  <properties/>
  <testcase name="getByRoomTest" classname="it.unisalento.se.saw.restapi.SegnalationRestControllerTest" time="0.118"/>
  <testcase name="saveTest" classname="it.unisalento.se.saw.restapi.SegnalationRestControllerTest" time="0.069"/>
  <testcase name="getByIdTest" classname="it.unisalento.se.saw.restapi.SegnalationRestControllerTest" time="0.101"/>
  <testcase name="getAllTest" classname="it.unisalento.se.saw.restapi.SegnalationRestControllerTest" time="0.091"/>
  <testcase name="getByProfTest" classname="it.unisalento.se.saw.restapi.SegnalationRestControllerTest" time="0.074"/>
  <system-out><![CDATA[]]></system-out>
  <system-err><![CDATA[2315 [Test worker] INFO org.springframework.web.servlet.mvc.method.annotation.RequestMappingHandlerMapping - Mapped "{[/segnalation/save],methods=[POST],consumes=[application/json]}" onto public it.unisalento.se.saw.dto.SegnalationDTO it.unisalento.se.saw.restapi.SegnalationRestController.save(it.unisalento.se.saw.dto.SegnalationDTO) throws it.unisalento.se.saw.exceptions.RoomNotFoundException,it.unisalento.se.saw.exceptions.ProfessorNotFoundException
2316 [Test worker] INFO org.springframework.web.servlet.mvc.method.annotation.RequestMappingHandlerMapping - Mapped "{[/segnalation/getAll],methods=[GET],produces=[application/json]}" onto public java.util.Set<it.unisalento.se.saw.dto.SegnalationDTO> it.unisalento.se.saw.restapi.SegnalationRestController.getAll()
2326 [Test worker] INFO org.springframework.web.servlet.mvc.method.annotation.RequestMappingHandlerMapping - Mapped "{[/segnalation/getById/{id}],methods=[GET],produces=[application/json]}" onto public it.unisalento.se.saw.dto.SegnalationDTO it.unisalento.se.saw.restapi.SegnalationRestController.getById(int) throws it.unisalento.se.saw.exceptions.SegnalationNotFoundException
2327 [Test worker] INFO org.springframework.web.servlet.mvc.method.annotation.RequestMappingHandlerMapping - Mapped "{[/segnalation/getByRoom/{id}],methods=[GET],produces=[application/json]}" onto public java.util.Set<it.unisalento.se.saw.dto.SegnalationDTO> it.unisalento.se.saw.restapi.SegnalationRestController.getByRoom(int)
2330 [Test worker] INFO org.springframework.web.servlet.mvc.method.annotation.RequestMappingHandlerMapping - Mapped "{[/segnalation/getByIdProfessor/{id}],methods=[GET],produces=[application/json]}" onto public java.util.Set<it.unisalento.se.saw.dto.SegnalationDTO> it.unisalento.se.saw.restapi.SegnalationRestController.getByProfessor(int)
2355 [Test worker] INFO org.springframework.web.servlet.mvc.method.annotation.RequestMappingHandlerAdapter - Looking for @ControllerAdvice: org.springframework.test.web.servlet.setup.StubWebApplicationContext@35f4a998
2361 [Test worker] INFO org.springframework.mock.web.MockServletContext - Initializing Spring FrameworkServlet ''
2362 [Test worker] INFO org.springframework.test.web.servlet.TestDispatcherServlet - FrameworkServlet '': initialization started
2368 [Test worker] INFO org.springframework.test.web.servlet.TestDispatcherServlet - FrameworkServlet '': initialization completed in 0 ms
2430 [Test worker] INFO org.springframework.web.servlet.mvc.method.annotation.RequestMappingHandlerMapping - Mapped "{[/segnalation/save],methods=[POST],consumes=[application/json]}" onto public it.unisalento.se.saw.dto.SegnalationDTO it.unisalento.se.saw.restapi.SegnalationRestController.save(it.unisalento.se.saw.dto.SegnalationDTO) throws it.unisalento.se.saw.exceptions.RoomNotFoundException,it.unisalento.se.saw.exceptions.ProfessorNotFoundException
2431 [Test worker] INFO org.springframework.web.servlet.mvc.method.annotation.RequestMappingHandlerMapping - Mapped "{[/segnalation/getAll],methods=[GET],produces=[application/json]}" onto public java.util.Set<it.unisalento.se.saw.dto.SegnalationDTO> it.unisalento.se.saw.restapi.SegnalationRestController.getAll()
2431 [Test worker] INFO org.springframework.web.servlet.mvc.method.annotation.RequestMappingHandlerMapping - Mapped "{[/segnalation/getById/{id}],methods=[GET],produces=[application/json]}" onto public it.unisalento.se.saw.dto.SegnalationDTO it.unisalento.se.saw.restapi.SegnalationRestController.getById(int) throws it.unisalento.se.saw.exceptions.SegnalationNotFoundException
2432 [Test worker] INFO org.springframework.web.servlet.mvc.method.annotation.RequestMappingHandlerMapping - Mapped "{[/segnalation/getByRoom/{id}],methods=[GET],produces=[application/json]}" onto public java.util.Set<it.unisalento.se.saw.dto.SegnalationDTO> it.unisalento.se.saw.restapi.SegnalationRestController.getByRoom(int)
2432 [Test worker] INFO org.springframework.web.servlet.mvc.method.annotation.RequestMappingHandlerMapping - Mapped "{[/segnalation/getByIdProfessor/{id}],methods=[GET],produces=[application/json]}" onto public java.util.Set<it.unisalento.se.saw.dto.SegnalationDTO> it.unisalento.se.saw.restapi.SegnalationRestController.getByProfessor(int)
2448 [Test worker] INFO org.springframework.web.servlet.mvc.method.annotation.RequestMappingHandlerAdapter - Looking for @ControllerAdvice: org.springframework.test.web.servlet.setup.StubWebApplicationContext@545fd270
2454 [Test worker] INFO org.springframework.mock.web.MockServletContext - Initializing Spring FrameworkServlet ''
2455 [Test worker] INFO org.springframework.test.web.servlet.TestDispatcherServlet - FrameworkServlet '': initialization started
2455 [Test worker] INFO org.springframework.test.web.servlet.TestDispatcherServlet - FrameworkServlet '': initialization completed in 0 ms
2495 [Test worker] INFO org.springframework.web.servlet.mvc.method.annotation.RequestMappingHandlerMapping - Mapped "{[/segnalation/save],methods=[POST],consumes=[application/json]}" onto public it.unisalento.se.saw.dto.SegnalationDTO it.unisalento.se.saw.restapi.SegnalationRestController.save(it.unisalento.se.saw.dto.SegnalationDTO) throws it.unisalento.se.saw.exceptions.RoomNotFoundException,it.unisalento.se.saw.exceptions.ProfessorNotFoundException
2496 [Test worker] INFO org.springframework.web.servlet.mvc.method.annotation.RequestMappingHandlerMapping - Mapped "{[/segnalation/getAll],methods=[GET],produces=[application/json]}" onto public java.util.Set<it.unisalento.se.saw.dto.SegnalationDTO> it.unisalento.se.saw.restapi.SegnalationRestController.getAll()
2497 [Test worker] INFO org.springframework.web.servlet.mvc.method.annotation.RequestMappingHandlerMapping - Mapped "{[/segnalation/getById/{id}],methods=[GET],produces=[application/json]}" onto public it.unisalento.se.saw.dto.SegnalationDTO it.unisalento.se.saw.restapi.SegnalationRestController.getById(int) throws it.unisalento.se.saw.exceptions.SegnalationNotFoundException
2498 [Test worker] INFO org.springframework.web.servlet.mvc.method.annotation.RequestMappingHandlerMapping - Mapped "{[/segnalation/getByRoom/{id}],methods=[GET],produces=[application/json]}" onto public java.util.Set<it.unisalento.se.saw.dto.SegnalationDTO> it.unisalento.se.saw.restapi.SegnalationRestController.getByRoom(int)
2499 [Test worker] INFO org.springframework.web.servlet.mvc.method.annotation.RequestMappingHandlerMapping - Mapped "{[/segnalation/getByIdProfessor/{id}],methods=[GET],produces=[application/json]}" onto public java.util.Set<it.unisalento.se.saw.dto.SegnalationDTO> it.unisalento.se.saw.restapi.SegnalationRestController.getByProfessor(int)
2534 [Test worker] INFO org.springframework.web.servlet.mvc.method.annotation.RequestMappingHandlerAdapter - Looking for @ControllerAdvice: org.springframework.test.web.servlet.setup.StubWebApplicationContext@5a68775a
2576 [Test worker] INFO org.springframework.mock.web.MockServletContext - Initializing Spring FrameworkServlet ''
2576 [Test worker] INFO org.springframework.test.web.servlet.TestDispatcherServlet - FrameworkServlet '': initialization started
2577 [Test worker] INFO org.springframework.test.web.servlet.TestDispatcherServlet - FrameworkServlet '': initialization completed in 0 ms
2623 [Test worker] INFO org.springframework.web.servlet.mvc.method.annotation.RequestMappingHandlerMapping - Mapped "{[/segnalation/save],methods=[POST],consumes=[application/json]}" onto public it.unisalento.se.saw.dto.SegnalationDTO it.unisalento.se.saw.restapi.SegnalationRestController.save(it.unisalento.se.saw.dto.SegnalationDTO) throws it.unisalento.se.saw.exceptions.RoomNotFoundException,it.unisalento.se.saw.exceptions.ProfessorNotFoundException
2632 [Test worker] INFO org.springframework.web.servlet.mvc.method.annotation.RequestMappingHandlerMapping - Mapped "{[/segnalation/getAll],methods=[GET],produces=[application/json]}" onto public java.util.Set<it.unisalento.se.saw.dto.SegnalationDTO> it.unisalento.se.saw.restapi.SegnalationRestController.getAll()
2633 [Test worker] INFO org.springframework.web.servlet.mvc.method.annotation.RequestMappingHandlerMapping - Mapped "{[/segnalation/getById/{id}],methods=[GET],produces=[application/json]}" onto public it.unisalento.se.saw.dto.SegnalationDTO it.unisalento.se.saw.restapi.SegnalationRestController.getById(int) throws it.unisalento.se.saw.exceptions.SegnalationNotFoundException
2636 [Test worker] INFO org.springframework.web.servlet.mvc.method.annotation.RequestMappingHandlerMapping - Mapped "{[/segnalation/getByRoom/{id}],methods=[GET],produces=[application/json]}" onto public java.util.Set<it.unisalento.se.saw.dto.SegnalationDTO> it.unisalento.se.saw.restapi.SegnalationRestController.getByRoom(int)
2638 [Test worker] INFO org.springframework.web.servlet.mvc.method.annotation.RequestMappingHandlerMapping - Mapped "{[/segnalation/getByIdProfessor/{id}],methods=[GET],produces=[application/json]}" onto public java.util.Set<it.unisalento.se.saw.dto.SegnalationDTO> it.unisalento.se.saw.restapi.SegnalationRestController.getByProfessor(int)
2665 [Test worker] INFO org.springframework.web.servlet.mvc.method.annotation.RequestMappingHandlerAdapter - Looking for @ControllerAdvice: org.springframework.test.web.servlet.setup.StubWebApplicationContext@43e9c81c
2670 [Test worker] INFO org.springframework.mock.web.MockServletContext - Initializing Spring FrameworkServlet ''
2670 [Test worker] INFO org.springframework.test.web.servlet.TestDispatcherServlet - FrameworkServlet '': initialization started
2671 [Test worker] INFO org.springframework.test.web.servlet.TestDispatcherServlet - FrameworkServlet '': initialization completed in 1 ms
2688 [Test worker] INFO org.springframework.web.servlet.mvc.method.annotation.RequestMappingHandlerMapping - Mapped "{[/segnalation/save],methods=[POST],consumes=[application/json]}" onto public it.unisalento.se.saw.dto.SegnalationDTO it.unisalento.se.saw.restapi.SegnalationRestController.save(it.unisalento.se.saw.dto.SegnalationDTO) throws it.unisalento.se.saw.exceptions.RoomNotFoundException,it.unisalento.se.saw.exceptions.ProfessorNotFoundException
2689 [Test worker] INFO org.springframework.web.servlet.mvc.method.annotation.RequestMappingHandlerMapping - Mapped "{[/segnalation/getAll],methods=[GET],produces=[application/json]}" onto public java.util.Set<it.unisalento.se.saw.dto.SegnalationDTO> it.unisalento.se.saw.restapi.SegnalationRestController.getAll()
2696 [Test worker] INFO org.springframework.web.servlet.mvc.method.annotation.RequestMappingHandlerMapping - Mapped "{[/segnalation/getById/{id}],methods=[GET],produces=[application/json]}" onto public it.unisalento.se.saw.dto.SegnalationDTO it.unisalento.se.saw.restapi.SegnalationRestController.getById(int) throws it.unisalento.se.saw.exceptions.SegnalationNotFoundException
2699 [Test worker] INFO org.springframework.web.servlet.mvc.method.annotation.RequestMappingHandlerMapping - Mapped "{[/segnalation/getByRoom/{id}],methods=[GET],produces=[application/json]}" onto public java.util.Set<it.unisalento.se.saw.dto.SegnalationDTO> it.unisalento.se.saw.restapi.SegnalationRestController.getByRoom(int)
2701 [Test worker] INFO org.springframework.web.servlet.mvc.method.annotation.RequestMappingHandlerMapping - Mapped "{[/segnalation/getByIdProfessor/{id}],methods=[GET],produces=[application/json]}" onto public java.util.Set<it.unisalento.se.saw.dto.SegnalationDTO> it.unisalento.se.saw.restapi.SegnalationRestController.getByProfessor(int)
2739 [Test worker] INFO org.springframework.web.servlet.mvc.method.annotation.RequestMappingHandlerAdapter - Looking for @ControllerAdvice: org.springframework.test.web.servlet.setup.StubWebApplicationContext@544fadd3
2743 [Test worker] INFO org.springframework.mock.web.MockServletContext - Initializing Spring FrameworkServlet ''
2745 [Test worker] INFO org.springframework.test.web.servlet.TestDispatcherServlet - FrameworkServlet '': initialization started
2745 [Test worker] INFO org.springframework.test.web.servlet.TestDispatcherServlet - FrameworkServlet '': initialization completed in 0 ms
]]></system-err>
</testsuite>
