<?xml version="1.0" encoding="UTF-8"?>
<testsuite name="it.unisalento.se.saw.restapi.SegnalationStateRestControllerTest" tests="3" skipped="0" failures="0" errors="0" timestamp="2018-09-08T13:45:07" hostname="DESKTOP-5IEPLHD" time="0.05">
  <properties/>
  <testcase name="saveTest" classname="it.unisalento.se.saw.restapi.SegnalationStateRestControllerTest" time="0.016"/>
  <testcase name="getByIdTest" classname="it.unisalento.se.saw.restapi.SegnalationStateRestControllerTest" time="0.018"/>
  <testcase name="getAllTest" classname="it.unisalento.se.saw.restapi.SegnalationStateRestControllerTest" time="0.016"/>
  <system-out><![CDATA[]]></system-out>
  <system-err><![CDATA[2480 [Test worker] INFO org.springframework.web.servlet.mvc.method.annotation.RequestMappingHandlerMapping - Mapped "{[/segnalationState/save],methods=[POST],consumes=[application/json]}" onto public it.unisalento.se.saw.dto.SegnalationStateDTO it.unisalento.se.saw.restapi.SegnalationStateRestController.save(it.unisalento.se.saw.dto.SegnalationStateDTO)
2480 [Test worker] INFO org.springframework.web.servlet.mvc.method.annotation.RequestMappingHandlerMapping - Mapped "{[/segnalationState/getAll],methods=[GET],produces=[application/json]}" onto public java.util.Set<it.unisalento.se.saw.dto.SegnalationStateDTO> it.unisalento.se.saw.restapi.SegnalationStateRestController.getAll()
2480 [Test worker] INFO org.springframework.web.servlet.mvc.method.annotation.RequestMappingHandlerMapping - Mapped "{[/segnalationState/getById/{id}],methods=[GET],produces=[application/json]}" onto public it.unisalento.se.saw.dto.SegnalationStateDTO it.unisalento.se.saw.restapi.SegnalationStateRestController.getById(int) throws it.unisalento.se.saw.exceptions.SegnalationStateNotFoundException
2486 [Test worker] INFO org.springframework.web.servlet.mvc.method.annotation.RequestMappingHandlerAdapter - Looking for @ControllerAdvice: org.springframework.test.web.servlet.setup.StubWebApplicationContext@ecbb34d
2488 [Test worker] INFO org.springframework.mock.web.MockServletContext - Initializing Spring FrameworkServlet ''
2488 [Test worker] INFO org.springframework.test.web.servlet.TestDispatcherServlet - FrameworkServlet '': initialization started
2489 [Test worker] INFO org.springframework.test.web.servlet.TestDispatcherServlet - FrameworkServlet '': initialization completed in 0 ms
2496 [Test worker] INFO org.springframework.web.servlet.mvc.method.annotation.RequestMappingHandlerMapping - Mapped "{[/segnalationState/save],methods=[POST],consumes=[application/json]}" onto public it.unisalento.se.saw.dto.SegnalationStateDTO it.unisalento.se.saw.restapi.SegnalationStateRestController.save(it.unisalento.se.saw.dto.SegnalationStateDTO)
2496 [Test worker] INFO org.springframework.web.servlet.mvc.method.annotation.RequestMappingHandlerMapping - Mapped "{[/segnalationState/getAll],methods=[GET],produces=[application/json]}" onto public java.util.Set<it.unisalento.se.saw.dto.SegnalationStateDTO> it.unisalento.se.saw.restapi.SegnalationStateRestController.getAll()
2497 [Test worker] INFO org.springframework.web.servlet.mvc.method.annotation.RequestMappingHandlerMapping - Mapped "{[/segnalationState/getById/{id}],methods=[GET],produces=[application/json]}" onto public it.unisalento.se.saw.dto.SegnalationStateDTO it.unisalento.se.saw.restapi.SegnalationStateRestController.getById(int) throws it.unisalento.se.saw.exceptions.SegnalationStateNotFoundException
2504 [Test worker] INFO org.springframework.web.servlet.mvc.method.annotation.RequestMappingHandlerAdapter - Looking for @ControllerAdvice: org.springframework.test.web.servlet.setup.StubWebApplicationContext@4b61ccd9
2507 [Test worker] INFO org.springframework.mock.web.MockServletContext - Initializing Spring FrameworkServlet ''
2507 [Test worker] INFO org.springframework.test.web.servlet.TestDispatcherServlet - FrameworkServlet '': initialization started
2507 [Test worker] INFO org.springframework.test.web.servlet.TestDispatcherServlet - FrameworkServlet '': initialization completed in 0 ms
2515 [Test worker] INFO org.springframework.web.servlet.mvc.method.annotation.RequestMappingHandlerMapping - Mapped "{[/segnalationState/save],methods=[POST],consumes=[application/json]}" onto public it.unisalento.se.saw.dto.SegnalationStateDTO it.unisalento.se.saw.restapi.SegnalationStateRestController.save(it.unisalento.se.saw.dto.SegnalationStateDTO)
2515 [Test worker] INFO org.springframework.web.servlet.mvc.method.annotation.RequestMappingHandlerMapping - Mapped "{[/segnalationState/getAll],methods=[GET],produces=[application/json]}" onto public java.util.Set<it.unisalento.se.saw.dto.SegnalationStateDTO> it.unisalento.se.saw.restapi.SegnalationStateRestController.getAll()
2515 [Test worker] INFO org.springframework.web.servlet.mvc.method.annotation.RequestMappingHandlerMapping - Mapped "{[/segnalationState/getById/{id}],methods=[GET],produces=[application/json]}" onto public it.unisalento.se.saw.dto.SegnalationStateDTO it.unisalento.se.saw.restapi.SegnalationStateRestController.getById(int) throws it.unisalento.se.saw.exceptions.SegnalationStateNotFoundException
2521 [Test worker] INFO org.springframework.web.servlet.mvc.method.annotation.RequestMappingHandlerAdapter - Looking for @ControllerAdvice: org.springframework.test.web.servlet.setup.StubWebApplicationContext@2adb32d9
2524 [Test worker] INFO org.springframework.mock.web.MockServletContext - Initializing Spring FrameworkServlet ''
2524 [Test worker] INFO org.springframework.test.web.servlet.TestDispatcherServlet - FrameworkServlet '': initialization started
2524 [Test worker] INFO org.springframework.test.web.servlet.TestDispatcherServlet - FrameworkServlet '': initialization completed in 0 ms
]]></system-err>
</testsuite>
