<?xml version="1.0" encoding="UTF-8"?>
<testsuite name="it.unisalento.se.saw.restapi.CourseRestControllerTest" tests="3" skipped="0" failures="0" errors="0" timestamp="2018-09-09T11:32:29" hostname="antonio-pc" time="0.063">
  <properties/>
  <testcase name="saveTest" classname="it.unisalento.se.saw.restapi.CourseRestControllerTest" time="0.023"/>
  <testcase name="getByIdTest" classname="it.unisalento.se.saw.restapi.CourseRestControllerTest" time="0.018"/>
  <testcase name="getAllTest" classname="it.unisalento.se.saw.restapi.CourseRestControllerTest" time="0.019"/>
  <system-out><![CDATA[]]></system-out>
  <system-err><![CDATA[3446 [Test worker] INFO org.springframework.web.servlet.mvc.method.annotation.RequestMappingHandlerMapping - Mapped "{[/course/getById/{id}],methods=[GET],produces=[application/json]}" onto public it.unisalento.se.saw.dto.CourseDTO it.unisalento.se.saw.restapi.CourseRestController.getById(int) throws it.unisalento.se.saw.exceptions.CourseNotFoundException
3446 [Test worker] INFO org.springframework.web.servlet.mvc.method.annotation.RequestMappingHandlerMapping - Mapped "{[/course/save],methods=[POST],consumes=[application/json]}" onto public it.unisalento.se.saw.dto.CourseDTO it.unisalento.se.saw.restapi.CourseRestController.post(it.unisalento.se.saw.dto.CourseDTO)
3446 [Test worker] INFO org.springframework.web.servlet.mvc.method.annotation.RequestMappingHandlerMapping - Mapped "{[/course/getByIdProf/{id}],methods=[GET],produces=[application/json]}" onto public java.util.Set<it.unisalento.se.saw.dto.CourseDTO> it.unisalento.se.saw.restapi.CourseRestController.getByIdProf(int) throws it.unisalento.se.saw.exceptions.CourseNotFoundException,it.unisalento.se.saw.exceptions.ProfessorNotFoundException
3447 [Test worker] INFO org.springframework.web.servlet.mvc.method.annotation.RequestMappingHandlerMapping - Mapped "{[/course/getAll],methods=[GET],produces=[application/json]}" onto public java.util.Set<it.unisalento.se.saw.dto.CourseDTO> it.unisalento.se.saw.restapi.CourseRestController.getAll()
3453 [Test worker] INFO org.springframework.web.servlet.mvc.method.annotation.RequestMappingHandlerAdapter - Looking for @ControllerAdvice: org.springframework.test.web.servlet.setup.StubWebApplicationContext@b3102c7
3457 [Test worker] INFO org.springframework.mock.web.MockServletContext - Initializing Spring FrameworkServlet ''
3457 [Test worker] INFO org.springframework.test.web.servlet.TestDispatcherServlet - FrameworkServlet '': initialization started
3457 [Test worker] INFO org.springframework.test.web.servlet.TestDispatcherServlet - FrameworkServlet '': initialization completed in 0 ms
3470 [Test worker] INFO org.springframework.web.servlet.mvc.method.annotation.RequestMappingHandlerMapping - Mapped "{[/course/getById/{id}],methods=[GET],produces=[application/json]}" onto public it.unisalento.se.saw.dto.CourseDTO it.unisalento.se.saw.restapi.CourseRestController.getById(int) throws it.unisalento.se.saw.exceptions.CourseNotFoundException
3470 [Test worker] INFO org.springframework.web.servlet.mvc.method.annotation.RequestMappingHandlerMapping - Mapped "{[/course/save],methods=[POST],consumes=[application/json]}" onto public it.unisalento.se.saw.dto.CourseDTO it.unisalento.se.saw.restapi.CourseRestController.post(it.unisalento.se.saw.dto.CourseDTO)
3471 [Test worker] INFO org.springframework.web.servlet.mvc.method.annotation.RequestMappingHandlerMapping - Mapped "{[/course/getByIdProf/{id}],methods=[GET],produces=[application/json]}" onto public java.util.Set<it.unisalento.se.saw.dto.CourseDTO> it.unisalento.se.saw.restapi.CourseRestController.getByIdProf(int) throws it.unisalento.se.saw.exceptions.CourseNotFoundException,it.unisalento.se.saw.exceptions.ProfessorNotFoundException
3471 [Test worker] INFO org.springframework.web.servlet.mvc.method.annotation.RequestMappingHandlerMapping - Mapped "{[/course/getAll],methods=[GET],produces=[application/json]}" onto public java.util.Set<it.unisalento.se.saw.dto.CourseDTO> it.unisalento.se.saw.restapi.CourseRestController.getAll()
3477 [Test worker] INFO org.springframework.web.servlet.mvc.method.annotation.RequestMappingHandlerAdapter - Looking for @ControllerAdvice: org.springframework.test.web.servlet.setup.StubWebApplicationContext@739d5169
3480 [Test worker] INFO org.springframework.mock.web.MockServletContext - Initializing Spring FrameworkServlet ''
3480 [Test worker] INFO org.springframework.test.web.servlet.TestDispatcherServlet - FrameworkServlet '': initialization started
3480 [Test worker] INFO org.springframework.test.web.servlet.TestDispatcherServlet - FrameworkServlet '': initialization completed in 0 ms
3489 [Test worker] INFO org.springframework.web.servlet.mvc.method.annotation.RequestMappingHandlerMapping - Mapped "{[/course/getById/{id}],methods=[GET],produces=[application/json]}" onto public it.unisalento.se.saw.dto.CourseDTO it.unisalento.se.saw.restapi.CourseRestController.getById(int) throws it.unisalento.se.saw.exceptions.CourseNotFoundException
3489 [Test worker] INFO org.springframework.web.servlet.mvc.method.annotation.RequestMappingHandlerMapping - Mapped "{[/course/save],methods=[POST],consumes=[application/json]}" onto public it.unisalento.se.saw.dto.CourseDTO it.unisalento.se.saw.restapi.CourseRestController.post(it.unisalento.se.saw.dto.CourseDTO)
3490 [Test worker] INFO org.springframework.web.servlet.mvc.method.annotation.RequestMappingHandlerMapping - Mapped "{[/course/getByIdProf/{id}],methods=[GET],produces=[application/json]}" onto public java.util.Set<it.unisalento.se.saw.dto.CourseDTO> it.unisalento.se.saw.restapi.CourseRestController.getByIdProf(int) throws it.unisalento.se.saw.exceptions.CourseNotFoundException,it.unisalento.se.saw.exceptions.ProfessorNotFoundException
3490 [Test worker] INFO org.springframework.web.servlet.mvc.method.annotation.RequestMappingHandlerMapping - Mapped "{[/course/getAll],methods=[GET],produces=[application/json]}" onto public java.util.Set<it.unisalento.se.saw.dto.CourseDTO> it.unisalento.se.saw.restapi.CourseRestController.getAll()
3497 [Test worker] INFO org.springframework.web.servlet.mvc.method.annotation.RequestMappingHandlerAdapter - Looking for @ControllerAdvice: org.springframework.test.web.servlet.setup.StubWebApplicationContext@6358000c
3500 [Test worker] INFO org.springframework.mock.web.MockServletContext - Initializing Spring FrameworkServlet ''
3500 [Test worker] INFO org.springframework.test.web.servlet.TestDispatcherServlet - FrameworkServlet '': initialization started
3500 [Test worker] INFO org.springframework.test.web.servlet.TestDispatcherServlet - FrameworkServlet '': initialization completed in 0 ms
]]></system-err>
</testsuite>
