<?xml version="1.0" encoding="UTF-8"?>
<testsuite name="it.unisalento.se.saw.restapi.ReviewRestControllerTest" tests="6" skipped="0" failures="0" errors="0" timestamp="2018-09-04T09:45:19" hostname="DESKTOP-TUGA85P" time="0.331">
  <properties/>
  <testcase name="saveTest" classname="it.unisalento.se.saw.restapi.ReviewRestControllerTest" time="0.058"/>
  <testcase name="getByIdMaterialTest" classname="it.unisalento.se.saw.restapi.ReviewRestControllerTest" time="0.062"/>
  <testcase name="getByIdLessonTest" classname="it.unisalento.se.saw.restapi.ReviewRestControllerTest" time="0.06"/>
  <testcase name="getByIdTest" classname="it.unisalento.se.saw.restapi.ReviewRestControllerTest" time="0.045"/>
  <testcase name="getByIdStudentAndIdMaterialTest" classname="it.unisalento.se.saw.restapi.ReviewRestControllerTest" time="0.057"/>
  <testcase name="getByIdStudentAndIdLessonTest" classname="it.unisalento.se.saw.restapi.ReviewRestControllerTest" time="0.038"/>
  <system-out><![CDATA[]]></system-out>
  <system-err><![CDATA[2925 [Test worker] INFO org.springframework.web.servlet.mvc.method.annotation.RequestMappingHandlerMapping - Mapped "{[/review/save],methods=[POST],consumes=[application/json]}" onto public it.unisalento.se.saw.dto.ReviewDTO it.unisalento.se.saw.restapi.ReviewRestController.save(it.unisalento.se.saw.dto.ReviewDTO) throws it.unisalento.se.saw.exceptions.StudentNotFoundException,it.unisalento.se.saw.exceptions.ReviewTypeNotFoundException
2926 [Test worker] INFO org.springframework.web.servlet.mvc.method.annotation.RequestMappingHandlerMapping - Mapped "{[/review/getById/{id}],methods=[GET],produces=[application/json]}" onto public it.unisalento.se.saw.dto.ReviewDTO it.unisalento.se.saw.restapi.ReviewRestController.getById(int) throws it.unisalento.se.saw.exceptions.ReviewNotFoundException
2928 [Test worker] INFO org.springframework.web.servlet.mvc.method.annotation.RequestMappingHandlerMapping - Mapped "{[/review/getByIdStudentAndIdMaterial/{idStudent}_{idMaterial}],methods=[GET],produces=[application/json]}" onto public it.unisalento.se.saw.dto.ReviewDTO it.unisalento.se.saw.restapi.ReviewRestController.getByIdStudentAndIdMaterial(int,int) throws it.unisalento.se.saw.exceptions.ReviewNotFoundException
2929 [Test worker] INFO org.springframework.web.servlet.mvc.method.annotation.RequestMappingHandlerMapping - Mapped "{[/review/getByIdStudentAndIdLesson/{idStudent}_{idLesson}],methods=[GET],produces=[application/json]}" onto public it.unisalento.se.saw.dto.ReviewDTO it.unisalento.se.saw.restapi.ReviewRestController.getByIdStudentAndIdLesson(int,int) throws it.unisalento.se.saw.exceptions.ReviewNotFoundException
2930 [Test worker] INFO org.springframework.web.servlet.mvc.method.annotation.RequestMappingHandlerMapping - Mapped "{[/review/getByIdMaterial/{idMaterial}],methods=[GET],produces=[application/json]}" onto public java.util.Set<it.unisalento.se.saw.dto.ReviewDTO> it.unisalento.se.saw.restapi.ReviewRestController.getByIdMaterial(int) throws it.unisalento.se.saw.exceptions.ReviewNotFoundException
2931 [Test worker] INFO org.springframework.web.servlet.mvc.method.annotation.RequestMappingHandlerMapping - Mapped "{[/review/getByIdLesson/{idLesson}],methods=[GET],produces=[application/json]}" onto public java.util.Set<it.unisalento.se.saw.dto.ReviewDTO> it.unisalento.se.saw.restapi.ReviewRestController.getByIdLesson(int) throws it.unisalento.se.saw.exceptions.ReviewNotFoundException
2942 [Test worker] INFO org.springframework.web.servlet.mvc.method.annotation.RequestMappingHandlerAdapter - Looking for @ControllerAdvice: org.springframework.test.web.servlet.setup.StubWebApplicationContext@2fe8398
2946 [Test worker] INFO org.springframework.mock.web.MockServletContext - Initializing Spring FrameworkServlet ''
2947 [Test worker] INFO org.springframework.test.web.servlet.TestDispatcherServlet - FrameworkServlet '': initialization started
2948 [Test worker] INFO org.springframework.test.web.servlet.TestDispatcherServlet - FrameworkServlet '': initialization completed in 1 ms
3004 [Test worker] INFO org.springframework.web.servlet.mvc.method.annotation.RequestMappingHandlerMapping - Mapped "{[/review/save],methods=[POST],consumes=[application/json]}" onto public it.unisalento.se.saw.dto.ReviewDTO it.unisalento.se.saw.restapi.ReviewRestController.save(it.unisalento.se.saw.dto.ReviewDTO) throws it.unisalento.se.saw.exceptions.StudentNotFoundException,it.unisalento.se.saw.exceptions.ReviewTypeNotFoundException
3006 [Test worker] INFO org.springframework.web.servlet.mvc.method.annotation.RequestMappingHandlerMapping - Mapped "{[/review/getById/{id}],methods=[GET],produces=[application/json]}" onto public it.unisalento.se.saw.dto.ReviewDTO it.unisalento.se.saw.restapi.ReviewRestController.getById(int) throws it.unisalento.se.saw.exceptions.ReviewNotFoundException
3006 [Test worker] INFO org.springframework.web.servlet.mvc.method.annotation.RequestMappingHandlerMapping - Mapped "{[/review/getByIdStudentAndIdMaterial/{idStudent}_{idMaterial}],methods=[GET],produces=[application/json]}" onto public it.unisalento.se.saw.dto.ReviewDTO it.unisalento.se.saw.restapi.ReviewRestController.getByIdStudentAndIdMaterial(int,int) throws it.unisalento.se.saw.exceptions.ReviewNotFoundException
3009 [Test worker] INFO org.springframework.web.servlet.mvc.method.annotation.RequestMappingHandlerMapping - Mapped "{[/review/getByIdStudentAndIdLesson/{idStudent}_{idLesson}],methods=[GET],produces=[application/json]}" onto public it.unisalento.se.saw.dto.ReviewDTO it.unisalento.se.saw.restapi.ReviewRestController.getByIdStudentAndIdLesson(int,int) throws it.unisalento.se.saw.exceptions.ReviewNotFoundException
3009 [Test worker] INFO org.springframework.web.servlet.mvc.method.annotation.RequestMappingHandlerMapping - Mapped "{[/review/getByIdMaterial/{idMaterial}],methods=[GET],produces=[application/json]}" onto public java.util.Set<it.unisalento.se.saw.dto.ReviewDTO> it.unisalento.se.saw.restapi.ReviewRestController.getByIdMaterial(int) throws it.unisalento.se.saw.exceptions.ReviewNotFoundException
3010 [Test worker] INFO org.springframework.web.servlet.mvc.method.annotation.RequestMappingHandlerMapping - Mapped "{[/review/getByIdLesson/{idLesson}],methods=[GET],produces=[application/json]}" onto public java.util.Set<it.unisalento.se.saw.dto.ReviewDTO> it.unisalento.se.saw.restapi.ReviewRestController.getByIdLesson(int) throws it.unisalento.se.saw.exceptions.ReviewNotFoundException
3026 [Test worker] INFO org.springframework.web.servlet.mvc.method.annotation.RequestMappingHandlerAdapter - Looking for @ControllerAdvice: org.springframework.test.web.servlet.setup.StubWebApplicationContext@7c04a5fb
3030 [Test worker] INFO org.springframework.mock.web.MockServletContext - Initializing Spring FrameworkServlet ''
3031 [Test worker] INFO org.springframework.test.web.servlet.TestDispatcherServlet - FrameworkServlet '': initialization started
3031 [Test worker] INFO org.springframework.test.web.servlet.TestDispatcherServlet - FrameworkServlet '': initialization completed in 0 ms
3047 [Test worker] INFO org.springframework.web.servlet.mvc.method.annotation.RequestMappingHandlerMapping - Mapped "{[/review/save],methods=[POST],consumes=[application/json]}" onto public it.unisalento.se.saw.dto.ReviewDTO it.unisalento.se.saw.restapi.ReviewRestController.save(it.unisalento.se.saw.dto.ReviewDTO) throws it.unisalento.se.saw.exceptions.StudentNotFoundException,it.unisalento.se.saw.exceptions.ReviewTypeNotFoundException
3048 [Test worker] INFO org.springframework.web.servlet.mvc.method.annotation.RequestMappingHandlerMapping - Mapped "{[/review/getById/{id}],methods=[GET],produces=[application/json]}" onto public it.unisalento.se.saw.dto.ReviewDTO it.unisalento.se.saw.restapi.ReviewRestController.getById(int) throws it.unisalento.se.saw.exceptions.ReviewNotFoundException
3048 [Test worker] INFO org.springframework.web.servlet.mvc.method.annotation.RequestMappingHandlerMapping - Mapped "{[/review/getByIdStudentAndIdMaterial/{idStudent}_{idMaterial}],methods=[GET],produces=[application/json]}" onto public it.unisalento.se.saw.dto.ReviewDTO it.unisalento.se.saw.restapi.ReviewRestController.getByIdStudentAndIdMaterial(int,int) throws it.unisalento.se.saw.exceptions.ReviewNotFoundException
3049 [Test worker] INFO org.springframework.web.servlet.mvc.method.annotation.RequestMappingHandlerMapping - Mapped "{[/review/getByIdStudentAndIdLesson/{idStudent}_{idLesson}],methods=[GET],produces=[application/json]}" onto public it.unisalento.se.saw.dto.ReviewDTO it.unisalento.se.saw.restapi.ReviewRestController.getByIdStudentAndIdLesson(int,int) throws it.unisalento.se.saw.exceptions.ReviewNotFoundException
3049 [Test worker] INFO org.springframework.web.servlet.mvc.method.annotation.RequestMappingHandlerMapping - Mapped "{[/review/getByIdMaterial/{idMaterial}],methods=[GET],produces=[application/json]}" onto public java.util.Set<it.unisalento.se.saw.dto.ReviewDTO> it.unisalento.se.saw.restapi.ReviewRestController.getByIdMaterial(int) throws it.unisalento.se.saw.exceptions.ReviewNotFoundException
3049 [Test worker] INFO org.springframework.web.servlet.mvc.method.annotation.RequestMappingHandlerMapping - Mapped "{[/review/getByIdLesson/{idLesson}],methods=[GET],produces=[application/json]}" onto public java.util.Set<it.unisalento.se.saw.dto.ReviewDTO> it.unisalento.se.saw.restapi.ReviewRestController.getByIdLesson(int) throws it.unisalento.se.saw.exceptions.ReviewNotFoundException
3063 [Test worker] INFO org.springframework.web.servlet.mvc.method.annotation.RequestMappingHandlerAdapter - Looking for @ControllerAdvice: org.springframework.test.web.servlet.setup.StubWebApplicationContext@7f05252e
3069 [Test worker] INFO org.springframework.mock.web.MockServletContext - Initializing Spring FrameworkServlet ''
3069 [Test worker] INFO org.springframework.test.web.servlet.TestDispatcherServlet - FrameworkServlet '': initialization started
3070 [Test worker] INFO org.springframework.test.web.servlet.TestDispatcherServlet - FrameworkServlet '': initialization completed in 1 ms
3109 [Test worker] INFO org.springframework.web.servlet.mvc.method.annotation.RequestMappingHandlerMapping - Mapped "{[/review/save],methods=[POST],consumes=[application/json]}" onto public it.unisalento.se.saw.dto.ReviewDTO it.unisalento.se.saw.restapi.ReviewRestController.save(it.unisalento.se.saw.dto.ReviewDTO) throws it.unisalento.se.saw.exceptions.StudentNotFoundException,it.unisalento.se.saw.exceptions.ReviewTypeNotFoundException
3110 [Test worker] INFO org.springframework.web.servlet.mvc.method.annotation.RequestMappingHandlerMapping - Mapped "{[/review/getById/{id}],methods=[GET],produces=[application/json]}" onto public it.unisalento.se.saw.dto.ReviewDTO it.unisalento.se.saw.restapi.ReviewRestController.getById(int) throws it.unisalento.se.saw.exceptions.ReviewNotFoundException
3111 [Test worker] INFO org.springframework.web.servlet.mvc.method.annotation.RequestMappingHandlerMapping - Mapped "{[/review/getByIdStudentAndIdMaterial/{idStudent}_{idMaterial}],methods=[GET],produces=[application/json]}" onto public it.unisalento.se.saw.dto.ReviewDTO it.unisalento.se.saw.restapi.ReviewRestController.getByIdStudentAndIdMaterial(int,int) throws it.unisalento.se.saw.exceptions.ReviewNotFoundException
3112 [Test worker] INFO org.springframework.web.servlet.mvc.method.annotation.RequestMappingHandlerMapping - Mapped "{[/review/getByIdStudentAndIdLesson/{idStudent}_{idLesson}],methods=[GET],produces=[application/json]}" onto public it.unisalento.se.saw.dto.ReviewDTO it.unisalento.se.saw.restapi.ReviewRestController.getByIdStudentAndIdLesson(int,int) throws it.unisalento.se.saw.exceptions.ReviewNotFoundException
3114 [Test worker] INFO org.springframework.web.servlet.mvc.method.annotation.RequestMappingHandlerMapping - Mapped "{[/review/getByIdMaterial/{idMaterial}],methods=[GET],produces=[application/json]}" onto public java.util.Set<it.unisalento.se.saw.dto.ReviewDTO> it.unisalento.se.saw.restapi.ReviewRestController.getByIdMaterial(int) throws it.unisalento.se.saw.exceptions.ReviewNotFoundException
3116 [Test worker] INFO org.springframework.web.servlet.mvc.method.annotation.RequestMappingHandlerMapping - Mapped "{[/review/getByIdLesson/{idLesson}],methods=[GET],produces=[application/json]}" onto public java.util.Set<it.unisalento.se.saw.dto.ReviewDTO> it.unisalento.se.saw.restapi.ReviewRestController.getByIdLesson(int) throws it.unisalento.se.saw.exceptions.ReviewNotFoundException
3130 [Test worker] INFO org.springframework.web.servlet.mvc.method.annotation.RequestMappingHandlerAdapter - Looking for @ControllerAdvice: org.springframework.test.web.servlet.setup.StubWebApplicationContext@1030ae32
3137 [Test worker] INFO org.springframework.mock.web.MockServletContext - Initializing Spring FrameworkServlet ''
3138 [Test worker] INFO org.springframework.test.web.servlet.TestDispatcherServlet - FrameworkServlet '': initialization started
3139 [Test worker] INFO org.springframework.test.web.servlet.TestDispatcherServlet - FrameworkServlet '': initialization completed in 0 ms
3157 [Test worker] INFO org.springframework.web.servlet.mvc.method.annotation.RequestMappingHandlerMapping - Mapped "{[/review/save],methods=[POST],consumes=[application/json]}" onto public it.unisalento.se.saw.dto.ReviewDTO it.unisalento.se.saw.restapi.ReviewRestController.save(it.unisalento.se.saw.dto.ReviewDTO) throws it.unisalento.se.saw.exceptions.StudentNotFoundException,it.unisalento.se.saw.exceptions.ReviewTypeNotFoundException
3158 [Test worker] INFO org.springframework.web.servlet.mvc.method.annotation.RequestMappingHandlerMapping - Mapped "{[/review/getById/{id}],methods=[GET],produces=[application/json]}" onto public it.unisalento.se.saw.dto.ReviewDTO it.unisalento.se.saw.restapi.ReviewRestController.getById(int) throws it.unisalento.se.saw.exceptions.ReviewNotFoundException
3159 [Test worker] INFO org.springframework.web.servlet.mvc.method.annotation.RequestMappingHandlerMapping - Mapped "{[/review/getByIdStudentAndIdMaterial/{idStudent}_{idMaterial}],methods=[GET],produces=[application/json]}" onto public it.unisalento.se.saw.dto.ReviewDTO it.unisalento.se.saw.restapi.ReviewRestController.getByIdStudentAndIdMaterial(int,int) throws it.unisalento.se.saw.exceptions.ReviewNotFoundException
3162 [Test worker] INFO org.springframework.web.servlet.mvc.method.annotation.RequestMappingHandlerMapping - Mapped "{[/review/getByIdStudentAndIdLesson/{idStudent}_{idLesson}],methods=[GET],produces=[application/json]}" onto public it.unisalento.se.saw.dto.ReviewDTO it.unisalento.se.saw.restapi.ReviewRestController.getByIdStudentAndIdLesson(int,int) throws it.unisalento.se.saw.exceptions.ReviewNotFoundException
3164 [Test worker] INFO org.springframework.web.servlet.mvc.method.annotation.RequestMappingHandlerMapping - Mapped "{[/review/getByIdMaterial/{idMaterial}],methods=[GET],produces=[application/json]}" onto public java.util.Set<it.unisalento.se.saw.dto.ReviewDTO> it.unisalento.se.saw.restapi.ReviewRestController.getByIdMaterial(int) throws it.unisalento.se.saw.exceptions.ReviewNotFoundException
3164 [Test worker] INFO org.springframework.web.servlet.mvc.method.annotation.RequestMappingHandlerMapping - Mapped "{[/review/getByIdLesson/{idLesson}],methods=[GET],produces=[application/json]}" onto public java.util.Set<it.unisalento.se.saw.dto.ReviewDTO> it.unisalento.se.saw.restapi.ReviewRestController.getByIdLesson(int) throws it.unisalento.se.saw.exceptions.ReviewNotFoundException
3187 [Test worker] INFO org.springframework.web.servlet.mvc.method.annotation.RequestMappingHandlerAdapter - Looking for @ControllerAdvice: org.springframework.test.web.servlet.setup.StubWebApplicationContext@67b85bdc
3193 [Test worker] INFO org.springframework.mock.web.MockServletContext - Initializing Spring FrameworkServlet ''
3194 [Test worker] INFO org.springframework.test.web.servlet.TestDispatcherServlet - FrameworkServlet '': initialization started
3195 [Test worker] INFO org.springframework.test.web.servlet.TestDispatcherServlet - FrameworkServlet '': initialization completed in 1 ms
3220 [Test worker] INFO org.springframework.web.servlet.mvc.method.annotation.RequestMappingHandlerMapping - Mapped "{[/review/save],methods=[POST],consumes=[application/json]}" onto public it.unisalento.se.saw.dto.ReviewDTO it.unisalento.se.saw.restapi.ReviewRestController.save(it.unisalento.se.saw.dto.ReviewDTO) throws it.unisalento.se.saw.exceptions.StudentNotFoundException,it.unisalento.se.saw.exceptions.ReviewTypeNotFoundException
3221 [Test worker] INFO org.springframework.web.servlet.mvc.method.annotation.RequestMappingHandlerMapping - Mapped "{[/review/getById/{id}],methods=[GET],produces=[application/json]}" onto public it.unisalento.se.saw.dto.ReviewDTO it.unisalento.se.saw.restapi.ReviewRestController.getById(int) throws it.unisalento.se.saw.exceptions.ReviewNotFoundException
3222 [Test worker] INFO org.springframework.web.servlet.mvc.method.annotation.RequestMappingHandlerMapping - Mapped "{[/review/getByIdStudentAndIdMaterial/{idStudent}_{idMaterial}],methods=[GET],produces=[application/json]}" onto public it.unisalento.se.saw.dto.ReviewDTO it.unisalento.se.saw.restapi.ReviewRestController.getByIdStudentAndIdMaterial(int,int) throws it.unisalento.se.saw.exceptions.ReviewNotFoundException
3225 [Test worker] INFO org.springframework.web.servlet.mvc.method.annotation.RequestMappingHandlerMapping - Mapped "{[/review/getByIdStudentAndIdLesson/{idStudent}_{idLesson}],methods=[GET],produces=[application/json]}" onto public it.unisalento.se.saw.dto.ReviewDTO it.unisalento.se.saw.restapi.ReviewRestController.getByIdStudentAndIdLesson(int,int) throws it.unisalento.se.saw.exceptions.ReviewNotFoundException
3226 [Test worker] INFO org.springframework.web.servlet.mvc.method.annotation.RequestMappingHandlerMapping - Mapped "{[/review/getByIdMaterial/{idMaterial}],methods=[GET],produces=[application/json]}" onto public java.util.Set<it.unisalento.se.saw.dto.ReviewDTO> it.unisalento.se.saw.restapi.ReviewRestController.getByIdMaterial(int) throws it.unisalento.se.saw.exceptions.ReviewNotFoundException
3227 [Test worker] INFO org.springframework.web.servlet.mvc.method.annotation.RequestMappingHandlerMapping - Mapped "{[/review/getByIdLesson/{idLesson}],methods=[GET],produces=[application/json]}" onto public java.util.Set<it.unisalento.se.saw.dto.ReviewDTO> it.unisalento.se.saw.restapi.ReviewRestController.getByIdLesson(int) throws it.unisalento.se.saw.exceptions.ReviewNotFoundException
3237 [Test worker] INFO org.springframework.web.servlet.mvc.method.annotation.RequestMappingHandlerAdapter - Looking for @ControllerAdvice: org.springframework.test.web.servlet.setup.StubWebApplicationContext@29902a4c
3241 [Test worker] INFO org.springframework.mock.web.MockServletContext - Initializing Spring FrameworkServlet ''
3241 [Test worker] INFO org.springframework.test.web.servlet.TestDispatcherServlet - FrameworkServlet '': initialization started
3242 [Test worker] INFO org.springframework.test.web.servlet.TestDispatcherServlet - FrameworkServlet '': initialization completed in 0 ms
]]></system-err>
</testsuite>
