<?xml version="1.0" encoding="UTF-8"?>
<testsuite name="it.unisalento.se.saw.restapi.ExamRestControllerTest" tests="3" skipped="0" failures="0" errors="0" timestamp="2018-09-08T13:45:06" hostname="DESKTOP-5IEPLHD" time="0.081">
  <properties/>
  <testcase name="saveTest" classname="it.unisalento.se.saw.restapi.ExamRestControllerTest" time="0.033"/>
  <testcase name="getByIdTest" classname="it.unisalento.se.saw.restapi.ExamRestControllerTest" time="0.023"/>
  <testcase name="getAllTest" classname="it.unisalento.se.saw.restapi.ExamRestControllerTest" time="0.023"/>
  <system-out><![CDATA[]]></system-out>
  <system-err><![CDATA[1513 [Test worker] INFO org.springframework.web.servlet.mvc.method.annotation.RequestMappingHandlerMapping - Mapped "{[/exam/save],methods=[POST],consumes=[application/json]}" onto public it.unisalento.se.saw.dto.ExamDTO it.unisalento.se.saw.restapi.ExamRestController.save(it.unisalento.se.saw.dto.ExamDTO)
1513 [Test worker] INFO org.springframework.web.servlet.mvc.method.annotation.RequestMappingHandlerMapping - Mapped "{[/exam/getAll],methods=[GET],produces=[application/json]}" onto public java.util.Set<it.unisalento.se.saw.dto.ExamDTO> it.unisalento.se.saw.restapi.ExamRestController.getAll()
1514 [Test worker] INFO org.springframework.web.servlet.mvc.method.annotation.RequestMappingHandlerMapping - Mapped "{[/exam/getById/{id}],methods=[GET],produces=[application/json]}" onto public it.unisalento.se.saw.dto.ExamDTO it.unisalento.se.saw.restapi.ExamRestController.getById(int) throws it.unisalento.se.saw.exceptions.ExamNotFoundException
1521 [Test worker] INFO org.springframework.web.servlet.mvc.method.annotation.RequestMappingHandlerAdapter - Looking for @ControllerAdvice: org.springframework.test.web.servlet.setup.StubWebApplicationContext@4bd864e
1523 [Test worker] INFO org.springframework.mock.web.MockServletContext - Initializing Spring FrameworkServlet ''
1523 [Test worker] INFO org.springframework.test.web.servlet.TestDispatcherServlet - FrameworkServlet '': initialization started
1524 [Test worker] INFO org.springframework.test.web.servlet.TestDispatcherServlet - FrameworkServlet '': initialization completed in 0 ms
1546 [Test worker] INFO org.springframework.web.servlet.mvc.method.annotation.RequestMappingHandlerMapping - Mapped "{[/exam/save],methods=[POST],consumes=[application/json]}" onto public it.unisalento.se.saw.dto.ExamDTO it.unisalento.se.saw.restapi.ExamRestController.save(it.unisalento.se.saw.dto.ExamDTO)
1546 [Test worker] INFO org.springframework.web.servlet.mvc.method.annotation.RequestMappingHandlerMapping - Mapped "{[/exam/getAll],methods=[GET],produces=[application/json]}" onto public java.util.Set<it.unisalento.se.saw.dto.ExamDTO> it.unisalento.se.saw.restapi.ExamRestController.getAll()
1546 [Test worker] INFO org.springframework.web.servlet.mvc.method.annotation.RequestMappingHandlerMapping - Mapped "{[/exam/getById/{id}],methods=[GET],produces=[application/json]}" onto public it.unisalento.se.saw.dto.ExamDTO it.unisalento.se.saw.restapi.ExamRestController.getById(int) throws it.unisalento.se.saw.exceptions.ExamNotFoundException
1554 [Test worker] INFO org.springframework.web.servlet.mvc.method.annotation.RequestMappingHandlerAdapter - Looking for @ControllerAdvice: org.springframework.test.web.servlet.setup.StubWebApplicationContext@554e7007
1558 [Test worker] INFO org.springframework.mock.web.MockServletContext - Initializing Spring FrameworkServlet ''
1558 [Test worker] INFO org.springframework.test.web.servlet.TestDispatcherServlet - FrameworkServlet '': initialization started
1558 [Test worker] INFO org.springframework.test.web.servlet.TestDispatcherServlet - FrameworkServlet '': initialization completed in 0 ms
1571 [Test worker] INFO org.springframework.web.servlet.mvc.method.annotation.RequestMappingHandlerMapping - Mapped "{[/exam/save],methods=[POST],consumes=[application/json]}" onto public it.unisalento.se.saw.dto.ExamDTO it.unisalento.se.saw.restapi.ExamRestController.save(it.unisalento.se.saw.dto.ExamDTO)
1571 [Test worker] INFO org.springframework.web.servlet.mvc.method.annotation.RequestMappingHandlerMapping - Mapped "{[/exam/getAll],methods=[GET],produces=[application/json]}" onto public java.util.Set<it.unisalento.se.saw.dto.ExamDTO> it.unisalento.se.saw.restapi.ExamRestController.getAll()
1572 [Test worker] INFO org.springframework.web.servlet.mvc.method.annotation.RequestMappingHandlerMapping - Mapped "{[/exam/getById/{id}],methods=[GET],produces=[application/json]}" onto public it.unisalento.se.saw.dto.ExamDTO it.unisalento.se.saw.restapi.ExamRestController.getById(int) throws it.unisalento.se.saw.exceptions.ExamNotFoundException
1579 [Test worker] INFO org.springframework.web.servlet.mvc.method.annotation.RequestMappingHandlerAdapter - Looking for @ControllerAdvice: org.springframework.test.web.servlet.setup.StubWebApplicationContext@16584c7a
1582 [Test worker] INFO org.springframework.mock.web.MockServletContext - Initializing Spring FrameworkServlet ''
1583 [Test worker] INFO org.springframework.test.web.servlet.TestDispatcherServlet - FrameworkServlet '': initialization started
1583 [Test worker] INFO org.springframework.test.web.servlet.TestDispatcherServlet - FrameworkServlet '': initialization completed in 0 ms
]]></system-err>
</testsuite>
