<?xml version="1.0" encoding="UTF-8"?>
<testsuite name="it.unisalento.se.saw.restapi.StudentRestControllerTest" tests="5" skipped="0" failures="0" errors="0" timestamp="2018-09-02T10:12:13" hostname="DESKTOP-TUGA85P" time="0.325">
  <properties/>
  <testcase name="saveTest" classname="it.unisalento.se.saw.restapi.StudentRestControllerTest" time="0.112"/>
  <testcase name="getByCourseTest" classname="it.unisalento.se.saw.restapi.StudentRestControllerTest" time="0.055"/>
  <testcase name="getByIdTest" classname="it.unisalento.se.saw.restapi.StudentRestControllerTest" time="0.05"/>
  <testcase name="getAllTest" classname="it.unisalento.se.saw.restapi.StudentRestControllerTest" time="0.052"/>
  <testcase name="getByUidTest" classname="it.unisalento.se.saw.restapi.StudentRestControllerTest" time="0.05"/>
  <system-out><![CDATA[]]></system-out>
  <system-err><![CDATA[2887 [Test worker] INFO org.springframework.web.servlet.mvc.method.annotation.RequestMappingHandlerMapping - Mapped "{[/student/getAll],methods=[GET],produces=[application/json]}" onto public java.util.Set<it.unisalento.se.saw.dto.StudentDTO> it.unisalento.se.saw.restapi.StudentRestController.getAll()
2889 [Test worker] INFO org.springframework.web.servlet.mvc.method.annotation.RequestMappingHandlerMapping - Mapped "{[/student/getByUid/{uid}],methods=[GET],produces=[application/json]}" onto public it.unisalento.se.saw.dto.StudentDTO it.unisalento.se.saw.restapi.StudentRestController.getByUid(java.lang.String) throws it.unisalento.se.saw.exceptions.StudentNotFoundException
2889 [Test worker] INFO org.springframework.web.servlet.mvc.method.annotation.RequestMappingHandlerMapping - Mapped "{[/student/getById/{id}],methods=[GET],produces=[application/json]}" onto public it.unisalento.se.saw.dto.StudentDTO it.unisalento.se.saw.restapi.StudentRestController.getById(int) throws it.unisalento.se.saw.exceptions.StudentNotFoundException
2894 [Test worker] INFO org.springframework.web.servlet.mvc.method.annotation.RequestMappingHandlerMapping - Mapped "{[/student/save],methods=[POST],consumes=[application/json]}" onto public it.unisalento.se.saw.dto.StudentDTO it.unisalento.se.saw.restapi.StudentRestController.post(it.unisalento.se.saw.dto.StudentDTO) throws it.unisalento.se.saw.exceptions.CourseNotFoundException
2896 [Test worker] INFO org.springframework.web.servlet.mvc.method.annotation.RequestMappingHandlerMapping - Mapped "{[/student/getByCourse/{idCourse}],methods=[GET],produces=[application/json]}" onto public java.util.Set<it.unisalento.se.saw.dto.StudentDTO> it.unisalento.se.saw.restapi.StudentRestController.getByCourse(int)
2905 [Test worker] INFO org.springframework.web.servlet.mvc.method.annotation.RequestMappingHandlerAdapter - Looking for @ControllerAdvice: org.springframework.test.web.servlet.setup.StubWebApplicationContext@75d00559
2909 [Test worker] INFO org.springframework.mock.web.MockServletContext - Initializing Spring FrameworkServlet ''
2910 [Test worker] INFO org.springframework.test.web.servlet.TestDispatcherServlet - FrameworkServlet '': initialization started
2910 [Test worker] INFO org.springframework.test.web.servlet.TestDispatcherServlet - FrameworkServlet '': initialization completed in 0 ms
3004 [Test worker] INFO org.springframework.web.servlet.mvc.method.annotation.RequestMappingHandlerMapping - Mapped "{[/student/getAll],methods=[GET],produces=[application/json]}" onto public java.util.Set<it.unisalento.se.saw.dto.StudentDTO> it.unisalento.se.saw.restapi.StudentRestController.getAll()
3005 [Test worker] INFO org.springframework.web.servlet.mvc.method.annotation.RequestMappingHandlerMapping - Mapped "{[/student/getByUid/{uid}],methods=[GET],produces=[application/json]}" onto public it.unisalento.se.saw.dto.StudentDTO it.unisalento.se.saw.restapi.StudentRestController.getByUid(java.lang.String) throws it.unisalento.se.saw.exceptions.StudentNotFoundException
3005 [Test worker] INFO org.springframework.web.servlet.mvc.method.annotation.RequestMappingHandlerMapping - Mapped "{[/student/getById/{id}],methods=[GET],produces=[application/json]}" onto public it.unisalento.se.saw.dto.StudentDTO it.unisalento.se.saw.restapi.StudentRestController.getById(int) throws it.unisalento.se.saw.exceptions.StudentNotFoundException
3006 [Test worker] INFO org.springframework.web.servlet.mvc.method.annotation.RequestMappingHandlerMapping - Mapped "{[/student/save],methods=[POST],consumes=[application/json]}" onto public it.unisalento.se.saw.dto.StudentDTO it.unisalento.se.saw.restapi.StudentRestController.post(it.unisalento.se.saw.dto.StudentDTO) throws it.unisalento.se.saw.exceptions.CourseNotFoundException
3006 [Test worker] INFO org.springframework.web.servlet.mvc.method.annotation.RequestMappingHandlerMapping - Mapped "{[/student/getByCourse/{idCourse}],methods=[GET],produces=[application/json]}" onto public java.util.Set<it.unisalento.se.saw.dto.StudentDTO> it.unisalento.se.saw.restapi.StudentRestController.getByCourse(int)
3016 [Test worker] INFO org.springframework.web.servlet.mvc.method.annotation.RequestMappingHandlerAdapter - Looking for @ControllerAdvice: org.springframework.test.web.servlet.setup.StubWebApplicationContext@7f4e0013
3022 [Test worker] INFO org.springframework.mock.web.MockServletContext - Initializing Spring FrameworkServlet ''
3022 [Test worker] INFO org.springframework.test.web.servlet.TestDispatcherServlet - FrameworkServlet '': initialization started
3023 [Test worker] INFO org.springframework.test.web.servlet.TestDispatcherServlet - FrameworkServlet '': initialization completed in 0 ms
3062 [Test worker] INFO org.springframework.web.servlet.mvc.method.annotation.RequestMappingHandlerMapping - Mapped "{[/student/getAll],methods=[GET],produces=[application/json]}" onto public java.util.Set<it.unisalento.se.saw.dto.StudentDTO> it.unisalento.se.saw.restapi.StudentRestController.getAll()
3066 [Test worker] INFO org.springframework.web.servlet.mvc.method.annotation.RequestMappingHandlerMapping - Mapped "{[/student/getByUid/{uid}],methods=[GET],produces=[application/json]}" onto public it.unisalento.se.saw.dto.StudentDTO it.unisalento.se.saw.restapi.StudentRestController.getByUid(java.lang.String) throws it.unisalento.se.saw.exceptions.StudentNotFoundException
3068 [Test worker] INFO org.springframework.web.servlet.mvc.method.annotation.RequestMappingHandlerMapping - Mapped "{[/student/getById/{id}],methods=[GET],produces=[application/json]}" onto public it.unisalento.se.saw.dto.StudentDTO it.unisalento.se.saw.restapi.StudentRestController.getById(int) throws it.unisalento.se.saw.exceptions.StudentNotFoundException
3069 [Test worker] INFO org.springframework.web.servlet.mvc.method.annotation.RequestMappingHandlerMapping - Mapped "{[/student/save],methods=[POST],consumes=[application/json]}" onto public it.unisalento.se.saw.dto.StudentDTO it.unisalento.se.saw.restapi.StudentRestController.post(it.unisalento.se.saw.dto.StudentDTO) throws it.unisalento.se.saw.exceptions.CourseNotFoundException
3071 [Test worker] INFO org.springframework.web.servlet.mvc.method.annotation.RequestMappingHandlerMapping - Mapped "{[/student/getByCourse/{idCourse}],methods=[GET],produces=[application/json]}" onto public java.util.Set<it.unisalento.se.saw.dto.StudentDTO> it.unisalento.se.saw.restapi.StudentRestController.getByCourse(int)
3085 [Test worker] INFO org.springframework.web.servlet.mvc.method.annotation.RequestMappingHandlerAdapter - Looking for @ControllerAdvice: org.springframework.test.web.servlet.setup.StubWebApplicationContext@3c975f20
3092 [Test worker] INFO org.springframework.mock.web.MockServletContext - Initializing Spring FrameworkServlet ''
3092 [Test worker] INFO org.springframework.test.web.servlet.TestDispatcherServlet - FrameworkServlet '': initialization started
3094 [Test worker] INFO org.springframework.test.web.servlet.TestDispatcherServlet - FrameworkServlet '': initialization completed in 2 ms
3105 [Test worker] INFO org.springframework.web.servlet.mvc.method.annotation.RequestMappingHandlerMapping - Mapped "{[/student/getAll],methods=[GET],produces=[application/json]}" onto public java.util.Set<it.unisalento.se.saw.dto.StudentDTO> it.unisalento.se.saw.restapi.StudentRestController.getAll()
3106 [Test worker] INFO org.springframework.web.servlet.mvc.method.annotation.RequestMappingHandlerMapping - Mapped "{[/student/getByUid/{uid}],methods=[GET],produces=[application/json]}" onto public it.unisalento.se.saw.dto.StudentDTO it.unisalento.se.saw.restapi.StudentRestController.getByUid(java.lang.String) throws it.unisalento.se.saw.exceptions.StudentNotFoundException
3106 [Test worker] INFO org.springframework.web.servlet.mvc.method.annotation.RequestMappingHandlerMapping - Mapped "{[/student/getById/{id}],methods=[GET],produces=[application/json]}" onto public it.unisalento.se.saw.dto.StudentDTO it.unisalento.se.saw.restapi.StudentRestController.getById(int) throws it.unisalento.se.saw.exceptions.StudentNotFoundException
3106 [Test worker] INFO org.springframework.web.servlet.mvc.method.annotation.RequestMappingHandlerMapping - Mapped "{[/student/save],methods=[POST],consumes=[application/json]}" onto public it.unisalento.se.saw.dto.StudentDTO it.unisalento.se.saw.restapi.StudentRestController.post(it.unisalento.se.saw.dto.StudentDTO) throws it.unisalento.se.saw.exceptions.CourseNotFoundException
3107 [Test worker] INFO org.springframework.web.servlet.mvc.method.annotation.RequestMappingHandlerMapping - Mapped "{[/student/getByCourse/{idCourse}],methods=[GET],produces=[application/json]}" onto public java.util.Set<it.unisalento.se.saw.dto.StudentDTO> it.unisalento.se.saw.restapi.StudentRestController.getByCourse(int)
3141 [Test worker] INFO org.springframework.web.servlet.mvc.method.annotation.RequestMappingHandlerAdapter - Looking for @ControllerAdvice: org.springframework.test.web.servlet.setup.StubWebApplicationContext@31853d68
3147 [Test worker] INFO org.springframework.mock.web.MockServletContext - Initializing Spring FrameworkServlet ''
3147 [Test worker] INFO org.springframework.test.web.servlet.TestDispatcherServlet - FrameworkServlet '': initialization started
3148 [Test worker] INFO org.springframework.test.web.servlet.TestDispatcherServlet - FrameworkServlet '': initialization completed in 1 ms
3164 [Test worker] INFO org.springframework.web.servlet.mvc.method.annotation.RequestMappingHandlerMapping - Mapped "{[/student/getAll],methods=[GET],produces=[application/json]}" onto public java.util.Set<it.unisalento.se.saw.dto.StudentDTO> it.unisalento.se.saw.restapi.StudentRestController.getAll()
3165 [Test worker] INFO org.springframework.web.servlet.mvc.method.annotation.RequestMappingHandlerMapping - Mapped "{[/student/getByUid/{uid}],methods=[GET],produces=[application/json]}" onto public it.unisalento.se.saw.dto.StudentDTO it.unisalento.se.saw.restapi.StudentRestController.getByUid(java.lang.String) throws it.unisalento.se.saw.exceptions.StudentNotFoundException
3166 [Test worker] INFO org.springframework.web.servlet.mvc.method.annotation.RequestMappingHandlerMapping - Mapped "{[/student/getById/{id}],methods=[GET],produces=[application/json]}" onto public it.unisalento.se.saw.dto.StudentDTO it.unisalento.se.saw.restapi.StudentRestController.getById(int) throws it.unisalento.se.saw.exceptions.StudentNotFoundException
3168 [Test worker] INFO org.springframework.web.servlet.mvc.method.annotation.RequestMappingHandlerMapping - Mapped "{[/student/save],methods=[POST],consumes=[application/json]}" onto public it.unisalento.se.saw.dto.StudentDTO it.unisalento.se.saw.restapi.StudentRestController.post(it.unisalento.se.saw.dto.StudentDTO) throws it.unisalento.se.saw.exceptions.CourseNotFoundException
3169 [Test worker] INFO org.springframework.web.servlet.mvc.method.annotation.RequestMappingHandlerMapping - Mapped "{[/student/getByCourse/{idCourse}],methods=[GET],produces=[application/json]}" onto public java.util.Set<it.unisalento.se.saw.dto.StudentDTO> it.unisalento.se.saw.restapi.StudentRestController.getByCourse(int)
3181 [Test worker] INFO org.springframework.web.servlet.mvc.method.annotation.RequestMappingHandlerAdapter - Looking for @ControllerAdvice: org.springframework.test.web.servlet.setup.StubWebApplicationContext@531ac0d0
3186 [Test worker] INFO org.springframework.mock.web.MockServletContext - Initializing Spring FrameworkServlet ''
3187 [Test worker] INFO org.springframework.test.web.servlet.TestDispatcherServlet - FrameworkServlet '': initialization started
3187 [Test worker] INFO org.springframework.test.web.servlet.TestDispatcherServlet - FrameworkServlet '': initialization completed in 0 ms
]]></system-err>
</testsuite>
