<?xml version="1.0" encoding="UTF-8"?>
<testsuite name="it.unisalento.se.saw.restapi.CourseRestControllerTest" tests="2" skipped="0" failures="0" errors="0" timestamp="2018-09-01T12:27:45" hostname="DESKTOP-TUGA85P" time="0.868">
  <properties/>
  <testcase name="getByIdTest" classname="it.unisalento.se.saw.restapi.CourseRestControllerTest" time="0.826"/>
  <testcase name="getAllTest" classname="it.unisalento.se.saw.restapi.CourseRestControllerTest" time="0.04"/>
  <system-out><![CDATA[]]></system-out>
  <system-err><![CDATA[217 [Test worker] INFO org.springframework.web.servlet.mvc.method.annotation.RequestMappingHandlerMapping - Mapped "{[/course/getAll],methods=[GET],produces=[application/json]}" onto public java.util.Set<it.unisalento.se.saw.dto.CourseDTO> it.unisalento.se.saw.restapi.CourseRestController.getAll()
225 [Test worker] INFO org.springframework.web.servlet.mvc.method.annotation.RequestMappingHandlerMapping - Mapped "{[/course/getById/{id}],methods=[GET],produces=[application/json]}" onto public it.unisalento.se.saw.dto.CourseDTO it.unisalento.se.saw.restapi.CourseRestController.getById(int) throws it.unisalento.se.saw.exceptions.CourseNotFoundException
227 [Test worker] INFO org.springframework.web.servlet.mvc.method.annotation.RequestMappingHandlerMapping - Mapped "{[/course/save],methods=[POST],consumes=[application/json]}" onto public it.unisalento.se.saw.dto.CourseDTO it.unisalento.se.saw.restapi.CourseRestController.post(it.unisalento.se.saw.dto.CourseDTO)
228 [Test worker] INFO org.springframework.web.servlet.mvc.method.annotation.RequestMappingHandlerMapping - Mapped "{[/course/getByIdProf/{id}],methods=[GET],produces=[application/json]}" onto public java.util.Set<it.unisalento.se.saw.dto.CourseDTO> it.unisalento.se.saw.restapi.CourseRestController.getByIdProf(int) throws it.unisalento.se.saw.exceptions.CourseNotFoundException,it.unisalento.se.saw.exceptions.ProfessorNotFoundException
541 [Test worker] INFO org.springframework.web.servlet.mvc.method.annotation.RequestMappingHandlerAdapter - Looking for @ControllerAdvice: org.springframework.test.web.servlet.setup.StubWebApplicationContext@35c6c05b
596 [Test worker] INFO org.springframework.mock.web.MockServletContext - Initializing Spring FrameworkServlet ''
596 [Test worker] INFO org.springframework.test.web.servlet.TestDispatcherServlet - FrameworkServlet '': initialization started
600 [Test worker] INFO org.springframework.test.web.servlet.TestDispatcherServlet - FrameworkServlet '': initialization completed in 4 ms
787 [Test worker] INFO org.springframework.web.servlet.mvc.method.annotation.RequestMappingHandlerMapping - Mapped "{[/course/getAll],methods=[GET],produces=[application/json]}" onto public java.util.Set<it.unisalento.se.saw.dto.CourseDTO> it.unisalento.se.saw.restapi.CourseRestController.getAll()
788 [Test worker] INFO org.springframework.web.servlet.mvc.method.annotation.RequestMappingHandlerMapping - Mapped "{[/course/getById/{id}],methods=[GET],produces=[application/json]}" onto public it.unisalento.se.saw.dto.CourseDTO it.unisalento.se.saw.restapi.CourseRestController.getById(int) throws it.unisalento.se.saw.exceptions.CourseNotFoundException
789 [Test worker] INFO org.springframework.web.servlet.mvc.method.annotation.RequestMappingHandlerMapping - Mapped "{[/course/save],methods=[POST],consumes=[application/json]}" onto public it.unisalento.se.saw.dto.CourseDTO it.unisalento.se.saw.restapi.CourseRestController.post(it.unisalento.se.saw.dto.CourseDTO)
789 [Test worker] INFO org.springframework.web.servlet.mvc.method.annotation.RequestMappingHandlerMapping - Mapped "{[/course/getByIdProf/{id}],methods=[GET],produces=[application/json]}" onto public java.util.Set<it.unisalento.se.saw.dto.CourseDTO> it.unisalento.se.saw.restapi.CourseRestController.getByIdProf(int) throws it.unisalento.se.saw.exceptions.CourseNotFoundException,it.unisalento.se.saw.exceptions.ProfessorNotFoundException
798 [Test worker] INFO org.springframework.web.servlet.mvc.method.annotation.RequestMappingHandlerAdapter - Looking for @ControllerAdvice: org.springframework.test.web.servlet.setup.StubWebApplicationContext@415a4905
800 [Test worker] INFO org.springframework.mock.web.MockServletContext - Initializing Spring FrameworkServlet ''
801 [Test worker] INFO org.springframework.test.web.servlet.TestDispatcherServlet - FrameworkServlet '': initialization started
801 [Test worker] INFO org.springframework.test.web.servlet.TestDispatcherServlet - FrameworkServlet '': initialization completed in 0 ms
]]></system-err>
</testsuite>
