<?xml version="1.0" encoding="UTF-8"?>
<testsuite name="it.unisalento.se.saw.restapi.ReviewTypeRestControllerTest" tests="3" skipped="0" failures="0" errors="0" timestamp="2018-09-03T14:27:56" hostname="DESKTOP-TUGA85P" time="0.095">
  <properties/>
  <testcase name="saveTest" classname="it.unisalento.se.saw.restapi.ReviewTypeRestControllerTest" time="0.042"/>
  <testcase name="getByIdTest" classname="it.unisalento.se.saw.restapi.ReviewTypeRestControllerTest" time="0.028"/>
  <testcase name="getAllTest" classname="it.unisalento.se.saw.restapi.ReviewTypeRestControllerTest" time="0.023"/>
  <system-out><![CDATA[]]></system-out>
  <system-err><![CDATA[2959 [Test worker] INFO org.springframework.web.servlet.mvc.method.annotation.RequestMappingHandlerMapping - Mapped "{[/reviewType/save],methods=[POST],consumes=[application/json]}" onto public it.unisalento.se.saw.dto.ReviewTypeDTO it.unisalento.se.saw.restapi.ReviewTypeRestController.save(it.unisalento.se.saw.dto.ReviewTypeDTO)
2961 [Test worker] INFO org.springframework.web.servlet.mvc.method.annotation.RequestMappingHandlerMapping - Mapped "{[/reviewType/getAll],methods=[GET],produces=[application/json]}" onto public java.util.Set<it.unisalento.se.saw.dto.ReviewTypeDTO> it.unisalento.se.saw.restapi.ReviewTypeRestController.getAll()
2963 [Test worker] INFO org.springframework.web.servlet.mvc.method.annotation.RequestMappingHandlerMapping - Mapped "{[/reviewType/getById/{id}],methods=[GET],produces=[application/json]}" onto public it.unisalento.se.saw.dto.ReviewTypeDTO it.unisalento.se.saw.restapi.ReviewTypeRestController.getById(int) throws it.unisalento.se.saw.exceptions.ReviewTypeNotFoundException
2975 [Test worker] INFO org.springframework.web.servlet.mvc.method.annotation.RequestMappingHandlerAdapter - Looking for @ControllerAdvice: org.springframework.test.web.servlet.setup.StubWebApplicationContext@2fcb6daa
2979 [Test worker] INFO org.springframework.mock.web.MockServletContext - Initializing Spring FrameworkServlet ''
2979 [Test worker] INFO org.springframework.test.web.servlet.TestDispatcherServlet - FrameworkServlet '': initialization started
2979 [Test worker] INFO org.springframework.test.web.servlet.TestDispatcherServlet - FrameworkServlet '': initialization completed in 0 ms
2991 [Test worker] INFO org.springframework.web.servlet.mvc.method.annotation.RequestMappingHandlerMapping - Mapped "{[/reviewType/save],methods=[POST],consumes=[application/json]}" onto public it.unisalento.se.saw.dto.ReviewTypeDTO it.unisalento.se.saw.restapi.ReviewTypeRestController.save(it.unisalento.se.saw.dto.ReviewTypeDTO)
2995 [Test worker] INFO org.springframework.web.servlet.mvc.method.annotation.RequestMappingHandlerMapping - Mapped "{[/reviewType/getAll],methods=[GET],produces=[application/json]}" onto public java.util.Set<it.unisalento.se.saw.dto.ReviewTypeDTO> it.unisalento.se.saw.restapi.ReviewTypeRestController.getAll()
2996 [Test worker] INFO org.springframework.web.servlet.mvc.method.annotation.RequestMappingHandlerMapping - Mapped "{[/reviewType/getById/{id}],methods=[GET],produces=[application/json]}" onto public it.unisalento.se.saw.dto.ReviewTypeDTO it.unisalento.se.saw.restapi.ReviewTypeRestController.getById(int) throws it.unisalento.se.saw.exceptions.ReviewTypeNotFoundException
3005 [Test worker] INFO org.springframework.web.servlet.mvc.method.annotation.RequestMappingHandlerAdapter - Looking for @ControllerAdvice: org.springframework.test.web.servlet.setup.StubWebApplicationContext@56d5d945
3009 [Test worker] INFO org.springframework.mock.web.MockServletContext - Initializing Spring FrameworkServlet ''
3009 [Test worker] INFO org.springframework.test.web.servlet.TestDispatcherServlet - FrameworkServlet '': initialization started
3010 [Test worker] INFO org.springframework.test.web.servlet.TestDispatcherServlet - FrameworkServlet '': initialization completed in 0 ms
3021 [Test worker] INFO org.springframework.web.servlet.mvc.method.annotation.RequestMappingHandlerMapping - Mapped "{[/reviewType/save],methods=[POST],consumes=[application/json]}" onto public it.unisalento.se.saw.dto.ReviewTypeDTO it.unisalento.se.saw.restapi.ReviewTypeRestController.save(it.unisalento.se.saw.dto.ReviewTypeDTO)
3022 [Test worker] INFO org.springframework.web.servlet.mvc.method.annotation.RequestMappingHandlerMapping - Mapped "{[/reviewType/getAll],methods=[GET],produces=[application/json]}" onto public java.util.Set<it.unisalento.se.saw.dto.ReviewTypeDTO> it.unisalento.se.saw.restapi.ReviewTypeRestController.getAll()
3023 [Test worker] INFO org.springframework.web.servlet.mvc.method.annotation.RequestMappingHandlerMapping - Mapped "{[/reviewType/getById/{id}],methods=[GET],produces=[application/json]}" onto public it.unisalento.se.saw.dto.ReviewTypeDTO it.unisalento.se.saw.restapi.ReviewTypeRestController.getById(int) throws it.unisalento.se.saw.exceptions.ReviewTypeNotFoundException
3031 [Test worker] INFO org.springframework.web.servlet.mvc.method.annotation.RequestMappingHandlerAdapter - Looking for @ControllerAdvice: org.springframework.test.web.servlet.setup.StubWebApplicationContext@7fe98edc
3034 [Test worker] INFO org.springframework.mock.web.MockServletContext - Initializing Spring FrameworkServlet ''
3035 [Test worker] INFO org.springframework.test.web.servlet.TestDispatcherServlet - FrameworkServlet '': initialization started
3036 [Test worker] INFO org.springframework.test.web.servlet.TestDispatcherServlet - FrameworkServlet '': initialization completed in 1 ms
]]></system-err>
</testsuite>
