<?xml version="1.0" encoding="UTF-8"?>
<testsuite name="it.unisalento.se.saw.restapi.SecretaryRestControllerTest" tests="3" skipped="0" failures="0" errors="0" timestamp="2018-09-08T13:45:06" hostname="DESKTOP-5IEPLHD" time="0.054">
  <properties/>
  <testcase name="saveTest" classname="it.unisalento.se.saw.restapi.SecretaryRestControllerTest" time="0.018"/>
  <testcase name="getByIdTest" classname="it.unisalento.se.saw.restapi.SecretaryRestControllerTest" time="0.015"/>
  <testcase name="getByUidTest" classname="it.unisalento.se.saw.restapi.SecretaryRestControllerTest" time="0.019"/>
  <system-out><![CDATA[]]></system-out>
  <system-err><![CDATA[2320 [Test worker] INFO org.springframework.web.servlet.mvc.method.annotation.RequestMappingHandlerMapping - Mapped "{[/secretary/save],methods=[POST],consumes=[application/json]}" onto public it.unisalento.se.saw.dto.SecretaryDTO it.unisalento.se.saw.restapi.SecretaryRestController.post(it.unisalento.se.saw.dto.SecretaryDTO) throws it.unisalento.se.saw.exceptions.SecretaryNotFoundException
2320 [Test worker] INFO org.springframework.web.servlet.mvc.method.annotation.RequestMappingHandlerMapping - Mapped "{[/secretary/getById/{id}],methods=[GET],produces=[application/json]}" onto public it.unisalento.se.saw.dto.SecretaryDTO it.unisalento.se.saw.restapi.SecretaryRestController.getById(int) throws it.unisalento.se.saw.exceptions.SecretaryNotFoundException
2320 [Test worker] INFO org.springframework.web.servlet.mvc.method.annotation.RequestMappingHandlerMapping - Mapped "{[/secretary/getByUid/{uid}],methods=[GET],produces=[application/json]}" onto public it.unisalento.se.saw.dto.SecretaryDTO it.unisalento.se.saw.restapi.SecretaryRestController.getByUid(java.lang.String) throws it.unisalento.se.saw.exceptions.SecretaryNotFoundException
2325 [Test worker] INFO org.springframework.web.servlet.mvc.method.annotation.RequestMappingHandlerAdapter - Looking for @ControllerAdvice: org.springframework.test.web.servlet.setup.StubWebApplicationContext@7077ea43
2328 [Test worker] INFO org.springframework.mock.web.MockServletContext - Initializing Spring FrameworkServlet ''
2328 [Test worker] INFO org.springframework.test.web.servlet.TestDispatcherServlet - FrameworkServlet '': initialization started
2328 [Test worker] INFO org.springframework.test.web.servlet.TestDispatcherServlet - FrameworkServlet '': initialization completed in 0 ms
2338 [Test worker] INFO org.springframework.web.servlet.mvc.method.annotation.RequestMappingHandlerMapping - Mapped "{[/secretary/save],methods=[POST],consumes=[application/json]}" onto public it.unisalento.se.saw.dto.SecretaryDTO it.unisalento.se.saw.restapi.SecretaryRestController.post(it.unisalento.se.saw.dto.SecretaryDTO) throws it.unisalento.se.saw.exceptions.SecretaryNotFoundException
2338 [Test worker] INFO org.springframework.web.servlet.mvc.method.annotation.RequestMappingHandlerMapping - Mapped "{[/secretary/getById/{id}],methods=[GET],produces=[application/json]}" onto public it.unisalento.se.saw.dto.SecretaryDTO it.unisalento.se.saw.restapi.SecretaryRestController.getById(int) throws it.unisalento.se.saw.exceptions.SecretaryNotFoundException
2338 [Test worker] INFO org.springframework.web.servlet.mvc.method.annotation.RequestMappingHandlerMapping - Mapped "{[/secretary/getByUid/{uid}],methods=[GET],produces=[application/json]}" onto public it.unisalento.se.saw.dto.SecretaryDTO it.unisalento.se.saw.restapi.SecretaryRestController.getByUid(java.lang.String) throws it.unisalento.se.saw.exceptions.SecretaryNotFoundException
2343 [Test worker] INFO org.springframework.web.servlet.mvc.method.annotation.RequestMappingHandlerAdapter - Looking for @ControllerAdvice: org.springframework.test.web.servlet.setup.StubWebApplicationContext@c0939c3
2346 [Test worker] INFO org.springframework.mock.web.MockServletContext - Initializing Spring FrameworkServlet ''
2346 [Test worker] INFO org.springframework.test.web.servlet.TestDispatcherServlet - FrameworkServlet '': initialization started
2347 [Test worker] INFO org.springframework.test.web.servlet.TestDispatcherServlet - FrameworkServlet '': initialization completed in 1 ms
2355 [Test worker] INFO org.springframework.web.servlet.mvc.method.annotation.RequestMappingHandlerMapping - Mapped "{[/secretary/save],methods=[POST],consumes=[application/json]}" onto public it.unisalento.se.saw.dto.SecretaryDTO it.unisalento.se.saw.restapi.SecretaryRestController.post(it.unisalento.se.saw.dto.SecretaryDTO) throws it.unisalento.se.saw.exceptions.SecretaryNotFoundException
2356 [Test worker] INFO org.springframework.web.servlet.mvc.method.annotation.RequestMappingHandlerMapping - Mapped "{[/secretary/getById/{id}],methods=[GET],produces=[application/json]}" onto public it.unisalento.se.saw.dto.SecretaryDTO it.unisalento.se.saw.restapi.SecretaryRestController.getById(int) throws it.unisalento.se.saw.exceptions.SecretaryNotFoundException
2356 [Test worker] INFO org.springframework.web.servlet.mvc.method.annotation.RequestMappingHandlerMapping - Mapped "{[/secretary/getByUid/{uid}],methods=[GET],produces=[application/json]}" onto public it.unisalento.se.saw.dto.SecretaryDTO it.unisalento.se.saw.restapi.SecretaryRestController.getByUid(java.lang.String) throws it.unisalento.se.saw.exceptions.SecretaryNotFoundException
2363 [Test worker] INFO org.springframework.web.servlet.mvc.method.annotation.RequestMappingHandlerAdapter - Looking for @ControllerAdvice: org.springframework.test.web.servlet.setup.StubWebApplicationContext@44d4bc21
2365 [Test worker] INFO org.springframework.mock.web.MockServletContext - Initializing Spring FrameworkServlet ''
2365 [Test worker] INFO org.springframework.test.web.servlet.TestDispatcherServlet - FrameworkServlet '': initialization started
2365 [Test worker] INFO org.springframework.test.web.servlet.TestDispatcherServlet - FrameworkServlet '': initialization completed in 0 ms
]]></system-err>
</testsuite>
