<?xml version="1.0" encoding="UTF-8"?>
<testsuite name="it.unisalento.se.saw.restapi.AccessoryRestControllerTest" tests="4" skipped="0" failures="0" errors="0" timestamp="2018-09-09T08:46:50" hostname="antonio-pc" time="0.157">
  <properties/>
  <testcase name="saveTest" classname="it.unisalento.se.saw.restapi.AccessoryRestControllerTest" time="0.036"/>
  <testcase name="getByIdTest" classname="it.unisalento.se.saw.restapi.AccessoryRestControllerTest" time="0.035"/>
  <testcase name="getAllTest" classname="it.unisalento.se.saw.restapi.AccessoryRestControllerTest" time="0.04"/>
  <testcase name="getByIdRoomTest" classname="it.unisalento.se.saw.restapi.AccessoryRestControllerTest" time="0.038"/>
  <system-out><![CDATA[]]></system-out>
  <system-err><![CDATA[1417 [Test worker] INFO org.springframework.web.servlet.mvc.method.annotation.RequestMappingHandlerMapping - Mapped "{[/accessory/getByIdRoom/{id}],methods=[GET],produces=[application/json]}" onto public java.util.Set<it.unisalento.se.saw.dto.AccessoryDTO> it.unisalento.se.saw.restapi.AccessoryRestController.getByIdRoom(int)
1417 [Test worker] INFO org.springframework.web.servlet.mvc.method.annotation.RequestMappingHandlerMapping - Mapped "{[/accessory/getById/{id}],methods=[GET],produces=[application/json]}" onto public it.unisalento.se.saw.dto.AccessoryDTO it.unisalento.se.saw.restapi.AccessoryRestController.getById(int) throws it.unisalento.se.saw.exceptions.AccessoryNotFoundException
1417 [Test worker] INFO org.springframework.web.servlet.mvc.method.annotation.RequestMappingHandlerMapping - Mapped "{[/accessory/getAll],methods=[GET],produces=[application/json]}" onto public java.util.Set<it.unisalento.se.saw.dto.AccessoryDTO> it.unisalento.se.saw.restapi.AccessoryRestController.getAll()
1418 [Test worker] INFO org.springframework.web.servlet.mvc.method.annotation.RequestMappingHandlerMapping - Mapped "{[/accessory/save],methods=[POST],consumes=[application/json]}" onto public it.unisalento.se.saw.dto.AccessoryDTO it.unisalento.se.saw.restapi.AccessoryRestController.save(it.unisalento.se.saw.dto.AccessoryDTO) throws it.unisalento.se.saw.exceptions.RoomNotFoundException
1428 [Test worker] INFO org.springframework.web.servlet.mvc.method.annotation.RequestMappingHandlerAdapter - Looking for @ControllerAdvice: org.springframework.test.web.servlet.setup.StubWebApplicationContext@71e3c8d8
1431 [Test worker] INFO org.springframework.mock.web.MockServletContext - Initializing Spring FrameworkServlet ''
1432 [Test worker] INFO org.springframework.test.web.servlet.TestDispatcherServlet - FrameworkServlet '': initialization started
1432 [Test worker] INFO org.springframework.test.web.servlet.TestDispatcherServlet - FrameworkServlet '': initialization completed in 0 ms
1449 [Test worker] INFO org.springframework.web.servlet.mvc.method.annotation.RequestMappingHandlerMapping - Mapped "{[/accessory/getByIdRoom/{id}],methods=[GET],produces=[application/json]}" onto public java.util.Set<it.unisalento.se.saw.dto.AccessoryDTO> it.unisalento.se.saw.restapi.AccessoryRestController.getByIdRoom(int)
1450 [Test worker] INFO org.springframework.web.servlet.mvc.method.annotation.RequestMappingHandlerMapping - Mapped "{[/accessory/getById/{id}],methods=[GET],produces=[application/json]}" onto public it.unisalento.se.saw.dto.AccessoryDTO it.unisalento.se.saw.restapi.AccessoryRestController.getById(int) throws it.unisalento.se.saw.exceptions.AccessoryNotFoundException
1450 [Test worker] INFO org.springframework.web.servlet.mvc.method.annotation.RequestMappingHandlerMapping - Mapped "{[/accessory/getAll],methods=[GET],produces=[application/json]}" onto public java.util.Set<it.unisalento.se.saw.dto.AccessoryDTO> it.unisalento.se.saw.restapi.AccessoryRestController.getAll()
1450 [Test worker] INFO org.springframework.web.servlet.mvc.method.annotation.RequestMappingHandlerMapping - Mapped "{[/accessory/save],methods=[POST],consumes=[application/json]}" onto public it.unisalento.se.saw.dto.AccessoryDTO it.unisalento.se.saw.restapi.AccessoryRestController.save(it.unisalento.se.saw.dto.AccessoryDTO) throws it.unisalento.se.saw.exceptions.RoomNotFoundException
1459 [Test worker] INFO org.springframework.web.servlet.mvc.method.annotation.RequestMappingHandlerAdapter - Looking for @ControllerAdvice: org.springframework.test.web.servlet.setup.StubWebApplicationContext@7cbf000f
1462 [Test worker] INFO org.springframework.mock.web.MockServletContext - Initializing Spring FrameworkServlet ''
1462 [Test worker] INFO org.springframework.test.web.servlet.TestDispatcherServlet - FrameworkServlet '': initialization started
1475 [Test worker] INFO org.springframework.test.web.servlet.TestDispatcherServlet - FrameworkServlet '': initialization completed in 13 ms
1484 [Test worker] INFO org.springframework.web.servlet.mvc.method.annotation.RequestMappingHandlerMapping - Mapped "{[/accessory/getByIdRoom/{id}],methods=[GET],produces=[application/json]}" onto public java.util.Set<it.unisalento.se.saw.dto.AccessoryDTO> it.unisalento.se.saw.restapi.AccessoryRestController.getByIdRoom(int)
1484 [Test worker] INFO org.springframework.web.servlet.mvc.method.annotation.RequestMappingHandlerMapping - Mapped "{[/accessory/getById/{id}],methods=[GET],produces=[application/json]}" onto public it.unisalento.se.saw.dto.AccessoryDTO it.unisalento.se.saw.restapi.AccessoryRestController.getById(int) throws it.unisalento.se.saw.exceptions.AccessoryNotFoundException
1492 [Test worker] INFO org.springframework.web.servlet.mvc.method.annotation.RequestMappingHandlerMapping - Mapped "{[/accessory/getAll],methods=[GET],produces=[application/json]}" onto public java.util.Set<it.unisalento.se.saw.dto.AccessoryDTO> it.unisalento.se.saw.restapi.AccessoryRestController.getAll()
1492 [Test worker] INFO org.springframework.web.servlet.mvc.method.annotation.RequestMappingHandlerMapping - Mapped "{[/accessory/save],methods=[POST],consumes=[application/json]}" onto public it.unisalento.se.saw.dto.AccessoryDTO it.unisalento.se.saw.restapi.AccessoryRestController.save(it.unisalento.se.saw.dto.AccessoryDTO) throws it.unisalento.se.saw.exceptions.RoomNotFoundException
1508 [Test worker] INFO org.springframework.web.servlet.mvc.method.annotation.RequestMappingHandlerAdapter - Looking for @ControllerAdvice: org.springframework.test.web.servlet.setup.StubWebApplicationContext@5778bd29
1510 [Test worker] INFO org.springframework.mock.web.MockServletContext - Initializing Spring FrameworkServlet ''
1510 [Test worker] INFO org.springframework.test.web.servlet.TestDispatcherServlet - FrameworkServlet '': initialization started
1511 [Test worker] INFO org.springframework.test.web.servlet.TestDispatcherServlet - FrameworkServlet '': initialization completed in 1 ms
1529 [Test worker] INFO org.springframework.web.servlet.mvc.method.annotation.RequestMappingHandlerMapping - Mapped "{[/accessory/getByIdRoom/{id}],methods=[GET],produces=[application/json]}" onto public java.util.Set<it.unisalento.se.saw.dto.AccessoryDTO> it.unisalento.se.saw.restapi.AccessoryRestController.getByIdRoom(int)
1530 [Test worker] INFO org.springframework.web.servlet.mvc.method.annotation.RequestMappingHandlerMapping - Mapped "{[/accessory/getById/{id}],methods=[GET],produces=[application/json]}" onto public it.unisalento.se.saw.dto.AccessoryDTO it.unisalento.se.saw.restapi.AccessoryRestController.getById(int) throws it.unisalento.se.saw.exceptions.AccessoryNotFoundException
1530 [Test worker] INFO org.springframework.web.servlet.mvc.method.annotation.RequestMappingHandlerMapping - Mapped "{[/accessory/getAll],methods=[GET],produces=[application/json]}" onto public java.util.Set<it.unisalento.se.saw.dto.AccessoryDTO> it.unisalento.se.saw.restapi.AccessoryRestController.getAll()
1530 [Test worker] INFO org.springframework.web.servlet.mvc.method.annotation.RequestMappingHandlerMapping - Mapped "{[/accessory/save],methods=[POST],consumes=[application/json]}" onto public it.unisalento.se.saw.dto.AccessoryDTO it.unisalento.se.saw.restapi.AccessoryRestController.save(it.unisalento.se.saw.dto.AccessoryDTO) throws it.unisalento.se.saw.exceptions.RoomNotFoundException
1546 [Test worker] INFO org.springframework.web.servlet.mvc.method.annotation.RequestMappingHandlerAdapter - Looking for @ControllerAdvice: org.springframework.test.web.servlet.setup.StubWebApplicationContext@5a0d8385
1552 [Test worker] INFO org.springframework.mock.web.MockServletContext - Initializing Spring FrameworkServlet ''
1552 [Test worker] INFO org.springframework.test.web.servlet.TestDispatcherServlet - FrameworkServlet '': initialization started
1554 [Test worker] INFO org.springframework.test.web.servlet.TestDispatcherServlet - FrameworkServlet '': initialization completed in 1 ms
]]></system-err>
</testsuite>
