<?xml version="1.0" encoding="UTF-8"?>
<testsuite name="it.unisalento.se.saw.restapi.CourseRestControllerTest" tests="3" skipped="0" failures="0" errors="0" timestamp="2018-09-02T10:12:10" hostname="DESKTOP-TUGA85P" time="2.071">
  <properties/>
  <testcase name="saveTest" classname="it.unisalento.se.saw.restapi.CourseRestControllerTest" time="1.912"/>
  <testcase name="getByIdTest" classname="it.unisalento.se.saw.restapi.CourseRestControllerTest" time="0.086"/>
  <testcase name="getAllTest" classname="it.unisalento.se.saw.restapi.CourseRestControllerTest" time="0.062"/>
  <system-out><![CDATA[]]></system-out>
  <system-err><![CDATA[509 [Test worker] INFO org.springframework.web.servlet.mvc.method.annotation.RequestMappingHandlerMapping - Mapped "{[/course/getAll],methods=[GET],produces=[application/json]}" onto public java.util.Set<it.unisalento.se.saw.dto.CourseDTO> it.unisalento.se.saw.restapi.CourseRestController.getAll()
518 [Test worker] INFO org.springframework.web.servlet.mvc.method.annotation.RequestMappingHandlerMapping - Mapped "{[/course/getById/{id}],methods=[GET],produces=[application/json]}" onto public it.unisalento.se.saw.dto.CourseDTO it.unisalento.se.saw.restapi.CourseRestController.getById(int) throws it.unisalento.se.saw.exceptions.CourseNotFoundException
526 [Test worker] INFO org.springframework.web.servlet.mvc.method.annotation.RequestMappingHandlerMapping - Mapped "{[/course/save],methods=[POST],consumes=[application/json]}" onto public it.unisalento.se.saw.dto.CourseDTO it.unisalento.se.saw.restapi.CourseRestController.post(it.unisalento.se.saw.dto.CourseDTO)
531 [Test worker] INFO org.springframework.web.servlet.mvc.method.annotation.RequestMappingHandlerMapping - Mapped "{[/course/getByIdProf/{id}],methods=[GET],produces=[application/json]}" onto public java.util.Set<it.unisalento.se.saw.dto.CourseDTO> it.unisalento.se.saw.restapi.CourseRestController.getByIdProf(int) throws it.unisalento.se.saw.exceptions.CourseNotFoundException,it.unisalento.se.saw.exceptions.ProfessorNotFoundException
1029 [Test worker] INFO org.springframework.web.servlet.mvc.method.annotation.RequestMappingHandlerAdapter - Looking for @ControllerAdvice: org.springframework.test.web.servlet.setup.StubWebApplicationContext@74838a51
1151 [Test worker] INFO org.springframework.mock.web.MockServletContext - Initializing Spring FrameworkServlet ''
1152 [Test worker] INFO org.springframework.test.web.servlet.TestDispatcherServlet - FrameworkServlet '': initialization started
1156 [Test worker] INFO org.springframework.test.web.servlet.TestDispatcherServlet - FrameworkServlet '': initialization completed in 4 ms
1830 [Test worker] INFO org.springframework.web.servlet.mvc.method.annotation.RequestMappingHandlerMapping - Mapped "{[/course/getAll],methods=[GET],produces=[application/json]}" onto public java.util.Set<it.unisalento.se.saw.dto.CourseDTO> it.unisalento.se.saw.restapi.CourseRestController.getAll()
1830 [Test worker] INFO org.springframework.web.servlet.mvc.method.annotation.RequestMappingHandlerMapping - Mapped "{[/course/getById/{id}],methods=[GET],produces=[application/json]}" onto public it.unisalento.se.saw.dto.CourseDTO it.unisalento.se.saw.restapi.CourseRestController.getById(int) throws it.unisalento.se.saw.exceptions.CourseNotFoundException
1831 [Test worker] INFO org.springframework.web.servlet.mvc.method.annotation.RequestMappingHandlerMapping - Mapped "{[/course/save],methods=[POST],consumes=[application/json]}" onto public it.unisalento.se.saw.dto.CourseDTO it.unisalento.se.saw.restapi.CourseRestController.post(it.unisalento.se.saw.dto.CourseDTO)
1831 [Test worker] INFO org.springframework.web.servlet.mvc.method.annotation.RequestMappingHandlerMapping - Mapped "{[/course/getByIdProf/{id}],methods=[GET],produces=[application/json]}" onto public java.util.Set<it.unisalento.se.saw.dto.CourseDTO> it.unisalento.se.saw.restapi.CourseRestController.getByIdProf(int) throws it.unisalento.se.saw.exceptions.CourseNotFoundException,it.unisalento.se.saw.exceptions.ProfessorNotFoundException
1854 [Test worker] INFO org.springframework.web.servlet.mvc.method.annotation.RequestMappingHandlerAdapter - Looking for @ControllerAdvice: org.springframework.test.web.servlet.setup.StubWebApplicationContext@ff937ab
1871 [Test worker] INFO org.springframework.mock.web.MockServletContext - Initializing Spring FrameworkServlet ''
1872 [Test worker] INFO org.springframework.test.web.servlet.TestDispatcherServlet - FrameworkServlet '': initialization started
1875 [Test worker] INFO org.springframework.test.web.servlet.TestDispatcherServlet - FrameworkServlet '': initialization completed in 0 ms
1929 [Test worker] INFO org.springframework.web.servlet.mvc.method.annotation.RequestMappingHandlerMapping - Mapped "{[/course/getAll],methods=[GET],produces=[application/json]}" onto public java.util.Set<it.unisalento.se.saw.dto.CourseDTO> it.unisalento.se.saw.restapi.CourseRestController.getAll()
1930 [Test worker] INFO org.springframework.web.servlet.mvc.method.annotation.RequestMappingHandlerMapping - Mapped "{[/course/getById/{id}],methods=[GET],produces=[application/json]}" onto public it.unisalento.se.saw.dto.CourseDTO it.unisalento.se.saw.restapi.CourseRestController.getById(int) throws it.unisalento.se.saw.exceptions.CourseNotFoundException
1931 [Test worker] INFO org.springframework.web.servlet.mvc.method.annotation.RequestMappingHandlerMapping - Mapped "{[/course/save],methods=[POST],consumes=[application/json]}" onto public it.unisalento.se.saw.dto.CourseDTO it.unisalento.se.saw.restapi.CourseRestController.post(it.unisalento.se.saw.dto.CourseDTO)
1932 [Test worker] INFO org.springframework.web.servlet.mvc.method.annotation.RequestMappingHandlerMapping - Mapped "{[/course/getByIdProf/{id}],methods=[GET],produces=[application/json]}" onto public java.util.Set<it.unisalento.se.saw.dto.CourseDTO> it.unisalento.se.saw.restapi.CourseRestController.getByIdProf(int) throws it.unisalento.se.saw.exceptions.CourseNotFoundException,it.unisalento.se.saw.exceptions.ProfessorNotFoundException
1945 [Test worker] INFO org.springframework.web.servlet.mvc.method.annotation.RequestMappingHandlerAdapter - Looking for @ControllerAdvice: org.springframework.test.web.servlet.setup.StubWebApplicationContext@11135b8d
1949 [Test worker] INFO org.springframework.mock.web.MockServletContext - Initializing Spring FrameworkServlet ''
1950 [Test worker] INFO org.springframework.test.web.servlet.TestDispatcherServlet - FrameworkServlet '': initialization started
1950 [Test worker] INFO org.springframework.test.web.servlet.TestDispatcherServlet - FrameworkServlet '': initialization completed in 0 ms
]]></system-err>
</testsuite>
