<?xml version="1.0" encoding="UTF-8"?>
<testsuite name="it.unisalento.se.saw.restapi.TeachingRestControllerTest" tests="7" skipped="0" failures="0" errors="0" timestamp="2018-09-08T13:45:07" hostname="DESKTOP-5IEPLHD" time="0.128">
  <properties/>
  <testcase name="getAll" classname="it.unisalento.se.saw.restapi.TeachingRestControllerTest" time="0.017"/>
  <testcase name="getByNameAndIdCourse" classname="it.unisalento.se.saw.restapi.TeachingRestControllerTest" time="0.016"/>
  <testcase name="getByNameAndIdProf" classname="it.unisalento.se.saw.restapi.TeachingRestControllerTest" time="0.016"/>
  <testcase name="getById" classname="it.unisalento.se.saw.restapi.TeachingRestControllerTest" time="0.016"/>
  <testcase name="getAllByIdCourse" classname="it.unisalento.se.saw.restapi.TeachingRestControllerTest" time="0.02"/>
  <testcase name="save" classname="it.unisalento.se.saw.restapi.TeachingRestControllerTest" time="0.019"/>
  <testcase name="getAllByIdProf" classname="it.unisalento.se.saw.restapi.TeachingRestControllerTest" time="0.018"/>
  <system-out><![CDATA[]]></system-out>
  <system-err><![CDATA[2638 [Test worker] INFO org.springframework.web.servlet.mvc.method.annotation.RequestMappingHandlerMapping - Mapped "{[/teaching/save],methods=[POST],consumes=[application/json]}" onto public it.unisalento.se.saw.dto.TeachingDTO it.unisalento.se.saw.restapi.TeachingRestController.save(it.unisalento.se.saw.dto.TeachingDTO) throws it.unisalento.se.saw.exceptions.CourseNotFoundException,it.unisalento.se.saw.exceptions.ProfessorNotFoundException
2638 [Test worker] INFO org.springframework.web.servlet.mvc.method.annotation.RequestMappingHandlerMapping - Mapped "{[/teaching/getAll],methods=[GET],produces=[application/json]}" onto public java.util.Set<it.unisalento.se.saw.dto.TeachingDTO> it.unisalento.se.saw.restapi.TeachingRestController.getAll()
2638 [Test worker] INFO org.springframework.web.servlet.mvc.method.annotation.RequestMappingHandlerMapping - Mapped "{[/teaching/getById/{id}],methods=[GET],produces=[application/json]}" onto public it.unisalento.se.saw.dto.TeachingDTO it.unisalento.se.saw.restapi.TeachingRestController.getById(int) throws it.unisalento.se.saw.exceptions.TeachingNotFoundException
2638 [Test worker] INFO org.springframework.web.servlet.mvc.method.annotation.RequestMappingHandlerMapping - Mapped "{[/teaching/getByNameAndIdProf/{name}_{idProf}],methods=[GET],produces=[application/json]}" onto public it.unisalento.se.saw.dto.TeachingDTO it.unisalento.se.saw.restapi.TeachingRestController.getByNameAndIdProf(java.lang.String,int) throws it.unisalento.se.saw.exceptions.TeachingNotFoundException
2639 [Test worker] INFO org.springframework.web.servlet.mvc.method.annotation.RequestMappingHandlerMapping - Mapped "{[/teaching/getByNameAndIdCourse/{name}_{idCourse}],methods=[GET],produces=[application/json]}" onto public it.unisalento.se.saw.dto.TeachingDTO it.unisalento.se.saw.restapi.TeachingRestController.getByNameAndIdCourse(java.lang.String,int) throws it.unisalento.se.saw.exceptions.TeachingNotFoundException
2639 [Test worker] INFO org.springframework.web.servlet.mvc.method.annotation.RequestMappingHandlerMapping - Mapped "{[/teaching/getByIdProf/{id}],methods=[GET],produces=[application/json]}" onto public java.util.Set<it.unisalento.se.saw.dto.TeachingDTO> it.unisalento.se.saw.restapi.TeachingRestController.getByProf(int) throws it.unisalento.se.saw.exceptions.TeachingNotFoundException
2639 [Test worker] INFO org.springframework.web.servlet.mvc.method.annotation.RequestMappingHandlerMapping - Mapped "{[/teaching/getByIdCourse/{id}],methods=[GET],produces=[application/json]}" onto public java.util.Set<it.unisalento.se.saw.dto.TeachingDTO> it.unisalento.se.saw.restapi.TeachingRestController.getByIdCourse(int) throws it.unisalento.se.saw.exceptions.TeachingNotFoundException
2644 [Test worker] INFO org.springframework.web.servlet.mvc.method.annotation.RequestMappingHandlerAdapter - Looking for @ControllerAdvice: org.springframework.test.web.servlet.setup.StubWebApplicationContext@5bcaa899
2646 [Test worker] INFO org.springframework.mock.web.MockServletContext - Initializing Spring FrameworkServlet ''
2646 [Test worker] INFO org.springframework.test.web.servlet.TestDispatcherServlet - FrameworkServlet '': initialization started
2646 [Test worker] INFO org.springframework.test.web.servlet.TestDispatcherServlet - FrameworkServlet '': initialization completed in 0 ms
2655 [Test worker] INFO org.springframework.web.servlet.mvc.method.annotation.RequestMappingHandlerMapping - Mapped "{[/teaching/save],methods=[POST],consumes=[application/json]}" onto public it.unisalento.se.saw.dto.TeachingDTO it.unisalento.se.saw.restapi.TeachingRestController.save(it.unisalento.se.saw.dto.TeachingDTO) throws it.unisalento.se.saw.exceptions.CourseNotFoundException,it.unisalento.se.saw.exceptions.ProfessorNotFoundException
2655 [Test worker] INFO org.springframework.web.servlet.mvc.method.annotation.RequestMappingHandlerMapping - Mapped "{[/teaching/getAll],methods=[GET],produces=[application/json]}" onto public java.util.Set<it.unisalento.se.saw.dto.TeachingDTO> it.unisalento.se.saw.restapi.TeachingRestController.getAll()
2655 [Test worker] INFO org.springframework.web.servlet.mvc.method.annotation.RequestMappingHandlerMapping - Mapped "{[/teaching/getById/{id}],methods=[GET],produces=[application/json]}" onto public it.unisalento.se.saw.dto.TeachingDTO it.unisalento.se.saw.restapi.TeachingRestController.getById(int) throws it.unisalento.se.saw.exceptions.TeachingNotFoundException
2655 [Test worker] INFO org.springframework.web.servlet.mvc.method.annotation.RequestMappingHandlerMapping - Mapped "{[/teaching/getByNameAndIdProf/{name}_{idProf}],methods=[GET],produces=[application/json]}" onto public it.unisalento.se.saw.dto.TeachingDTO it.unisalento.se.saw.restapi.TeachingRestController.getByNameAndIdProf(java.lang.String,int) throws it.unisalento.se.saw.exceptions.TeachingNotFoundException
2656 [Test worker] INFO org.springframework.web.servlet.mvc.method.annotation.RequestMappingHandlerMapping - Mapped "{[/teaching/getByNameAndIdCourse/{name}_{idCourse}],methods=[GET],produces=[application/json]}" onto public it.unisalento.se.saw.dto.TeachingDTO it.unisalento.se.saw.restapi.TeachingRestController.getByNameAndIdCourse(java.lang.String,int) throws it.unisalento.se.saw.exceptions.TeachingNotFoundException
2656 [Test worker] INFO org.springframework.web.servlet.mvc.method.annotation.RequestMappingHandlerMapping - Mapped "{[/teaching/getByIdProf/{id}],methods=[GET],produces=[application/json]}" onto public java.util.Set<it.unisalento.se.saw.dto.TeachingDTO> it.unisalento.se.saw.restapi.TeachingRestController.getByProf(int) throws it.unisalento.se.saw.exceptions.TeachingNotFoundException
2656 [Test worker] INFO org.springframework.web.servlet.mvc.method.annotation.RequestMappingHandlerMapping - Mapped "{[/teaching/getByIdCourse/{id}],methods=[GET],produces=[application/json]}" onto public java.util.Set<it.unisalento.se.saw.dto.TeachingDTO> it.unisalento.se.saw.restapi.TeachingRestController.getByIdCourse(int) throws it.unisalento.se.saw.exceptions.TeachingNotFoundException
2661 [Test worker] INFO org.springframework.web.servlet.mvc.method.annotation.RequestMappingHandlerAdapter - Looking for @ControllerAdvice: org.springframework.test.web.servlet.setup.StubWebApplicationContext@4e28bd33
2663 [Test worker] INFO org.springframework.mock.web.MockServletContext - Initializing Spring FrameworkServlet ''
2663 [Test worker] INFO org.springframework.test.web.servlet.TestDispatcherServlet - FrameworkServlet '': initialization started
2663 [Test worker] INFO org.springframework.test.web.servlet.TestDispatcherServlet - FrameworkServlet '': initialization completed in 0 ms
2672 [Test worker] INFO org.springframework.web.servlet.mvc.method.annotation.RequestMappingHandlerMapping - Mapped "{[/teaching/save],methods=[POST],consumes=[application/json]}" onto public it.unisalento.se.saw.dto.TeachingDTO it.unisalento.se.saw.restapi.TeachingRestController.save(it.unisalento.se.saw.dto.TeachingDTO) throws it.unisalento.se.saw.exceptions.CourseNotFoundException,it.unisalento.se.saw.exceptions.ProfessorNotFoundException
2672 [Test worker] INFO org.springframework.web.servlet.mvc.method.annotation.RequestMappingHandlerMapping - Mapped "{[/teaching/getAll],methods=[GET],produces=[application/json]}" onto public java.util.Set<it.unisalento.se.saw.dto.TeachingDTO> it.unisalento.se.saw.restapi.TeachingRestController.getAll()
2672 [Test worker] INFO org.springframework.web.servlet.mvc.method.annotation.RequestMappingHandlerMapping - Mapped "{[/teaching/getById/{id}],methods=[GET],produces=[application/json]}" onto public it.unisalento.se.saw.dto.TeachingDTO it.unisalento.se.saw.restapi.TeachingRestController.getById(int) throws it.unisalento.se.saw.exceptions.TeachingNotFoundException
2672 [Test worker] INFO org.springframework.web.servlet.mvc.method.annotation.RequestMappingHandlerMapping - Mapped "{[/teaching/getByNameAndIdProf/{name}_{idProf}],methods=[GET],produces=[application/json]}" onto public it.unisalento.se.saw.dto.TeachingDTO it.unisalento.se.saw.restapi.TeachingRestController.getByNameAndIdProf(java.lang.String,int) throws it.unisalento.se.saw.exceptions.TeachingNotFoundException
2673 [Test worker] INFO org.springframework.web.servlet.mvc.method.annotation.RequestMappingHandlerMapping - Mapped "{[/teaching/getByNameAndIdCourse/{name}_{idCourse}],methods=[GET],produces=[application/json]}" onto public it.unisalento.se.saw.dto.TeachingDTO it.unisalento.se.saw.restapi.TeachingRestController.getByNameAndIdCourse(java.lang.String,int) throws it.unisalento.se.saw.exceptions.TeachingNotFoundException
2673 [Test worker] INFO org.springframework.web.servlet.mvc.method.annotation.RequestMappingHandlerMapping - Mapped "{[/teaching/getByIdProf/{id}],methods=[GET],produces=[application/json]}" onto public java.util.Set<it.unisalento.se.saw.dto.TeachingDTO> it.unisalento.se.saw.restapi.TeachingRestController.getByProf(int) throws it.unisalento.se.saw.exceptions.TeachingNotFoundException
2673 [Test worker] INFO org.springframework.web.servlet.mvc.method.annotation.RequestMappingHandlerMapping - Mapped "{[/teaching/getByIdCourse/{id}],methods=[GET],produces=[application/json]}" onto public java.util.Set<it.unisalento.se.saw.dto.TeachingDTO> it.unisalento.se.saw.restapi.TeachingRestController.getByIdCourse(int) throws it.unisalento.se.saw.exceptions.TeachingNotFoundException
2679 [Test worker] INFO org.springframework.web.servlet.mvc.method.annotation.RequestMappingHandlerAdapter - Looking for @ControllerAdvice: org.springframework.test.web.servlet.setup.StubWebApplicationContext@125f81ef
2681 [Test worker] INFO org.springframework.mock.web.MockServletContext - Initializing Spring FrameworkServlet ''
2681 [Test worker] INFO org.springframework.test.web.servlet.TestDispatcherServlet - FrameworkServlet '': initialization started
2681 [Test worker] INFO org.springframework.test.web.servlet.TestDispatcherServlet - FrameworkServlet '': initialization completed in 0 ms
2689 [Test worker] INFO org.springframework.web.servlet.mvc.method.annotation.RequestMappingHandlerMapping - Mapped "{[/teaching/save],methods=[POST],consumes=[application/json]}" onto public it.unisalento.se.saw.dto.TeachingDTO it.unisalento.se.saw.restapi.TeachingRestController.save(it.unisalento.se.saw.dto.TeachingDTO) throws it.unisalento.se.saw.exceptions.CourseNotFoundException,it.unisalento.se.saw.exceptions.ProfessorNotFoundException
2689 [Test worker] INFO org.springframework.web.servlet.mvc.method.annotation.RequestMappingHandlerMapping - Mapped "{[/teaching/getAll],methods=[GET],produces=[application/json]}" onto public java.util.Set<it.unisalento.se.saw.dto.TeachingDTO> it.unisalento.se.saw.restapi.TeachingRestController.getAll()
2689 [Test worker] INFO org.springframework.web.servlet.mvc.method.annotation.RequestMappingHandlerMapping - Mapped "{[/teaching/getById/{id}],methods=[GET],produces=[application/json]}" onto public it.unisalento.se.saw.dto.TeachingDTO it.unisalento.se.saw.restapi.TeachingRestController.getById(int) throws it.unisalento.se.saw.exceptions.TeachingNotFoundException
2689 [Test worker] INFO org.springframework.web.servlet.mvc.method.annotation.RequestMappingHandlerMapping - Mapped "{[/teaching/getByNameAndIdProf/{name}_{idProf}],methods=[GET],produces=[application/json]}" onto public it.unisalento.se.saw.dto.TeachingDTO it.unisalento.se.saw.restapi.TeachingRestController.getByNameAndIdProf(java.lang.String,int) throws it.unisalento.se.saw.exceptions.TeachingNotFoundException
2689 [Test worker] INFO org.springframework.web.servlet.mvc.method.annotation.RequestMappingHandlerMapping - Mapped "{[/teaching/getByNameAndIdCourse/{name}_{idCourse}],methods=[GET],produces=[application/json]}" onto public it.unisalento.se.saw.dto.TeachingDTO it.unisalento.se.saw.restapi.TeachingRestController.getByNameAndIdCourse(java.lang.String,int) throws it.unisalento.se.saw.exceptions.TeachingNotFoundException
2689 [Test worker] INFO org.springframework.web.servlet.mvc.method.annotation.RequestMappingHandlerMapping - Mapped "{[/teaching/getByIdProf/{id}],methods=[GET],produces=[application/json]}" onto public java.util.Set<it.unisalento.se.saw.dto.TeachingDTO> it.unisalento.se.saw.restapi.TeachingRestController.getByProf(int) throws it.unisalento.se.saw.exceptions.TeachingNotFoundException
2689 [Test worker] INFO org.springframework.web.servlet.mvc.method.annotation.RequestMappingHandlerMapping - Mapped "{[/teaching/getByIdCourse/{id}],methods=[GET],produces=[application/json]}" onto public java.util.Set<it.unisalento.se.saw.dto.TeachingDTO> it.unisalento.se.saw.restapi.TeachingRestController.getByIdCourse(int) throws it.unisalento.se.saw.exceptions.TeachingNotFoundException
2695 [Test worker] INFO org.springframework.web.servlet.mvc.method.annotation.RequestMappingHandlerAdapter - Looking for @ControllerAdvice: org.springframework.test.web.servlet.setup.StubWebApplicationContext@459eac05
2697 [Test worker] INFO org.springframework.mock.web.MockServletContext - Initializing Spring FrameworkServlet ''
2697 [Test worker] INFO org.springframework.test.web.servlet.TestDispatcherServlet - FrameworkServlet '': initialization started
2697 [Test worker] INFO org.springframework.test.web.servlet.TestDispatcherServlet - FrameworkServlet '': initialization completed in 0 ms
2707 [Test worker] INFO org.springframework.web.servlet.mvc.method.annotation.RequestMappingHandlerMapping - Mapped "{[/teaching/save],methods=[POST],consumes=[application/json]}" onto public it.unisalento.se.saw.dto.TeachingDTO it.unisalento.se.saw.restapi.TeachingRestController.save(it.unisalento.se.saw.dto.TeachingDTO) throws it.unisalento.se.saw.exceptions.CourseNotFoundException,it.unisalento.se.saw.exceptions.ProfessorNotFoundException
2707 [Test worker] INFO org.springframework.web.servlet.mvc.method.annotation.RequestMappingHandlerMapping - Mapped "{[/teaching/getAll],methods=[GET],produces=[application/json]}" onto public java.util.Set<it.unisalento.se.saw.dto.TeachingDTO> it.unisalento.se.saw.restapi.TeachingRestController.getAll()
2708 [Test worker] INFO org.springframework.web.servlet.mvc.method.annotation.RequestMappingHandlerMapping - Mapped "{[/teaching/getById/{id}],methods=[GET],produces=[application/json]}" onto public it.unisalento.se.saw.dto.TeachingDTO it.unisalento.se.saw.restapi.TeachingRestController.getById(int) throws it.unisalento.se.saw.exceptions.TeachingNotFoundException
2708 [Test worker] INFO org.springframework.web.servlet.mvc.method.annotation.RequestMappingHandlerMapping - Mapped "{[/teaching/getByNameAndIdProf/{name}_{idProf}],methods=[GET],produces=[application/json]}" onto public it.unisalento.se.saw.dto.TeachingDTO it.unisalento.se.saw.restapi.TeachingRestController.getByNameAndIdProf(java.lang.String,int) throws it.unisalento.se.saw.exceptions.TeachingNotFoundException
2708 [Test worker] INFO org.springframework.web.servlet.mvc.method.annotation.RequestMappingHandlerMapping - Mapped "{[/teaching/getByNameAndIdCourse/{name}_{idCourse}],methods=[GET],produces=[application/json]}" onto public it.unisalento.se.saw.dto.TeachingDTO it.unisalento.se.saw.restapi.TeachingRestController.getByNameAndIdCourse(java.lang.String,int) throws it.unisalento.se.saw.exceptions.TeachingNotFoundException
2708 [Test worker] INFO org.springframework.web.servlet.mvc.method.annotation.RequestMappingHandlerMapping - Mapped "{[/teaching/getByIdProf/{id}],methods=[GET],produces=[application/json]}" onto public java.util.Set<it.unisalento.se.saw.dto.TeachingDTO> it.unisalento.se.saw.restapi.TeachingRestController.getByProf(int) throws it.unisalento.se.saw.exceptions.TeachingNotFoundException
2709 [Test worker] INFO org.springframework.web.servlet.mvc.method.annotation.RequestMappingHandlerMapping - Mapped "{[/teaching/getByIdCourse/{id}],methods=[GET],produces=[application/json]}" onto public java.util.Set<it.unisalento.se.saw.dto.TeachingDTO> it.unisalento.se.saw.restapi.TeachingRestController.getByIdCourse(int) throws it.unisalento.se.saw.exceptions.TeachingNotFoundException
2715 [Test worker] INFO org.springframework.web.servlet.mvc.method.annotation.RequestMappingHandlerAdapter - Looking for @ControllerAdvice: org.springframework.test.web.servlet.setup.StubWebApplicationContext@5aa90c2d
2717 [Test worker] INFO org.springframework.mock.web.MockServletContext - Initializing Spring FrameworkServlet ''
2717 [Test worker] INFO org.springframework.test.web.servlet.TestDispatcherServlet - FrameworkServlet '': initialization started
2717 [Test worker] INFO org.springframework.test.web.servlet.TestDispatcherServlet - FrameworkServlet '': initialization completed in 0 ms
2727 [Test worker] INFO org.springframework.web.servlet.mvc.method.annotation.RequestMappingHandlerMapping - Mapped "{[/teaching/save],methods=[POST],consumes=[application/json]}" onto public it.unisalento.se.saw.dto.TeachingDTO it.unisalento.se.saw.restapi.TeachingRestController.save(it.unisalento.se.saw.dto.TeachingDTO) throws it.unisalento.se.saw.exceptions.CourseNotFoundException,it.unisalento.se.saw.exceptions.ProfessorNotFoundException
2727 [Test worker] INFO org.springframework.web.servlet.mvc.method.annotation.RequestMappingHandlerMapping - Mapped "{[/teaching/getAll],methods=[GET],produces=[application/json]}" onto public java.util.Set<it.unisalento.se.saw.dto.TeachingDTO> it.unisalento.se.saw.restapi.TeachingRestController.getAll()
2727 [Test worker] INFO org.springframework.web.servlet.mvc.method.annotation.RequestMappingHandlerMapping - Mapped "{[/teaching/getById/{id}],methods=[GET],produces=[application/json]}" onto public it.unisalento.se.saw.dto.TeachingDTO it.unisalento.se.saw.restapi.TeachingRestController.getById(int) throws it.unisalento.se.saw.exceptions.TeachingNotFoundException
2727 [Test worker] INFO org.springframework.web.servlet.mvc.method.annotation.RequestMappingHandlerMapping - Mapped "{[/teaching/getByNameAndIdProf/{name}_{idProf}],methods=[GET],produces=[application/json]}" onto public it.unisalento.se.saw.dto.TeachingDTO it.unisalento.se.saw.restapi.TeachingRestController.getByNameAndIdProf(java.lang.String,int) throws it.unisalento.se.saw.exceptions.TeachingNotFoundException
2728 [Test worker] INFO org.springframework.web.servlet.mvc.method.annotation.RequestMappingHandlerMapping - Mapped "{[/teaching/getByNameAndIdCourse/{name}_{idCourse}],methods=[GET],produces=[application/json]}" onto public it.unisalento.se.saw.dto.TeachingDTO it.unisalento.se.saw.restapi.TeachingRestController.getByNameAndIdCourse(java.lang.String,int) throws it.unisalento.se.saw.exceptions.TeachingNotFoundException
2728 [Test worker] INFO org.springframework.web.servlet.mvc.method.annotation.RequestMappingHandlerMapping - Mapped "{[/teaching/getByIdProf/{id}],methods=[GET],produces=[application/json]}" onto public java.util.Set<it.unisalento.se.saw.dto.TeachingDTO> it.unisalento.se.saw.restapi.TeachingRestController.getByProf(int) throws it.unisalento.se.saw.exceptions.TeachingNotFoundException
2728 [Test worker] INFO org.springframework.web.servlet.mvc.method.annotation.RequestMappingHandlerMapping - Mapped "{[/teaching/getByIdCourse/{id}],methods=[GET],produces=[application/json]}" onto public java.util.Set<it.unisalento.se.saw.dto.TeachingDTO> it.unisalento.se.saw.restapi.TeachingRestController.getByIdCourse(int) throws it.unisalento.se.saw.exceptions.TeachingNotFoundException
2733 [Test worker] INFO org.springframework.web.servlet.mvc.method.annotation.RequestMappingHandlerAdapter - Looking for @ControllerAdvice: org.springframework.test.web.servlet.setup.StubWebApplicationContext@511247ec
2735 [Test worker] INFO org.springframework.mock.web.MockServletContext - Initializing Spring FrameworkServlet ''
2735 [Test worker] INFO org.springframework.test.web.servlet.TestDispatcherServlet - FrameworkServlet '': initialization started
2735 [Test worker] INFO org.springframework.test.web.servlet.TestDispatcherServlet - FrameworkServlet '': initialization completed in 0 ms
2747 [Test worker] INFO org.springframework.web.servlet.mvc.method.annotation.RequestMappingHandlerMapping - Mapped "{[/teaching/save],methods=[POST],consumes=[application/json]}" onto public it.unisalento.se.saw.dto.TeachingDTO it.unisalento.se.saw.restapi.TeachingRestController.save(it.unisalento.se.saw.dto.TeachingDTO) throws it.unisalento.se.saw.exceptions.CourseNotFoundException,it.unisalento.se.saw.exceptions.ProfessorNotFoundException
2747 [Test worker] INFO org.springframework.web.servlet.mvc.method.annotation.RequestMappingHandlerMapping - Mapped "{[/teaching/getAll],methods=[GET],produces=[application/json]}" onto public java.util.Set<it.unisalento.se.saw.dto.TeachingDTO> it.unisalento.se.saw.restapi.TeachingRestController.getAll()
2747 [Test worker] INFO org.springframework.web.servlet.mvc.method.annotation.RequestMappingHandlerMapping - Mapped "{[/teaching/getById/{id}],methods=[GET],produces=[application/json]}" onto public it.unisalento.se.saw.dto.TeachingDTO it.unisalento.se.saw.restapi.TeachingRestController.getById(int) throws it.unisalento.se.saw.exceptions.TeachingNotFoundException
2747 [Test worker] INFO org.springframework.web.servlet.mvc.method.annotation.RequestMappingHandlerMapping - Mapped "{[/teaching/getByNameAndIdProf/{name}_{idProf}],methods=[GET],produces=[application/json]}" onto public it.unisalento.se.saw.dto.TeachingDTO it.unisalento.se.saw.restapi.TeachingRestController.getByNameAndIdProf(java.lang.String,int) throws it.unisalento.se.saw.exceptions.TeachingNotFoundException
2747 [Test worker] INFO org.springframework.web.servlet.mvc.method.annotation.RequestMappingHandlerMapping - Mapped "{[/teaching/getByNameAndIdCourse/{name}_{idCourse}],methods=[GET],produces=[application/json]}" onto public it.unisalento.se.saw.dto.TeachingDTO it.unisalento.se.saw.restapi.TeachingRestController.getByNameAndIdCourse(java.lang.String,int) throws it.unisalento.se.saw.exceptions.TeachingNotFoundException
2747 [Test worker] INFO org.springframework.web.servlet.mvc.method.annotation.RequestMappingHandlerMapping - Mapped "{[/teaching/getByIdProf/{id}],methods=[GET],produces=[application/json]}" onto public java.util.Set<it.unisalento.se.saw.dto.TeachingDTO> it.unisalento.se.saw.restapi.TeachingRestController.getByProf(int) throws it.unisalento.se.saw.exceptions.TeachingNotFoundException
2747 [Test worker] INFO org.springframework.web.servlet.mvc.method.annotation.RequestMappingHandlerMapping - Mapped "{[/teaching/getByIdCourse/{id}],methods=[GET],produces=[application/json]}" onto public java.util.Set<it.unisalento.se.saw.dto.TeachingDTO> it.unisalento.se.saw.restapi.TeachingRestController.getByIdCourse(int) throws it.unisalento.se.saw.exceptions.TeachingNotFoundException
2753 [Test worker] INFO org.springframework.web.servlet.mvc.method.annotation.RequestMappingHandlerAdapter - Looking for @ControllerAdvice: org.springframework.test.web.servlet.setup.StubWebApplicationContext@d47f9d
2755 [Test worker] INFO org.springframework.mock.web.MockServletContext - Initializing Spring FrameworkServlet ''
2755 [Test worker] INFO org.springframework.test.web.servlet.TestDispatcherServlet - FrameworkServlet '': initialization started
2755 [Test worker] INFO org.springframework.test.web.servlet.TestDispatcherServlet - FrameworkServlet '': initialization completed in 0 ms
]]></system-err>
</testsuite>
