<?xml version="1.0" encoding="UTF-8"?>
<testsuite name="it.unisalento.se.saw.restapi.LessonRestControllerTest" tests="4" skipped="0" failures="0" errors="0" timestamp="2018-09-04T13:19:31" hostname="DESKTOP-TUGA85P" time="0.201">
  <properties/>
  <testcase name="saveTest" classname="it.unisalento.se.saw.restapi.LessonRestControllerTest" time="0.067"/>
  <testcase name="getByIdTest" classname="it.unisalento.se.saw.restapi.LessonRestControllerTest" time="0.04"/>
  <testcase name="getAllTest" classname="it.unisalento.se.saw.restapi.LessonRestControllerTest" time="0.041"/>
  <testcase name="getByIdRoomTest" classname="it.unisalento.se.saw.restapi.LessonRestControllerTest" time="0.046"/>
  <system-out><![CDATA[]]></system-out>
  <system-err><![CDATA[2171 [Test worker] INFO org.springframework.web.servlet.mvc.method.annotation.RequestMappingHandlerMapping - Mapped "{[/lesson/save],methods=[POST],consumes=[application/json]}" onto public it.unisalento.se.saw.dto.LessonDTO it.unisalento.se.saw.restapi.LessonRestController.save(it.unisalento.se.saw.dto.LessonDTO) throws it.unisalento.se.saw.exceptions.RoomNotFoundException,it.unisalento.se.saw.exceptions.TeachingNotFoundException
2172 [Test worker] INFO org.springframework.web.servlet.mvc.method.annotation.RequestMappingHandlerMapping - Mapped "{[/lesson/getAll],methods=[GET],produces=[application/json]}" onto public java.util.Set<it.unisalento.se.saw.dto.LessonDTO> it.unisalento.se.saw.restapi.LessonRestController.getAll()
2172 [Test worker] INFO org.springframework.web.servlet.mvc.method.annotation.RequestMappingHandlerMapping - Mapped "{[/lesson/getByDate/{date}_{id}],methods=[GET],produces=[application/json]}" onto public java.util.Set<it.unisalento.se.saw.dto.LessonDTO> it.unisalento.se.saw.restapi.LessonRestController.getByDateAndIdCourse(java.lang.String,int) throws java.text.ParseException
2189 [Test worker] INFO org.springframework.web.servlet.mvc.method.annotation.RequestMappingHandlerMapping - Mapped "{[/lesson/getByDateAndIdProf/{date}_{id}],methods=[GET],produces=[application/json]}" onto public java.util.Set<it.unisalento.se.saw.dto.LessonDTO> it.unisalento.se.saw.restapi.LessonRestController.getByDateAndIdProfessor(java.lang.String,int) throws java.text.ParseException
2190 [Test worker] INFO org.springframework.web.servlet.mvc.method.annotation.RequestMappingHandlerMapping - Mapped "{[/lesson/getByIdRoom/{id}],methods=[GET],produces=[application/json]}" onto public java.util.Set<it.unisalento.se.saw.dto.LessonDTO> it.unisalento.se.saw.restapi.LessonRestController.getByIdRoom(int)
2192 [Test worker] INFO org.springframework.web.servlet.mvc.method.annotation.RequestMappingHandlerMapping - Mapped "{[/lesson/getById/{id}],methods=[GET],produces=[application/json]}" onto public it.unisalento.se.saw.dto.LessonDTO it.unisalento.se.saw.restapi.LessonRestController.getById(int) throws it.unisalento.se.saw.exceptions.LessonNotFoundException
2204 [Test worker] INFO org.springframework.web.servlet.mvc.method.annotation.RequestMappingHandlerAdapter - Looking for @ControllerAdvice: org.springframework.test.web.servlet.setup.StubWebApplicationContext@450f04f3
2208 [Test worker] INFO org.springframework.mock.web.MockServletContext - Initializing Spring FrameworkServlet ''
2209 [Test worker] INFO org.springframework.test.web.servlet.TestDispatcherServlet - FrameworkServlet '': initialization started
2210 [Test worker] INFO org.springframework.test.web.servlet.TestDispatcherServlet - FrameworkServlet '': initialization completed in 0 ms
2237 [Test worker] INFO org.springframework.web.servlet.mvc.method.annotation.RequestMappingHandlerMapping - Mapped "{[/lesson/save],methods=[POST],consumes=[application/json]}" onto public it.unisalento.se.saw.dto.LessonDTO it.unisalento.se.saw.restapi.LessonRestController.save(it.unisalento.se.saw.dto.LessonDTO) throws it.unisalento.se.saw.exceptions.RoomNotFoundException,it.unisalento.se.saw.exceptions.TeachingNotFoundException
2239 [Test worker] INFO org.springframework.web.servlet.mvc.method.annotation.RequestMappingHandlerMapping - Mapped "{[/lesson/getAll],methods=[GET],produces=[application/json]}" onto public java.util.Set<it.unisalento.se.saw.dto.LessonDTO> it.unisalento.se.saw.restapi.LessonRestController.getAll()
2240 [Test worker] INFO org.springframework.web.servlet.mvc.method.annotation.RequestMappingHandlerMapping - Mapped "{[/lesson/getByDate/{date}_{id}],methods=[GET],produces=[application/json]}" onto public java.util.Set<it.unisalento.se.saw.dto.LessonDTO> it.unisalento.se.saw.restapi.LessonRestController.getByDateAndIdCourse(java.lang.String,int) throws java.text.ParseException
2242 [Test worker] INFO org.springframework.web.servlet.mvc.method.annotation.RequestMappingHandlerMapping - Mapped "{[/lesson/getByDateAndIdProf/{date}_{id}],methods=[GET],produces=[application/json]}" onto public java.util.Set<it.unisalento.se.saw.dto.LessonDTO> it.unisalento.se.saw.restapi.LessonRestController.getByDateAndIdProfessor(java.lang.String,int) throws java.text.ParseException
2243 [Test worker] INFO org.springframework.web.servlet.mvc.method.annotation.RequestMappingHandlerMapping - Mapped "{[/lesson/getByIdRoom/{id}],methods=[GET],produces=[application/json]}" onto public java.util.Set<it.unisalento.se.saw.dto.LessonDTO> it.unisalento.se.saw.restapi.LessonRestController.getByIdRoom(int)
2244 [Test worker] INFO org.springframework.web.servlet.mvc.method.annotation.RequestMappingHandlerMapping - Mapped "{[/lesson/getById/{id}],methods=[GET],produces=[application/json]}" onto public it.unisalento.se.saw.dto.LessonDTO it.unisalento.se.saw.restapi.LessonRestController.getById(int) throws it.unisalento.se.saw.exceptions.LessonNotFoundException
2256 [Test worker] INFO org.springframework.web.servlet.mvc.method.annotation.RequestMappingHandlerAdapter - Looking for @ControllerAdvice: org.springframework.test.web.servlet.setup.StubWebApplicationContext@22baad51
2261 [Test worker] INFO org.springframework.mock.web.MockServletContext - Initializing Spring FrameworkServlet ''
2262 [Test worker] INFO org.springframework.test.web.servlet.TestDispatcherServlet - FrameworkServlet '': initialization started
2264 [Test worker] INFO org.springframework.test.web.servlet.TestDispatcherServlet - FrameworkServlet '': initialization completed in 1 ms
2285 [Test worker] INFO org.springframework.web.servlet.mvc.method.annotation.RequestMappingHandlerMapping - Mapped "{[/lesson/save],methods=[POST],consumes=[application/json]}" onto public it.unisalento.se.saw.dto.LessonDTO it.unisalento.se.saw.restapi.LessonRestController.save(it.unisalento.se.saw.dto.LessonDTO) throws it.unisalento.se.saw.exceptions.RoomNotFoundException,it.unisalento.se.saw.exceptions.TeachingNotFoundException
2286 [Test worker] INFO org.springframework.web.servlet.mvc.method.annotation.RequestMappingHandlerMapping - Mapped "{[/lesson/getAll],methods=[GET],produces=[application/json]}" onto public java.util.Set<it.unisalento.se.saw.dto.LessonDTO> it.unisalento.se.saw.restapi.LessonRestController.getAll()
2288 [Test worker] INFO org.springframework.web.servlet.mvc.method.annotation.RequestMappingHandlerMapping - Mapped "{[/lesson/getByDate/{date}_{id}],methods=[GET],produces=[application/json]}" onto public java.util.Set<it.unisalento.se.saw.dto.LessonDTO> it.unisalento.se.saw.restapi.LessonRestController.getByDateAndIdCourse(java.lang.String,int) throws java.text.ParseException
2289 [Test worker] INFO org.springframework.web.servlet.mvc.method.annotation.RequestMappingHandlerMapping - Mapped "{[/lesson/getByDateAndIdProf/{date}_{id}],methods=[GET],produces=[application/json]}" onto public java.util.Set<it.unisalento.se.saw.dto.LessonDTO> it.unisalento.se.saw.restapi.LessonRestController.getByDateAndIdProfessor(java.lang.String,int) throws java.text.ParseException
2290 [Test worker] INFO org.springframework.web.servlet.mvc.method.annotation.RequestMappingHandlerMapping - Mapped "{[/lesson/getByIdRoom/{id}],methods=[GET],produces=[application/json]}" onto public java.util.Set<it.unisalento.se.saw.dto.LessonDTO> it.unisalento.se.saw.restapi.LessonRestController.getByIdRoom(int)
2291 [Test worker] INFO org.springframework.web.servlet.mvc.method.annotation.RequestMappingHandlerMapping - Mapped "{[/lesson/getById/{id}],methods=[GET],produces=[application/json]}" onto public it.unisalento.se.saw.dto.LessonDTO it.unisalento.se.saw.restapi.LessonRestController.getById(int) throws it.unisalento.se.saw.exceptions.LessonNotFoundException
2305 [Test worker] INFO org.springframework.web.servlet.mvc.method.annotation.RequestMappingHandlerAdapter - Looking for @ControllerAdvice: org.springframework.test.web.servlet.setup.StubWebApplicationContext@4452d1e6
2310 [Test worker] INFO org.springframework.mock.web.MockServletContext - Initializing Spring FrameworkServlet ''
2311 [Test worker] INFO org.springframework.test.web.servlet.TestDispatcherServlet - FrameworkServlet '': initialization started
2312 [Test worker] INFO org.springframework.test.web.servlet.TestDispatcherServlet - FrameworkServlet '': initialization completed in 0 ms
2325 [Test worker] INFO org.springframework.web.servlet.mvc.method.annotation.RequestMappingHandlerMapping - Mapped "{[/lesson/save],methods=[POST],consumes=[application/json]}" onto public it.unisalento.se.saw.dto.LessonDTO it.unisalento.se.saw.restapi.LessonRestController.save(it.unisalento.se.saw.dto.LessonDTO) throws it.unisalento.se.saw.exceptions.RoomNotFoundException,it.unisalento.se.saw.exceptions.TeachingNotFoundException
2326 [Test worker] INFO org.springframework.web.servlet.mvc.method.annotation.RequestMappingHandlerMapping - Mapped "{[/lesson/getAll],methods=[GET],produces=[application/json]}" onto public java.util.Set<it.unisalento.se.saw.dto.LessonDTO> it.unisalento.se.saw.restapi.LessonRestController.getAll()
2326 [Test worker] INFO org.springframework.web.servlet.mvc.method.annotation.RequestMappingHandlerMapping - Mapped "{[/lesson/getByDate/{date}_{id}],methods=[GET],produces=[application/json]}" onto public java.util.Set<it.unisalento.se.saw.dto.LessonDTO> it.unisalento.se.saw.restapi.LessonRestController.getByDateAndIdCourse(java.lang.String,int) throws java.text.ParseException
2327 [Test worker] INFO org.springframework.web.servlet.mvc.method.annotation.RequestMappingHandlerMapping - Mapped "{[/lesson/getByDateAndIdProf/{date}_{id}],methods=[GET],produces=[application/json]}" onto public java.util.Set<it.unisalento.se.saw.dto.LessonDTO> it.unisalento.se.saw.restapi.LessonRestController.getByDateAndIdProfessor(java.lang.String,int) throws java.text.ParseException
2329 [Test worker] INFO org.springframework.web.servlet.mvc.method.annotation.RequestMappingHandlerMapping - Mapped "{[/lesson/getByIdRoom/{id}],methods=[GET],produces=[application/json]}" onto public java.util.Set<it.unisalento.se.saw.dto.LessonDTO> it.unisalento.se.saw.restapi.LessonRestController.getByIdRoom(int)
2329 [Test worker] INFO org.springframework.web.servlet.mvc.method.annotation.RequestMappingHandlerMapping - Mapped "{[/lesson/getById/{id}],methods=[GET],produces=[application/json]}" onto public it.unisalento.se.saw.dto.LessonDTO it.unisalento.se.saw.restapi.LessonRestController.getById(int) throws it.unisalento.se.saw.exceptions.LessonNotFoundException
2351 [Test worker] INFO org.springframework.web.servlet.mvc.method.annotation.RequestMappingHandlerAdapter - Looking for @ControllerAdvice: org.springframework.test.web.servlet.setup.StubWebApplicationContext@32bb0c83
2355 [Test worker] INFO org.springframework.mock.web.MockServletContext - Initializing Spring FrameworkServlet ''
2355 [Test worker] INFO org.springframework.test.web.servlet.TestDispatcherServlet - FrameworkServlet '': initialization started
2355 [Test worker] INFO org.springframework.test.web.servlet.TestDispatcherServlet - FrameworkServlet '': initialization completed in 0 ms
]]></system-err>
</testsuite>
