<?xml version="1.0" encoding="UTF-8"?>
<testsuite name="it.unisalento.se.saw.services.ExamServiceTest" tests="4" skipped="0" failures="0" errors="0" timestamp="2018-09-08T13:45:07" hostname="DESKTOP-5IEPLHD" time="0.009">
  <properties/>
  <testcase name="saveTest" classname="it.unisalento.se.saw.services.ExamServiceTest" time="0.004"/>
  <testcase name="getByIdTest" classname="it.unisalento.se.saw.services.ExamServiceTest" time="0.0"/>
  <testcase name="getAllTest" classname="it.unisalento.se.saw.services.ExamServiceTest" time="0.002"/>
  <testcase name="getByIdErrorTest" classname="it.unisalento.se.saw.services.ExamServiceTest" time="0.001"/>
  <system-out><![CDATA[1
]]></system-out>
  <system-err><![CDATA[]]></system-err>
</testsuite>
