<?xml version="1.0" encoding="UTF-8"?>
<testsuite name="it.unisalento.se.saw.restapi.StudentRestControllerTest" tests="5" skipped="0" failures="0" errors="0" timestamp="2018-09-01T14:35:12" hostname="DESKTOP-TUGA85P" time="0.275">
  <properties/>
  <testcase name="saveTest" classname="it.unisalento.se.saw.restapi.StudentRestControllerTest" time="0.051"/>
  <testcase name="getByCourseTest" classname="it.unisalento.se.saw.restapi.StudentRestControllerTest" time="0.047"/>
  <testcase name="getByIdTest" classname="it.unisalento.se.saw.restapi.StudentRestControllerTest" time="0.097"/>
  <testcase name="getAllTest" classname="it.unisalento.se.saw.restapi.StudentRestControllerTest" time="0.037"/>
  <testcase name="getByUidTest" classname="it.unisalento.se.saw.restapi.StudentRestControllerTest" time="0.038"/>
  <system-out><![CDATA[]]></system-out>
  <system-err><![CDATA[2507 [Test worker] INFO org.springframework.web.servlet.mvc.method.annotation.RequestMappingHandlerMapping - Mapped "{[/student/getAll],methods=[GET],produces=[application/json]}" onto public java.util.Set<it.unisalento.se.saw.dto.StudentDTO> it.unisalento.se.saw.restapi.StudentRestController.getAll()
2509 [Test worker] INFO org.springframework.web.servlet.mvc.method.annotation.RequestMappingHandlerMapping - Mapped "{[/student/getById/{id}],methods=[GET],produces=[application/json]}" onto public it.unisalento.se.saw.dto.StudentDTO it.unisalento.se.saw.restapi.StudentRestController.getById(int) throws it.unisalento.se.saw.exceptions.StudentNotFoundException
2510 [Test worker] INFO org.springframework.web.servlet.mvc.method.annotation.RequestMappingHandlerMapping - Mapped "{[/student/save],methods=[POST],consumes=[application/json]}" onto public it.unisalento.se.saw.dto.StudentDTO it.unisalento.se.saw.restapi.StudentRestController.post(it.unisalento.se.saw.dto.StudentDTO) throws it.unisalento.se.saw.exceptions.CourseNotFoundException
2510 [Test worker] INFO org.springframework.web.servlet.mvc.method.annotation.RequestMappingHandlerMapping - Mapped "{[/student/getByUid/{uid}],methods=[GET],produces=[application/json]}" onto public it.unisalento.se.saw.dto.StudentDTO it.unisalento.se.saw.restapi.StudentRestController.getByUid(java.lang.String) throws it.unisalento.se.saw.exceptions.StudentNotFoundException
2512 [Test worker] INFO org.springframework.web.servlet.mvc.method.annotation.RequestMappingHandlerMapping - Mapped "{[/student/getByCourse/{idCourse}],methods=[GET],produces=[application/json]}" onto public java.util.Set<it.unisalento.se.saw.dto.StudentDTO> it.unisalento.se.saw.restapi.StudentRestController.getByCourse(int)
2521 [Test worker] INFO org.springframework.web.servlet.mvc.method.annotation.RequestMappingHandlerAdapter - Looking for @ControllerAdvice: org.springframework.test.web.servlet.setup.StubWebApplicationContext@6f039c1b
2525 [Test worker] INFO org.springframework.mock.web.MockServletContext - Initializing Spring FrameworkServlet ''
2525 [Test worker] INFO org.springframework.test.web.servlet.TestDispatcherServlet - FrameworkServlet '': initialization started
2526 [Test worker] INFO org.springframework.test.web.servlet.TestDispatcherServlet - FrameworkServlet '': initialization completed in 1 ms
2563 [Test worker] INFO org.springframework.web.servlet.mvc.method.annotation.RequestMappingHandlerMapping - Mapped "{[/student/getAll],methods=[GET],produces=[application/json]}" onto public java.util.Set<it.unisalento.se.saw.dto.StudentDTO> it.unisalento.se.saw.restapi.StudentRestController.getAll()
2565 [Test worker] INFO org.springframework.web.servlet.mvc.method.annotation.RequestMappingHandlerMapping - Mapped "{[/student/getById/{id}],methods=[GET],produces=[application/json]}" onto public it.unisalento.se.saw.dto.StudentDTO it.unisalento.se.saw.restapi.StudentRestController.getById(int) throws it.unisalento.se.saw.exceptions.StudentNotFoundException
2567 [Test worker] INFO org.springframework.web.servlet.mvc.method.annotation.RequestMappingHandlerMapping - Mapped "{[/student/save],methods=[POST],consumes=[application/json]}" onto public it.unisalento.se.saw.dto.StudentDTO it.unisalento.se.saw.restapi.StudentRestController.post(it.unisalento.se.saw.dto.StudentDTO) throws it.unisalento.se.saw.exceptions.CourseNotFoundException
2568 [Test worker] INFO org.springframework.web.servlet.mvc.method.annotation.RequestMappingHandlerMapping - Mapped "{[/student/getByUid/{uid}],methods=[GET],produces=[application/json]}" onto public it.unisalento.se.saw.dto.StudentDTO it.unisalento.se.saw.restapi.StudentRestController.getByUid(java.lang.String) throws it.unisalento.se.saw.exceptions.StudentNotFoundException
2569 [Test worker] INFO org.springframework.web.servlet.mvc.method.annotation.RequestMappingHandlerMapping - Mapped "{[/student/getByCourse/{idCourse}],methods=[GET],produces=[application/json]}" onto public java.util.Set<it.unisalento.se.saw.dto.StudentDTO> it.unisalento.se.saw.restapi.StudentRestController.getByCourse(int)
2581 [Test worker] INFO org.springframework.web.servlet.mvc.method.annotation.RequestMappingHandlerAdapter - Looking for @ControllerAdvice: org.springframework.test.web.servlet.setup.StubWebApplicationContext@32a13741
2585 [Test worker] INFO org.springframework.mock.web.MockServletContext - Initializing Spring FrameworkServlet ''
2585 [Test worker] INFO org.springframework.test.web.servlet.TestDispatcherServlet - FrameworkServlet '': initialization started
2585 [Test worker] INFO org.springframework.test.web.servlet.TestDispatcherServlet - FrameworkServlet '': initialization completed in 0 ms
2613 [Test worker] INFO org.springframework.web.servlet.mvc.method.annotation.RequestMappingHandlerMapping - Mapped "{[/student/getAll],methods=[GET],produces=[application/json]}" onto public java.util.Set<it.unisalento.se.saw.dto.StudentDTO> it.unisalento.se.saw.restapi.StudentRestController.getAll()
2614 [Test worker] INFO org.springframework.web.servlet.mvc.method.annotation.RequestMappingHandlerMapping - Mapped "{[/student/getById/{id}],methods=[GET],produces=[application/json]}" onto public it.unisalento.se.saw.dto.StudentDTO it.unisalento.se.saw.restapi.StudentRestController.getById(int) throws it.unisalento.se.saw.exceptions.StudentNotFoundException
2647 [Test worker] INFO org.springframework.web.servlet.mvc.method.annotation.RequestMappingHandlerMapping - Mapped "{[/student/save],methods=[POST],consumes=[application/json]}" onto public it.unisalento.se.saw.dto.StudentDTO it.unisalento.se.saw.restapi.StudentRestController.post(it.unisalento.se.saw.dto.StudentDTO) throws it.unisalento.se.saw.exceptions.CourseNotFoundException
2654 [Test worker] INFO org.springframework.web.servlet.mvc.method.annotation.RequestMappingHandlerMapping - Mapped "{[/student/getByUid/{uid}],methods=[GET],produces=[application/json]}" onto public it.unisalento.se.saw.dto.StudentDTO it.unisalento.se.saw.restapi.StudentRestController.getByUid(java.lang.String) throws it.unisalento.se.saw.exceptions.StudentNotFoundException
2660 [Test worker] INFO org.springframework.web.servlet.mvc.method.annotation.RequestMappingHandlerMapping - Mapped "{[/student/getByCourse/{idCourse}],methods=[GET],produces=[application/json]}" onto public java.util.Set<it.unisalento.se.saw.dto.StudentDTO> it.unisalento.se.saw.restapi.StudentRestController.getByCourse(int)
2675 [Test worker] INFO org.springframework.web.servlet.mvc.method.annotation.RequestMappingHandlerAdapter - Looking for @ControllerAdvice: org.springframework.test.web.servlet.setup.StubWebApplicationContext@60243a18
2680 [Test worker] INFO org.springframework.mock.web.MockServletContext - Initializing Spring FrameworkServlet ''
2680 [Test worker] INFO org.springframework.test.web.servlet.TestDispatcherServlet - FrameworkServlet '': initialization started
2681 [Test worker] INFO org.springframework.test.web.servlet.TestDispatcherServlet - FrameworkServlet '': initialization completed in 0 ms
2698 [Test worker] INFO org.springframework.web.servlet.mvc.method.annotation.RequestMappingHandlerMapping - Mapped "{[/student/getAll],methods=[GET],produces=[application/json]}" onto public java.util.Set<it.unisalento.se.saw.dto.StudentDTO> it.unisalento.se.saw.restapi.StudentRestController.getAll()
2701 [Test worker] INFO org.springframework.web.servlet.mvc.method.annotation.RequestMappingHandlerMapping - Mapped "{[/student/getById/{id}],methods=[GET],produces=[application/json]}" onto public it.unisalento.se.saw.dto.StudentDTO it.unisalento.se.saw.restapi.StudentRestController.getById(int) throws it.unisalento.se.saw.exceptions.StudentNotFoundException
2702 [Test worker] INFO org.springframework.web.servlet.mvc.method.annotation.RequestMappingHandlerMapping - Mapped "{[/student/save],methods=[POST],consumes=[application/json]}" onto public it.unisalento.se.saw.dto.StudentDTO it.unisalento.se.saw.restapi.StudentRestController.post(it.unisalento.se.saw.dto.StudentDTO) throws it.unisalento.se.saw.exceptions.CourseNotFoundException
2704 [Test worker] INFO org.springframework.web.servlet.mvc.method.annotation.RequestMappingHandlerMapping - Mapped "{[/student/getByUid/{uid}],methods=[GET],produces=[application/json]}" onto public it.unisalento.se.saw.dto.StudentDTO it.unisalento.se.saw.restapi.StudentRestController.getByUid(java.lang.String) throws it.unisalento.se.saw.exceptions.StudentNotFoundException
2705 [Test worker] INFO org.springframework.web.servlet.mvc.method.annotation.RequestMappingHandlerMapping - Mapped "{[/student/getByCourse/{idCourse}],methods=[GET],produces=[application/json]}" onto public java.util.Set<it.unisalento.se.saw.dto.StudentDTO> it.unisalento.se.saw.restapi.StudentRestController.getByCourse(int)
2715 [Test worker] INFO org.springframework.web.servlet.mvc.method.annotation.RequestMappingHandlerAdapter - Looking for @ControllerAdvice: org.springframework.test.web.servlet.setup.StubWebApplicationContext@314127c7
2720 [Test worker] INFO org.springframework.mock.web.MockServletContext - Initializing Spring FrameworkServlet ''
2720 [Test worker] INFO org.springframework.test.web.servlet.TestDispatcherServlet - FrameworkServlet '': initialization started
2721 [Test worker] INFO org.springframework.test.web.servlet.TestDispatcherServlet - FrameworkServlet '': initialization completed in 0 ms
2739 [Test worker] INFO org.springframework.web.servlet.mvc.method.annotation.RequestMappingHandlerMapping - Mapped "{[/student/getAll],methods=[GET],produces=[application/json]}" onto public java.util.Set<it.unisalento.se.saw.dto.StudentDTO> it.unisalento.se.saw.restapi.StudentRestController.getAll()
2740 [Test worker] INFO org.springframework.web.servlet.mvc.method.annotation.RequestMappingHandlerMapping - Mapped "{[/student/getById/{id}],methods=[GET],produces=[application/json]}" onto public it.unisalento.se.saw.dto.StudentDTO it.unisalento.se.saw.restapi.StudentRestController.getById(int) throws it.unisalento.se.saw.exceptions.StudentNotFoundException
2740 [Test worker] INFO org.springframework.web.servlet.mvc.method.annotation.RequestMappingHandlerMapping - Mapped "{[/student/save],methods=[POST],consumes=[application/json]}" onto public it.unisalento.se.saw.dto.StudentDTO it.unisalento.se.saw.restapi.StudentRestController.post(it.unisalento.se.saw.dto.StudentDTO) throws it.unisalento.se.saw.exceptions.CourseNotFoundException
2741 [Test worker] INFO org.springframework.web.servlet.mvc.method.annotation.RequestMappingHandlerMapping - Mapped "{[/student/getByUid/{uid}],methods=[GET],produces=[application/json]}" onto public it.unisalento.se.saw.dto.StudentDTO it.unisalento.se.saw.restapi.StudentRestController.getByUid(java.lang.String) throws it.unisalento.se.saw.exceptions.StudentNotFoundException
2741 [Test worker] INFO org.springframework.web.servlet.mvc.method.annotation.RequestMappingHandlerMapping - Mapped "{[/student/getByCourse/{idCourse}],methods=[GET],produces=[application/json]}" onto public java.util.Set<it.unisalento.se.saw.dto.StudentDTO> it.unisalento.se.saw.restapi.StudentRestController.getByCourse(int)
2753 [Test worker] INFO org.springframework.web.servlet.mvc.method.annotation.RequestMappingHandlerAdapter - Looking for @ControllerAdvice: org.springframework.test.web.servlet.setup.StubWebApplicationContext@723c1951
2760 [Test worker] INFO org.springframework.mock.web.MockServletContext - Initializing Spring FrameworkServlet ''
2760 [Test worker] INFO org.springframework.test.web.servlet.TestDispatcherServlet - FrameworkServlet '': initialization started
2761 [Test worker] INFO org.springframework.test.web.servlet.TestDispatcherServlet - FrameworkServlet '': initialization completed in 1 ms
]]></system-err>
</testsuite>
