<?xml version="1.0" encoding="UTF-8"?>
<testsuite name="it.unisalento.se.saw.restapi.StudentRestControllerTest" tests="5" skipped="0" failures="0" errors="0" timestamp="2018-09-01T15:52:40" hostname="DESKTOP-TUGA85P" time="0.196">
  <properties/>
  <testcase name="saveTest" classname="it.unisalento.se.saw.restapi.StudentRestControllerTest" time="0.04"/>
  <testcase name="getByCourseTest" classname="it.unisalento.se.saw.restapi.StudentRestControllerTest" time="0.032"/>
  <testcase name="getByIdTest" classname="it.unisalento.se.saw.restapi.StudentRestControllerTest" time="0.042"/>
  <testcase name="getAllTest" classname="it.unisalento.se.saw.restapi.StudentRestControllerTest" time="0.044"/>
  <testcase name="getByUidTest" classname="it.unisalento.se.saw.restapi.StudentRestControllerTest" time="0.032"/>
  <system-out><![CDATA[]]></system-out>
  <system-err><![CDATA[1397 [Test worker] INFO org.springframework.web.servlet.mvc.method.annotation.RequestMappingHandlerMapping - Mapped "{[/student/getAll],methods=[GET],produces=[application/json]}" onto public java.util.Set<it.unisalento.se.saw.dto.StudentDTO> it.unisalento.se.saw.restapi.StudentRestController.getAll()
1398 [Test worker] INFO org.springframework.web.servlet.mvc.method.annotation.RequestMappingHandlerMapping - Mapped "{[/student/getByUid/{uid}],methods=[GET],produces=[application/json]}" onto public it.unisalento.se.saw.dto.StudentDTO it.unisalento.se.saw.restapi.StudentRestController.getByUid(java.lang.String) throws it.unisalento.se.saw.exceptions.StudentNotFoundException
1398 [Test worker] INFO org.springframework.web.servlet.mvc.method.annotation.RequestMappingHandlerMapping - Mapped "{[/student/save],methods=[POST],consumes=[application/json]}" onto public it.unisalento.se.saw.dto.StudentDTO it.unisalento.se.saw.restapi.StudentRestController.post(it.unisalento.se.saw.dto.StudentDTO) throws it.unisalento.se.saw.exceptions.CourseNotFoundException
1400 [Test worker] INFO org.springframework.web.servlet.mvc.method.annotation.RequestMappingHandlerMapping - Mapped "{[/student/getById/{id}],methods=[GET],produces=[application/json]}" onto public it.unisalento.se.saw.dto.StudentDTO it.unisalento.se.saw.restapi.StudentRestController.getById(int) throws it.unisalento.se.saw.exceptions.StudentNotFoundException
1403 [Test worker] INFO org.springframework.web.servlet.mvc.method.annotation.RequestMappingHandlerMapping - Mapped "{[/student/getByCourse/{idCourse}],methods=[GET],produces=[application/json]}" onto public java.util.Set<it.unisalento.se.saw.dto.StudentDTO> it.unisalento.se.saw.restapi.StudentRestController.getByCourse(int)
1410 [Test worker] INFO org.springframework.web.servlet.mvc.method.annotation.RequestMappingHandlerAdapter - Looking for @ControllerAdvice: org.springframework.test.web.servlet.setup.StubWebApplicationContext@68971319
1415 [Test worker] INFO org.springframework.mock.web.MockServletContext - Initializing Spring FrameworkServlet ''
1415 [Test worker] INFO org.springframework.test.web.servlet.TestDispatcherServlet - FrameworkServlet '': initialization started
1415 [Test worker] INFO org.springframework.test.web.servlet.TestDispatcherServlet - FrameworkServlet '': initialization completed in 0 ms
1444 [Test worker] INFO org.springframework.web.servlet.mvc.method.annotation.RequestMappingHandlerMapping - Mapped "{[/student/getAll],methods=[GET],produces=[application/json]}" onto public java.util.Set<it.unisalento.se.saw.dto.StudentDTO> it.unisalento.se.saw.restapi.StudentRestController.getAll()
1444 [Test worker] INFO org.springframework.web.servlet.mvc.method.annotation.RequestMappingHandlerMapping - Mapped "{[/student/getByUid/{uid}],methods=[GET],produces=[application/json]}" onto public it.unisalento.se.saw.dto.StudentDTO it.unisalento.se.saw.restapi.StudentRestController.getByUid(java.lang.String) throws it.unisalento.se.saw.exceptions.StudentNotFoundException
1445 [Test worker] INFO org.springframework.web.servlet.mvc.method.annotation.RequestMappingHandlerMapping - Mapped "{[/student/save],methods=[POST],consumes=[application/json]}" onto public it.unisalento.se.saw.dto.StudentDTO it.unisalento.se.saw.restapi.StudentRestController.post(it.unisalento.se.saw.dto.StudentDTO) throws it.unisalento.se.saw.exceptions.CourseNotFoundException
1445 [Test worker] INFO org.springframework.web.servlet.mvc.method.annotation.RequestMappingHandlerMapping - Mapped "{[/student/getById/{id}],methods=[GET],produces=[application/json]}" onto public it.unisalento.se.saw.dto.StudentDTO it.unisalento.se.saw.restapi.StudentRestController.getById(int) throws it.unisalento.se.saw.exceptions.StudentNotFoundException
1445 [Test worker] INFO org.springframework.web.servlet.mvc.method.annotation.RequestMappingHandlerMapping - Mapped "{[/student/getByCourse/{idCourse}],methods=[GET],produces=[application/json]}" onto public java.util.Set<it.unisalento.se.saw.dto.StudentDTO> it.unisalento.se.saw.restapi.StudentRestController.getByCourse(int)
1453 [Test worker] INFO org.springframework.web.servlet.mvc.method.annotation.RequestMappingHandlerAdapter - Looking for @ControllerAdvice: org.springframework.test.web.servlet.setup.StubWebApplicationContext@5884d9b7
1456 [Test worker] INFO org.springframework.mock.web.MockServletContext - Initializing Spring FrameworkServlet ''
1456 [Test worker] INFO org.springframework.test.web.servlet.TestDispatcherServlet - FrameworkServlet '': initialization started
1457 [Test worker] INFO org.springframework.test.web.servlet.TestDispatcherServlet - FrameworkServlet '': initialization completed in 1 ms
1472 [Test worker] INFO org.springframework.web.servlet.mvc.method.annotation.RequestMappingHandlerMapping - Mapped "{[/student/getAll],methods=[GET],produces=[application/json]}" onto public java.util.Set<it.unisalento.se.saw.dto.StudentDTO> it.unisalento.se.saw.restapi.StudentRestController.getAll()
1472 [Test worker] INFO org.springframework.web.servlet.mvc.method.annotation.RequestMappingHandlerMapping - Mapped "{[/student/getByUid/{uid}],methods=[GET],produces=[application/json]}" onto public it.unisalento.se.saw.dto.StudentDTO it.unisalento.se.saw.restapi.StudentRestController.getByUid(java.lang.String) throws it.unisalento.se.saw.exceptions.StudentNotFoundException
1473 [Test worker] INFO org.springframework.web.servlet.mvc.method.annotation.RequestMappingHandlerMapping - Mapped "{[/student/save],methods=[POST],consumes=[application/json]}" onto public it.unisalento.se.saw.dto.StudentDTO it.unisalento.se.saw.restapi.StudentRestController.post(it.unisalento.se.saw.dto.StudentDTO) throws it.unisalento.se.saw.exceptions.CourseNotFoundException
1473 [Test worker] INFO org.springframework.web.servlet.mvc.method.annotation.RequestMappingHandlerMapping - Mapped "{[/student/getById/{id}],methods=[GET],produces=[application/json]}" onto public it.unisalento.se.saw.dto.StudentDTO it.unisalento.se.saw.restapi.StudentRestController.getById(int) throws it.unisalento.se.saw.exceptions.StudentNotFoundException
1473 [Test worker] INFO org.springframework.web.servlet.mvc.method.annotation.RequestMappingHandlerMapping - Mapped "{[/student/getByCourse/{idCourse}],methods=[GET],produces=[application/json]}" onto public java.util.Set<it.unisalento.se.saw.dto.StudentDTO> it.unisalento.se.saw.restapi.StudentRestController.getByCourse(int)
1484 [Test worker] INFO org.springframework.web.servlet.mvc.method.annotation.RequestMappingHandlerAdapter - Looking for @ControllerAdvice: org.springframework.test.web.servlet.setup.StubWebApplicationContext@2c56a6a6
1492 [Test worker] INFO org.springframework.mock.web.MockServletContext - Initializing Spring FrameworkServlet ''
1493 [Test worker] INFO org.springframework.test.web.servlet.TestDispatcherServlet - FrameworkServlet '': initialization started
1494 [Test worker] INFO org.springframework.test.web.servlet.TestDispatcherServlet - FrameworkServlet '': initialization completed in 0 ms
1515 [Test worker] INFO org.springframework.web.servlet.mvc.method.annotation.RequestMappingHandlerMapping - Mapped "{[/student/getAll],methods=[GET],produces=[application/json]}" onto public java.util.Set<it.unisalento.se.saw.dto.StudentDTO> it.unisalento.se.saw.restapi.StudentRestController.getAll()
1516 [Test worker] INFO org.springframework.web.servlet.mvc.method.annotation.RequestMappingHandlerMapping - Mapped "{[/student/getByUid/{uid}],methods=[GET],produces=[application/json]}" onto public it.unisalento.se.saw.dto.StudentDTO it.unisalento.se.saw.restapi.StudentRestController.getByUid(java.lang.String) throws it.unisalento.se.saw.exceptions.StudentNotFoundException
1516 [Test worker] INFO org.springframework.web.servlet.mvc.method.annotation.RequestMappingHandlerMapping - Mapped "{[/student/save],methods=[POST],consumes=[application/json]}" onto public it.unisalento.se.saw.dto.StudentDTO it.unisalento.se.saw.restapi.StudentRestController.post(it.unisalento.se.saw.dto.StudentDTO) throws it.unisalento.se.saw.exceptions.CourseNotFoundException
1517 [Test worker] INFO org.springframework.web.servlet.mvc.method.annotation.RequestMappingHandlerMapping - Mapped "{[/student/getById/{id}],methods=[GET],produces=[application/json]}" onto public it.unisalento.se.saw.dto.StudentDTO it.unisalento.se.saw.restapi.StudentRestController.getById(int) throws it.unisalento.se.saw.exceptions.StudentNotFoundException
1518 [Test worker] INFO org.springframework.web.servlet.mvc.method.annotation.RequestMappingHandlerMapping - Mapped "{[/student/getByCourse/{idCourse}],methods=[GET],produces=[application/json]}" onto public java.util.Set<it.unisalento.se.saw.dto.StudentDTO> it.unisalento.se.saw.restapi.StudentRestController.getByCourse(int)
1547 [Test worker] INFO org.springframework.web.servlet.mvc.method.annotation.RequestMappingHandlerAdapter - Looking for @ControllerAdvice: org.springframework.test.web.servlet.setup.StubWebApplicationContext@6d259402
1551 [Test worker] INFO org.springframework.mock.web.MockServletContext - Initializing Spring FrameworkServlet ''
1551 [Test worker] INFO org.springframework.test.web.servlet.TestDispatcherServlet - FrameworkServlet '': initialization started
1551 [Test worker] INFO org.springframework.test.web.servlet.TestDispatcherServlet - FrameworkServlet '': initialization completed in 0 ms
1560 [Test worker] INFO org.springframework.web.servlet.mvc.method.annotation.RequestMappingHandlerMapping - Mapped "{[/student/getAll],methods=[GET],produces=[application/json]}" onto public java.util.Set<it.unisalento.se.saw.dto.StudentDTO> it.unisalento.se.saw.restapi.StudentRestController.getAll()
1560 [Test worker] INFO org.springframework.web.servlet.mvc.method.annotation.RequestMappingHandlerMapping - Mapped "{[/student/getByUid/{uid}],methods=[GET],produces=[application/json]}" onto public it.unisalento.se.saw.dto.StudentDTO it.unisalento.se.saw.restapi.StudentRestController.getByUid(java.lang.String) throws it.unisalento.se.saw.exceptions.StudentNotFoundException
1560 [Test worker] INFO org.springframework.web.servlet.mvc.method.annotation.RequestMappingHandlerMapping - Mapped "{[/student/save],methods=[POST],consumes=[application/json]}" onto public it.unisalento.se.saw.dto.StudentDTO it.unisalento.se.saw.restapi.StudentRestController.post(it.unisalento.se.saw.dto.StudentDTO) throws it.unisalento.se.saw.exceptions.CourseNotFoundException
1560 [Test worker] INFO org.springframework.web.servlet.mvc.method.annotation.RequestMappingHandlerMapping - Mapped "{[/student/getById/{id}],methods=[GET],produces=[application/json]}" onto public it.unisalento.se.saw.dto.StudentDTO it.unisalento.se.saw.restapi.StudentRestController.getById(int) throws it.unisalento.se.saw.exceptions.StudentNotFoundException
1566 [Test worker] INFO org.springframework.web.servlet.mvc.method.annotation.RequestMappingHandlerMapping - Mapped "{[/student/getByCourse/{idCourse}],methods=[GET],produces=[application/json]}" onto public java.util.Set<it.unisalento.se.saw.dto.StudentDTO> it.unisalento.se.saw.restapi.StudentRestController.getByCourse(int)
1576 [Test worker] INFO org.springframework.web.servlet.mvc.method.annotation.RequestMappingHandlerAdapter - Looking for @ControllerAdvice: org.springframework.test.web.servlet.setup.StubWebApplicationContext@5ae98308
1580 [Test worker] INFO org.springframework.mock.web.MockServletContext - Initializing Spring FrameworkServlet ''
1580 [Test worker] INFO org.springframework.test.web.servlet.TestDispatcherServlet - FrameworkServlet '': initialization started
1580 [Test worker] INFO org.springframework.test.web.servlet.TestDispatcherServlet - FrameworkServlet '': initialization completed in 0 ms
]]></system-err>
</testsuite>
