<?xml version="1.0" encoding="UTF-8"?>
<testsuite name="it.unisalento.se.saw.restapi.AccessoryRestControllerTest" tests="4" skipped="0" failures="0" errors="0" timestamp="2018-09-04T13:19:29" hostname="DESKTOP-TUGA85P" time="1.953">
  <properties/>
  <testcase name="saveTest" classname="it.unisalento.se.saw.restapi.AccessoryRestControllerTest" time="1.804"/>
  <testcase name="getByIdTest" classname="it.unisalento.se.saw.restapi.AccessoryRestControllerTest" time="0.07"/>
  <testcase name="getAllTest" classname="it.unisalento.se.saw.restapi.AccessoryRestControllerTest" time="0.04"/>
  <testcase name="getByIdRoomTest" classname="it.unisalento.se.saw.restapi.AccessoryRestControllerTest" time="0.035"/>
  <system-out><![CDATA[]]></system-out>
  <system-err><![CDATA[492 [Test worker] INFO org.springframework.web.servlet.mvc.method.annotation.RequestMappingHandlerMapping - Mapped "{[/accessory/save],methods=[POST],consumes=[application/json]}" onto public it.unisalento.se.saw.dto.AccessoryDTO it.unisalento.se.saw.restapi.AccessoryRestController.save(it.unisalento.se.saw.dto.AccessoryDTO) throws it.unisalento.se.saw.exceptions.RoomNotFoundException
501 [Test worker] INFO org.springframework.web.servlet.mvc.method.annotation.RequestMappingHandlerMapping - Mapped "{[/accessory/getAll],methods=[GET],produces=[application/json]}" onto public java.util.Set<it.unisalento.se.saw.dto.AccessoryDTO> it.unisalento.se.saw.restapi.AccessoryRestController.getAll()
502 [Test worker] INFO org.springframework.web.servlet.mvc.method.annotation.RequestMappingHandlerMapping - Mapped "{[/accessory/getByIdRoom/{id}],methods=[GET],produces=[application/json]}" onto public java.util.Set<it.unisalento.se.saw.dto.AccessoryDTO> it.unisalento.se.saw.restapi.AccessoryRestController.getByIdRoom(int)
503 [Test worker] INFO org.springframework.web.servlet.mvc.method.annotation.RequestMappingHandlerMapping - Mapped "{[/accessory/getById/{id}],methods=[GET],produces=[application/json]}" onto public it.unisalento.se.saw.dto.AccessoryDTO it.unisalento.se.saw.restapi.AccessoryRestController.getById(int) throws it.unisalento.se.saw.exceptions.AccessoryNotFoundException
1005 [Test worker] INFO org.springframework.web.servlet.mvc.method.annotation.RequestMappingHandlerAdapter - Looking for @ControllerAdvice: org.springframework.test.web.servlet.setup.StubWebApplicationContext@73eeb0a3
1125 [Test worker] INFO org.springframework.mock.web.MockServletContext - Initializing Spring FrameworkServlet ''
1126 [Test worker] INFO org.springframework.test.web.servlet.TestDispatcherServlet - FrameworkServlet '': initialization started
1131 [Test worker] INFO org.springframework.test.web.servlet.TestDispatcherServlet - FrameworkServlet '': initialization completed in 5 ms
1704 [Test worker] INFO org.springframework.web.servlet.mvc.method.annotation.RequestMappingHandlerMapping - Mapped "{[/accessory/save],methods=[POST],consumes=[application/json]}" onto public it.unisalento.se.saw.dto.AccessoryDTO it.unisalento.se.saw.restapi.AccessoryRestController.save(it.unisalento.se.saw.dto.AccessoryDTO) throws it.unisalento.se.saw.exceptions.RoomNotFoundException
1704 [Test worker] INFO org.springframework.web.servlet.mvc.method.annotation.RequestMappingHandlerMapping - Mapped "{[/accessory/getAll],methods=[GET],produces=[application/json]}" onto public java.util.Set<it.unisalento.se.saw.dto.AccessoryDTO> it.unisalento.se.saw.restapi.AccessoryRestController.getAll()
1705 [Test worker] INFO org.springframework.web.servlet.mvc.method.annotation.RequestMappingHandlerMapping - Mapped "{[/accessory/getByIdRoom/{id}],methods=[GET],produces=[application/json]}" onto public java.util.Set<it.unisalento.se.saw.dto.AccessoryDTO> it.unisalento.se.saw.restapi.AccessoryRestController.getByIdRoom(int)
1705 [Test worker] INFO org.springframework.web.servlet.mvc.method.annotation.RequestMappingHandlerMapping - Mapped "{[/accessory/getById/{id}],methods=[GET],produces=[application/json]}" onto public it.unisalento.se.saw.dto.AccessoryDTO it.unisalento.se.saw.restapi.AccessoryRestController.getById(int) throws it.unisalento.se.saw.exceptions.AccessoryNotFoundException
1717 [Test worker] INFO org.springframework.web.servlet.mvc.method.annotation.RequestMappingHandlerAdapter - Looking for @ControllerAdvice: org.springframework.test.web.servlet.setup.StubWebApplicationContext@723ff850
1721 [Test worker] INFO org.springframework.mock.web.MockServletContext - Initializing Spring FrameworkServlet ''
1721 [Test worker] INFO org.springframework.test.web.servlet.TestDispatcherServlet - FrameworkServlet '': initialization started
1721 [Test worker] INFO org.springframework.test.web.servlet.TestDispatcherServlet - FrameworkServlet '': initialization completed in 0 ms
1771 [Test worker] INFO org.springframework.web.servlet.mvc.method.annotation.RequestMappingHandlerMapping - Mapped "{[/accessory/save],methods=[POST],consumes=[application/json]}" onto public it.unisalento.se.saw.dto.AccessoryDTO it.unisalento.se.saw.restapi.AccessoryRestController.save(it.unisalento.se.saw.dto.AccessoryDTO) throws it.unisalento.se.saw.exceptions.RoomNotFoundException
1772 [Test worker] INFO org.springframework.web.servlet.mvc.method.annotation.RequestMappingHandlerMapping - Mapped "{[/accessory/getAll],methods=[GET],produces=[application/json]}" onto public java.util.Set<it.unisalento.se.saw.dto.AccessoryDTO> it.unisalento.se.saw.restapi.AccessoryRestController.getAll()
1772 [Test worker] INFO org.springframework.web.servlet.mvc.method.annotation.RequestMappingHandlerMapping - Mapped "{[/accessory/getByIdRoom/{id}],methods=[GET],produces=[application/json]}" onto public java.util.Set<it.unisalento.se.saw.dto.AccessoryDTO> it.unisalento.se.saw.restapi.AccessoryRestController.getByIdRoom(int)
1772 [Test worker] INFO org.springframework.web.servlet.mvc.method.annotation.RequestMappingHandlerMapping - Mapped "{[/accessory/getById/{id}],methods=[GET],produces=[application/json]}" onto public it.unisalento.se.saw.dto.AccessoryDTO it.unisalento.se.saw.restapi.AccessoryRestController.getById(int) throws it.unisalento.se.saw.exceptions.AccessoryNotFoundException
1787 [Test worker] INFO org.springframework.web.servlet.mvc.method.annotation.RequestMappingHandlerAdapter - Looking for @ControllerAdvice: org.springframework.test.web.servlet.setup.StubWebApplicationContext@6a1859ed
1792 [Test worker] INFO org.springframework.mock.web.MockServletContext - Initializing Spring FrameworkServlet ''
1792 [Test worker] INFO org.springframework.test.web.servlet.TestDispatcherServlet - FrameworkServlet '': initialization started
1792 [Test worker] INFO org.springframework.test.web.servlet.TestDispatcherServlet - FrameworkServlet '': initialization completed in 0 ms
1814 [Test worker] INFO org.springframework.web.servlet.mvc.method.annotation.RequestMappingHandlerMapping - Mapped "{[/accessory/save],methods=[POST],consumes=[application/json]}" onto public it.unisalento.se.saw.dto.AccessoryDTO it.unisalento.se.saw.restapi.AccessoryRestController.save(it.unisalento.se.saw.dto.AccessoryDTO) throws it.unisalento.se.saw.exceptions.RoomNotFoundException
1815 [Test worker] INFO org.springframework.web.servlet.mvc.method.annotation.RequestMappingHandlerMapping - Mapped "{[/accessory/getAll],methods=[GET],produces=[application/json]}" onto public java.util.Set<it.unisalento.se.saw.dto.AccessoryDTO> it.unisalento.se.saw.restapi.AccessoryRestController.getAll()
1815 [Test worker] INFO org.springframework.web.servlet.mvc.method.annotation.RequestMappingHandlerMapping - Mapped "{[/accessory/getByIdRoom/{id}],methods=[GET],produces=[application/json]}" onto public java.util.Set<it.unisalento.se.saw.dto.AccessoryDTO> it.unisalento.se.saw.restapi.AccessoryRestController.getByIdRoom(int)
1816 [Test worker] INFO org.springframework.web.servlet.mvc.method.annotation.RequestMappingHandlerMapping - Mapped "{[/accessory/getById/{id}],methods=[GET],produces=[application/json]}" onto public it.unisalento.se.saw.dto.AccessoryDTO it.unisalento.se.saw.restapi.AccessoryRestController.getById(int) throws it.unisalento.se.saw.exceptions.AccessoryNotFoundException
1826 [Test worker] INFO org.springframework.web.servlet.mvc.method.annotation.RequestMappingHandlerAdapter - Looking for @ControllerAdvice: org.springframework.test.web.servlet.setup.StubWebApplicationContext@58fdb11
1831 [Test worker] INFO org.springframework.mock.web.MockServletContext - Initializing Spring FrameworkServlet ''
1831 [Test worker] INFO org.springframework.test.web.servlet.TestDispatcherServlet - FrameworkServlet '': initialization started
1831 [Test worker] INFO org.springframework.test.web.servlet.TestDispatcherServlet - FrameworkServlet '': initialization completed in 0 ms
]]></system-err>
</testsuite>
