<?xml version="1.0" encoding="UTF-8"?>
<testsuite name="it.unisalento.se.saw.restapi.UserRestControllerTest" tests="4" skipped="0" failures="0" errors="0" timestamp="2018-09-01T13:36:16" hostname="DESKTOP-TUGA85P" time="0.349">
  <properties/>
  <testcase name="addToken" classname="it.unisalento.se.saw.restapi.UserRestControllerTest" time="0.115"/>
  <testcase name="getAllUser" classname="it.unisalento.se.saw.restapi.UserRestControllerTest" time="0.056"/>
  <testcase name="getUserByUid" classname="it.unisalento.se.saw.restapi.UserRestControllerTest" time="0.119"/>
  <testcase name="findUserByIdTest" classname="it.unisalento.se.saw.restapi.UserRestControllerTest" time="0.056"/>
  <system-out><![CDATA[]]></system-out>
  <system-err><![CDATA[3376 [Test worker] INFO org.springframework.web.servlet.mvc.method.annotation.RequestMappingHandlerMapping - Mapped "{[/user/getAll],methods=[GET],produces=[application/json]}" onto public java.util.Set<it.unisalento.se.saw.dto.UserDTO> it.unisalento.se.saw.restapi.UserRestController.getAll()
3378 [Test worker] INFO org.springframework.web.servlet.mvc.method.annotation.RequestMappingHandlerMapping - Mapped "{[/user/getById/{id}],methods=[GET],produces=[application/json]}" onto public it.unisalento.se.saw.dto.UserDTO it.unisalento.se.saw.restapi.UserRestController.getById(int) throws it.unisalento.se.saw.exceptions.UserNotFoundException
3380 [Test worker] INFO org.springframework.web.servlet.mvc.method.annotation.RequestMappingHandlerMapping - Mapped "{[/user/save],methods=[POST],consumes=[application/json]}" onto public it.unisalento.se.saw.dto.UserDTO it.unisalento.se.saw.restapi.UserRestController.post(it.unisalento.se.saw.dto.UserDTO)
3381 [Test worker] INFO org.springframework.web.servlet.mvc.method.annotation.RequestMappingHandlerMapping - Mapped "{[/user/getByUid/{uid}],methods=[GET],produces=[application/json]}" onto public java.lang.Object it.unisalento.se.saw.restapi.UserRestController.getByUid(java.lang.String) throws it.unisalento.se.saw.exceptions.UserNotFoundException,it.unisalento.se.saw.exceptions.StudentNotFoundException,it.unisalento.se.saw.exceptions.ProfessorNotFoundException,it.unisalento.se.saw.exceptions.SecretaryNotFoundException
3383 [Test worker] INFO org.springframework.web.servlet.mvc.method.annotation.RequestMappingHandlerMapping - Mapped "{[/user/addFcmToken],methods=[POST],produces=[application/json]}" onto public it.unisalento.se.saw.dto.TokenDTO it.unisalento.se.saw.restapi.UserRestController.addFcmToken(it.unisalento.se.saw.dto.TokenDTO)
3400 [Test worker] INFO org.springframework.web.servlet.mvc.method.annotation.RequestMappingHandlerAdapter - Looking for @ControllerAdvice: org.springframework.test.web.servlet.setup.StubWebApplicationContext@7885770b
3407 [Test worker] INFO org.springframework.mock.web.MockServletContext - Initializing Spring FrameworkServlet ''
3407 [Test worker] INFO org.springframework.test.web.servlet.TestDispatcherServlet - FrameworkServlet '': initialization started
3408 [Test worker] INFO org.springframework.test.web.servlet.TestDispatcherServlet - FrameworkServlet '': initialization completed in 0 ms
3474 [Test worker] INFO org.springframework.web.servlet.mvc.method.annotation.RequestMappingHandlerMapping - Mapped "{[/user/getAll],methods=[GET],produces=[application/json]}" onto public java.util.Set<it.unisalento.se.saw.dto.UserDTO> it.unisalento.se.saw.restapi.UserRestController.getAll()
3474 [Test worker] INFO org.springframework.web.servlet.mvc.method.annotation.RequestMappingHandlerMapping - Mapped "{[/user/getById/{id}],methods=[GET],produces=[application/json]}" onto public it.unisalento.se.saw.dto.UserDTO it.unisalento.se.saw.restapi.UserRestController.getById(int) throws it.unisalento.se.saw.exceptions.UserNotFoundException
3482 [Test worker] INFO org.springframework.web.servlet.mvc.method.annotation.RequestMappingHandlerMapping - Mapped "{[/user/save],methods=[POST],consumes=[application/json]}" onto public it.unisalento.se.saw.dto.UserDTO it.unisalento.se.saw.restapi.UserRestController.post(it.unisalento.se.saw.dto.UserDTO)
3483 [Test worker] INFO org.springframework.web.servlet.mvc.method.annotation.RequestMappingHandlerMapping - Mapped "{[/user/getByUid/{uid}],methods=[GET],produces=[application/json]}" onto public java.lang.Object it.unisalento.se.saw.restapi.UserRestController.getByUid(java.lang.String) throws it.unisalento.se.saw.exceptions.UserNotFoundException,it.unisalento.se.saw.exceptions.StudentNotFoundException,it.unisalento.se.saw.exceptions.ProfessorNotFoundException,it.unisalento.se.saw.exceptions.SecretaryNotFoundException
3484 [Test worker] INFO org.springframework.web.servlet.mvc.method.annotation.RequestMappingHandlerMapping - Mapped "{[/user/addFcmToken],methods=[POST],produces=[application/json]}" onto public it.unisalento.se.saw.dto.TokenDTO it.unisalento.se.saw.restapi.UserRestController.addFcmToken(it.unisalento.se.saw.dto.TokenDTO)
3495 [Test worker] INFO org.springframework.web.servlet.mvc.method.annotation.RequestMappingHandlerAdapter - Looking for @ControllerAdvice: org.springframework.test.web.servlet.setup.StubWebApplicationContext@6b1f0fa1
3499 [Test worker] INFO org.springframework.mock.web.MockServletContext - Initializing Spring FrameworkServlet ''
3499 [Test worker] INFO org.springframework.test.web.servlet.TestDispatcherServlet - FrameworkServlet '': initialization started
3500 [Test worker] INFO org.springframework.test.web.servlet.TestDispatcherServlet - FrameworkServlet '': initialization completed in 1 ms
3571 [Test worker] INFO org.springframework.web.servlet.mvc.method.annotation.RequestMappingHandlerMapping - Mapped "{[/user/getAll],methods=[GET],produces=[application/json]}" onto public java.util.Set<it.unisalento.se.saw.dto.UserDTO> it.unisalento.se.saw.restapi.UserRestController.getAll()
3600 [Test worker] INFO org.springframework.web.servlet.mvc.method.annotation.RequestMappingHandlerMapping - Mapped "{[/user/getById/{id}],methods=[GET],produces=[application/json]}" onto public it.unisalento.se.saw.dto.UserDTO it.unisalento.se.saw.restapi.UserRestController.getById(int) throws it.unisalento.se.saw.exceptions.UserNotFoundException
3601 [Test worker] INFO org.springframework.web.servlet.mvc.method.annotation.RequestMappingHandlerMapping - Mapped "{[/user/save],methods=[POST],consumes=[application/json]}" onto public it.unisalento.se.saw.dto.UserDTO it.unisalento.se.saw.restapi.UserRestController.post(it.unisalento.se.saw.dto.UserDTO)
3604 [Test worker] INFO org.springframework.web.servlet.mvc.method.annotation.RequestMappingHandlerMapping - Mapped "{[/user/getByUid/{uid}],methods=[GET],produces=[application/json]}" onto public java.lang.Object it.unisalento.se.saw.restapi.UserRestController.getByUid(java.lang.String) throws it.unisalento.se.saw.exceptions.UserNotFoundException,it.unisalento.se.saw.exceptions.StudentNotFoundException,it.unisalento.se.saw.exceptions.ProfessorNotFoundException,it.unisalento.se.saw.exceptions.SecretaryNotFoundException
3606 [Test worker] INFO org.springframework.web.servlet.mvc.method.annotation.RequestMappingHandlerMapping - Mapped "{[/user/addFcmToken],methods=[POST],produces=[application/json]}" onto public it.unisalento.se.saw.dto.TokenDTO it.unisalento.se.saw.restapi.UserRestController.addFcmToken(it.unisalento.se.saw.dto.TokenDTO)
3623 [Test worker] INFO org.springframework.web.servlet.mvc.method.annotation.RequestMappingHandlerAdapter - Looking for @ControllerAdvice: org.springframework.test.web.servlet.setup.StubWebApplicationContext@66854ebc
3633 [Test worker] INFO org.springframework.mock.web.MockServletContext - Initializing Spring FrameworkServlet ''
3634 [Test worker] INFO org.springframework.test.web.servlet.TestDispatcherServlet - FrameworkServlet '': initialization started
3635 [Test worker] INFO org.springframework.test.web.servlet.TestDispatcherServlet - FrameworkServlet '': initialization completed in 1 ms
3670 [Test worker] INFO org.springframework.web.servlet.mvc.method.annotation.RequestMappingHandlerMapping - Mapped "{[/user/getAll],methods=[GET],produces=[application/json]}" onto public java.util.Set<it.unisalento.se.saw.dto.UserDTO> it.unisalento.se.saw.restapi.UserRestController.getAll()
3671 [Test worker] INFO org.springframework.web.servlet.mvc.method.annotation.RequestMappingHandlerMapping - Mapped "{[/user/getById/{id}],methods=[GET],produces=[application/json]}" onto public it.unisalento.se.saw.dto.UserDTO it.unisalento.se.saw.restapi.UserRestController.getById(int) throws it.unisalento.se.saw.exceptions.UserNotFoundException
3673 [Test worker] INFO org.springframework.web.servlet.mvc.method.annotation.RequestMappingHandlerMapping - Mapped "{[/user/save],methods=[POST],consumes=[application/json]}" onto public it.unisalento.se.saw.dto.UserDTO it.unisalento.se.saw.restapi.UserRestController.post(it.unisalento.se.saw.dto.UserDTO)
3674 [Test worker] INFO org.springframework.web.servlet.mvc.method.annotation.RequestMappingHandlerMapping - Mapped "{[/user/getByUid/{uid}],methods=[GET],produces=[application/json]}" onto public java.lang.Object it.unisalento.se.saw.restapi.UserRestController.getByUid(java.lang.String) throws it.unisalento.se.saw.exceptions.UserNotFoundException,it.unisalento.se.saw.exceptions.StudentNotFoundException,it.unisalento.se.saw.exceptions.ProfessorNotFoundException,it.unisalento.se.saw.exceptions.SecretaryNotFoundException
3676 [Test worker] INFO org.springframework.web.servlet.mvc.method.annotation.RequestMappingHandlerMapping - Mapped "{[/user/addFcmToken],methods=[POST],produces=[application/json]}" onto public it.unisalento.se.saw.dto.TokenDTO it.unisalento.se.saw.restapi.UserRestController.addFcmToken(it.unisalento.se.saw.dto.TokenDTO)
3687 [Test worker] INFO org.springframework.web.servlet.mvc.method.annotation.RequestMappingHandlerAdapter - Looking for @ControllerAdvice: org.springframework.test.web.servlet.setup.StubWebApplicationContext@28154ba2
3693 [Test worker] INFO org.springframework.mock.web.MockServletContext - Initializing Spring FrameworkServlet ''
3695 [Test worker] INFO org.springframework.test.web.servlet.TestDispatcherServlet - FrameworkServlet '': initialization started
3696 [Test worker] INFO org.springframework.test.web.servlet.TestDispatcherServlet - FrameworkServlet '': initialization completed in 0 ms
]]></system-err>
</testsuite>
