<?xml version="1.0" encoding="UTF-8"?>
<testsuite name="it.unisalento.se.saw.services.LessonServiceTest" tests="8" skipped="0" failures="0" errors="0" timestamp="2018-09-09T11:32:26" hostname="antonio-pc" time="0.019">
  <properties/>
  <testcase name="getByRoomTest" classname="it.unisalento.se.saw.services.LessonServiceTest" time="0.002"/>
  <testcase name="saveTest" classname="it.unisalento.se.saw.services.LessonServiceTest" time="0.001"/>
  <testcase name="getByIdTest" classname="it.unisalento.se.saw.services.LessonServiceTest" time="0.001"/>
  <testcase name="updateTest" classname="it.unisalento.se.saw.services.LessonServiceTest" time="0.001"/>
  <testcase name="getByDateTest" classname="it.unisalento.se.saw.services.LessonServiceTest" time="0.0"/>
  <testcase name="getAllTest" classname="it.unisalento.se.saw.services.LessonServiceTest" time="0.0"/>
  <testcase name="getByIdErrorTest" classname="it.unisalento.se.saw.services.LessonServiceTest" time="0.001"/>
  <testcase name="getByDateAndIdProfessorTest" classname="it.unisalento.se.saw.services.LessonServiceTest" time="0.001"/>
  <system-out><![CDATA[]]></system-out>
  <system-err><![CDATA[]]></system-err>
</testsuite>
