<?xml version="1.0" encoding="UTF-8"?>
<testsuite name="it.unisalento.se.saw.restapi.RoomRestControllerTest" tests="4" skipped="0" failures="0" errors="0" timestamp="2018-09-09T08:46:51" hostname="antonio-pc" time="0.081">
  <properties/>
  <testcase name="saveTest" classname="it.unisalento.se.saw.restapi.RoomRestControllerTest" time="0.028"/>
  <testcase name="getByCapacity" classname="it.unisalento.se.saw.restapi.RoomRestControllerTest" time="0.013"/>
  <testcase name="getByIdTest" classname="it.unisalento.se.saw.restapi.RoomRestControllerTest" time="0.014"/>
  <testcase name="getAllTest" classname="it.unisalento.se.saw.restapi.RoomRestControllerTest" time="0.022"/>
  <system-out><![CDATA[]]></system-out>
  <system-err><![CDATA[2610 [Test worker] INFO org.springframework.web.servlet.mvc.method.annotation.RequestMappingHandlerMapping - Mapped "{[/room/getById/{id}],methods=[GET],produces=[application/json]}" onto public it.unisalento.se.saw.dto.RoomDTO it.unisalento.se.saw.restapi.RoomRestController.getById(int) throws it.unisalento.se.saw.exceptions.RoomNotFoundException
2610 [Test worker] INFO org.springframework.web.servlet.mvc.method.annotation.RequestMappingHandlerMapping - Mapped "{[/room/getByCapacity/{capacity}],methods=[GET],produces=[application/json]}" onto public java.util.Set<it.unisalento.se.saw.dto.RoomDTO> it.unisalento.se.saw.restapi.RoomRestController.getByCapacity(int)
2611 [Test worker] INFO org.springframework.web.servlet.mvc.method.annotation.RequestMappingHandlerMapping - Mapped "{[/room/getAll],methods=[GET],produces=[application/json]}" onto public java.util.Set<it.unisalento.se.saw.dto.RoomDTO> it.unisalento.se.saw.restapi.RoomRestController.getAll()
2612 [Test worker] INFO org.springframework.web.servlet.mvc.method.annotation.RequestMappingHandlerMapping - Mapped "{[/room/save],methods=[POST],consumes=[application/json]}" onto public it.unisalento.se.saw.dto.RoomDTO it.unisalento.se.saw.restapi.RoomRestController.save(it.unisalento.se.saw.dto.RoomDTO)
2617 [Test worker] INFO org.springframework.web.servlet.mvc.method.annotation.RequestMappingHandlerAdapter - Looking for @ControllerAdvice: org.springframework.test.web.servlet.setup.StubWebApplicationContext@25808759
2620 [Test worker] INFO org.springframework.mock.web.MockServletContext - Initializing Spring FrameworkServlet ''
2620 [Test worker] INFO org.springframework.test.web.servlet.TestDispatcherServlet - FrameworkServlet '': initialization started
2620 [Test worker] INFO org.springframework.test.web.servlet.TestDispatcherServlet - FrameworkServlet '': initialization completed in 0 ms
2640 [Test worker] INFO org.springframework.web.servlet.mvc.method.annotation.RequestMappingHandlerMapping - Mapped "{[/room/getById/{id}],methods=[GET],produces=[application/json]}" onto public it.unisalento.se.saw.dto.RoomDTO it.unisalento.se.saw.restapi.RoomRestController.getById(int) throws it.unisalento.se.saw.exceptions.RoomNotFoundException
2640 [Test worker] INFO org.springframework.web.servlet.mvc.method.annotation.RequestMappingHandlerMapping - Mapped "{[/room/getByCapacity/{capacity}],methods=[GET],produces=[application/json]}" onto public java.util.Set<it.unisalento.se.saw.dto.RoomDTO> it.unisalento.se.saw.restapi.RoomRestController.getByCapacity(int)
2640 [Test worker] INFO org.springframework.web.servlet.mvc.method.annotation.RequestMappingHandlerMapping - Mapped "{[/room/getAll],methods=[GET],produces=[application/json]}" onto public java.util.Set<it.unisalento.se.saw.dto.RoomDTO> it.unisalento.se.saw.restapi.RoomRestController.getAll()
2640 [Test worker] INFO org.springframework.web.servlet.mvc.method.annotation.RequestMappingHandlerMapping - Mapped "{[/room/save],methods=[POST],consumes=[application/json]}" onto public it.unisalento.se.saw.dto.RoomDTO it.unisalento.se.saw.restapi.RoomRestController.save(it.unisalento.se.saw.dto.RoomDTO)
2645 [Test worker] INFO org.springframework.web.servlet.mvc.method.annotation.RequestMappingHandlerAdapter - Looking for @ControllerAdvice: org.springframework.test.web.servlet.setup.StubWebApplicationContext@207cf88c
2646 [Test worker] INFO org.springframework.mock.web.MockServletContext - Initializing Spring FrameworkServlet ''
2646 [Test worker] INFO org.springframework.test.web.servlet.TestDispatcherServlet - FrameworkServlet '': initialization started
2647 [Test worker] INFO org.springframework.test.web.servlet.TestDispatcherServlet - FrameworkServlet '': initialization completed in 1 ms
2653 [Test worker] INFO org.springframework.web.servlet.mvc.method.annotation.RequestMappingHandlerMapping - Mapped "{[/room/getById/{id}],methods=[GET],produces=[application/json]}" onto public it.unisalento.se.saw.dto.RoomDTO it.unisalento.se.saw.restapi.RoomRestController.getById(int) throws it.unisalento.se.saw.exceptions.RoomNotFoundException
2654 [Test worker] INFO org.springframework.web.servlet.mvc.method.annotation.RequestMappingHandlerMapping - Mapped "{[/room/getByCapacity/{capacity}],methods=[GET],produces=[application/json]}" onto public java.util.Set<it.unisalento.se.saw.dto.RoomDTO> it.unisalento.se.saw.restapi.RoomRestController.getByCapacity(int)
2654 [Test worker] INFO org.springframework.web.servlet.mvc.method.annotation.RequestMappingHandlerMapping - Mapped "{[/room/getAll],methods=[GET],produces=[application/json]}" onto public java.util.Set<it.unisalento.se.saw.dto.RoomDTO> it.unisalento.se.saw.restapi.RoomRestController.getAll()
2654 [Test worker] INFO org.springframework.web.servlet.mvc.method.annotation.RequestMappingHandlerMapping - Mapped "{[/room/save],methods=[POST],consumes=[application/json]}" onto public it.unisalento.se.saw.dto.RoomDTO it.unisalento.se.saw.restapi.RoomRestController.save(it.unisalento.se.saw.dto.RoomDTO)
2659 [Test worker] INFO org.springframework.web.servlet.mvc.method.annotation.RequestMappingHandlerAdapter - Looking for @ControllerAdvice: org.springframework.test.web.servlet.setup.StubWebApplicationContext@5726662c
2662 [Test worker] INFO org.springframework.mock.web.MockServletContext - Initializing Spring FrameworkServlet ''
2662 [Test worker] INFO org.springframework.test.web.servlet.TestDispatcherServlet - FrameworkServlet '': initialization started
2662 [Test worker] INFO org.springframework.test.web.servlet.TestDispatcherServlet - FrameworkServlet '': initialization completed in 0 ms
2672 [Test worker] INFO org.springframework.web.servlet.mvc.method.annotation.RequestMappingHandlerMapping - Mapped "{[/room/getById/{id}],methods=[GET],produces=[application/json]}" onto public it.unisalento.se.saw.dto.RoomDTO it.unisalento.se.saw.restapi.RoomRestController.getById(int) throws it.unisalento.se.saw.exceptions.RoomNotFoundException
2672 [Test worker] INFO org.springframework.web.servlet.mvc.method.annotation.RequestMappingHandlerMapping - Mapped "{[/room/getByCapacity/{capacity}],methods=[GET],produces=[application/json]}" onto public java.util.Set<it.unisalento.se.saw.dto.RoomDTO> it.unisalento.se.saw.restapi.RoomRestController.getByCapacity(int)
2672 [Test worker] INFO org.springframework.web.servlet.mvc.method.annotation.RequestMappingHandlerMapping - Mapped "{[/room/getAll],methods=[GET],produces=[application/json]}" onto public java.util.Set<it.unisalento.se.saw.dto.RoomDTO> it.unisalento.se.saw.restapi.RoomRestController.getAll()
2672 [Test worker] INFO org.springframework.web.servlet.mvc.method.annotation.RequestMappingHandlerMapping - Mapped "{[/room/save],methods=[POST],consumes=[application/json]}" onto public it.unisalento.se.saw.dto.RoomDTO it.unisalento.se.saw.restapi.RoomRestController.save(it.unisalento.se.saw.dto.RoomDTO)
2682 [Test worker] INFO org.springframework.web.servlet.mvc.method.annotation.RequestMappingHandlerAdapter - Looking for @ControllerAdvice: org.springframework.test.web.servlet.setup.StubWebApplicationContext@1d885f8
2684 [Test worker] INFO org.springframework.mock.web.MockServletContext - Initializing Spring FrameworkServlet ''
2684 [Test worker] INFO org.springframework.test.web.servlet.TestDispatcherServlet - FrameworkServlet '': initialization started
2684 [Test worker] INFO org.springframework.test.web.servlet.TestDispatcherServlet - FrameworkServlet '': initialization completed in 0 ms
]]></system-err>
</testsuite>
