<?xml version="1.0" encoding="UTF-8"?>
<testsuite name="it.unisalento.se.saw.restapi.MaterialRestControllerTest" tests="5" skipped="0" failures="0" errors="0" timestamp="2018-09-09T08:46:48" hostname="antonio-pc" time="1.038">
  <properties/>
  <testcase name="saveTest" classname="it.unisalento.se.saw.restapi.MaterialRestControllerTest" time="0.786"/>
  <testcase name="getByIdLessonTest" classname="it.unisalento.se.saw.restapi.MaterialRestControllerTest" time="0.107"/>
  <testcase name="getByIdTest" classname="it.unisalento.se.saw.restapi.MaterialRestControllerTest" time="0.061"/>
  <testcase name="getByIdTeachingTest" classname="it.unisalento.se.saw.restapi.MaterialRestControllerTest" time="0.044"/>
  <testcase name="getAllTest" classname="it.unisalento.se.saw.restapi.MaterialRestControllerTest" time="0.037"/>
  <system-out><![CDATA[]]></system-out>
  <system-err><![CDATA[225 [Test worker] INFO org.springframework.web.servlet.mvc.method.annotation.RequestMappingHandlerMapping - Mapped "{[/material/getById/{id}],methods=[GET],produces=[application/json]}" onto public it.unisalento.se.saw.dto.MaterialDTO it.unisalento.se.saw.restapi.MaterialRestController.getById(int) throws it.unisalento.se.saw.exceptions.MaterialNotFoundException
228 [Test worker] INFO org.springframework.web.servlet.mvc.method.annotation.RequestMappingHandlerMapping - Mapped "{[/material/getByIdLesson/{id}],methods=[GET],produces=[application/json]}" onto public java.util.Set<it.unisalento.se.saw.dto.MaterialDTO> it.unisalento.se.saw.restapi.MaterialRestController.getByIdLesson(int)
230 [Test worker] INFO org.springframework.web.servlet.mvc.method.annotation.RequestMappingHandlerMapping - Mapped "{[/material/getByIdTeaching/{id}],methods=[GET],produces=[application/json]}" onto public java.util.Set<it.unisalento.se.saw.dto.MaterialDTO> it.unisalento.se.saw.restapi.MaterialRestController.getByIdTeaching(int)
232 [Test worker] INFO org.springframework.web.servlet.mvc.method.annotation.RequestMappingHandlerMapping - Mapped "{[/material/getAll],methods=[GET],produces=[application/json]}" onto public java.util.Set<it.unisalento.se.saw.dto.MaterialDTO> it.unisalento.se.saw.restapi.MaterialRestController.getAll()
232 [Test worker] INFO org.springframework.web.servlet.mvc.method.annotation.RequestMappingHandlerMapping - Mapped "{[/material/save],methods=[POST],consumes=[application/json]}" onto public it.unisalento.se.saw.dto.MaterialDTO it.unisalento.se.saw.restapi.MaterialRestController.save(it.unisalento.se.saw.dto.MaterialDTO) throws it.unisalento.se.saw.exceptions.TeachingNotFoundException
413 [Test worker] INFO org.springframework.web.servlet.mvc.method.annotation.RequestMappingHandlerAdapter - Looking for @ControllerAdvice: org.springframework.test.web.servlet.setup.StubWebApplicationContext@a329736
468 [Test worker] INFO org.springframework.mock.web.MockServletContext - Initializing Spring FrameworkServlet ''
468 [Test worker] INFO org.springframework.test.web.servlet.TestDispatcherServlet - FrameworkServlet '': initialization started
472 [Test worker] INFO org.springframework.test.web.servlet.TestDispatcherServlet - FrameworkServlet '': initialization completed in 4 ms
744 [Test worker] INFO org.springframework.web.servlet.mvc.method.annotation.RequestMappingHandlerMapping - Mapped "{[/material/getById/{id}],methods=[GET],produces=[application/json]}" onto public it.unisalento.se.saw.dto.MaterialDTO it.unisalento.se.saw.restapi.MaterialRestController.getById(int) throws it.unisalento.se.saw.exceptions.MaterialNotFoundException
745 [Test worker] INFO org.springframework.web.servlet.mvc.method.annotation.RequestMappingHandlerMapping - Mapped "{[/material/getByIdLesson/{id}],methods=[GET],produces=[application/json]}" onto public java.util.Set<it.unisalento.se.saw.dto.MaterialDTO> it.unisalento.se.saw.restapi.MaterialRestController.getByIdLesson(int)
746 [Test worker] INFO org.springframework.web.servlet.mvc.method.annotation.RequestMappingHandlerMapping - Mapped "{[/material/getByIdTeaching/{id}],methods=[GET],produces=[application/json]}" onto public java.util.Set<it.unisalento.se.saw.dto.MaterialDTO> it.unisalento.se.saw.restapi.MaterialRestController.getByIdTeaching(int)
746 [Test worker] INFO org.springframework.web.servlet.mvc.method.annotation.RequestMappingHandlerMapping - Mapped "{[/material/getAll],methods=[GET],produces=[application/json]}" onto public java.util.Set<it.unisalento.se.saw.dto.MaterialDTO> it.unisalento.se.saw.restapi.MaterialRestController.getAll()
747 [Test worker] INFO org.springframework.web.servlet.mvc.method.annotation.RequestMappingHandlerMapping - Mapped "{[/material/save],methods=[POST],consumes=[application/json]}" onto public it.unisalento.se.saw.dto.MaterialDTO it.unisalento.se.saw.restapi.MaterialRestController.save(it.unisalento.se.saw.dto.MaterialDTO) throws it.unisalento.se.saw.exceptions.TeachingNotFoundException
773 [Test worker] INFO org.springframework.web.servlet.mvc.method.annotation.RequestMappingHandlerAdapter - Looking for @ControllerAdvice: org.springframework.test.web.servlet.setup.StubWebApplicationContext@2819ebe8
784 [Test worker] INFO org.springframework.mock.web.MockServletContext - Initializing Spring FrameworkServlet ''
784 [Test worker] INFO org.springframework.test.web.servlet.TestDispatcherServlet - FrameworkServlet '': initialization started
790 [Test worker] INFO org.springframework.test.web.servlet.TestDispatcherServlet - FrameworkServlet '': initialization completed in 0 ms
859 [Test worker] INFO org.springframework.web.servlet.mvc.method.annotation.RequestMappingHandlerMapping - Mapped "{[/material/getById/{id}],methods=[GET],produces=[application/json]}" onto public it.unisalento.se.saw.dto.MaterialDTO it.unisalento.se.saw.restapi.MaterialRestController.getById(int) throws it.unisalento.se.saw.exceptions.MaterialNotFoundException
861 [Test worker] INFO org.springframework.web.servlet.mvc.method.annotation.RequestMappingHandlerMapping - Mapped "{[/material/getByIdLesson/{id}],methods=[GET],produces=[application/json]}" onto public java.util.Set<it.unisalento.se.saw.dto.MaterialDTO> it.unisalento.se.saw.restapi.MaterialRestController.getByIdLesson(int)
864 [Test worker] INFO org.springframework.web.servlet.mvc.method.annotation.RequestMappingHandlerMapping - Mapped "{[/material/getByIdTeaching/{id}],methods=[GET],produces=[application/json]}" onto public java.util.Set<it.unisalento.se.saw.dto.MaterialDTO> it.unisalento.se.saw.restapi.MaterialRestController.getByIdTeaching(int)
864 [Test worker] INFO org.springframework.web.servlet.mvc.method.annotation.RequestMappingHandlerMapping - Mapped "{[/material/getAll],methods=[GET],produces=[application/json]}" onto public java.util.Set<it.unisalento.se.saw.dto.MaterialDTO> it.unisalento.se.saw.restapi.MaterialRestController.getAll()
865 [Test worker] INFO org.springframework.web.servlet.mvc.method.annotation.RequestMappingHandlerMapping - Mapped "{[/material/save],methods=[POST],consumes=[application/json]}" onto public it.unisalento.se.saw.dto.MaterialDTO it.unisalento.se.saw.restapi.MaterialRestController.save(it.unisalento.se.saw.dto.MaterialDTO) throws it.unisalento.se.saw.exceptions.TeachingNotFoundException
874 [Test worker] INFO org.springframework.web.servlet.mvc.method.annotation.RequestMappingHandlerAdapter - Looking for @ControllerAdvice: org.springframework.test.web.servlet.setup.StubWebApplicationContext@7e53a6bb
881 [Test worker] INFO org.springframework.mock.web.MockServletContext - Initializing Spring FrameworkServlet ''
882 [Test worker] INFO org.springframework.test.web.servlet.TestDispatcherServlet - FrameworkServlet '': initialization started
882 [Test worker] INFO org.springframework.test.web.servlet.TestDispatcherServlet - FrameworkServlet '': initialization completed in 0 ms
910 [Test worker] INFO org.springframework.web.servlet.mvc.method.annotation.RequestMappingHandlerMapping - Mapped "{[/material/getById/{id}],methods=[GET],produces=[application/json]}" onto public it.unisalento.se.saw.dto.MaterialDTO it.unisalento.se.saw.restapi.MaterialRestController.getById(int) throws it.unisalento.se.saw.exceptions.MaterialNotFoundException
911 [Test worker] INFO org.springframework.web.servlet.mvc.method.annotation.RequestMappingHandlerMapping - Mapped "{[/material/getByIdLesson/{id}],methods=[GET],produces=[application/json]}" onto public java.util.Set<it.unisalento.se.saw.dto.MaterialDTO> it.unisalento.se.saw.restapi.MaterialRestController.getByIdLesson(int)
911 [Test worker] INFO org.springframework.web.servlet.mvc.method.annotation.RequestMappingHandlerMapping - Mapped "{[/material/getByIdTeaching/{id}],methods=[GET],produces=[application/json]}" onto public java.util.Set<it.unisalento.se.saw.dto.MaterialDTO> it.unisalento.se.saw.restapi.MaterialRestController.getByIdTeaching(int)
913 [Test worker] INFO org.springframework.web.servlet.mvc.method.annotation.RequestMappingHandlerMapping - Mapped "{[/material/getAll],methods=[GET],produces=[application/json]}" onto public java.util.Set<it.unisalento.se.saw.dto.MaterialDTO> it.unisalento.se.saw.restapi.MaterialRestController.getAll()
914 [Test worker] INFO org.springframework.web.servlet.mvc.method.annotation.RequestMappingHandlerMapping - Mapped "{[/material/save],methods=[POST],consumes=[application/json]}" onto public it.unisalento.se.saw.dto.MaterialDTO it.unisalento.se.saw.restapi.MaterialRestController.save(it.unisalento.se.saw.dto.MaterialDTO) throws it.unisalento.se.saw.exceptions.TeachingNotFoundException
924 [Test worker] INFO org.springframework.web.servlet.mvc.method.annotation.RequestMappingHandlerAdapter - Looking for @ControllerAdvice: org.springframework.test.web.servlet.setup.StubWebApplicationContext@2586e970
930 [Test worker] INFO org.springframework.mock.web.MockServletContext - Initializing Spring FrameworkServlet ''
931 [Test worker] INFO org.springframework.test.web.servlet.TestDispatcherServlet - FrameworkServlet '': initialization started
931 [Test worker] INFO org.springframework.test.web.servlet.TestDispatcherServlet - FrameworkServlet '': initialization completed in 0 ms
958 [Test worker] INFO org.springframework.web.servlet.mvc.method.annotation.RequestMappingHandlerMapping - Mapped "{[/material/getById/{id}],methods=[GET],produces=[application/json]}" onto public it.unisalento.se.saw.dto.MaterialDTO it.unisalento.se.saw.restapi.MaterialRestController.getById(int) throws it.unisalento.se.saw.exceptions.MaterialNotFoundException
959 [Test worker] INFO org.springframework.web.servlet.mvc.method.annotation.RequestMappingHandlerMapping - Mapped "{[/material/getByIdLesson/{id}],methods=[GET],produces=[application/json]}" onto public java.util.Set<it.unisalento.se.saw.dto.MaterialDTO> it.unisalento.se.saw.restapi.MaterialRestController.getByIdLesson(int)
960 [Test worker] INFO org.springframework.web.servlet.mvc.method.annotation.RequestMappingHandlerMapping - Mapped "{[/material/getByIdTeaching/{id}],methods=[GET],produces=[application/json]}" onto public java.util.Set<it.unisalento.se.saw.dto.MaterialDTO> it.unisalento.se.saw.restapi.MaterialRestController.getByIdTeaching(int)
962 [Test worker] INFO org.springframework.web.servlet.mvc.method.annotation.RequestMappingHandlerMapping - Mapped "{[/material/getAll],methods=[GET],produces=[application/json]}" onto public java.util.Set<it.unisalento.se.saw.dto.MaterialDTO> it.unisalento.se.saw.restapi.MaterialRestController.getAll()
962 [Test worker] INFO org.springframework.web.servlet.mvc.method.annotation.RequestMappingHandlerMapping - Mapped "{[/material/save],methods=[POST],consumes=[application/json]}" onto public it.unisalento.se.saw.dto.MaterialDTO it.unisalento.se.saw.restapi.MaterialRestController.save(it.unisalento.se.saw.dto.MaterialDTO) throws it.unisalento.se.saw.exceptions.TeachingNotFoundException
971 [Test worker] INFO org.springframework.web.servlet.mvc.method.annotation.RequestMappingHandlerAdapter - Looking for @ControllerAdvice: org.springframework.test.web.servlet.setup.StubWebApplicationContext@2378ed75
975 [Test worker] INFO org.springframework.mock.web.MockServletContext - Initializing Spring FrameworkServlet ''
976 [Test worker] INFO org.springframework.test.web.servlet.TestDispatcherServlet - FrameworkServlet '': initialization started
977 [Test worker] INFO org.springframework.test.web.servlet.TestDispatcherServlet - FrameworkServlet '': initialization completed in 0 ms
]]></system-err>
</testsuite>
