<?xml version="1.0" encoding="UTF-8"?>
<testsuite name="it.unisalento.se.saw.restapi.RoomRestControllerTest" tests="4" skipped="0" failures="0" errors="0" timestamp="2018-09-04T13:19:32" hostname="DESKTOP-TUGA85P" time="0.135">
  <properties/>
  <testcase name="saveTest" classname="it.unisalento.se.saw.restapi.RoomRestControllerTest" time="0.031"/>
  <testcase name="getByCapacity" classname="it.unisalento.se.saw.restapi.RoomRestControllerTest" time="0.032"/>
  <testcase name="getByIdTest" classname="it.unisalento.se.saw.restapi.RoomRestControllerTest" time="0.026"/>
  <testcase name="getAllTest" classname="it.unisalento.se.saw.restapi.RoomRestControllerTest" time="0.043"/>
  <system-out><![CDATA[]]></system-out>
  <system-err><![CDATA[3168 [Test worker] INFO org.springframework.web.servlet.mvc.method.annotation.RequestMappingHandlerMapping - Mapped "{[/room/save],methods=[POST],consumes=[application/json]}" onto public it.unisalento.se.saw.dto.RoomDTO it.unisalento.se.saw.restapi.RoomRestController.save(it.unisalento.se.saw.dto.RoomDTO)
3168 [Test worker] INFO org.springframework.web.servlet.mvc.method.annotation.RequestMappingHandlerMapping - Mapped "{[/room/getAll],methods=[GET],produces=[application/json]}" onto public java.util.Set<it.unisalento.se.saw.dto.RoomDTO> it.unisalento.se.saw.restapi.RoomRestController.getAll()
3168 [Test worker] INFO org.springframework.web.servlet.mvc.method.annotation.RequestMappingHandlerMapping - Mapped "{[/room/getById/{id}],methods=[GET],produces=[application/json]}" onto public it.unisalento.se.saw.dto.RoomDTO it.unisalento.se.saw.restapi.RoomRestController.getById(int) throws it.unisalento.se.saw.exceptions.RoomNotFoundException
3169 [Test worker] INFO org.springframework.web.servlet.mvc.method.annotation.RequestMappingHandlerMapping - Mapped "{[/room/getByCapacity/{capacity}],methods=[GET],produces=[application/json]}" onto public java.util.Set<it.unisalento.se.saw.dto.RoomDTO> it.unisalento.se.saw.restapi.RoomRestController.getByCapacity(int)
3182 [Test worker] INFO org.springframework.web.servlet.mvc.method.annotation.RequestMappingHandlerAdapter - Looking for @ControllerAdvice: org.springframework.test.web.servlet.setup.StubWebApplicationContext@2c5e6138
3185 [Test worker] INFO org.springframework.mock.web.MockServletContext - Initializing Spring FrameworkServlet ''
3185 [Test worker] INFO org.springframework.test.web.servlet.TestDispatcherServlet - FrameworkServlet '': initialization started
3185 [Test worker] INFO org.springframework.test.web.servlet.TestDispatcherServlet - FrameworkServlet '': initialization completed in 0 ms
3198 [Test worker] INFO org.springframework.web.servlet.mvc.method.annotation.RequestMappingHandlerMapping - Mapped "{[/room/save],methods=[POST],consumes=[application/json]}" onto public it.unisalento.se.saw.dto.RoomDTO it.unisalento.se.saw.restapi.RoomRestController.save(it.unisalento.se.saw.dto.RoomDTO)
3199 [Test worker] INFO org.springframework.web.servlet.mvc.method.annotation.RequestMappingHandlerMapping - Mapped "{[/room/getAll],methods=[GET],produces=[application/json]}" onto public java.util.Set<it.unisalento.se.saw.dto.RoomDTO> it.unisalento.se.saw.restapi.RoomRestController.getAll()
3199 [Test worker] INFO org.springframework.web.servlet.mvc.method.annotation.RequestMappingHandlerMapping - Mapped "{[/room/getById/{id}],methods=[GET],produces=[application/json]}" onto public it.unisalento.se.saw.dto.RoomDTO it.unisalento.se.saw.restapi.RoomRestController.getById(int) throws it.unisalento.se.saw.exceptions.RoomNotFoundException
3199 [Test worker] INFO org.springframework.web.servlet.mvc.method.annotation.RequestMappingHandlerMapping - Mapped "{[/room/getByCapacity/{capacity}],methods=[GET],produces=[application/json]}" onto public java.util.Set<it.unisalento.se.saw.dto.RoomDTO> it.unisalento.se.saw.restapi.RoomRestController.getByCapacity(int)
3208 [Test worker] INFO org.springframework.web.servlet.mvc.method.annotation.RequestMappingHandlerAdapter - Looking for @ControllerAdvice: org.springframework.test.web.servlet.setup.StubWebApplicationContext@228084be
3212 [Test worker] INFO org.springframework.mock.web.MockServletContext - Initializing Spring FrameworkServlet ''
3212 [Test worker] INFO org.springframework.test.web.servlet.TestDispatcherServlet - FrameworkServlet '': initialization started
3213 [Test worker] INFO org.springframework.test.web.servlet.TestDispatcherServlet - FrameworkServlet '': initialization completed in 0 ms
3232 [Test worker] INFO org.springframework.web.servlet.mvc.method.annotation.RequestMappingHandlerMapping - Mapped "{[/room/save],methods=[POST],consumes=[application/json]}" onto public it.unisalento.se.saw.dto.RoomDTO it.unisalento.se.saw.restapi.RoomRestController.save(it.unisalento.se.saw.dto.RoomDTO)
3233 [Test worker] INFO org.springframework.web.servlet.mvc.method.annotation.RequestMappingHandlerMapping - Mapped "{[/room/getAll],methods=[GET],produces=[application/json]}" onto public java.util.Set<it.unisalento.se.saw.dto.RoomDTO> it.unisalento.se.saw.restapi.RoomRestController.getAll()
3235 [Test worker] INFO org.springframework.web.servlet.mvc.method.annotation.RequestMappingHandlerMapping - Mapped "{[/room/getById/{id}],methods=[GET],produces=[application/json]}" onto public it.unisalento.se.saw.dto.RoomDTO it.unisalento.se.saw.restapi.RoomRestController.getById(int) throws it.unisalento.se.saw.exceptions.RoomNotFoundException
3236 [Test worker] INFO org.springframework.web.servlet.mvc.method.annotation.RequestMappingHandlerMapping - Mapped "{[/room/getByCapacity/{capacity}],methods=[GET],produces=[application/json]}" onto public java.util.Set<it.unisalento.se.saw.dto.RoomDTO> it.unisalento.se.saw.restapi.RoomRestController.getByCapacity(int)
3245 [Test worker] INFO org.springframework.web.servlet.mvc.method.annotation.RequestMappingHandlerAdapter - Looking for @ControllerAdvice: org.springframework.test.web.servlet.setup.StubWebApplicationContext@eaa856e
3249 [Test worker] INFO org.springframework.mock.web.MockServletContext - Initializing Spring FrameworkServlet ''
3249 [Test worker] INFO org.springframework.test.web.servlet.TestDispatcherServlet - FrameworkServlet '': initialization started
3249 [Test worker] INFO org.springframework.test.web.servlet.TestDispatcherServlet - FrameworkServlet '': initialization completed in 0 ms
3259 [Test worker] INFO org.springframework.web.servlet.mvc.method.annotation.RequestMappingHandlerMapping - Mapped "{[/room/save],methods=[POST],consumes=[application/json]}" onto public it.unisalento.se.saw.dto.RoomDTO it.unisalento.se.saw.restapi.RoomRestController.save(it.unisalento.se.saw.dto.RoomDTO)
3263 [Test worker] INFO org.springframework.web.servlet.mvc.method.annotation.RequestMappingHandlerMapping - Mapped "{[/room/getAll],methods=[GET],produces=[application/json]}" onto public java.util.Set<it.unisalento.se.saw.dto.RoomDTO> it.unisalento.se.saw.restapi.RoomRestController.getAll()
3264 [Test worker] INFO org.springframework.web.servlet.mvc.method.annotation.RequestMappingHandlerMapping - Mapped "{[/room/getById/{id}],methods=[GET],produces=[application/json]}" onto public it.unisalento.se.saw.dto.RoomDTO it.unisalento.se.saw.restapi.RoomRestController.getById(int) throws it.unisalento.se.saw.exceptions.RoomNotFoundException
3266 [Test worker] INFO org.springframework.web.servlet.mvc.method.annotation.RequestMappingHandlerMapping - Mapped "{[/room/getByCapacity/{capacity}],methods=[GET],produces=[application/json]}" onto public java.util.Set<it.unisalento.se.saw.dto.RoomDTO> it.unisalento.se.saw.restapi.RoomRestController.getByCapacity(int)
3277 [Test worker] INFO org.springframework.web.servlet.mvc.method.annotation.RequestMappingHandlerAdapter - Looking for @ControllerAdvice: org.springframework.test.web.servlet.setup.StubWebApplicationContext@4d62bd10
3282 [Test worker] INFO org.springframework.mock.web.MockServletContext - Initializing Spring FrameworkServlet ''
3283 [Test worker] INFO org.springframework.test.web.servlet.TestDispatcherServlet - FrameworkServlet '': initialization started
3284 [Test worker] INFO org.springframework.test.web.servlet.TestDispatcherServlet - FrameworkServlet '': initialization completed in 1 ms
]]></system-err>
</testsuite>
