<?xml version="1.0" encoding="UTF-8"?>
<testsuite name="it.unisalento.se.saw.restapi.ReviewRestControllerTest" tests="6" skipped="0" failures="0" errors="0" timestamp="2018-09-03T14:27:55" hostname="DESKTOP-TUGA85P" time="0.217">
  <properties/>
  <testcase name="saveTest" classname="it.unisalento.se.saw.restapi.ReviewRestControllerTest" time="0.032"/>
  <testcase name="getByIdMaterialTest" classname="it.unisalento.se.saw.restapi.ReviewRestControllerTest" time="0.037"/>
  <testcase name="getByIdLessonTest" classname="it.unisalento.se.saw.restapi.ReviewRestControllerTest" time="0.037"/>
  <testcase name="getByIdTest" classname="it.unisalento.se.saw.restapi.ReviewRestControllerTest" time="0.035"/>
  <testcase name="getByIdStudentAndIdMaterialTest" classname="it.unisalento.se.saw.restapi.ReviewRestControllerTest" time="0.042"/>
  <testcase name="getByIdStudentAndIdLessonTest" classname="it.unisalento.se.saw.restapi.ReviewRestControllerTest" time="0.025"/>
  <system-out><![CDATA[]]></system-out>
  <system-err><![CDATA[2713 [Test worker] INFO org.springframework.web.servlet.mvc.method.annotation.RequestMappingHandlerMapping - Mapped "{[/review/save],methods=[POST],consumes=[application/json]}" onto public it.unisalento.se.saw.dto.ReviewDTO it.unisalento.se.saw.restapi.ReviewRestController.save(it.unisalento.se.saw.dto.ReviewDTO) throws it.unisalento.se.saw.exceptions.StudentNotFoundException,it.unisalento.se.saw.exceptions.ReviewTypeNotFoundException
2714 [Test worker] INFO org.springframework.web.servlet.mvc.method.annotation.RequestMappingHandlerMapping - Mapped "{[/review/getByIdLesson/{idLesson}],methods=[GET],produces=[application/json]}" onto public java.util.Set<it.unisalento.se.saw.dto.ReviewDTO> it.unisalento.se.saw.restapi.ReviewRestController.getByIdLesson(int) throws it.unisalento.se.saw.exceptions.ReviewNotFoundException
2715 [Test worker] INFO org.springframework.web.servlet.mvc.method.annotation.RequestMappingHandlerMapping - Mapped "{[/review/getByIdMaterial/{idMaterial}],methods=[GET],produces=[application/json]}" onto public java.util.Set<it.unisalento.se.saw.dto.ReviewDTO> it.unisalento.se.saw.restapi.ReviewRestController.getByIdMaterial(int) throws it.unisalento.se.saw.exceptions.ReviewNotFoundException
2716 [Test worker] INFO org.springframework.web.servlet.mvc.method.annotation.RequestMappingHandlerMapping - Mapped "{[/review/getById/{id}],methods=[GET],produces=[application/json]}" onto public it.unisalento.se.saw.dto.ReviewDTO it.unisalento.se.saw.restapi.ReviewRestController.getById(int) throws it.unisalento.se.saw.exceptions.ReviewNotFoundException
2717 [Test worker] INFO org.springframework.web.servlet.mvc.method.annotation.RequestMappingHandlerMapping - Mapped "{[/review/getByIdStudentAndIdMaterial/{idStudent}_{idMaterial}],methods=[GET],produces=[application/json]}" onto public it.unisalento.se.saw.dto.ReviewDTO it.unisalento.se.saw.restapi.ReviewRestController.getByIdStudentAndIdMaterial(int,int) throws it.unisalento.se.saw.exceptions.ReviewNotFoundException
2717 [Test worker] INFO org.springframework.web.servlet.mvc.method.annotation.RequestMappingHandlerMapping - Mapped "{[/review/getByIdStudentAndIdLesson/{idStudent}_{idLesson}],methods=[GET],produces=[application/json]}" onto public it.unisalento.se.saw.dto.ReviewDTO it.unisalento.se.saw.restapi.ReviewRestController.getByIdStudentAndIdLesson(int,int) throws it.unisalento.se.saw.exceptions.ReviewNotFoundException
2726 [Test worker] INFO org.springframework.web.servlet.mvc.method.annotation.RequestMappingHandlerAdapter - Looking for @ControllerAdvice: org.springframework.test.web.servlet.setup.StubWebApplicationContext@2fe8398
2729 [Test worker] INFO org.springframework.mock.web.MockServletContext - Initializing Spring FrameworkServlet ''
2729 [Test worker] INFO org.springframework.test.web.servlet.TestDispatcherServlet - FrameworkServlet '': initialization started
2730 [Test worker] INFO org.springframework.test.web.servlet.TestDispatcherServlet - FrameworkServlet '': initialization completed in 1 ms
2747 [Test worker] INFO org.springframework.web.servlet.mvc.method.annotation.RequestMappingHandlerMapping - Mapped "{[/review/save],methods=[POST],consumes=[application/json]}" onto public it.unisalento.se.saw.dto.ReviewDTO it.unisalento.se.saw.restapi.ReviewRestController.save(it.unisalento.se.saw.dto.ReviewDTO) throws it.unisalento.se.saw.exceptions.StudentNotFoundException,it.unisalento.se.saw.exceptions.ReviewTypeNotFoundException
2750 [Test worker] INFO org.springframework.web.servlet.mvc.method.annotation.RequestMappingHandlerMapping - Mapped "{[/review/getByIdLesson/{idLesson}],methods=[GET],produces=[application/json]}" onto public java.util.Set<it.unisalento.se.saw.dto.ReviewDTO> it.unisalento.se.saw.restapi.ReviewRestController.getByIdLesson(int) throws it.unisalento.se.saw.exceptions.ReviewNotFoundException
2751 [Test worker] INFO org.springframework.web.servlet.mvc.method.annotation.RequestMappingHandlerMapping - Mapped "{[/review/getByIdMaterial/{idMaterial}],methods=[GET],produces=[application/json]}" onto public java.util.Set<it.unisalento.se.saw.dto.ReviewDTO> it.unisalento.se.saw.restapi.ReviewRestController.getByIdMaterial(int) throws it.unisalento.se.saw.exceptions.ReviewNotFoundException
2753 [Test worker] INFO org.springframework.web.servlet.mvc.method.annotation.RequestMappingHandlerMapping - Mapped "{[/review/getById/{id}],methods=[GET],produces=[application/json]}" onto public it.unisalento.se.saw.dto.ReviewDTO it.unisalento.se.saw.restapi.ReviewRestController.getById(int) throws it.unisalento.se.saw.exceptions.ReviewNotFoundException
2755 [Test worker] INFO org.springframework.web.servlet.mvc.method.annotation.RequestMappingHandlerMapping - Mapped "{[/review/getByIdStudentAndIdMaterial/{idStudent}_{idMaterial}],methods=[GET],produces=[application/json]}" onto public it.unisalento.se.saw.dto.ReviewDTO it.unisalento.se.saw.restapi.ReviewRestController.getByIdStudentAndIdMaterial(int,int) throws it.unisalento.se.saw.exceptions.ReviewNotFoundException
2756 [Test worker] INFO org.springframework.web.servlet.mvc.method.annotation.RequestMappingHandlerMapping - Mapped "{[/review/getByIdStudentAndIdLesson/{idStudent}_{idLesson}],methods=[GET],produces=[application/json]}" onto public it.unisalento.se.saw.dto.ReviewDTO it.unisalento.se.saw.restapi.ReviewRestController.getByIdStudentAndIdLesson(int,int) throws it.unisalento.se.saw.exceptions.ReviewNotFoundException
2765 [Test worker] INFO org.springframework.web.servlet.mvc.method.annotation.RequestMappingHandlerAdapter - Looking for @ControllerAdvice: org.springframework.test.web.servlet.setup.StubWebApplicationContext@7c04a5fb
2769 [Test worker] INFO org.springframework.mock.web.MockServletContext - Initializing Spring FrameworkServlet ''
2769 [Test worker] INFO org.springframework.test.web.servlet.TestDispatcherServlet - FrameworkServlet '': initialization started
2769 [Test worker] INFO org.springframework.test.web.servlet.TestDispatcherServlet - FrameworkServlet '': initialization completed in 0 ms
2785 [Test worker] INFO org.springframework.web.servlet.mvc.method.annotation.RequestMappingHandlerMapping - Mapped "{[/review/save],methods=[POST],consumes=[application/json]}" onto public it.unisalento.se.saw.dto.ReviewDTO it.unisalento.se.saw.restapi.ReviewRestController.save(it.unisalento.se.saw.dto.ReviewDTO) throws it.unisalento.se.saw.exceptions.StudentNotFoundException,it.unisalento.se.saw.exceptions.ReviewTypeNotFoundException
2788 [Test worker] INFO org.springframework.web.servlet.mvc.method.annotation.RequestMappingHandlerMapping - Mapped "{[/review/getByIdLesson/{idLesson}],methods=[GET],produces=[application/json]}" onto public java.util.Set<it.unisalento.se.saw.dto.ReviewDTO> it.unisalento.se.saw.restapi.ReviewRestController.getByIdLesson(int) throws it.unisalento.se.saw.exceptions.ReviewNotFoundException
2789 [Test worker] INFO org.springframework.web.servlet.mvc.method.annotation.RequestMappingHandlerMapping - Mapped "{[/review/getByIdMaterial/{idMaterial}],methods=[GET],produces=[application/json]}" onto public java.util.Set<it.unisalento.se.saw.dto.ReviewDTO> it.unisalento.se.saw.restapi.ReviewRestController.getByIdMaterial(int) throws it.unisalento.se.saw.exceptions.ReviewNotFoundException
2790 [Test worker] INFO org.springframework.web.servlet.mvc.method.annotation.RequestMappingHandlerMapping - Mapped "{[/review/getById/{id}],methods=[GET],produces=[application/json]}" onto public it.unisalento.se.saw.dto.ReviewDTO it.unisalento.se.saw.restapi.ReviewRestController.getById(int) throws it.unisalento.se.saw.exceptions.ReviewNotFoundException
2791 [Test worker] INFO org.springframework.web.servlet.mvc.method.annotation.RequestMappingHandlerMapping - Mapped "{[/review/getByIdStudentAndIdMaterial/{idStudent}_{idMaterial}],methods=[GET],produces=[application/json]}" onto public it.unisalento.se.saw.dto.ReviewDTO it.unisalento.se.saw.restapi.ReviewRestController.getByIdStudentAndIdMaterial(int,int) throws it.unisalento.se.saw.exceptions.ReviewNotFoundException
2793 [Test worker] INFO org.springframework.web.servlet.mvc.method.annotation.RequestMappingHandlerMapping - Mapped "{[/review/getByIdStudentAndIdLesson/{idStudent}_{idLesson}],methods=[GET],produces=[application/json]}" onto public it.unisalento.se.saw.dto.ReviewDTO it.unisalento.se.saw.restapi.ReviewRestController.getByIdStudentAndIdLesson(int,int) throws it.unisalento.se.saw.exceptions.ReviewNotFoundException
2804 [Test worker] INFO org.springframework.web.servlet.mvc.method.annotation.RequestMappingHandlerAdapter - Looking for @ControllerAdvice: org.springframework.test.web.servlet.setup.StubWebApplicationContext@7f05252e
2808 [Test worker] INFO org.springframework.mock.web.MockServletContext - Initializing Spring FrameworkServlet ''
2808 [Test worker] INFO org.springframework.test.web.servlet.TestDispatcherServlet - FrameworkServlet '': initialization started
2809 [Test worker] INFO org.springframework.test.web.servlet.TestDispatcherServlet - FrameworkServlet '': initialization completed in 1 ms
2823 [Test worker] INFO org.springframework.web.servlet.mvc.method.annotation.RequestMappingHandlerMapping - Mapped "{[/review/save],methods=[POST],consumes=[application/json]}" onto public it.unisalento.se.saw.dto.ReviewDTO it.unisalento.se.saw.restapi.ReviewRestController.save(it.unisalento.se.saw.dto.ReviewDTO) throws it.unisalento.se.saw.exceptions.StudentNotFoundException,it.unisalento.se.saw.exceptions.ReviewTypeNotFoundException
2825 [Test worker] INFO org.springframework.web.servlet.mvc.method.annotation.RequestMappingHandlerMapping - Mapped "{[/review/getByIdLesson/{idLesson}],methods=[GET],produces=[application/json]}" onto public java.util.Set<it.unisalento.se.saw.dto.ReviewDTO> it.unisalento.se.saw.restapi.ReviewRestController.getByIdLesson(int) throws it.unisalento.se.saw.exceptions.ReviewNotFoundException
2826 [Test worker] INFO org.springframework.web.servlet.mvc.method.annotation.RequestMappingHandlerMapping - Mapped "{[/review/getByIdMaterial/{idMaterial}],methods=[GET],produces=[application/json]}" onto public java.util.Set<it.unisalento.se.saw.dto.ReviewDTO> it.unisalento.se.saw.restapi.ReviewRestController.getByIdMaterial(int) throws it.unisalento.se.saw.exceptions.ReviewNotFoundException
2827 [Test worker] INFO org.springframework.web.servlet.mvc.method.annotation.RequestMappingHandlerMapping - Mapped "{[/review/getById/{id}],methods=[GET],produces=[application/json]}" onto public it.unisalento.se.saw.dto.ReviewDTO it.unisalento.se.saw.restapi.ReviewRestController.getById(int) throws it.unisalento.se.saw.exceptions.ReviewNotFoundException
2829 [Test worker] INFO org.springframework.web.servlet.mvc.method.annotation.RequestMappingHandlerMapping - Mapped "{[/review/getByIdStudentAndIdMaterial/{idStudent}_{idMaterial}],methods=[GET],produces=[application/json]}" onto public it.unisalento.se.saw.dto.ReviewDTO it.unisalento.se.saw.restapi.ReviewRestController.getByIdStudentAndIdMaterial(int,int) throws it.unisalento.se.saw.exceptions.ReviewNotFoundException
2830 [Test worker] INFO org.springframework.web.servlet.mvc.method.annotation.RequestMappingHandlerMapping - Mapped "{[/review/getByIdStudentAndIdLesson/{idStudent}_{idLesson}],methods=[GET],produces=[application/json]}" onto public it.unisalento.se.saw.dto.ReviewDTO it.unisalento.se.saw.restapi.ReviewRestController.getByIdStudentAndIdLesson(int,int) throws it.unisalento.se.saw.exceptions.ReviewNotFoundException
2839 [Test worker] INFO org.springframework.web.servlet.mvc.method.annotation.RequestMappingHandlerAdapter - Looking for @ControllerAdvice: org.springframework.test.web.servlet.setup.StubWebApplicationContext@1030ae32
2843 [Test worker] INFO org.springframework.mock.web.MockServletContext - Initializing Spring FrameworkServlet ''
2843 [Test worker] INFO org.springframework.test.web.servlet.TestDispatcherServlet - FrameworkServlet '': initialization started
2843 [Test worker] INFO org.springframework.test.web.servlet.TestDispatcherServlet - FrameworkServlet '': initialization completed in 0 ms
2870 [Test worker] INFO org.springframework.web.servlet.mvc.method.annotation.RequestMappingHandlerMapping - Mapped "{[/review/save],methods=[POST],consumes=[application/json]}" onto public it.unisalento.se.saw.dto.ReviewDTO it.unisalento.se.saw.restapi.ReviewRestController.save(it.unisalento.se.saw.dto.ReviewDTO) throws it.unisalento.se.saw.exceptions.StudentNotFoundException,it.unisalento.se.saw.exceptions.ReviewTypeNotFoundException
2871 [Test worker] INFO org.springframework.web.servlet.mvc.method.annotation.RequestMappingHandlerMapping - Mapped "{[/review/getByIdLesson/{idLesson}],methods=[GET],produces=[application/json]}" onto public java.util.Set<it.unisalento.se.saw.dto.ReviewDTO> it.unisalento.se.saw.restapi.ReviewRestController.getByIdLesson(int) throws it.unisalento.se.saw.exceptions.ReviewNotFoundException
2872 [Test worker] INFO org.springframework.web.servlet.mvc.method.annotation.RequestMappingHandlerMapping - Mapped "{[/review/getByIdMaterial/{idMaterial}],methods=[GET],produces=[application/json]}" onto public java.util.Set<it.unisalento.se.saw.dto.ReviewDTO> it.unisalento.se.saw.restapi.ReviewRestController.getByIdMaterial(int) throws it.unisalento.se.saw.exceptions.ReviewNotFoundException
2872 [Test worker] INFO org.springframework.web.servlet.mvc.method.annotation.RequestMappingHandlerMapping - Mapped "{[/review/getById/{id}],methods=[GET],produces=[application/json]}" onto public it.unisalento.se.saw.dto.ReviewDTO it.unisalento.se.saw.restapi.ReviewRestController.getById(int) throws it.unisalento.se.saw.exceptions.ReviewNotFoundException
2872 [Test worker] INFO org.springframework.web.servlet.mvc.method.annotation.RequestMappingHandlerMapping - Mapped "{[/review/getByIdStudentAndIdMaterial/{idStudent}_{idMaterial}],methods=[GET],produces=[application/json]}" onto public it.unisalento.se.saw.dto.ReviewDTO it.unisalento.se.saw.restapi.ReviewRestController.getByIdStudentAndIdMaterial(int,int) throws it.unisalento.se.saw.exceptions.ReviewNotFoundException
2873 [Test worker] INFO org.springframework.web.servlet.mvc.method.annotation.RequestMappingHandlerMapping - Mapped "{[/review/getByIdStudentAndIdLesson/{idStudent}_{idLesson}],methods=[GET],produces=[application/json]}" onto public it.unisalento.se.saw.dto.ReviewDTO it.unisalento.se.saw.restapi.ReviewRestController.getByIdStudentAndIdLesson(int,int) throws it.unisalento.se.saw.exceptions.ReviewNotFoundException
2883 [Test worker] INFO org.springframework.web.servlet.mvc.method.annotation.RequestMappingHandlerAdapter - Looking for @ControllerAdvice: org.springframework.test.web.servlet.setup.StubWebApplicationContext@67b85bdc
2887 [Test worker] INFO org.springframework.mock.web.MockServletContext - Initializing Spring FrameworkServlet ''
2887 [Test worker] INFO org.springframework.test.web.servlet.TestDispatcherServlet - FrameworkServlet '': initialization started
2888 [Test worker] INFO org.springframework.test.web.servlet.TestDispatcherServlet - FrameworkServlet '': initialization completed in 1 ms
2902 [Test worker] INFO org.springframework.web.servlet.mvc.method.annotation.RequestMappingHandlerMapping - Mapped "{[/review/save],methods=[POST],consumes=[application/json]}" onto public it.unisalento.se.saw.dto.ReviewDTO it.unisalento.se.saw.restapi.ReviewRestController.save(it.unisalento.se.saw.dto.ReviewDTO) throws it.unisalento.se.saw.exceptions.StudentNotFoundException,it.unisalento.se.saw.exceptions.ReviewTypeNotFoundException
2903 [Test worker] INFO org.springframework.web.servlet.mvc.method.annotation.RequestMappingHandlerMapping - Mapped "{[/review/getByIdLesson/{idLesson}],methods=[GET],produces=[application/json]}" onto public java.util.Set<it.unisalento.se.saw.dto.ReviewDTO> it.unisalento.se.saw.restapi.ReviewRestController.getByIdLesson(int) throws it.unisalento.se.saw.exceptions.ReviewNotFoundException
2903 [Test worker] INFO org.springframework.web.servlet.mvc.method.annotation.RequestMappingHandlerMapping - Mapped "{[/review/getByIdMaterial/{idMaterial}],methods=[GET],produces=[application/json]}" onto public java.util.Set<it.unisalento.se.saw.dto.ReviewDTO> it.unisalento.se.saw.restapi.ReviewRestController.getByIdMaterial(int) throws it.unisalento.se.saw.exceptions.ReviewNotFoundException
2904 [Test worker] INFO org.springframework.web.servlet.mvc.method.annotation.RequestMappingHandlerMapping - Mapped "{[/review/getById/{id}],methods=[GET],produces=[application/json]}" onto public it.unisalento.se.saw.dto.ReviewDTO it.unisalento.se.saw.restapi.ReviewRestController.getById(int) throws it.unisalento.se.saw.exceptions.ReviewNotFoundException
2904 [Test worker] INFO org.springframework.web.servlet.mvc.method.annotation.RequestMappingHandlerMapping - Mapped "{[/review/getByIdStudentAndIdMaterial/{idStudent}_{idMaterial}],methods=[GET],produces=[application/json]}" onto public it.unisalento.se.saw.dto.ReviewDTO it.unisalento.se.saw.restapi.ReviewRestController.getByIdStudentAndIdMaterial(int,int) throws it.unisalento.se.saw.exceptions.ReviewNotFoundException
2905 [Test worker] INFO org.springframework.web.servlet.mvc.method.annotation.RequestMappingHandlerMapping - Mapped "{[/review/getByIdStudentAndIdLesson/{idStudent}_{idLesson}],methods=[GET],produces=[application/json]}" onto public it.unisalento.se.saw.dto.ReviewDTO it.unisalento.se.saw.restapi.ReviewRestController.getByIdStudentAndIdLesson(int,int) throws it.unisalento.se.saw.exceptions.ReviewNotFoundException
2913 [Test worker] INFO org.springframework.web.servlet.mvc.method.annotation.RequestMappingHandlerAdapter - Looking for @ControllerAdvice: org.springframework.test.web.servlet.setup.StubWebApplicationContext@29902a4c
2918 [Test worker] INFO org.springframework.mock.web.MockServletContext - Initializing Spring FrameworkServlet ''
2918 [Test worker] INFO org.springframework.test.web.servlet.TestDispatcherServlet - FrameworkServlet '': initialization started
2918 [Test worker] INFO org.springframework.test.web.servlet.TestDispatcherServlet - FrameworkServlet '': initialization completed in 0 ms
]]></system-err>
</testsuite>
