<?xml version="1.0" encoding="UTF-8"?>
<testsuite name="it.unisalento.se.saw.restapi.SecretaryRestControllerTest" tests="3" skipped="0" failures="0" errors="0" timestamp="2018-09-03T14:27:56" hostname="DESKTOP-TUGA85P" time="0.09">
  <properties/>
  <testcase name="saveTest" classname="it.unisalento.se.saw.restapi.SecretaryRestControllerTest" time="0.042"/>
  <testcase name="getByIdTest" classname="it.unisalento.se.saw.restapi.SecretaryRestControllerTest" time="0.023"/>
  <testcase name="getByUidTest" classname="it.unisalento.se.saw.restapi.SecretaryRestControllerTest" time="0.022"/>
  <system-out><![CDATA[]]></system-out>
  <system-err><![CDATA[3234 [Test worker] INFO org.springframework.web.servlet.mvc.method.annotation.RequestMappingHandlerMapping - Mapped "{[/secretary/getByUid/{uid}],methods=[GET],produces=[application/json]}" onto public it.unisalento.se.saw.dto.SecretaryDTO it.unisalento.se.saw.restapi.SecretaryRestController.getByUid(java.lang.String) throws it.unisalento.se.saw.exceptions.SecretaryNotFoundException
3234 [Test worker] INFO org.springframework.web.servlet.mvc.method.annotation.RequestMappingHandlerMapping - Mapped "{[/secretary/save],methods=[POST],consumes=[application/json]}" onto public it.unisalento.se.saw.dto.SecretaryDTO it.unisalento.se.saw.restapi.SecretaryRestController.post(it.unisalento.se.saw.dto.SecretaryDTO) throws it.unisalento.se.saw.exceptions.SecretaryNotFoundException
3235 [Test worker] INFO org.springframework.web.servlet.mvc.method.annotation.RequestMappingHandlerMapping - Mapped "{[/secretary/getById/{id}],methods=[GET],produces=[application/json]}" onto public it.unisalento.se.saw.dto.SecretaryDTO it.unisalento.se.saw.restapi.SecretaryRestController.getById(int) throws it.unisalento.se.saw.exceptions.SecretaryNotFoundException
3243 [Test worker] INFO org.springframework.web.servlet.mvc.method.annotation.RequestMappingHandlerAdapter - Looking for @ControllerAdvice: org.springframework.test.web.servlet.setup.StubWebApplicationContext@35176cc
3255 [Test worker] INFO org.springframework.mock.web.MockServletContext - Initializing Spring FrameworkServlet ''
3256 [Test worker] INFO org.springframework.test.web.servlet.TestDispatcherServlet - FrameworkServlet '': initialization started
3259 [Test worker] INFO org.springframework.test.web.servlet.TestDispatcherServlet - FrameworkServlet '': initialization completed in 2 ms
3280 [Test worker] INFO org.springframework.web.servlet.mvc.method.annotation.RequestMappingHandlerMapping - Mapped "{[/secretary/getByUid/{uid}],methods=[GET],produces=[application/json]}" onto public it.unisalento.se.saw.dto.SecretaryDTO it.unisalento.se.saw.restapi.SecretaryRestController.getByUid(java.lang.String) throws it.unisalento.se.saw.exceptions.SecretaryNotFoundException
3280 [Test worker] INFO org.springframework.web.servlet.mvc.method.annotation.RequestMappingHandlerMapping - Mapped "{[/secretary/save],methods=[POST],consumes=[application/json]}" onto public it.unisalento.se.saw.dto.SecretaryDTO it.unisalento.se.saw.restapi.SecretaryRestController.post(it.unisalento.se.saw.dto.SecretaryDTO) throws it.unisalento.se.saw.exceptions.SecretaryNotFoundException
3281 [Test worker] INFO org.springframework.web.servlet.mvc.method.annotation.RequestMappingHandlerMapping - Mapped "{[/secretary/getById/{id}],methods=[GET],produces=[application/json]}" onto public it.unisalento.se.saw.dto.SecretaryDTO it.unisalento.se.saw.restapi.SecretaryRestController.getById(int) throws it.unisalento.se.saw.exceptions.SecretaryNotFoundException
3289 [Test worker] INFO org.springframework.web.servlet.mvc.method.annotation.RequestMappingHandlerAdapter - Looking for @ControllerAdvice: org.springframework.test.web.servlet.setup.StubWebApplicationContext@54d92c7f
3292 [Test worker] INFO org.springframework.mock.web.MockServletContext - Initializing Spring FrameworkServlet ''
3292 [Test worker] INFO org.springframework.test.web.servlet.TestDispatcherServlet - FrameworkServlet '': initialization started
3293 [Test worker] INFO org.springframework.test.web.servlet.TestDispatcherServlet - FrameworkServlet '': initialization completed in 0 ms
3304 [Test worker] INFO org.springframework.web.servlet.mvc.method.annotation.RequestMappingHandlerMapping - Mapped "{[/secretary/getByUid/{uid}],methods=[GET],produces=[application/json]}" onto public it.unisalento.se.saw.dto.SecretaryDTO it.unisalento.se.saw.restapi.SecretaryRestController.getByUid(java.lang.String) throws it.unisalento.se.saw.exceptions.SecretaryNotFoundException
3304 [Test worker] INFO org.springframework.web.servlet.mvc.method.annotation.RequestMappingHandlerMapping - Mapped "{[/secretary/save],methods=[POST],consumes=[application/json]}" onto public it.unisalento.se.saw.dto.SecretaryDTO it.unisalento.se.saw.restapi.SecretaryRestController.post(it.unisalento.se.saw.dto.SecretaryDTO) throws it.unisalento.se.saw.exceptions.SecretaryNotFoundException
3305 [Test worker] INFO org.springframework.web.servlet.mvc.method.annotation.RequestMappingHandlerMapping - Mapped "{[/secretary/getById/{id}],methods=[GET],produces=[application/json]}" onto public it.unisalento.se.saw.dto.SecretaryDTO it.unisalento.se.saw.restapi.SecretaryRestController.getById(int) throws it.unisalento.se.saw.exceptions.SecretaryNotFoundException
3313 [Test worker] INFO org.springframework.web.servlet.mvc.method.annotation.RequestMappingHandlerAdapter - Looking for @ControllerAdvice: org.springframework.test.web.servlet.setup.StubWebApplicationContext@2cceb885
3316 [Test worker] INFO org.springframework.mock.web.MockServletContext - Initializing Spring FrameworkServlet ''
3316 [Test worker] INFO org.springframework.test.web.servlet.TestDispatcherServlet - FrameworkServlet '': initialization started
3316 [Test worker] INFO org.springframework.test.web.servlet.TestDispatcherServlet - FrameworkServlet '': initialization completed in 0 ms
]]></system-err>
</testsuite>
