<?xml version="1.0" encoding="UTF-8"?>
<testsuite name="it.unisalento.se.saw.restapi.RoomRestControllerTest" tests="4" skipped="0" failures="0" errors="0" timestamp="2018-09-09T11:32:29" hostname="antonio-pc" time="0.111">
  <properties/>
  <testcase name="saveTest" classname="it.unisalento.se.saw.restapi.RoomRestControllerTest" time="0.029"/>
  <testcase name="getByCapacity" classname="it.unisalento.se.saw.restapi.RoomRestControllerTest" time="0.025"/>
  <testcase name="getByIdTest" classname="it.unisalento.se.saw.restapi.RoomRestControllerTest" time="0.02"/>
  <testcase name="getAllTest" classname="it.unisalento.se.saw.restapi.RoomRestControllerTest" time="0.027"/>
  <system-out><![CDATA[]]></system-out>
  <system-err><![CDATA[3318 [Test worker] INFO org.springframework.web.servlet.mvc.method.annotation.RequestMappingHandlerMapping - Mapped "{[/room/getById/{id}],methods=[GET],produces=[application/json]}" onto public it.unisalento.se.saw.dto.RoomDTO it.unisalento.se.saw.restapi.RoomRestController.getById(int) throws it.unisalento.se.saw.exceptions.RoomNotFoundException
3318 [Test worker] INFO org.springframework.web.servlet.mvc.method.annotation.RequestMappingHandlerMapping - Mapped "{[/room/getByCapacity/{capacity}],methods=[GET],produces=[application/json]}" onto public java.util.Set<it.unisalento.se.saw.dto.RoomDTO> it.unisalento.se.saw.restapi.RoomRestController.getByCapacity(int)
3319 [Test worker] INFO org.springframework.web.servlet.mvc.method.annotation.RequestMappingHandlerMapping - Mapped "{[/room/save],methods=[POST],consumes=[application/json]}" onto public it.unisalento.se.saw.dto.RoomDTO it.unisalento.se.saw.restapi.RoomRestController.save(it.unisalento.se.saw.dto.RoomDTO)
3319 [Test worker] INFO org.springframework.web.servlet.mvc.method.annotation.RequestMappingHandlerMapping - Mapped "{[/room/getAll],methods=[GET],produces=[application/json]}" onto public java.util.Set<it.unisalento.se.saw.dto.RoomDTO> it.unisalento.se.saw.restapi.RoomRestController.getAll()
3331 [Test worker] INFO org.springframework.web.servlet.mvc.method.annotation.RequestMappingHandlerAdapter - Looking for @ControllerAdvice: org.springframework.test.web.servlet.setup.StubWebApplicationContext@3ceeb0a9
3334 [Test worker] INFO org.springframework.mock.web.MockServletContext - Initializing Spring FrameworkServlet ''
3334 [Test worker] INFO org.springframework.test.web.servlet.TestDispatcherServlet - FrameworkServlet '': initialization started
3334 [Test worker] INFO org.springframework.test.web.servlet.TestDispatcherServlet - FrameworkServlet '': initialization completed in 0 ms
3348 [Test worker] INFO org.springframework.web.servlet.mvc.method.annotation.RequestMappingHandlerMapping - Mapped "{[/room/getById/{id}],methods=[GET],produces=[application/json]}" onto public it.unisalento.se.saw.dto.RoomDTO it.unisalento.se.saw.restapi.RoomRestController.getById(int) throws it.unisalento.se.saw.exceptions.RoomNotFoundException
3348 [Test worker] INFO org.springframework.web.servlet.mvc.method.annotation.RequestMappingHandlerMapping - Mapped "{[/room/getByCapacity/{capacity}],methods=[GET],produces=[application/json]}" onto public java.util.Set<it.unisalento.se.saw.dto.RoomDTO> it.unisalento.se.saw.restapi.RoomRestController.getByCapacity(int)
3348 [Test worker] INFO org.springframework.web.servlet.mvc.method.annotation.RequestMappingHandlerMapping - Mapped "{[/room/save],methods=[POST],consumes=[application/json]}" onto public it.unisalento.se.saw.dto.RoomDTO it.unisalento.se.saw.restapi.RoomRestController.save(it.unisalento.se.saw.dto.RoomDTO)
3348 [Test worker] INFO org.springframework.web.servlet.mvc.method.annotation.RequestMappingHandlerMapping - Mapped "{[/room/getAll],methods=[GET],produces=[application/json]}" onto public java.util.Set<it.unisalento.se.saw.dto.RoomDTO> it.unisalento.se.saw.restapi.RoomRestController.getAll()
3362 [Test worker] INFO org.springframework.web.servlet.mvc.method.annotation.RequestMappingHandlerAdapter - Looking for @ControllerAdvice: org.springframework.test.web.servlet.setup.StubWebApplicationContext@5dfd72ac
3363 [Test worker] INFO org.springframework.mock.web.MockServletContext - Initializing Spring FrameworkServlet ''
3364 [Test worker] INFO org.springframework.test.web.servlet.TestDispatcherServlet - FrameworkServlet '': initialization started
3364 [Test worker] INFO org.springframework.test.web.servlet.TestDispatcherServlet - FrameworkServlet '': initialization completed in 0 ms
3374 [Test worker] INFO org.springframework.web.servlet.mvc.method.annotation.RequestMappingHandlerMapping - Mapped "{[/room/getById/{id}],methods=[GET],produces=[application/json]}" onto public it.unisalento.se.saw.dto.RoomDTO it.unisalento.se.saw.restapi.RoomRestController.getById(int) throws it.unisalento.se.saw.exceptions.RoomNotFoundException
3375 [Test worker] INFO org.springframework.web.servlet.mvc.method.annotation.RequestMappingHandlerMapping - Mapped "{[/room/getByCapacity/{capacity}],methods=[GET],produces=[application/json]}" onto public java.util.Set<it.unisalento.se.saw.dto.RoomDTO> it.unisalento.se.saw.restapi.RoomRestController.getByCapacity(int)
3375 [Test worker] INFO org.springframework.web.servlet.mvc.method.annotation.RequestMappingHandlerMapping - Mapped "{[/room/save],methods=[POST],consumes=[application/json]}" onto public it.unisalento.se.saw.dto.RoomDTO it.unisalento.se.saw.restapi.RoomRestController.save(it.unisalento.se.saw.dto.RoomDTO)
3376 [Test worker] INFO org.springframework.web.servlet.mvc.method.annotation.RequestMappingHandlerMapping - Mapped "{[/room/getAll],methods=[GET],produces=[application/json]}" onto public java.util.Set<it.unisalento.se.saw.dto.RoomDTO> it.unisalento.se.saw.restapi.RoomRestController.getAll()
3382 [Test worker] INFO org.springframework.web.servlet.mvc.method.annotation.RequestMappingHandlerAdapter - Looking for @ControllerAdvice: org.springframework.test.web.servlet.setup.StubWebApplicationContext@5d65f879
3385 [Test worker] INFO org.springframework.mock.web.MockServletContext - Initializing Spring FrameworkServlet ''
3386 [Test worker] INFO org.springframework.test.web.servlet.TestDispatcherServlet - FrameworkServlet '': initialization started
3386 [Test worker] INFO org.springframework.test.web.servlet.TestDispatcherServlet - FrameworkServlet '': initialization completed in 0 ms
3408 [Test worker] INFO org.springframework.web.servlet.mvc.method.annotation.RequestMappingHandlerMapping - Mapped "{[/room/getById/{id}],methods=[GET],produces=[application/json]}" onto public it.unisalento.se.saw.dto.RoomDTO it.unisalento.se.saw.restapi.RoomRestController.getById(int) throws it.unisalento.se.saw.exceptions.RoomNotFoundException
3408 [Test worker] INFO org.springframework.web.servlet.mvc.method.annotation.RequestMappingHandlerMapping - Mapped "{[/room/getByCapacity/{capacity}],methods=[GET],produces=[application/json]}" onto public java.util.Set<it.unisalento.se.saw.dto.RoomDTO> it.unisalento.se.saw.restapi.RoomRestController.getByCapacity(int)
3409 [Test worker] INFO org.springframework.web.servlet.mvc.method.annotation.RequestMappingHandlerMapping - Mapped "{[/room/save],methods=[POST],consumes=[application/json]}" onto public it.unisalento.se.saw.dto.RoomDTO it.unisalento.se.saw.restapi.RoomRestController.save(it.unisalento.se.saw.dto.RoomDTO)
3409 [Test worker] INFO org.springframework.web.servlet.mvc.method.annotation.RequestMappingHandlerMapping - Mapped "{[/room/getAll],methods=[GET],produces=[application/json]}" onto public java.util.Set<it.unisalento.se.saw.dto.RoomDTO> it.unisalento.se.saw.restapi.RoomRestController.getAll()
3417 [Test worker] INFO org.springframework.web.servlet.mvc.method.annotation.RequestMappingHandlerAdapter - Looking for @ControllerAdvice: org.springframework.test.web.servlet.setup.StubWebApplicationContext@734fde41
3420 [Test worker] INFO org.springframework.mock.web.MockServletContext - Initializing Spring FrameworkServlet ''
3420 [Test worker] INFO org.springframework.test.web.servlet.TestDispatcherServlet - FrameworkServlet '': initialization started
3420 [Test worker] INFO org.springframework.test.web.servlet.TestDispatcherServlet - FrameworkServlet '': initialization completed in 0 ms
]]></system-err>
</testsuite>
