<?xml version="1.0" encoding="UTF-8"?>
<testsuite name="it.unisalento.se.saw.restapi.UserRestControllerTest" tests="5" skipped="0" failures="0" errors="0" timestamp="2018-09-08T13:45:07" hostname="DESKTOP-5IEPLHD" time="0.111">
  <properties/>
  <testcase name="saveTest" classname="it.unisalento.se.saw.restapi.UserRestControllerTest" time="0.024"/>
  <testcase name="addToken" classname="it.unisalento.se.saw.restapi.UserRestControllerTest" time="0.02"/>
  <testcase name="getAllUser" classname="it.unisalento.se.saw.restapi.UserRestControllerTest" time="0.017"/>
  <testcase name="getUserByUid" classname="it.unisalento.se.saw.restapi.UserRestControllerTest" time="0.02"/>
  <testcase name="findUserByIdTest" classname="it.unisalento.se.saw.restapi.UserRestControllerTest" time="0.027"/>
  <system-out><![CDATA[]]></system-out>
  <system-err><![CDATA[2775 [Test worker] INFO org.springframework.web.servlet.mvc.method.annotation.RequestMappingHandlerMapping - Mapped "{[/user/save],methods=[POST],consumes=[application/json]}" onto public it.unisalento.se.saw.dto.UserDTO it.unisalento.se.saw.restapi.UserRestController.save(it.unisalento.se.saw.dto.UserDTO)
2776 [Test worker] INFO org.springframework.web.servlet.mvc.method.annotation.RequestMappingHandlerMapping - Mapped "{[/user/getAll],methods=[GET],produces=[application/json]}" onto public java.util.Set<it.unisalento.se.saw.dto.UserDTO> it.unisalento.se.saw.restapi.UserRestController.getAll()
2776 [Test worker] INFO org.springframework.web.servlet.mvc.method.annotation.RequestMappingHandlerMapping - Mapped "{[/user/getById/{id}],methods=[GET],produces=[application/json]}" onto public it.unisalento.se.saw.dto.UserDTO it.unisalento.se.saw.restapi.UserRestController.getById(int) throws it.unisalento.se.saw.exceptions.UserNotFoundException
2776 [Test worker] INFO org.springframework.web.servlet.mvc.method.annotation.RequestMappingHandlerMapping - Mapped "{[/user/addFcmToken],methods=[POST],produces=[application/json]}" onto public it.unisalento.se.saw.dto.TokenDTO it.unisalento.se.saw.restapi.UserRestController.addFcmToken(it.unisalento.se.saw.dto.TokenDTO)
2776 [Test worker] INFO org.springframework.web.servlet.mvc.method.annotation.RequestMappingHandlerMapping - Mapped "{[/user/getByUid/{uid}],methods=[GET],produces=[application/json]}" onto public java.lang.Object it.unisalento.se.saw.restapi.UserRestController.getByUid(java.lang.String) throws it.unisalento.se.saw.exceptions.UserNotFoundException,it.unisalento.se.saw.exceptions.StudentNotFoundException,it.unisalento.se.saw.exceptions.ProfessorNotFoundException,it.unisalento.se.saw.exceptions.SecretaryNotFoundException
2783 [Test worker] INFO org.springframework.web.servlet.mvc.method.annotation.RequestMappingHandlerAdapter - Looking for @ControllerAdvice: org.springframework.test.web.servlet.setup.StubWebApplicationContext@6b5b2836
2786 [Test worker] INFO org.springframework.mock.web.MockServletContext - Initializing Spring FrameworkServlet ''
2786 [Test worker] INFO org.springframework.test.web.servlet.TestDispatcherServlet - FrameworkServlet '': initialization started
2786 [Test worker] INFO org.springframework.test.web.servlet.TestDispatcherServlet - FrameworkServlet '': initialization completed in 0 ms
2799 [Test worker] INFO org.springframework.web.servlet.mvc.method.annotation.RequestMappingHandlerMapping - Mapped "{[/user/save],methods=[POST],consumes=[application/json]}" onto public it.unisalento.se.saw.dto.UserDTO it.unisalento.se.saw.restapi.UserRestController.save(it.unisalento.se.saw.dto.UserDTO)
2799 [Test worker] INFO org.springframework.web.servlet.mvc.method.annotation.RequestMappingHandlerMapping - Mapped "{[/user/getAll],methods=[GET],produces=[application/json]}" onto public java.util.Set<it.unisalento.se.saw.dto.UserDTO> it.unisalento.se.saw.restapi.UserRestController.getAll()
2800 [Test worker] INFO org.springframework.web.servlet.mvc.method.annotation.RequestMappingHandlerMapping - Mapped "{[/user/getById/{id}],methods=[GET],produces=[application/json]}" onto public it.unisalento.se.saw.dto.UserDTO it.unisalento.se.saw.restapi.UserRestController.getById(int) throws it.unisalento.se.saw.exceptions.UserNotFoundException
2800 [Test worker] INFO org.springframework.web.servlet.mvc.method.annotation.RequestMappingHandlerMapping - Mapped "{[/user/addFcmToken],methods=[POST],produces=[application/json]}" onto public it.unisalento.se.saw.dto.TokenDTO it.unisalento.se.saw.restapi.UserRestController.addFcmToken(it.unisalento.se.saw.dto.TokenDTO)
2800 [Test worker] INFO org.springframework.web.servlet.mvc.method.annotation.RequestMappingHandlerMapping - Mapped "{[/user/getByUid/{uid}],methods=[GET],produces=[application/json]}" onto public java.lang.Object it.unisalento.se.saw.restapi.UserRestController.getByUid(java.lang.String) throws it.unisalento.se.saw.exceptions.UserNotFoundException,it.unisalento.se.saw.exceptions.StudentNotFoundException,it.unisalento.se.saw.exceptions.ProfessorNotFoundException,it.unisalento.se.saw.exceptions.SecretaryNotFoundException
2808 [Test worker] INFO org.springframework.web.servlet.mvc.method.annotation.RequestMappingHandlerAdapter - Looking for @ControllerAdvice: org.springframework.test.web.servlet.setup.StubWebApplicationContext@5f852125
2811 [Test worker] INFO org.springframework.mock.web.MockServletContext - Initializing Spring FrameworkServlet ''
2811 [Test worker] INFO org.springframework.test.web.servlet.TestDispatcherServlet - FrameworkServlet '': initialization started
2811 [Test worker] INFO org.springframework.test.web.servlet.TestDispatcherServlet - FrameworkServlet '': initialization completed in 0 ms
2820 [Test worker] INFO org.springframework.web.servlet.mvc.method.annotation.RequestMappingHandlerMapping - Mapped "{[/user/save],methods=[POST],consumes=[application/json]}" onto public it.unisalento.se.saw.dto.UserDTO it.unisalento.se.saw.restapi.UserRestController.save(it.unisalento.se.saw.dto.UserDTO)
2820 [Test worker] INFO org.springframework.web.servlet.mvc.method.annotation.RequestMappingHandlerMapping - Mapped "{[/user/getAll],methods=[GET],produces=[application/json]}" onto public java.util.Set<it.unisalento.se.saw.dto.UserDTO> it.unisalento.se.saw.restapi.UserRestController.getAll()
2820 [Test worker] INFO org.springframework.web.servlet.mvc.method.annotation.RequestMappingHandlerMapping - Mapped "{[/user/getById/{id}],methods=[GET],produces=[application/json]}" onto public it.unisalento.se.saw.dto.UserDTO it.unisalento.se.saw.restapi.UserRestController.getById(int) throws it.unisalento.se.saw.exceptions.UserNotFoundException
2820 [Test worker] INFO org.springframework.web.servlet.mvc.method.annotation.RequestMappingHandlerMapping - Mapped "{[/user/addFcmToken],methods=[POST],produces=[application/json]}" onto public it.unisalento.se.saw.dto.TokenDTO it.unisalento.se.saw.restapi.UserRestController.addFcmToken(it.unisalento.se.saw.dto.TokenDTO)
2820 [Test worker] INFO org.springframework.web.servlet.mvc.method.annotation.RequestMappingHandlerMapping - Mapped "{[/user/getByUid/{uid}],methods=[GET],produces=[application/json]}" onto public java.lang.Object it.unisalento.se.saw.restapi.UserRestController.getByUid(java.lang.String) throws it.unisalento.se.saw.exceptions.UserNotFoundException,it.unisalento.se.saw.exceptions.StudentNotFoundException,it.unisalento.se.saw.exceptions.ProfessorNotFoundException,it.unisalento.se.saw.exceptions.SecretaryNotFoundException
2826 [Test worker] INFO org.springframework.web.servlet.mvc.method.annotation.RequestMappingHandlerAdapter - Looking for @ControllerAdvice: org.springframework.test.web.servlet.setup.StubWebApplicationContext@2a8b09ad
2828 [Test worker] INFO org.springframework.mock.web.MockServletContext - Initializing Spring FrameworkServlet ''
2828 [Test worker] INFO org.springframework.test.web.servlet.TestDispatcherServlet - FrameworkServlet '': initialization started
2828 [Test worker] INFO org.springframework.test.web.servlet.TestDispatcherServlet - FrameworkServlet '': initialization completed in 0 ms
2839 [Test worker] INFO org.springframework.web.servlet.mvc.method.annotation.RequestMappingHandlerMapping - Mapped "{[/user/save],methods=[POST],consumes=[application/json]}" onto public it.unisalento.se.saw.dto.UserDTO it.unisalento.se.saw.restapi.UserRestController.save(it.unisalento.se.saw.dto.UserDTO)
2839 [Test worker] INFO org.springframework.web.servlet.mvc.method.annotation.RequestMappingHandlerMapping - Mapped "{[/user/getAll],methods=[GET],produces=[application/json]}" onto public java.util.Set<it.unisalento.se.saw.dto.UserDTO> it.unisalento.se.saw.restapi.UserRestController.getAll()
2840 [Test worker] INFO org.springframework.web.servlet.mvc.method.annotation.RequestMappingHandlerMapping - Mapped "{[/user/getById/{id}],methods=[GET],produces=[application/json]}" onto public it.unisalento.se.saw.dto.UserDTO it.unisalento.se.saw.restapi.UserRestController.getById(int) throws it.unisalento.se.saw.exceptions.UserNotFoundException
2840 [Test worker] INFO org.springframework.web.servlet.mvc.method.annotation.RequestMappingHandlerMapping - Mapped "{[/user/addFcmToken],methods=[POST],produces=[application/json]}" onto public it.unisalento.se.saw.dto.TokenDTO it.unisalento.se.saw.restapi.UserRestController.addFcmToken(it.unisalento.se.saw.dto.TokenDTO)
2840 [Test worker] INFO org.springframework.web.servlet.mvc.method.annotation.RequestMappingHandlerMapping - Mapped "{[/user/getByUid/{uid}],methods=[GET],produces=[application/json]}" onto public java.lang.Object it.unisalento.se.saw.restapi.UserRestController.getByUid(java.lang.String) throws it.unisalento.se.saw.exceptions.UserNotFoundException,it.unisalento.se.saw.exceptions.StudentNotFoundException,it.unisalento.se.saw.exceptions.ProfessorNotFoundException,it.unisalento.se.saw.exceptions.SecretaryNotFoundException
2847 [Test worker] INFO org.springframework.web.servlet.mvc.method.annotation.RequestMappingHandlerAdapter - Looking for @ControllerAdvice: org.springframework.test.web.servlet.setup.StubWebApplicationContext@372dce7d
2849 [Test worker] INFO org.springframework.mock.web.MockServletContext - Initializing Spring FrameworkServlet ''
2849 [Test worker] INFO org.springframework.test.web.servlet.TestDispatcherServlet - FrameworkServlet '': initialization started
2849 [Test worker] INFO org.springframework.test.web.servlet.TestDispatcherServlet - FrameworkServlet '': initialization completed in 0 ms
2858 [Test worker] INFO org.springframework.web.servlet.mvc.method.annotation.RequestMappingHandlerMapping - Mapped "{[/user/save],methods=[POST],consumes=[application/json]}" onto public it.unisalento.se.saw.dto.UserDTO it.unisalento.se.saw.restapi.UserRestController.save(it.unisalento.se.saw.dto.UserDTO)
2859 [Test worker] INFO org.springframework.web.servlet.mvc.method.annotation.RequestMappingHandlerMapping - Mapped "{[/user/getAll],methods=[GET],produces=[application/json]}" onto public java.util.Set<it.unisalento.se.saw.dto.UserDTO> it.unisalento.se.saw.restapi.UserRestController.getAll()
2859 [Test worker] INFO org.springframework.web.servlet.mvc.method.annotation.RequestMappingHandlerMapping - Mapped "{[/user/getById/{id}],methods=[GET],produces=[application/json]}" onto public it.unisalento.se.saw.dto.UserDTO it.unisalento.se.saw.restapi.UserRestController.getById(int) throws it.unisalento.se.saw.exceptions.UserNotFoundException
2859 [Test worker] INFO org.springframework.web.servlet.mvc.method.annotation.RequestMappingHandlerMapping - Mapped "{[/user/addFcmToken],methods=[POST],produces=[application/json]}" onto public it.unisalento.se.saw.dto.TokenDTO it.unisalento.se.saw.restapi.UserRestController.addFcmToken(it.unisalento.se.saw.dto.TokenDTO)
2860 [Test worker] INFO org.springframework.web.servlet.mvc.method.annotation.RequestMappingHandlerMapping - Mapped "{[/user/getByUid/{uid}],methods=[GET],produces=[application/json]}" onto public java.lang.Object it.unisalento.se.saw.restapi.UserRestController.getByUid(java.lang.String) throws it.unisalento.se.saw.exceptions.UserNotFoundException,it.unisalento.se.saw.exceptions.StudentNotFoundException,it.unisalento.se.saw.exceptions.ProfessorNotFoundException,it.unisalento.se.saw.exceptions.SecretaryNotFoundException
2871 [Test worker] INFO org.springframework.web.servlet.mvc.method.annotation.RequestMappingHandlerAdapter - Looking for @ControllerAdvice: org.springframework.test.web.servlet.setup.StubWebApplicationContext@181951c4
2874 [Test worker] INFO org.springframework.mock.web.MockServletContext - Initializing Spring FrameworkServlet ''
2874 [Test worker] INFO org.springframework.test.web.servlet.TestDispatcherServlet - FrameworkServlet '': initialization started
2875 [Test worker] INFO org.springframework.test.web.servlet.TestDispatcherServlet - FrameworkServlet '': initialization completed in 1 ms
]]></system-err>
</testsuite>
