<?xml version="1.0" encoding="UTF-8"?>
<testsuite name="it.unisalento.se.saw.restapi.LessonRestControllerTest" tests="5" skipped="0" failures="0" errors="0" timestamp="2018-09-08T13:45:06" hostname="DESKTOP-5IEPLHD" time="0.161">
  <properties/>
  <testcase name="saveTest" classname="it.unisalento.se.saw.restapi.LessonRestControllerTest" time="0.04"/>
  <testcase name="getByIdTest" classname="it.unisalento.se.saw.restapi.LessonRestControllerTest" time="0.025"/>
  <testcase name="updateTest" classname="it.unisalento.se.saw.restapi.LessonRestControllerTest" time="0.038"/>
  <testcase name="getAllTest" classname="it.unisalento.se.saw.restapi.LessonRestControllerTest" time="0.023"/>
  <testcase name="getByIdRoomTest" classname="it.unisalento.se.saw.restapi.LessonRestControllerTest" time="0.032"/>
  <system-out><![CDATA[qui                                                                          afaf
qui                                                                          afaf
]]></system-out>
  <system-err><![CDATA[1610 [Test worker] INFO org.springframework.web.servlet.mvc.method.annotation.RequestMappingHandlerMapping - Mapped "{[/lesson/update],methods=[POST],consumes=[application/json]}" onto public it.unisalento.se.saw.dto.LessonDTO it.unisalento.se.saw.restapi.LessonRestController.update(it.unisalento.se.saw.dto.LessonDTO) throws it.unisalento.se.saw.exceptions.RoomNotFoundException,it.unisalento.se.saw.exceptions.TeachingNotFoundException
1610 [Test worker] INFO org.springframework.web.servlet.mvc.method.annotation.RequestMappingHandlerMapping - Mapped "{[/lesson/save],methods=[POST],consumes=[application/json]}" onto public it.unisalento.se.saw.dto.LessonDTO it.unisalento.se.saw.restapi.LessonRestController.save(it.unisalento.se.saw.dto.LessonDTO) throws it.unisalento.se.saw.exceptions.RoomNotFoundException,it.unisalento.se.saw.exceptions.TeachingNotFoundException
1611 [Test worker] INFO org.springframework.web.servlet.mvc.method.annotation.RequestMappingHandlerMapping - Mapped "{[/lesson/getAll],methods=[GET],produces=[application/json]}" onto public java.util.Set<it.unisalento.se.saw.dto.LessonDTO> it.unisalento.se.saw.restapi.LessonRestController.getAll()
1611 [Test worker] INFO org.springframework.web.servlet.mvc.method.annotation.RequestMappingHandlerMapping - Mapped "{[/lesson/getByIdRoom/{id}],methods=[GET],produces=[application/json]}" onto public java.util.Set<it.unisalento.se.saw.dto.LessonDTO> it.unisalento.se.saw.restapi.LessonRestController.getByIdRoom(int)
1612 [Test worker] INFO org.springframework.web.servlet.mvc.method.annotation.RequestMappingHandlerMapping - Mapped "{[/lesson/getById/{id}],methods=[GET],produces=[application/json]}" onto public it.unisalento.se.saw.dto.LessonDTO it.unisalento.se.saw.restapi.LessonRestController.getById(int) throws it.unisalento.se.saw.exceptions.LessonNotFoundException
1612 [Test worker] INFO org.springframework.web.servlet.mvc.method.annotation.RequestMappingHandlerMapping - Mapped "{[/lesson/getByDate/{date}_{id}],methods=[GET],produces=[application/json]}" onto public java.util.Set<it.unisalento.se.saw.dto.LessonDTO> it.unisalento.se.saw.restapi.LessonRestController.getByDateAndIdCourse(java.lang.String,int) throws java.text.ParseException
1612 [Test worker] INFO org.springframework.web.servlet.mvc.method.annotation.RequestMappingHandlerMapping - Mapped "{[/lesson/getByDateAndIdProf/{date}_{id}],methods=[GET],produces=[application/json]}" onto public java.util.Set<it.unisalento.se.saw.dto.LessonDTO> it.unisalento.se.saw.restapi.LessonRestController.getByDateAndIdProfessor(java.lang.String,int) throws java.text.ParseException
1620 [Test worker] INFO org.springframework.web.servlet.mvc.method.annotation.RequestMappingHandlerAdapter - Looking for @ControllerAdvice: org.springframework.test.web.servlet.setup.StubWebApplicationContext@20a9f947
1622 [Test worker] INFO org.springframework.mock.web.MockServletContext - Initializing Spring FrameworkServlet ''
1623 [Test worker] INFO org.springframework.test.web.servlet.TestDispatcherServlet - FrameworkServlet '': initialization started
1623 [Test worker] INFO org.springframework.test.web.servlet.TestDispatcherServlet - FrameworkServlet '': initialization completed in 0 ms
1649 [Test worker] INFO org.springframework.web.servlet.mvc.method.annotation.RequestMappingHandlerMapping - Mapped "{[/lesson/update],methods=[POST],consumes=[application/json]}" onto public it.unisalento.se.saw.dto.LessonDTO it.unisalento.se.saw.restapi.LessonRestController.update(it.unisalento.se.saw.dto.LessonDTO) throws it.unisalento.se.saw.exceptions.RoomNotFoundException,it.unisalento.se.saw.exceptions.TeachingNotFoundException
1649 [Test worker] INFO org.springframework.web.servlet.mvc.method.annotation.RequestMappingHandlerMapping - Mapped "{[/lesson/save],methods=[POST],consumes=[application/json]}" onto public it.unisalento.se.saw.dto.LessonDTO it.unisalento.se.saw.restapi.LessonRestController.save(it.unisalento.se.saw.dto.LessonDTO) throws it.unisalento.se.saw.exceptions.RoomNotFoundException,it.unisalento.se.saw.exceptions.TeachingNotFoundException
1650 [Test worker] INFO org.springframework.web.servlet.mvc.method.annotation.RequestMappingHandlerMapping - Mapped "{[/lesson/getAll],methods=[GET],produces=[application/json]}" onto public java.util.Set<it.unisalento.se.saw.dto.LessonDTO> it.unisalento.se.saw.restapi.LessonRestController.getAll()
1650 [Test worker] INFO org.springframework.web.servlet.mvc.method.annotation.RequestMappingHandlerMapping - Mapped "{[/lesson/getByIdRoom/{id}],methods=[GET],produces=[application/json]}" onto public java.util.Set<it.unisalento.se.saw.dto.LessonDTO> it.unisalento.se.saw.restapi.LessonRestController.getByIdRoom(int)
1650 [Test worker] INFO org.springframework.web.servlet.mvc.method.annotation.RequestMappingHandlerMapping - Mapped "{[/lesson/getById/{id}],methods=[GET],produces=[application/json]}" onto public it.unisalento.se.saw.dto.LessonDTO it.unisalento.se.saw.restapi.LessonRestController.getById(int) throws it.unisalento.se.saw.exceptions.LessonNotFoundException
1651 [Test worker] INFO org.springframework.web.servlet.mvc.method.annotation.RequestMappingHandlerMapping - Mapped "{[/lesson/getByDate/{date}_{id}],methods=[GET],produces=[application/json]}" onto public java.util.Set<it.unisalento.se.saw.dto.LessonDTO> it.unisalento.se.saw.restapi.LessonRestController.getByDateAndIdCourse(java.lang.String,int) throws java.text.ParseException
1651 [Test worker] INFO org.springframework.web.servlet.mvc.method.annotation.RequestMappingHandlerMapping - Mapped "{[/lesson/getByDateAndIdProf/{date}_{id}],methods=[GET],produces=[application/json]}" onto public java.util.Set<it.unisalento.se.saw.dto.LessonDTO> it.unisalento.se.saw.restapi.LessonRestController.getByDateAndIdProfessor(java.lang.String,int) throws java.text.ParseException
1658 [Test worker] INFO org.springframework.web.servlet.mvc.method.annotation.RequestMappingHandlerAdapter - Looking for @ControllerAdvice: org.springframework.test.web.servlet.setup.StubWebApplicationContext@4042d7f5
1661 [Test worker] INFO org.springframework.mock.web.MockServletContext - Initializing Spring FrameworkServlet ''
1661 [Test worker] INFO org.springframework.test.web.servlet.TestDispatcherServlet - FrameworkServlet '': initialization started
1661 [Test worker] INFO org.springframework.test.web.servlet.TestDispatcherServlet - FrameworkServlet '': initialization completed in 0 ms
1676 [Test worker] INFO org.springframework.web.servlet.mvc.method.annotation.RequestMappingHandlerMapping - Mapped "{[/lesson/update],methods=[POST],consumes=[application/json]}" onto public it.unisalento.se.saw.dto.LessonDTO it.unisalento.se.saw.restapi.LessonRestController.update(it.unisalento.se.saw.dto.LessonDTO) throws it.unisalento.se.saw.exceptions.RoomNotFoundException,it.unisalento.se.saw.exceptions.TeachingNotFoundException
1676 [Test worker] INFO org.springframework.web.servlet.mvc.method.annotation.RequestMappingHandlerMapping - Mapped "{[/lesson/save],methods=[POST],consumes=[application/json]}" onto public it.unisalento.se.saw.dto.LessonDTO it.unisalento.se.saw.restapi.LessonRestController.save(it.unisalento.se.saw.dto.LessonDTO) throws it.unisalento.se.saw.exceptions.RoomNotFoundException,it.unisalento.se.saw.exceptions.TeachingNotFoundException
1677 [Test worker] INFO org.springframework.web.servlet.mvc.method.annotation.RequestMappingHandlerMapping - Mapped "{[/lesson/getAll],methods=[GET],produces=[application/json]}" onto public java.util.Set<it.unisalento.se.saw.dto.LessonDTO> it.unisalento.se.saw.restapi.LessonRestController.getAll()
1677 [Test worker] INFO org.springframework.web.servlet.mvc.method.annotation.RequestMappingHandlerMapping - Mapped "{[/lesson/getByIdRoom/{id}],methods=[GET],produces=[application/json]}" onto public java.util.Set<it.unisalento.se.saw.dto.LessonDTO> it.unisalento.se.saw.restapi.LessonRestController.getByIdRoom(int)
1677 [Test worker] INFO org.springframework.web.servlet.mvc.method.annotation.RequestMappingHandlerMapping - Mapped "{[/lesson/getById/{id}],methods=[GET],produces=[application/json]}" onto public it.unisalento.se.saw.dto.LessonDTO it.unisalento.se.saw.restapi.LessonRestController.getById(int) throws it.unisalento.se.saw.exceptions.LessonNotFoundException
1678 [Test worker] INFO org.springframework.web.servlet.mvc.method.annotation.RequestMappingHandlerMapping - Mapped "{[/lesson/getByDate/{date}_{id}],methods=[GET],produces=[application/json]}" onto public java.util.Set<it.unisalento.se.saw.dto.LessonDTO> it.unisalento.se.saw.restapi.LessonRestController.getByDateAndIdCourse(java.lang.String,int) throws java.text.ParseException
1678 [Test worker] INFO org.springframework.web.servlet.mvc.method.annotation.RequestMappingHandlerMapping - Mapped "{[/lesson/getByDateAndIdProf/{date}_{id}],methods=[GET],produces=[application/json]}" onto public java.util.Set<it.unisalento.se.saw.dto.LessonDTO> it.unisalento.se.saw.restapi.LessonRestController.getByDateAndIdProfessor(java.lang.String,int) throws java.text.ParseException
1686 [Test worker] INFO org.springframework.web.servlet.mvc.method.annotation.RequestMappingHandlerAdapter - Looking for @ControllerAdvice: org.springframework.test.web.servlet.setup.StubWebApplicationContext@7aba92dc
1691 [Test worker] INFO org.springframework.mock.web.MockServletContext - Initializing Spring FrameworkServlet ''
1691 [Test worker] INFO org.springframework.test.web.servlet.TestDispatcherServlet - FrameworkServlet '': initialization started
1691 [Test worker] INFO org.springframework.test.web.servlet.TestDispatcherServlet - FrameworkServlet '': initialization completed in 0 ms
1713 [Test worker] INFO org.springframework.web.servlet.mvc.method.annotation.RequestMappingHandlerMapping - Mapped "{[/lesson/update],methods=[POST],consumes=[application/json]}" onto public it.unisalento.se.saw.dto.LessonDTO it.unisalento.se.saw.restapi.LessonRestController.update(it.unisalento.se.saw.dto.LessonDTO) throws it.unisalento.se.saw.exceptions.RoomNotFoundException,it.unisalento.se.saw.exceptions.TeachingNotFoundException
1714 [Test worker] INFO org.springframework.web.servlet.mvc.method.annotation.RequestMappingHandlerMapping - Mapped "{[/lesson/save],methods=[POST],consumes=[application/json]}" onto public it.unisalento.se.saw.dto.LessonDTO it.unisalento.se.saw.restapi.LessonRestController.save(it.unisalento.se.saw.dto.LessonDTO) throws it.unisalento.se.saw.exceptions.RoomNotFoundException,it.unisalento.se.saw.exceptions.TeachingNotFoundException
1714 [Test worker] INFO org.springframework.web.servlet.mvc.method.annotation.RequestMappingHandlerMapping - Mapped "{[/lesson/getAll],methods=[GET],produces=[application/json]}" onto public java.util.Set<it.unisalento.se.saw.dto.LessonDTO> it.unisalento.se.saw.restapi.LessonRestController.getAll()
1714 [Test worker] INFO org.springframework.web.servlet.mvc.method.annotation.RequestMappingHandlerMapping - Mapped "{[/lesson/getByIdRoom/{id}],methods=[GET],produces=[application/json]}" onto public java.util.Set<it.unisalento.se.saw.dto.LessonDTO> it.unisalento.se.saw.restapi.LessonRestController.getByIdRoom(int)
1715 [Test worker] INFO org.springframework.web.servlet.mvc.method.annotation.RequestMappingHandlerMapping - Mapped "{[/lesson/getById/{id}],methods=[GET],produces=[application/json]}" onto public it.unisalento.se.saw.dto.LessonDTO it.unisalento.se.saw.restapi.LessonRestController.getById(int) throws it.unisalento.se.saw.exceptions.LessonNotFoundException
1715 [Test worker] INFO org.springframework.web.servlet.mvc.method.annotation.RequestMappingHandlerMapping - Mapped "{[/lesson/getByDate/{date}_{id}],methods=[GET],produces=[application/json]}" onto public java.util.Set<it.unisalento.se.saw.dto.LessonDTO> it.unisalento.se.saw.restapi.LessonRestController.getByDateAndIdCourse(java.lang.String,int) throws java.text.ParseException
1715 [Test worker] INFO org.springframework.web.servlet.mvc.method.annotation.RequestMappingHandlerMapping - Mapped "{[/lesson/getByDateAndIdProf/{date}_{id}],methods=[GET],produces=[application/json]}" onto public java.util.Set<it.unisalento.se.saw.dto.LessonDTO> it.unisalento.se.saw.restapi.LessonRestController.getByDateAndIdProfessor(java.lang.String,int) throws java.text.ParseException
1723 [Test worker] INFO org.springframework.web.servlet.mvc.method.annotation.RequestMappingHandlerAdapter - Looking for @ControllerAdvice: org.springframework.test.web.servlet.setup.StubWebApplicationContext@5f7ccb0d
1726 [Test worker] INFO org.springframework.mock.web.MockServletContext - Initializing Spring FrameworkServlet ''
1726 [Test worker] INFO org.springframework.test.web.servlet.TestDispatcherServlet - FrameworkServlet '': initialization started
1726 [Test worker] INFO org.springframework.test.web.servlet.TestDispatcherServlet - FrameworkServlet '': initialization completed in 0 ms
1735 [Test worker] INFO org.springframework.web.servlet.mvc.method.annotation.RequestMappingHandlerMapping - Mapped "{[/lesson/update],methods=[POST],consumes=[application/json]}" onto public it.unisalento.se.saw.dto.LessonDTO it.unisalento.se.saw.restapi.LessonRestController.update(it.unisalento.se.saw.dto.LessonDTO) throws it.unisalento.se.saw.exceptions.RoomNotFoundException,it.unisalento.se.saw.exceptions.TeachingNotFoundException
1736 [Test worker] INFO org.springframework.web.servlet.mvc.method.annotation.RequestMappingHandlerMapping - Mapped "{[/lesson/save],methods=[POST],consumes=[application/json]}" onto public it.unisalento.se.saw.dto.LessonDTO it.unisalento.se.saw.restapi.LessonRestController.save(it.unisalento.se.saw.dto.LessonDTO) throws it.unisalento.se.saw.exceptions.RoomNotFoundException,it.unisalento.se.saw.exceptions.TeachingNotFoundException
1736 [Test worker] INFO org.springframework.web.servlet.mvc.method.annotation.RequestMappingHandlerMapping - Mapped "{[/lesson/getAll],methods=[GET],produces=[application/json]}" onto public java.util.Set<it.unisalento.se.saw.dto.LessonDTO> it.unisalento.se.saw.restapi.LessonRestController.getAll()
1737 [Test worker] INFO org.springframework.web.servlet.mvc.method.annotation.RequestMappingHandlerMapping - Mapped "{[/lesson/getByIdRoom/{id}],methods=[GET],produces=[application/json]}" onto public java.util.Set<it.unisalento.se.saw.dto.LessonDTO> it.unisalento.se.saw.restapi.LessonRestController.getByIdRoom(int)
1737 [Test worker] INFO org.springframework.web.servlet.mvc.method.annotation.RequestMappingHandlerMapping - Mapped "{[/lesson/getById/{id}],methods=[GET],produces=[application/json]}" onto public it.unisalento.se.saw.dto.LessonDTO it.unisalento.se.saw.restapi.LessonRestController.getById(int) throws it.unisalento.se.saw.exceptions.LessonNotFoundException
1738 [Test worker] INFO org.springframework.web.servlet.mvc.method.annotation.RequestMappingHandlerMapping - Mapped "{[/lesson/getByDate/{date}_{id}],methods=[GET],produces=[application/json]}" onto public java.util.Set<it.unisalento.se.saw.dto.LessonDTO> it.unisalento.se.saw.restapi.LessonRestController.getByDateAndIdCourse(java.lang.String,int) throws java.text.ParseException
1738 [Test worker] INFO org.springframework.web.servlet.mvc.method.annotation.RequestMappingHandlerMapping - Mapped "{[/lesson/getByDateAndIdProf/{date}_{id}],methods=[GET],produces=[application/json]}" onto public java.util.Set<it.unisalento.se.saw.dto.LessonDTO> it.unisalento.se.saw.restapi.LessonRestController.getByDateAndIdProfessor(java.lang.String,int) throws java.text.ParseException
1749 [Test worker] INFO org.springframework.web.servlet.mvc.method.annotation.RequestMappingHandlerAdapter - Looking for @ControllerAdvice: org.springframework.test.web.servlet.setup.StubWebApplicationContext@7a245f
1753 [Test worker] INFO org.springframework.mock.web.MockServletContext - Initializing Spring FrameworkServlet ''
1753 [Test worker] INFO org.springframework.test.web.servlet.TestDispatcherServlet - FrameworkServlet '': initialization started
1753 [Test worker] INFO org.springframework.test.web.servlet.TestDispatcherServlet - FrameworkServlet '': initialization completed in 0 ms
]]></system-err>
</testsuite>
