<?xml version="1.0" encoding="UTF-8"?>
<testsuite name="it.unisalento.se.saw.restapi.LessonRestControllerTest" tests="5" skipped="0" failures="0" errors="0" timestamp="2018-09-09T08:46:49" hostname="antonio-pc" time="0.176">
  <properties/>
  <testcase name="saveTest" classname="it.unisalento.se.saw.restapi.LessonRestControllerTest" time="0.04"/>
  <testcase name="getByIdTest" classname="it.unisalento.se.saw.restapi.LessonRestControllerTest" time="0.037"/>
  <testcase name="updateTest" classname="it.unisalento.se.saw.restapi.LessonRestControllerTest" time="0.031"/>
  <testcase name="getAllTest" classname="it.unisalento.se.saw.restapi.LessonRestControllerTest" time="0.021"/>
  <testcase name="getByIdRoomTest" classname="it.unisalento.se.saw.restapi.LessonRestControllerTest" time="0.041"/>
  <system-out><![CDATA[qui                                                                          afaf
qui                                                                          afaf
]]></system-out>
  <system-err><![CDATA[1227 [Test worker] INFO org.springframework.web.servlet.mvc.method.annotation.RequestMappingHandlerMapping - Mapped "{[/lesson/getByIdRoom/{id}],methods=[GET],produces=[application/json]}" onto public java.util.Set<it.unisalento.se.saw.dto.LessonDTO> it.unisalento.se.saw.restapi.LessonRestController.getByIdRoom(int)
1228 [Test worker] INFO org.springframework.web.servlet.mvc.method.annotation.RequestMappingHandlerMapping - Mapped "{[/lesson/getById/{id}],methods=[GET],produces=[application/json]}" onto public it.unisalento.se.saw.dto.LessonDTO it.unisalento.se.saw.restapi.LessonRestController.getById(int) throws it.unisalento.se.saw.exceptions.LessonNotFoundException
1228 [Test worker] INFO org.springframework.web.servlet.mvc.method.annotation.RequestMappingHandlerMapping - Mapped "{[/lesson/getByDateAndIdProf/{date}_{id}],methods=[GET],produces=[application/json]}" onto public java.util.Set<it.unisalento.se.saw.dto.LessonDTO> it.unisalento.se.saw.restapi.LessonRestController.getByDateAndIdProfessor(java.lang.String,int) throws java.text.ParseException
1229 [Test worker] INFO org.springframework.web.servlet.mvc.method.annotation.RequestMappingHandlerMapping - Mapped "{[/lesson/getByDate/{date}_{id}],methods=[GET],produces=[application/json]}" onto public java.util.Set<it.unisalento.se.saw.dto.LessonDTO> it.unisalento.se.saw.restapi.LessonRestController.getByDateAndIdCourse(java.lang.String,int) throws java.text.ParseException
1229 [Test worker] INFO org.springframework.web.servlet.mvc.method.annotation.RequestMappingHandlerMapping - Mapped "{[/lesson/getAll],methods=[GET],produces=[application/json]}" onto public java.util.Set<it.unisalento.se.saw.dto.LessonDTO> it.unisalento.se.saw.restapi.LessonRestController.getAll()
1230 [Test worker] INFO org.springframework.web.servlet.mvc.method.annotation.RequestMappingHandlerMapping - Mapped "{[/lesson/update],methods=[POST],consumes=[application/json]}" onto public it.unisalento.se.saw.dto.LessonDTO it.unisalento.se.saw.restapi.LessonRestController.update(it.unisalento.se.saw.dto.LessonDTO) throws it.unisalento.se.saw.exceptions.RoomNotFoundException,it.unisalento.se.saw.exceptions.TeachingNotFoundException
1231 [Test worker] INFO org.springframework.web.servlet.mvc.method.annotation.RequestMappingHandlerMapping - Mapped "{[/lesson/save],methods=[POST],consumes=[application/json]}" onto public it.unisalento.se.saw.dto.LessonDTO it.unisalento.se.saw.restapi.LessonRestController.save(it.unisalento.se.saw.dto.LessonDTO) throws it.unisalento.se.saw.exceptions.RoomNotFoundException,it.unisalento.se.saw.exceptions.TeachingNotFoundException
1236 [Test worker] INFO org.springframework.web.servlet.mvc.method.annotation.RequestMappingHandlerAdapter - Looking for @ControllerAdvice: org.springframework.test.web.servlet.setup.StubWebApplicationContext@16dc20d2
1239 [Test worker] INFO org.springframework.mock.web.MockServletContext - Initializing Spring FrameworkServlet ''
1239 [Test worker] INFO org.springframework.test.web.servlet.TestDispatcherServlet - FrameworkServlet '': initialization started
1239 [Test worker] INFO org.springframework.test.web.servlet.TestDispatcherServlet - FrameworkServlet '': initialization completed in 0 ms
1268 [Test worker] INFO org.springframework.web.servlet.mvc.method.annotation.RequestMappingHandlerMapping - Mapped "{[/lesson/getByIdRoom/{id}],methods=[GET],produces=[application/json]}" onto public java.util.Set<it.unisalento.se.saw.dto.LessonDTO> it.unisalento.se.saw.restapi.LessonRestController.getByIdRoom(int)
1269 [Test worker] INFO org.springframework.web.servlet.mvc.method.annotation.RequestMappingHandlerMapping - Mapped "{[/lesson/getById/{id}],methods=[GET],produces=[application/json]}" onto public it.unisalento.se.saw.dto.LessonDTO it.unisalento.se.saw.restapi.LessonRestController.getById(int) throws it.unisalento.se.saw.exceptions.LessonNotFoundException
1270 [Test worker] INFO org.springframework.web.servlet.mvc.method.annotation.RequestMappingHandlerMapping - Mapped "{[/lesson/getByDateAndIdProf/{date}_{id}],methods=[GET],produces=[application/json]}" onto public java.util.Set<it.unisalento.se.saw.dto.LessonDTO> it.unisalento.se.saw.restapi.LessonRestController.getByDateAndIdProfessor(java.lang.String,int) throws java.text.ParseException
1271 [Test worker] INFO org.springframework.web.servlet.mvc.method.annotation.RequestMappingHandlerMapping - Mapped "{[/lesson/getByDate/{date}_{id}],methods=[GET],produces=[application/json]}" onto public java.util.Set<it.unisalento.se.saw.dto.LessonDTO> it.unisalento.se.saw.restapi.LessonRestController.getByDateAndIdCourse(java.lang.String,int) throws java.text.ParseException
1273 [Test worker] INFO org.springframework.web.servlet.mvc.method.annotation.RequestMappingHandlerMapping - Mapped "{[/lesson/getAll],methods=[GET],produces=[application/json]}" onto public java.util.Set<it.unisalento.se.saw.dto.LessonDTO> it.unisalento.se.saw.restapi.LessonRestController.getAll()
1274 [Test worker] INFO org.springframework.web.servlet.mvc.method.annotation.RequestMappingHandlerMapping - Mapped "{[/lesson/update],methods=[POST],consumes=[application/json]}" onto public it.unisalento.se.saw.dto.LessonDTO it.unisalento.se.saw.restapi.LessonRestController.update(it.unisalento.se.saw.dto.LessonDTO) throws it.unisalento.se.saw.exceptions.RoomNotFoundException,it.unisalento.se.saw.exceptions.TeachingNotFoundException
1275 [Test worker] INFO org.springframework.web.servlet.mvc.method.annotation.RequestMappingHandlerMapping - Mapped "{[/lesson/save],methods=[POST],consumes=[application/json]}" onto public it.unisalento.se.saw.dto.LessonDTO it.unisalento.se.saw.restapi.LessonRestController.save(it.unisalento.se.saw.dto.LessonDTO) throws it.unisalento.se.saw.exceptions.RoomNotFoundException,it.unisalento.se.saw.exceptions.TeachingNotFoundException
1285 [Test worker] INFO org.springframework.web.servlet.mvc.method.annotation.RequestMappingHandlerAdapter - Looking for @ControllerAdvice: org.springframework.test.web.servlet.setup.StubWebApplicationContext@32dcdf3b
1289 [Test worker] INFO org.springframework.mock.web.MockServletContext - Initializing Spring FrameworkServlet ''
1290 [Test worker] INFO org.springframework.test.web.servlet.TestDispatcherServlet - FrameworkServlet '': initialization started
1291 [Test worker] INFO org.springframework.test.web.servlet.TestDispatcherServlet - FrameworkServlet '': initialization completed in 0 ms
1307 [Test worker] INFO org.springframework.web.servlet.mvc.method.annotation.RequestMappingHandlerMapping - Mapped "{[/lesson/getByIdRoom/{id}],methods=[GET],produces=[application/json]}" onto public java.util.Set<it.unisalento.se.saw.dto.LessonDTO> it.unisalento.se.saw.restapi.LessonRestController.getByIdRoom(int)
1308 [Test worker] INFO org.springframework.web.servlet.mvc.method.annotation.RequestMappingHandlerMapping - Mapped "{[/lesson/getById/{id}],methods=[GET],produces=[application/json]}" onto public it.unisalento.se.saw.dto.LessonDTO it.unisalento.se.saw.restapi.LessonRestController.getById(int) throws it.unisalento.se.saw.exceptions.LessonNotFoundException
1310 [Test worker] INFO org.springframework.web.servlet.mvc.method.annotation.RequestMappingHandlerMapping - Mapped "{[/lesson/getByDateAndIdProf/{date}_{id}],methods=[GET],produces=[application/json]}" onto public java.util.Set<it.unisalento.se.saw.dto.LessonDTO> it.unisalento.se.saw.restapi.LessonRestController.getByDateAndIdProfessor(java.lang.String,int) throws java.text.ParseException
1312 [Test worker] INFO org.springframework.web.servlet.mvc.method.annotation.RequestMappingHandlerMapping - Mapped "{[/lesson/getByDate/{date}_{id}],methods=[GET],produces=[application/json]}" onto public java.util.Set<it.unisalento.se.saw.dto.LessonDTO> it.unisalento.se.saw.restapi.LessonRestController.getByDateAndIdCourse(java.lang.String,int) throws java.text.ParseException
1312 [Test worker] INFO org.springframework.web.servlet.mvc.method.annotation.RequestMappingHandlerMapping - Mapped "{[/lesson/getAll],methods=[GET],produces=[application/json]}" onto public java.util.Set<it.unisalento.se.saw.dto.LessonDTO> it.unisalento.se.saw.restapi.LessonRestController.getAll()
1312 [Test worker] INFO org.springframework.web.servlet.mvc.method.annotation.RequestMappingHandlerMapping - Mapped "{[/lesson/update],methods=[POST],consumes=[application/json]}" onto public it.unisalento.se.saw.dto.LessonDTO it.unisalento.se.saw.restapi.LessonRestController.update(it.unisalento.se.saw.dto.LessonDTO) throws it.unisalento.se.saw.exceptions.RoomNotFoundException,it.unisalento.se.saw.exceptions.TeachingNotFoundException
1312 [Test worker] INFO org.springframework.web.servlet.mvc.method.annotation.RequestMappingHandlerMapping - Mapped "{[/lesson/save],methods=[POST],consumes=[application/json]}" onto public it.unisalento.se.saw.dto.LessonDTO it.unisalento.se.saw.restapi.LessonRestController.save(it.unisalento.se.saw.dto.LessonDTO) throws it.unisalento.se.saw.exceptions.RoomNotFoundException,it.unisalento.se.saw.exceptions.TeachingNotFoundException
1318 [Test worker] INFO org.springframework.web.servlet.mvc.method.annotation.RequestMappingHandlerAdapter - Looking for @ControllerAdvice: org.springframework.test.web.servlet.setup.StubWebApplicationContext@49899544
1322 [Test worker] INFO org.springframework.mock.web.MockServletContext - Initializing Spring FrameworkServlet ''
1322 [Test worker] INFO org.springframework.test.web.servlet.TestDispatcherServlet - FrameworkServlet '': initialization started
1322 [Test worker] INFO org.springframework.test.web.servlet.TestDispatcherServlet - FrameworkServlet '': initialization completed in 0 ms
1337 [Test worker] INFO org.springframework.web.servlet.mvc.method.annotation.RequestMappingHandlerMapping - Mapped "{[/lesson/getByIdRoom/{id}],methods=[GET],produces=[application/json]}" onto public java.util.Set<it.unisalento.se.saw.dto.LessonDTO> it.unisalento.se.saw.restapi.LessonRestController.getByIdRoom(int)
1337 [Test worker] INFO org.springframework.web.servlet.mvc.method.annotation.RequestMappingHandlerMapping - Mapped "{[/lesson/getById/{id}],methods=[GET],produces=[application/json]}" onto public it.unisalento.se.saw.dto.LessonDTO it.unisalento.se.saw.restapi.LessonRestController.getById(int) throws it.unisalento.se.saw.exceptions.LessonNotFoundException
1338 [Test worker] INFO org.springframework.web.servlet.mvc.method.annotation.RequestMappingHandlerMapping - Mapped "{[/lesson/getByDateAndIdProf/{date}_{id}],methods=[GET],produces=[application/json]}" onto public java.util.Set<it.unisalento.se.saw.dto.LessonDTO> it.unisalento.se.saw.restapi.LessonRestController.getByDateAndIdProfessor(java.lang.String,int) throws java.text.ParseException
1338 [Test worker] INFO org.springframework.web.servlet.mvc.method.annotation.RequestMappingHandlerMapping - Mapped "{[/lesson/getByDate/{date}_{id}],methods=[GET],produces=[application/json]}" onto public java.util.Set<it.unisalento.se.saw.dto.LessonDTO> it.unisalento.se.saw.restapi.LessonRestController.getByDateAndIdCourse(java.lang.String,int) throws java.text.ParseException
1338 [Test worker] INFO org.springframework.web.servlet.mvc.method.annotation.RequestMappingHandlerMapping - Mapped "{[/lesson/getAll],methods=[GET],produces=[application/json]}" onto public java.util.Set<it.unisalento.se.saw.dto.LessonDTO> it.unisalento.se.saw.restapi.LessonRestController.getAll()
1338 [Test worker] INFO org.springframework.web.servlet.mvc.method.annotation.RequestMappingHandlerMapping - Mapped "{[/lesson/update],methods=[POST],consumes=[application/json]}" onto public it.unisalento.se.saw.dto.LessonDTO it.unisalento.se.saw.restapi.LessonRestController.update(it.unisalento.se.saw.dto.LessonDTO) throws it.unisalento.se.saw.exceptions.RoomNotFoundException,it.unisalento.se.saw.exceptions.TeachingNotFoundException
1339 [Test worker] INFO org.springframework.web.servlet.mvc.method.annotation.RequestMappingHandlerMapping - Mapped "{[/lesson/save],methods=[POST],consumes=[application/json]}" onto public it.unisalento.se.saw.dto.LessonDTO it.unisalento.se.saw.restapi.LessonRestController.save(it.unisalento.se.saw.dto.LessonDTO) throws it.unisalento.se.saw.exceptions.RoomNotFoundException,it.unisalento.se.saw.exceptions.TeachingNotFoundException
1347 [Test worker] INFO org.springframework.web.servlet.mvc.method.annotation.RequestMappingHandlerAdapter - Looking for @ControllerAdvice: org.springframework.test.web.servlet.setup.StubWebApplicationContext@6cc2746f
1350 [Test worker] INFO org.springframework.mock.web.MockServletContext - Initializing Spring FrameworkServlet ''
1350 [Test worker] INFO org.springframework.test.web.servlet.TestDispatcherServlet - FrameworkServlet '': initialization started
1350 [Test worker] INFO org.springframework.test.web.servlet.TestDispatcherServlet - FrameworkServlet '': initialization completed in 0 ms
1359 [Test worker] INFO org.springframework.web.servlet.mvc.method.annotation.RequestMappingHandlerMapping - Mapped "{[/lesson/getByIdRoom/{id}],methods=[GET],produces=[application/json]}" onto public java.util.Set<it.unisalento.se.saw.dto.LessonDTO> it.unisalento.se.saw.restapi.LessonRestController.getByIdRoom(int)
1359 [Test worker] INFO org.springframework.web.servlet.mvc.method.annotation.RequestMappingHandlerMapping - Mapped "{[/lesson/getById/{id}],methods=[GET],produces=[application/json]}" onto public it.unisalento.se.saw.dto.LessonDTO it.unisalento.se.saw.restapi.LessonRestController.getById(int) throws it.unisalento.se.saw.exceptions.LessonNotFoundException
1359 [Test worker] INFO org.springframework.web.servlet.mvc.method.annotation.RequestMappingHandlerMapping - Mapped "{[/lesson/getByDateAndIdProf/{date}_{id}],methods=[GET],produces=[application/json]}" onto public java.util.Set<it.unisalento.se.saw.dto.LessonDTO> it.unisalento.se.saw.restapi.LessonRestController.getByDateAndIdProfessor(java.lang.String,int) throws java.text.ParseException
1360 [Test worker] INFO org.springframework.web.servlet.mvc.method.annotation.RequestMappingHandlerMapping - Mapped "{[/lesson/getByDate/{date}_{id}],methods=[GET],produces=[application/json]}" onto public java.util.Set<it.unisalento.se.saw.dto.LessonDTO> it.unisalento.se.saw.restapi.LessonRestController.getByDateAndIdCourse(java.lang.String,int) throws java.text.ParseException
1360 [Test worker] INFO org.springframework.web.servlet.mvc.method.annotation.RequestMappingHandlerMapping - Mapped "{[/lesson/getAll],methods=[GET],produces=[application/json]}" onto public java.util.Set<it.unisalento.se.saw.dto.LessonDTO> it.unisalento.se.saw.restapi.LessonRestController.getAll()
1360 [Test worker] INFO org.springframework.web.servlet.mvc.method.annotation.RequestMappingHandlerMapping - Mapped "{[/lesson/update],methods=[POST],consumes=[application/json]}" onto public it.unisalento.se.saw.dto.LessonDTO it.unisalento.se.saw.restapi.LessonRestController.update(it.unisalento.se.saw.dto.LessonDTO) throws it.unisalento.se.saw.exceptions.RoomNotFoundException,it.unisalento.se.saw.exceptions.TeachingNotFoundException
1360 [Test worker] INFO org.springframework.web.servlet.mvc.method.annotation.RequestMappingHandlerMapping - Mapped "{[/lesson/save],methods=[POST],consumes=[application/json]}" onto public it.unisalento.se.saw.dto.LessonDTO it.unisalento.se.saw.restapi.LessonRestController.save(it.unisalento.se.saw.dto.LessonDTO) throws it.unisalento.se.saw.exceptions.RoomNotFoundException,it.unisalento.se.saw.exceptions.TeachingNotFoundException
1367 [Test worker] INFO org.springframework.web.servlet.mvc.method.annotation.RequestMappingHandlerAdapter - Looking for @ControllerAdvice: org.springframework.test.web.servlet.setup.StubWebApplicationContext@697c7435
1383 [Test worker] INFO org.springframework.mock.web.MockServletContext - Initializing Spring FrameworkServlet ''
1383 [Test worker] INFO org.springframework.test.web.servlet.TestDispatcherServlet - FrameworkServlet '': initialization started
1383 [Test worker] INFO org.springframework.test.web.servlet.TestDispatcherServlet - FrameworkServlet '': initialization completed in 0 ms
]]></system-err>
</testsuite>
