<?xml version="1.0" encoding="UTF-8"?>
<testsuite name="it.unisalento.se.saw.services.SegnalationStateServiceTest" tests="5" skipped="0" failures="0" errors="0" timestamp="2018-09-09T08:46:48" hostname="antonio-pc" time="0.016">
  <properties/>
  <testcase name="saveTest" classname="it.unisalento.se.saw.services.SegnalationStateServiceTest" time="0.003"/>
  <testcase name="getByIdTest" classname="it.unisalento.se.saw.services.SegnalationStateServiceTest" time="0.001"/>
  <testcase name="getAllTest" classname="it.unisalento.se.saw.services.SegnalationStateServiceTest" time="0.001"/>
  <testcase name="getByIdErrorTest" classname="it.unisalento.se.saw.services.SegnalationStateServiceTest" time="0.001"/>
  <testcase name="getDomainByIdTest" classname="it.unisalento.se.saw.services.SegnalationStateServiceTest" time="0.001"/>
  <system-out><![CDATA[]]></system-out>
  <system-err><![CDATA[]]></system-err>
</testsuite>
