<?xml version="1.0" encoding="UTF-8"?>
<testsuite name="it.unisalento.se.saw.restapi.SecretaryRestControllerTest" tests="3" skipped="0" failures="0" errors="0" timestamp="2018-09-02T10:12:12" hostname="DESKTOP-TUGA85P" time="0.294">
  <properties/>
  <testcase name="saveTest" classname="it.unisalento.se.saw.restapi.SecretaryRestControllerTest" time="0.12"/>
  <testcase name="getByIdTest" classname="it.unisalento.se.saw.restapi.SecretaryRestControllerTest" time="0.056"/>
  <testcase name="getByUidTest" classname="it.unisalento.se.saw.restapi.SecretaryRestControllerTest" time="0.114"/>
  <system-out><![CDATA[]]></system-out>
  <system-err><![CDATA[1999 [Test worker] INFO org.springframework.web.servlet.mvc.method.annotation.RequestMappingHandlerMapping - Mapped "{[/secretary/getByUid/{uid}],methods=[GET],produces=[application/json]}" onto public it.unisalento.se.saw.dto.SecretaryDTO it.unisalento.se.saw.restapi.SecretaryRestController.getByUid(java.lang.String) throws it.unisalento.se.saw.exceptions.SecretaryNotFoundException
2001 [Test worker] INFO org.springframework.web.servlet.mvc.method.annotation.RequestMappingHandlerMapping - Mapped "{[/secretary/getById/{id}],methods=[GET],produces=[application/json]}" onto public it.unisalento.se.saw.dto.SecretaryDTO it.unisalento.se.saw.restapi.SecretaryRestController.getById(int) throws it.unisalento.se.saw.exceptions.SecretaryNotFoundException
2001 [Test worker] INFO org.springframework.web.servlet.mvc.method.annotation.RequestMappingHandlerMapping - Mapped "{[/secretary/save],methods=[POST],consumes=[application/json]}" onto public it.unisalento.se.saw.dto.SecretaryDTO it.unisalento.se.saw.restapi.SecretaryRestController.post(it.unisalento.se.saw.dto.SecretaryDTO) throws it.unisalento.se.saw.exceptions.SecretaryNotFoundException
2013 [Test worker] INFO org.springframework.web.servlet.mvc.method.annotation.RequestMappingHandlerAdapter - Looking for @ControllerAdvice: org.springframework.test.web.servlet.setup.StubWebApplicationContext@7e3e3652
2087 [Test worker] INFO org.springframework.mock.web.MockServletContext - Initializing Spring FrameworkServlet ''
2088 [Test worker] INFO org.springframework.test.web.servlet.TestDispatcherServlet - FrameworkServlet '': initialization started
2089 [Test worker] INFO org.springframework.test.web.servlet.TestDispatcherServlet - FrameworkServlet '': initialization completed in 1 ms
2115 [Test worker] INFO org.springframework.web.servlet.mvc.method.annotation.RequestMappingHandlerMapping - Mapped "{[/secretary/getByUid/{uid}],methods=[GET],produces=[application/json]}" onto public it.unisalento.se.saw.dto.SecretaryDTO it.unisalento.se.saw.restapi.SecretaryRestController.getByUid(java.lang.String) throws it.unisalento.se.saw.exceptions.SecretaryNotFoundException
2116 [Test worker] INFO org.springframework.web.servlet.mvc.method.annotation.RequestMappingHandlerMapping - Mapped "{[/secretary/getById/{id}],methods=[GET],produces=[application/json]}" onto public it.unisalento.se.saw.dto.SecretaryDTO it.unisalento.se.saw.restapi.SecretaryRestController.getById(int) throws it.unisalento.se.saw.exceptions.SecretaryNotFoundException
2122 [Test worker] INFO org.springframework.web.servlet.mvc.method.annotation.RequestMappingHandlerMapping - Mapped "{[/secretary/save],methods=[POST],consumes=[application/json]}" onto public it.unisalento.se.saw.dto.SecretaryDTO it.unisalento.se.saw.restapi.SecretaryRestController.post(it.unisalento.se.saw.dto.SecretaryDTO) throws it.unisalento.se.saw.exceptions.SecretaryNotFoundException
2146 [Test worker] INFO org.springframework.web.servlet.mvc.method.annotation.RequestMappingHandlerAdapter - Looking for @ControllerAdvice: org.springframework.test.web.servlet.setup.StubWebApplicationContext@272ab58e
2150 [Test worker] INFO org.springframework.mock.web.MockServletContext - Initializing Spring FrameworkServlet ''
2150 [Test worker] INFO org.springframework.test.web.servlet.TestDispatcherServlet - FrameworkServlet '': initialization started
2151 [Test worker] INFO org.springframework.test.web.servlet.TestDispatcherServlet - FrameworkServlet '': initialization completed in 0 ms
2241 [Test worker] INFO org.springframework.web.servlet.mvc.method.annotation.RequestMappingHandlerMapping - Mapped "{[/secretary/getByUid/{uid}],methods=[GET],produces=[application/json]}" onto public it.unisalento.se.saw.dto.SecretaryDTO it.unisalento.se.saw.restapi.SecretaryRestController.getByUid(java.lang.String) throws it.unisalento.se.saw.exceptions.SecretaryNotFoundException
2246 [Test worker] INFO org.springframework.web.servlet.mvc.method.annotation.RequestMappingHandlerMapping - Mapped "{[/secretary/getById/{id}],methods=[GET],produces=[application/json]}" onto public it.unisalento.se.saw.dto.SecretaryDTO it.unisalento.se.saw.restapi.SecretaryRestController.getById(int) throws it.unisalento.se.saw.exceptions.SecretaryNotFoundException
2248 [Test worker] INFO org.springframework.web.servlet.mvc.method.annotation.RequestMappingHandlerMapping - Mapped "{[/secretary/save],methods=[POST],consumes=[application/json]}" onto public it.unisalento.se.saw.dto.SecretaryDTO it.unisalento.se.saw.restapi.SecretaryRestController.post(it.unisalento.se.saw.dto.SecretaryDTO) throws it.unisalento.se.saw.exceptions.SecretaryNotFoundException
2265 [Test worker] INFO org.springframework.web.servlet.mvc.method.annotation.RequestMappingHandlerAdapter - Looking for @ControllerAdvice: org.springframework.test.web.servlet.setup.StubWebApplicationContext@780981a3
2269 [Test worker] INFO org.springframework.mock.web.MockServletContext - Initializing Spring FrameworkServlet ''
2270 [Test worker] INFO org.springframework.test.web.servlet.TestDispatcherServlet - FrameworkServlet '': initialization started
2270 [Test worker] INFO org.springframework.test.web.servlet.TestDispatcherServlet - FrameworkServlet '': initialization completed in 0 ms
]]></system-err>
</testsuite>
