<?xml version="1.0" encoding="UTF-8"?>
<testsuite name="it.unisalento.se.saw.restapi.ReviewRestControllerTest" tests="6" skipped="0" failures="0" errors="0" timestamp="2018-09-04T13:19:32" hostname="DESKTOP-TUGA85P" time="0.25">
  <properties/>
  <testcase name="saveTest" classname="it.unisalento.se.saw.restapi.ReviewRestControllerTest" time="0.042"/>
  <testcase name="getByIdMaterialTest" classname="it.unisalento.se.saw.restapi.ReviewRestControllerTest" time="0.033"/>
  <testcase name="getByIdLessonTest" classname="it.unisalento.se.saw.restapi.ReviewRestControllerTest" time="0.043"/>
  <testcase name="getByIdTest" classname="it.unisalento.se.saw.restapi.ReviewRestControllerTest" time="0.029"/>
  <testcase name="getByIdStudentAndIdMaterialTest" classname="it.unisalento.se.saw.restapi.ReviewRestControllerTest" time="0.039"/>
  <testcase name="getByIdStudentAndIdLessonTest" classname="it.unisalento.se.saw.restapi.ReviewRestControllerTest" time="0.055"/>
  <system-out><![CDATA[]]></system-out>
  <system-err><![CDATA[2794 [Test worker] INFO org.springframework.web.servlet.mvc.method.annotation.RequestMappingHandlerMapping - Mapped "{[/review/save],methods=[POST],consumes=[application/json]}" onto public it.unisalento.se.saw.dto.ReviewDTO it.unisalento.se.saw.restapi.ReviewRestController.save(it.unisalento.se.saw.dto.ReviewDTO) throws it.unisalento.se.saw.exceptions.StudentNotFoundException,it.unisalento.se.saw.exceptions.ReviewTypeNotFoundException
2794 [Test worker] INFO org.springframework.web.servlet.mvc.method.annotation.RequestMappingHandlerMapping - Mapped "{[/review/getByIdMaterial/{idMaterial}],methods=[GET],produces=[application/json]}" onto public java.util.Set<it.unisalento.se.saw.dto.ReviewDTO> it.unisalento.se.saw.restapi.ReviewRestController.getByIdMaterial(int) throws it.unisalento.se.saw.exceptions.ReviewNotFoundException
2795 [Test worker] INFO org.springframework.web.servlet.mvc.method.annotation.RequestMappingHandlerMapping - Mapped "{[/review/getByIdStudentAndIdMaterial/{idStudent}_{idMaterial}],methods=[GET],produces=[application/json]}" onto public it.unisalento.se.saw.dto.ReviewDTO it.unisalento.se.saw.restapi.ReviewRestController.getByIdStudentAndIdMaterial(int,int) throws it.unisalento.se.saw.exceptions.ReviewNotFoundException
2796 [Test worker] INFO org.springframework.web.servlet.mvc.method.annotation.RequestMappingHandlerMapping - Mapped "{[/review/getByIdStudentAndIdLesson/{idStudent}_{idLesson}],methods=[GET],produces=[application/json]}" onto public it.unisalento.se.saw.dto.ReviewDTO it.unisalento.se.saw.restapi.ReviewRestController.getByIdStudentAndIdLesson(int,int) throws it.unisalento.se.saw.exceptions.ReviewNotFoundException
2797 [Test worker] INFO org.springframework.web.servlet.mvc.method.annotation.RequestMappingHandlerMapping - Mapped "{[/review/getById/{id}],methods=[GET],produces=[application/json]}" onto public it.unisalento.se.saw.dto.ReviewDTO it.unisalento.se.saw.restapi.ReviewRestController.getById(int) throws it.unisalento.se.saw.exceptions.ReviewNotFoundException
2797 [Test worker] INFO org.springframework.web.servlet.mvc.method.annotation.RequestMappingHandlerMapping - Mapped "{[/review/getByIdLesson/{idLesson}],methods=[GET],produces=[application/json]}" onto public java.util.Set<it.unisalento.se.saw.dto.ReviewDTO> it.unisalento.se.saw.restapi.ReviewRestController.getByIdLesson(int) throws it.unisalento.se.saw.exceptions.ReviewNotFoundException
2808 [Test worker] INFO org.springframework.web.servlet.mvc.method.annotation.RequestMappingHandlerAdapter - Looking for @ControllerAdvice: org.springframework.test.web.servlet.setup.StubWebApplicationContext@3f4ac97a
2818 [Test worker] INFO org.springframework.mock.web.MockServletContext - Initializing Spring FrameworkServlet ''
2819 [Test worker] INFO org.springframework.test.web.servlet.TestDispatcherServlet - FrameworkServlet '': initialization started
2819 [Test worker] INFO org.springframework.test.web.servlet.TestDispatcherServlet - FrameworkServlet '': initialization completed in 0 ms
2837 [Test worker] INFO org.springframework.web.servlet.mvc.method.annotation.RequestMappingHandlerMapping - Mapped "{[/review/save],methods=[POST],consumes=[application/json]}" onto public it.unisalento.se.saw.dto.ReviewDTO it.unisalento.se.saw.restapi.ReviewRestController.save(it.unisalento.se.saw.dto.ReviewDTO) throws it.unisalento.se.saw.exceptions.StudentNotFoundException,it.unisalento.se.saw.exceptions.ReviewTypeNotFoundException
2837 [Test worker] INFO org.springframework.web.servlet.mvc.method.annotation.RequestMappingHandlerMapping - Mapped "{[/review/getByIdMaterial/{idMaterial}],methods=[GET],produces=[application/json]}" onto public java.util.Set<it.unisalento.se.saw.dto.ReviewDTO> it.unisalento.se.saw.restapi.ReviewRestController.getByIdMaterial(int) throws it.unisalento.se.saw.exceptions.ReviewNotFoundException
2837 [Test worker] INFO org.springframework.web.servlet.mvc.method.annotation.RequestMappingHandlerMapping - Mapped "{[/review/getByIdStudentAndIdMaterial/{idStudent}_{idMaterial}],methods=[GET],produces=[application/json]}" onto public it.unisalento.se.saw.dto.ReviewDTO it.unisalento.se.saw.restapi.ReviewRestController.getByIdStudentAndIdMaterial(int,int) throws it.unisalento.se.saw.exceptions.ReviewNotFoundException
2838 [Test worker] INFO org.springframework.web.servlet.mvc.method.annotation.RequestMappingHandlerMapping - Mapped "{[/review/getByIdStudentAndIdLesson/{idStudent}_{idLesson}],methods=[GET],produces=[application/json]}" onto public it.unisalento.se.saw.dto.ReviewDTO it.unisalento.se.saw.restapi.ReviewRestController.getByIdStudentAndIdLesson(int,int) throws it.unisalento.se.saw.exceptions.ReviewNotFoundException
2838 [Test worker] INFO org.springframework.web.servlet.mvc.method.annotation.RequestMappingHandlerMapping - Mapped "{[/review/getById/{id}],methods=[GET],produces=[application/json]}" onto public it.unisalento.se.saw.dto.ReviewDTO it.unisalento.se.saw.restapi.ReviewRestController.getById(int) throws it.unisalento.se.saw.exceptions.ReviewNotFoundException
2838 [Test worker] INFO org.springframework.web.servlet.mvc.method.annotation.RequestMappingHandlerMapping - Mapped "{[/review/getByIdLesson/{idLesson}],methods=[GET],produces=[application/json]}" onto public java.util.Set<it.unisalento.se.saw.dto.ReviewDTO> it.unisalento.se.saw.restapi.ReviewRestController.getByIdLesson(int) throws it.unisalento.se.saw.exceptions.ReviewNotFoundException
2849 [Test worker] INFO org.springframework.web.servlet.mvc.method.annotation.RequestMappingHandlerAdapter - Looking for @ControllerAdvice: org.springframework.test.web.servlet.setup.StubWebApplicationContext@95bf587
2853 [Test worker] INFO org.springframework.mock.web.MockServletContext - Initializing Spring FrameworkServlet ''
2853 [Test worker] INFO org.springframework.test.web.servlet.TestDispatcherServlet - FrameworkServlet '': initialization started
2853 [Test worker] INFO org.springframework.test.web.servlet.TestDispatcherServlet - FrameworkServlet '': initialization completed in 0 ms
2873 [Test worker] INFO org.springframework.web.servlet.mvc.method.annotation.RequestMappingHandlerMapping - Mapped "{[/review/save],methods=[POST],consumes=[application/json]}" onto public it.unisalento.se.saw.dto.ReviewDTO it.unisalento.se.saw.restapi.ReviewRestController.save(it.unisalento.se.saw.dto.ReviewDTO) throws it.unisalento.se.saw.exceptions.StudentNotFoundException,it.unisalento.se.saw.exceptions.ReviewTypeNotFoundException
2881 [Test worker] INFO org.springframework.web.servlet.mvc.method.annotation.RequestMappingHandlerMapping - Mapped "{[/review/getByIdMaterial/{idMaterial}],methods=[GET],produces=[application/json]}" onto public java.util.Set<it.unisalento.se.saw.dto.ReviewDTO> it.unisalento.se.saw.restapi.ReviewRestController.getByIdMaterial(int) throws it.unisalento.se.saw.exceptions.ReviewNotFoundException
2883 [Test worker] INFO org.springframework.web.servlet.mvc.method.annotation.RequestMappingHandlerMapping - Mapped "{[/review/getByIdStudentAndIdMaterial/{idStudent}_{idMaterial}],methods=[GET],produces=[application/json]}" onto public it.unisalento.se.saw.dto.ReviewDTO it.unisalento.se.saw.restapi.ReviewRestController.getByIdStudentAndIdMaterial(int,int) throws it.unisalento.se.saw.exceptions.ReviewNotFoundException
2884 [Test worker] INFO org.springframework.web.servlet.mvc.method.annotation.RequestMappingHandlerMapping - Mapped "{[/review/getByIdStudentAndIdLesson/{idStudent}_{idLesson}],methods=[GET],produces=[application/json]}" onto public it.unisalento.se.saw.dto.ReviewDTO it.unisalento.se.saw.restapi.ReviewRestController.getByIdStudentAndIdLesson(int,int) throws it.unisalento.se.saw.exceptions.ReviewNotFoundException
2885 [Test worker] INFO org.springframework.web.servlet.mvc.method.annotation.RequestMappingHandlerMapping - Mapped "{[/review/getById/{id}],methods=[GET],produces=[application/json]}" onto public it.unisalento.se.saw.dto.ReviewDTO it.unisalento.se.saw.restapi.ReviewRestController.getById(int) throws it.unisalento.se.saw.exceptions.ReviewNotFoundException
2886 [Test worker] INFO org.springframework.web.servlet.mvc.method.annotation.RequestMappingHandlerMapping - Mapped "{[/review/getByIdLesson/{idLesson}],methods=[GET],produces=[application/json]}" onto public java.util.Set<it.unisalento.se.saw.dto.ReviewDTO> it.unisalento.se.saw.restapi.ReviewRestController.getByIdLesson(int) throws it.unisalento.se.saw.exceptions.ReviewNotFoundException
2898 [Test worker] INFO org.springframework.web.servlet.mvc.method.annotation.RequestMappingHandlerAdapter - Looking for @ControllerAdvice: org.springframework.test.web.servlet.setup.StubWebApplicationContext@5ceb64ab
2902 [Test worker] INFO org.springframework.mock.web.MockServletContext - Initializing Spring FrameworkServlet ''
2902 [Test worker] INFO org.springframework.test.web.servlet.TestDispatcherServlet - FrameworkServlet '': initialization started
2903 [Test worker] INFO org.springframework.test.web.servlet.TestDispatcherServlet - FrameworkServlet '': initialization completed in 0 ms
2918 [Test worker] INFO org.springframework.web.servlet.mvc.method.annotation.RequestMappingHandlerMapping - Mapped "{[/review/save],methods=[POST],consumes=[application/json]}" onto public it.unisalento.se.saw.dto.ReviewDTO it.unisalento.se.saw.restapi.ReviewRestController.save(it.unisalento.se.saw.dto.ReviewDTO) throws it.unisalento.se.saw.exceptions.StudentNotFoundException,it.unisalento.se.saw.exceptions.ReviewTypeNotFoundException
2919 [Test worker] INFO org.springframework.web.servlet.mvc.method.annotation.RequestMappingHandlerMapping - Mapped "{[/review/getByIdMaterial/{idMaterial}],methods=[GET],produces=[application/json]}" onto public java.util.Set<it.unisalento.se.saw.dto.ReviewDTO> it.unisalento.se.saw.restapi.ReviewRestController.getByIdMaterial(int) throws it.unisalento.se.saw.exceptions.ReviewNotFoundException
2920 [Test worker] INFO org.springframework.web.servlet.mvc.method.annotation.RequestMappingHandlerMapping - Mapped "{[/review/getByIdStudentAndIdMaterial/{idStudent}_{idMaterial}],methods=[GET],produces=[application/json]}" onto public it.unisalento.se.saw.dto.ReviewDTO it.unisalento.se.saw.restapi.ReviewRestController.getByIdStudentAndIdMaterial(int,int) throws it.unisalento.se.saw.exceptions.ReviewNotFoundException
2921 [Test worker] INFO org.springframework.web.servlet.mvc.method.annotation.RequestMappingHandlerMapping - Mapped "{[/review/getByIdStudentAndIdLesson/{idStudent}_{idLesson}],methods=[GET],produces=[application/json]}" onto public it.unisalento.se.saw.dto.ReviewDTO it.unisalento.se.saw.restapi.ReviewRestController.getByIdStudentAndIdLesson(int,int) throws it.unisalento.se.saw.exceptions.ReviewNotFoundException
2922 [Test worker] INFO org.springframework.web.servlet.mvc.method.annotation.RequestMappingHandlerMapping - Mapped "{[/review/getById/{id}],methods=[GET],produces=[application/json]}" onto public it.unisalento.se.saw.dto.ReviewDTO it.unisalento.se.saw.restapi.ReviewRestController.getById(int) throws it.unisalento.se.saw.exceptions.ReviewNotFoundException
2922 [Test worker] INFO org.springframework.web.servlet.mvc.method.annotation.RequestMappingHandlerMapping - Mapped "{[/review/getByIdLesson/{idLesson}],methods=[GET],produces=[application/json]}" onto public java.util.Set<it.unisalento.se.saw.dto.ReviewDTO> it.unisalento.se.saw.restapi.ReviewRestController.getByIdLesson(int) throws it.unisalento.se.saw.exceptions.ReviewNotFoundException
2931 [Test worker] INFO org.springframework.web.servlet.mvc.method.annotation.RequestMappingHandlerAdapter - Looking for @ControllerAdvice: org.springframework.test.web.servlet.setup.StubWebApplicationContext@75102c4d
2935 [Test worker] INFO org.springframework.mock.web.MockServletContext - Initializing Spring FrameworkServlet ''
2935 [Test worker] INFO org.springframework.test.web.servlet.TestDispatcherServlet - FrameworkServlet '': initialization started
2935 [Test worker] INFO org.springframework.test.web.servlet.TestDispatcherServlet - FrameworkServlet '': initialization completed in 0 ms
2950 [Test worker] INFO org.springframework.web.servlet.mvc.method.annotation.RequestMappingHandlerMapping - Mapped "{[/review/save],methods=[POST],consumes=[application/json]}" onto public it.unisalento.se.saw.dto.ReviewDTO it.unisalento.se.saw.restapi.ReviewRestController.save(it.unisalento.se.saw.dto.ReviewDTO) throws it.unisalento.se.saw.exceptions.StudentNotFoundException,it.unisalento.se.saw.exceptions.ReviewTypeNotFoundException
2950 [Test worker] INFO org.springframework.web.servlet.mvc.method.annotation.RequestMappingHandlerMapping - Mapped "{[/review/getByIdMaterial/{idMaterial}],methods=[GET],produces=[application/json]}" onto public java.util.Set<it.unisalento.se.saw.dto.ReviewDTO> it.unisalento.se.saw.restapi.ReviewRestController.getByIdMaterial(int) throws it.unisalento.se.saw.exceptions.ReviewNotFoundException
2950 [Test worker] INFO org.springframework.web.servlet.mvc.method.annotation.RequestMappingHandlerMapping - Mapped "{[/review/getByIdStudentAndIdMaterial/{idStudent}_{idMaterial}],methods=[GET],produces=[application/json]}" onto public it.unisalento.se.saw.dto.ReviewDTO it.unisalento.se.saw.restapi.ReviewRestController.getByIdStudentAndIdMaterial(int,int) throws it.unisalento.se.saw.exceptions.ReviewNotFoundException
2951 [Test worker] INFO org.springframework.web.servlet.mvc.method.annotation.RequestMappingHandlerMapping - Mapped "{[/review/getByIdStudentAndIdLesson/{idStudent}_{idLesson}],methods=[GET],produces=[application/json]}" onto public it.unisalento.se.saw.dto.ReviewDTO it.unisalento.se.saw.restapi.ReviewRestController.getByIdStudentAndIdLesson(int,int) throws it.unisalento.se.saw.exceptions.ReviewNotFoundException
2951 [Test worker] INFO org.springframework.web.servlet.mvc.method.annotation.RequestMappingHandlerMapping - Mapped "{[/review/getById/{id}],methods=[GET],produces=[application/json]}" onto public it.unisalento.se.saw.dto.ReviewDTO it.unisalento.se.saw.restapi.ReviewRestController.getById(int) throws it.unisalento.se.saw.exceptions.ReviewNotFoundException
2951 [Test worker] INFO org.springframework.web.servlet.mvc.method.annotation.RequestMappingHandlerMapping - Mapped "{[/review/getByIdLesson/{idLesson}],methods=[GET],produces=[application/json]}" onto public java.util.Set<it.unisalento.se.saw.dto.ReviewDTO> it.unisalento.se.saw.restapi.ReviewRestController.getByIdLesson(int) throws it.unisalento.se.saw.exceptions.ReviewNotFoundException
2961 [Test worker] INFO org.springframework.web.servlet.mvc.method.annotation.RequestMappingHandlerAdapter - Looking for @ControllerAdvice: org.springframework.test.web.servlet.setup.StubWebApplicationContext@34026006
2965 [Test worker] INFO org.springframework.mock.web.MockServletContext - Initializing Spring FrameworkServlet ''
2965 [Test worker] INFO org.springframework.test.web.servlet.TestDispatcherServlet - FrameworkServlet '': initialization started
2965 [Test worker] INFO org.springframework.test.web.servlet.TestDispatcherServlet - FrameworkServlet '': initialization completed in 0 ms
3001 [Test worker] INFO org.springframework.web.servlet.mvc.method.annotation.RequestMappingHandlerMapping - Mapped "{[/review/save],methods=[POST],consumes=[application/json]}" onto public it.unisalento.se.saw.dto.ReviewDTO it.unisalento.se.saw.restapi.ReviewRestController.save(it.unisalento.se.saw.dto.ReviewDTO) throws it.unisalento.se.saw.exceptions.StudentNotFoundException,it.unisalento.se.saw.exceptions.ReviewTypeNotFoundException
3002 [Test worker] INFO org.springframework.web.servlet.mvc.method.annotation.RequestMappingHandlerMapping - Mapped "{[/review/getByIdMaterial/{idMaterial}],methods=[GET],produces=[application/json]}" onto public java.util.Set<it.unisalento.se.saw.dto.ReviewDTO> it.unisalento.se.saw.restapi.ReviewRestController.getByIdMaterial(int) throws it.unisalento.se.saw.exceptions.ReviewNotFoundException
3003 [Test worker] INFO org.springframework.web.servlet.mvc.method.annotation.RequestMappingHandlerMapping - Mapped "{[/review/getByIdStudentAndIdMaterial/{idStudent}_{idMaterial}],methods=[GET],produces=[application/json]}" onto public it.unisalento.se.saw.dto.ReviewDTO it.unisalento.se.saw.restapi.ReviewRestController.getByIdStudentAndIdMaterial(int,int) throws it.unisalento.se.saw.exceptions.ReviewNotFoundException
3005 [Test worker] INFO org.springframework.web.servlet.mvc.method.annotation.RequestMappingHandlerMapping - Mapped "{[/review/getByIdStudentAndIdLesson/{idStudent}_{idLesson}],methods=[GET],produces=[application/json]}" onto public it.unisalento.se.saw.dto.ReviewDTO it.unisalento.se.saw.restapi.ReviewRestController.getByIdStudentAndIdLesson(int,int) throws it.unisalento.se.saw.exceptions.ReviewNotFoundException
3006 [Test worker] INFO org.springframework.web.servlet.mvc.method.annotation.RequestMappingHandlerMapping - Mapped "{[/review/getById/{id}],methods=[GET],produces=[application/json]}" onto public it.unisalento.se.saw.dto.ReviewDTO it.unisalento.se.saw.restapi.ReviewRestController.getById(int) throws it.unisalento.se.saw.exceptions.ReviewNotFoundException
3007 [Test worker] INFO org.springframework.web.servlet.mvc.method.annotation.RequestMappingHandlerMapping - Mapped "{[/review/getByIdLesson/{idLesson}],methods=[GET],produces=[application/json]}" onto public java.util.Set<it.unisalento.se.saw.dto.ReviewDTO> it.unisalento.se.saw.restapi.ReviewRestController.getByIdLesson(int) throws it.unisalento.se.saw.exceptions.ReviewNotFoundException
3016 [Test worker] INFO org.springframework.web.servlet.mvc.method.annotation.RequestMappingHandlerAdapter - Looking for @ControllerAdvice: org.springframework.test.web.servlet.setup.StubWebApplicationContext@2cb3ea92
3030 [Test worker] INFO org.springframework.mock.web.MockServletContext - Initializing Spring FrameworkServlet ''
3030 [Test worker] INFO org.springframework.test.web.servlet.TestDispatcherServlet - FrameworkServlet '': initialization started
3030 [Test worker] INFO org.springframework.test.web.servlet.TestDispatcherServlet - FrameworkServlet '': initialization completed in 0 ms
]]></system-err>
</testsuite>
