<?xml version="1.0" encoding="UTF-8"?>
<testsuite name="it.unisalento.se.saw.restapi.ExamRestControllerTest" tests="3" skipped="0" failures="0" errors="0" timestamp="2018-09-09T08:46:51" hostname="antonio-pc" time="0.066">
  <properties/>
  <testcase name="saveTest" classname="it.unisalento.se.saw.restapi.ExamRestControllerTest" time="0.029"/>
  <testcase name="getByIdTest" classname="it.unisalento.se.saw.restapi.ExamRestControllerTest" time="0.018"/>
  <testcase name="getAllTest" classname="it.unisalento.se.saw.restapi.ExamRestControllerTest" time="0.016"/>
  <system-out><![CDATA[]]></system-out>
  <system-err><![CDATA[2786 [Test worker] INFO org.springframework.web.servlet.mvc.method.annotation.RequestMappingHandlerMapping - Mapped "{[/exam/getById/{id}],methods=[GET],produces=[application/json]}" onto public it.unisalento.se.saw.dto.ExamDTO it.unisalento.se.saw.restapi.ExamRestController.getById(int) throws it.unisalento.se.saw.exceptions.ExamNotFoundException
2787 [Test worker] INFO org.springframework.web.servlet.mvc.method.annotation.RequestMappingHandlerMapping - Mapped "{[/exam/getAll],methods=[GET],produces=[application/json]}" onto public java.util.Set<it.unisalento.se.saw.dto.ExamDTO> it.unisalento.se.saw.restapi.ExamRestController.getAll()
2787 [Test worker] INFO org.springframework.web.servlet.mvc.method.annotation.RequestMappingHandlerMapping - Mapped "{[/exam/save],methods=[POST],consumes=[application/json]}" onto public it.unisalento.se.saw.dto.ExamDTO it.unisalento.se.saw.restapi.ExamRestController.save(it.unisalento.se.saw.dto.ExamDTO)
2794 [Test worker] INFO org.springframework.web.servlet.mvc.method.annotation.RequestMappingHandlerAdapter - Looking for @ControllerAdvice: org.springframework.test.web.servlet.setup.StubWebApplicationContext@7576bdc9
2797 [Test worker] INFO org.springframework.mock.web.MockServletContext - Initializing Spring FrameworkServlet ''
2797 [Test worker] INFO org.springframework.test.web.servlet.TestDispatcherServlet - FrameworkServlet '': initialization started
2797 [Test worker] INFO org.springframework.test.web.servlet.TestDispatcherServlet - FrameworkServlet '': initialization completed in 0 ms
2807 [Test worker] INFO org.springframework.web.servlet.mvc.method.annotation.RequestMappingHandlerMapping - Mapped "{[/exam/getById/{id}],methods=[GET],produces=[application/json]}" onto public it.unisalento.se.saw.dto.ExamDTO it.unisalento.se.saw.restapi.ExamRestController.getById(int) throws it.unisalento.se.saw.exceptions.ExamNotFoundException
2807 [Test worker] INFO org.springframework.web.servlet.mvc.method.annotation.RequestMappingHandlerMapping - Mapped "{[/exam/getAll],methods=[GET],produces=[application/json]}" onto public java.util.Set<it.unisalento.se.saw.dto.ExamDTO> it.unisalento.se.saw.restapi.ExamRestController.getAll()
2808 [Test worker] INFO org.springframework.web.servlet.mvc.method.annotation.RequestMappingHandlerMapping - Mapped "{[/exam/save],methods=[POST],consumes=[application/json]}" onto public it.unisalento.se.saw.dto.ExamDTO it.unisalento.se.saw.restapi.ExamRestController.save(it.unisalento.se.saw.dto.ExamDTO)
2814 [Test worker] INFO org.springframework.web.servlet.mvc.method.annotation.RequestMappingHandlerAdapter - Looking for @ControllerAdvice: org.springframework.test.web.servlet.setup.StubWebApplicationContext@356da487
2818 [Test worker] INFO org.springframework.mock.web.MockServletContext - Initializing Spring FrameworkServlet ''
2818 [Test worker] INFO org.springframework.test.web.servlet.TestDispatcherServlet - FrameworkServlet '': initialization started
2818 [Test worker] INFO org.springframework.test.web.servlet.TestDispatcherServlet - FrameworkServlet '': initialization completed in 0 ms
2827 [Test worker] INFO org.springframework.web.servlet.mvc.method.annotation.RequestMappingHandlerMapping - Mapped "{[/exam/getById/{id}],methods=[GET],produces=[application/json]}" onto public it.unisalento.se.saw.dto.ExamDTO it.unisalento.se.saw.restapi.ExamRestController.getById(int) throws it.unisalento.se.saw.exceptions.ExamNotFoundException
2827 [Test worker] INFO org.springframework.web.servlet.mvc.method.annotation.RequestMappingHandlerMapping - Mapped "{[/exam/getAll],methods=[GET],produces=[application/json]}" onto public java.util.Set<it.unisalento.se.saw.dto.ExamDTO> it.unisalento.se.saw.restapi.ExamRestController.getAll()
2827 [Test worker] INFO org.springframework.web.servlet.mvc.method.annotation.RequestMappingHandlerMapping - Mapped "{[/exam/save],methods=[POST],consumes=[application/json]}" onto public it.unisalento.se.saw.dto.ExamDTO it.unisalento.se.saw.restapi.ExamRestController.save(it.unisalento.se.saw.dto.ExamDTO)
2833 [Test worker] INFO org.springframework.web.servlet.mvc.method.annotation.RequestMappingHandlerAdapter - Looking for @ControllerAdvice: org.springframework.test.web.servlet.setup.StubWebApplicationContext@34d6fd2b
2836 [Test worker] INFO org.springframework.mock.web.MockServletContext - Initializing Spring FrameworkServlet ''
2836 [Test worker] INFO org.springframework.test.web.servlet.TestDispatcherServlet - FrameworkServlet '': initialization started
2836 [Test worker] INFO org.springframework.test.web.servlet.TestDispatcherServlet - FrameworkServlet '': initialization completed in 0 ms
]]></system-err>
</testsuite>
