<?xml version="1.0" encoding="UTF-8"?>
<testsuite name="it.unisalento.se.saw.restapi.TeachingRestControllerTest" tests="7" skipped="0" failures="0" errors="0" timestamp="2018-09-01T12:48:00" hostname="DESKTOP-TUGA85P" time="1.371">
  <properties/>
  <testcase name="getAll" classname="it.unisalento.se.saw.restapi.TeachingRestControllerTest" time="0.367"/>
  <testcase name="getByNameAndIdCourse" classname="it.unisalento.se.saw.restapi.TeachingRestControllerTest" time="0.244"/>
  <testcase name="getByNameAndIdProf" classname="it.unisalento.se.saw.restapi.TeachingRestControllerTest" time="0.15"/>
  <testcase name="getById" classname="it.unisalento.se.saw.restapi.TeachingRestControllerTest" time="0.196"/>
  <testcase name="getAllByIdCourse" classname="it.unisalento.se.saw.restapi.TeachingRestControllerTest" time="0.147"/>
  <testcase name="save" classname="it.unisalento.se.saw.restapi.TeachingRestControllerTest" time="0.155"/>
  <testcase name="getAllByIdProf" classname="it.unisalento.se.saw.restapi.TeachingRestControllerTest" time="0.103"/>
  <system-out><![CDATA[]]></system-out>
  <system-err><![CDATA[3037 [Test worker] INFO org.springframework.web.servlet.mvc.method.annotation.RequestMappingHandlerMapping - Mapped "{[/teaching/save],methods=[POST],consumes=[application/json]}" onto public it.unisalento.se.saw.dto.TeachingDTO it.unisalento.se.saw.restapi.TeachingRestController.save(it.unisalento.se.saw.dto.TeachingDTO) throws it.unisalento.se.saw.exceptions.CourseNotFoundException,it.unisalento.se.saw.exceptions.ProfessorNotFoundException
3054 [Test worker] INFO org.springframework.web.servlet.mvc.method.annotation.RequestMappingHandlerMapping - Mapped "{[/teaching/getAll],methods=[GET],produces=[application/json]}" onto public java.util.Set<it.unisalento.se.saw.dto.TeachingDTO> it.unisalento.se.saw.restapi.TeachingRestController.getAll()
3060 [Test worker] INFO org.springframework.web.servlet.mvc.method.annotation.RequestMappingHandlerMapping - Mapped "{[/teaching/getByIdProf/{id}],methods=[GET],produces=[application/json]}" onto public java.util.Set<it.unisalento.se.saw.dto.TeachingDTO> it.unisalento.se.saw.restapi.TeachingRestController.getByProf(int) throws it.unisalento.se.saw.exceptions.TeachingNotFoundException
3065 [Test worker] INFO org.springframework.web.servlet.mvc.method.annotation.RequestMappingHandlerMapping - Mapped "{[/teaching/getById/{id}],methods=[GET],produces=[application/json]}" onto public it.unisalento.se.saw.dto.TeachingDTO it.unisalento.se.saw.restapi.TeachingRestController.getById(int) throws it.unisalento.se.saw.exceptions.TeachingNotFoundException
3070 [Test worker] INFO org.springframework.web.servlet.mvc.method.annotation.RequestMappingHandlerMapping - Mapped "{[/teaching/getByIdCourse/{id}],methods=[GET],produces=[application/json]}" onto public java.util.Set<it.unisalento.se.saw.dto.TeachingDTO> it.unisalento.se.saw.restapi.TeachingRestController.getByIdCourse(int) throws it.unisalento.se.saw.exceptions.TeachingNotFoundException
3074 [Test worker] INFO org.springframework.web.servlet.mvc.method.annotation.RequestMappingHandlerMapping - Mapped "{[/teaching/getByNameAndIdProf/{name}_{idProf}],methods=[GET],produces=[application/json]}" onto public it.unisalento.se.saw.dto.TeachingDTO it.unisalento.se.saw.restapi.TeachingRestController.getByNameAndIdProf(java.lang.String,int) throws it.unisalento.se.saw.exceptions.TeachingNotFoundException
3081 [Test worker] INFO org.springframework.web.servlet.mvc.method.annotation.RequestMappingHandlerMapping - Mapped "{[/teaching/getByNameAndIdCourse/{name}_{idCourse}],methods=[GET],produces=[application/json]}" onto public it.unisalento.se.saw.dto.TeachingDTO it.unisalento.se.saw.restapi.TeachingRestController.getByNameAndIdCourse(java.lang.String,int) throws it.unisalento.se.saw.exceptions.TeachingNotFoundException
3150 [Test worker] INFO org.springframework.web.servlet.mvc.method.annotation.RequestMappingHandlerAdapter - Looking for @ControllerAdvice: org.springframework.test.web.servlet.setup.StubWebApplicationContext@29335ae9
3197 [Test worker] INFO org.springframework.mock.web.MockServletContext - Initializing Spring FrameworkServlet ''
3199 [Test worker] INFO org.springframework.test.web.servlet.TestDispatcherServlet - FrameworkServlet '': initialization started
3201 [Test worker] INFO org.springframework.test.web.servlet.TestDispatcherServlet - FrameworkServlet '': initialization completed in 0 ms
3374 [Test worker] INFO org.springframework.web.servlet.mvc.method.annotation.RequestMappingHandlerMapping - Mapped "{[/teaching/save],methods=[POST],consumes=[application/json]}" onto public it.unisalento.se.saw.dto.TeachingDTO it.unisalento.se.saw.restapi.TeachingRestController.save(it.unisalento.se.saw.dto.TeachingDTO) throws it.unisalento.se.saw.exceptions.CourseNotFoundException,it.unisalento.se.saw.exceptions.ProfessorNotFoundException
3382 [Test worker] INFO org.springframework.web.servlet.mvc.method.annotation.RequestMappingHandlerMapping - Mapped "{[/teaching/getAll],methods=[GET],produces=[application/json]}" onto public java.util.Set<it.unisalento.se.saw.dto.TeachingDTO> it.unisalento.se.saw.restapi.TeachingRestController.getAll()
3386 [Test worker] INFO org.springframework.web.servlet.mvc.method.annotation.RequestMappingHandlerMapping - Mapped "{[/teaching/getByIdProf/{id}],methods=[GET],produces=[application/json]}" onto public java.util.Set<it.unisalento.se.saw.dto.TeachingDTO> it.unisalento.se.saw.restapi.TeachingRestController.getByProf(int) throws it.unisalento.se.saw.exceptions.TeachingNotFoundException
3394 [Test worker] INFO org.springframework.web.servlet.mvc.method.annotation.RequestMappingHandlerMapping - Mapped "{[/teaching/getById/{id}],methods=[GET],produces=[application/json]}" onto public it.unisalento.se.saw.dto.TeachingDTO it.unisalento.se.saw.restapi.TeachingRestController.getById(int) throws it.unisalento.se.saw.exceptions.TeachingNotFoundException
3407 [Test worker] INFO org.springframework.web.servlet.mvc.method.annotation.RequestMappingHandlerMapping - Mapped "{[/teaching/getByIdCourse/{id}],methods=[GET],produces=[application/json]}" onto public java.util.Set<it.unisalento.se.saw.dto.TeachingDTO> it.unisalento.se.saw.restapi.TeachingRestController.getByIdCourse(int) throws it.unisalento.se.saw.exceptions.TeachingNotFoundException
3413 [Test worker] INFO org.springframework.web.servlet.mvc.method.annotation.RequestMappingHandlerMapping - Mapped "{[/teaching/getByNameAndIdProf/{name}_{idProf}],methods=[GET],produces=[application/json]}" onto public it.unisalento.se.saw.dto.TeachingDTO it.unisalento.se.saw.restapi.TeachingRestController.getByNameAndIdProf(java.lang.String,int) throws it.unisalento.se.saw.exceptions.TeachingNotFoundException
3430 [Test worker] INFO org.springframework.web.servlet.mvc.method.annotation.RequestMappingHandlerMapping - Mapped "{[/teaching/getByNameAndIdCourse/{name}_{idCourse}],methods=[GET],produces=[application/json]}" onto public it.unisalento.se.saw.dto.TeachingDTO it.unisalento.se.saw.restapi.TeachingRestController.getByNameAndIdCourse(java.lang.String,int) throws it.unisalento.se.saw.exceptions.TeachingNotFoundException
3487 [Test worker] INFO org.springframework.web.servlet.mvc.method.annotation.RequestMappingHandlerAdapter - Looking for @ControllerAdvice: org.springframework.test.web.servlet.setup.StubWebApplicationContext@10fc040b
3499 [Test worker] INFO org.springframework.mock.web.MockServletContext - Initializing Spring FrameworkServlet ''
3500 [Test worker] INFO org.springframework.test.web.servlet.TestDispatcherServlet - FrameworkServlet '': initialization started
3502 [Test worker] INFO org.springframework.test.web.servlet.TestDispatcherServlet - FrameworkServlet '': initialization completed in 0 ms
3567 [Test worker] INFO org.springframework.web.servlet.mvc.method.annotation.RequestMappingHandlerMapping - Mapped "{[/teaching/save],methods=[POST],consumes=[application/json]}" onto public it.unisalento.se.saw.dto.TeachingDTO it.unisalento.se.saw.restapi.TeachingRestController.save(it.unisalento.se.saw.dto.TeachingDTO) throws it.unisalento.se.saw.exceptions.CourseNotFoundException,it.unisalento.se.saw.exceptions.ProfessorNotFoundException
3570 [Test worker] INFO org.springframework.web.servlet.mvc.method.annotation.RequestMappingHandlerMapping - Mapped "{[/teaching/getAll],methods=[GET],produces=[application/json]}" onto public java.util.Set<it.unisalento.se.saw.dto.TeachingDTO> it.unisalento.se.saw.restapi.TeachingRestController.getAll()
3574 [Test worker] INFO org.springframework.web.servlet.mvc.method.annotation.RequestMappingHandlerMapping - Mapped "{[/teaching/getByIdProf/{id}],methods=[GET],produces=[application/json]}" onto public java.util.Set<it.unisalento.se.saw.dto.TeachingDTO> it.unisalento.se.saw.restapi.TeachingRestController.getByProf(int) throws it.unisalento.se.saw.exceptions.TeachingNotFoundException
3577 [Test worker] INFO org.springframework.web.servlet.mvc.method.annotation.RequestMappingHandlerMapping - Mapped "{[/teaching/getById/{id}],methods=[GET],produces=[application/json]}" onto public it.unisalento.se.saw.dto.TeachingDTO it.unisalento.se.saw.restapi.TeachingRestController.getById(int) throws it.unisalento.se.saw.exceptions.TeachingNotFoundException
3580 [Test worker] INFO org.springframework.web.servlet.mvc.method.annotation.RequestMappingHandlerMapping - Mapped "{[/teaching/getByIdCourse/{id}],methods=[GET],produces=[application/json]}" onto public java.util.Set<it.unisalento.se.saw.dto.TeachingDTO> it.unisalento.se.saw.restapi.TeachingRestController.getByIdCourse(int) throws it.unisalento.se.saw.exceptions.TeachingNotFoundException
3583 [Test worker] INFO org.springframework.web.servlet.mvc.method.annotation.RequestMappingHandlerMapping - Mapped "{[/teaching/getByNameAndIdProf/{name}_{idProf}],methods=[GET],produces=[application/json]}" onto public it.unisalento.se.saw.dto.TeachingDTO it.unisalento.se.saw.restapi.TeachingRestController.getByNameAndIdProf(java.lang.String,int) throws it.unisalento.se.saw.exceptions.TeachingNotFoundException
3592 [Test worker] INFO org.springframework.web.servlet.mvc.method.annotation.RequestMappingHandlerMapping - Mapped "{[/teaching/getByNameAndIdCourse/{name}_{idCourse}],methods=[GET],produces=[application/json]}" onto public it.unisalento.se.saw.dto.TeachingDTO it.unisalento.se.saw.restapi.TeachingRestController.getByNameAndIdCourse(java.lang.String,int) throws it.unisalento.se.saw.exceptions.TeachingNotFoundException
3632 [Test worker] INFO org.springframework.web.servlet.mvc.method.annotation.RequestMappingHandlerAdapter - Looking for @ControllerAdvice: org.springframework.test.web.servlet.setup.StubWebApplicationContext@368756b8
3642 [Test worker] INFO org.springframework.mock.web.MockServletContext - Initializing Spring FrameworkServlet ''
3643 [Test worker] INFO org.springframework.test.web.servlet.TestDispatcherServlet - FrameworkServlet '': initialization started
3644 [Test worker] INFO org.springframework.test.web.servlet.TestDispatcherServlet - FrameworkServlet '': initialization completed in 0 ms
3747 [Test worker] INFO org.springframework.web.servlet.mvc.method.annotation.RequestMappingHandlerMapping - Mapped "{[/teaching/save],methods=[POST],consumes=[application/json]}" onto public it.unisalento.se.saw.dto.TeachingDTO it.unisalento.se.saw.restapi.TeachingRestController.save(it.unisalento.se.saw.dto.TeachingDTO) throws it.unisalento.se.saw.exceptions.CourseNotFoundException,it.unisalento.se.saw.exceptions.ProfessorNotFoundException
3751 [Test worker] INFO org.springframework.web.servlet.mvc.method.annotation.RequestMappingHandlerMapping - Mapped "{[/teaching/getAll],methods=[GET],produces=[application/json]}" onto public java.util.Set<it.unisalento.se.saw.dto.TeachingDTO> it.unisalento.se.saw.restapi.TeachingRestController.getAll()
3755 [Test worker] INFO org.springframework.web.servlet.mvc.method.annotation.RequestMappingHandlerMapping - Mapped "{[/teaching/getByIdProf/{id}],methods=[GET],produces=[application/json]}" onto public java.util.Set<it.unisalento.se.saw.dto.TeachingDTO> it.unisalento.se.saw.restapi.TeachingRestController.getByProf(int) throws it.unisalento.se.saw.exceptions.TeachingNotFoundException
3758 [Test worker] INFO org.springframework.web.servlet.mvc.method.annotation.RequestMappingHandlerMapping - Mapped "{[/teaching/getById/{id}],methods=[GET],produces=[application/json]}" onto public it.unisalento.se.saw.dto.TeachingDTO it.unisalento.se.saw.restapi.TeachingRestController.getById(int) throws it.unisalento.se.saw.exceptions.TeachingNotFoundException
3761 [Test worker] INFO org.springframework.web.servlet.mvc.method.annotation.RequestMappingHandlerMapping - Mapped "{[/teaching/getByIdCourse/{id}],methods=[GET],produces=[application/json]}" onto public java.util.Set<it.unisalento.se.saw.dto.TeachingDTO> it.unisalento.se.saw.restapi.TeachingRestController.getByIdCourse(int) throws it.unisalento.se.saw.exceptions.TeachingNotFoundException
3765 [Test worker] INFO org.springframework.web.servlet.mvc.method.annotation.RequestMappingHandlerMapping - Mapped "{[/teaching/getByNameAndIdProf/{name}_{idProf}],methods=[GET],produces=[application/json]}" onto public it.unisalento.se.saw.dto.TeachingDTO it.unisalento.se.saw.restapi.TeachingRestController.getByNameAndIdProf(java.lang.String,int) throws it.unisalento.se.saw.exceptions.TeachingNotFoundException
3769 [Test worker] INFO org.springframework.web.servlet.mvc.method.annotation.RequestMappingHandlerMapping - Mapped "{[/teaching/getByNameAndIdCourse/{name}_{idCourse}],methods=[GET],produces=[application/json]}" onto public it.unisalento.se.saw.dto.TeachingDTO it.unisalento.se.saw.restapi.TeachingRestController.getByNameAndIdCourse(java.lang.String,int) throws it.unisalento.se.saw.exceptions.TeachingNotFoundException
3797 [Test worker] INFO org.springframework.web.servlet.mvc.method.annotation.RequestMappingHandlerAdapter - Looking for @ControllerAdvice: org.springframework.test.web.servlet.setup.StubWebApplicationContext@27f9b33c
3805 [Test worker] INFO org.springframework.mock.web.MockServletContext - Initializing Spring FrameworkServlet ''
3806 [Test worker] INFO org.springframework.test.web.servlet.TestDispatcherServlet - FrameworkServlet '': initialization started
3812 [Test worker] INFO org.springframework.test.web.servlet.TestDispatcherServlet - FrameworkServlet '': initialization completed in 1 ms
3922 [Test worker] INFO org.springframework.web.servlet.mvc.method.annotation.RequestMappingHandlerMapping - Mapped "{[/teaching/save],methods=[POST],consumes=[application/json]}" onto public it.unisalento.se.saw.dto.TeachingDTO it.unisalento.se.saw.restapi.TeachingRestController.save(it.unisalento.se.saw.dto.TeachingDTO) throws it.unisalento.se.saw.exceptions.CourseNotFoundException,it.unisalento.se.saw.exceptions.ProfessorNotFoundException
3928 [Test worker] INFO org.springframework.web.servlet.mvc.method.annotation.RequestMappingHandlerMapping - Mapped "{[/teaching/getAll],methods=[GET],produces=[application/json]}" onto public java.util.Set<it.unisalento.se.saw.dto.TeachingDTO> it.unisalento.se.saw.restapi.TeachingRestController.getAll()
3932 [Test worker] INFO org.springframework.web.servlet.mvc.method.annotation.RequestMappingHandlerMapping - Mapped "{[/teaching/getByIdProf/{id}],methods=[GET],produces=[application/json]}" onto public java.util.Set<it.unisalento.se.saw.dto.TeachingDTO> it.unisalento.se.saw.restapi.TeachingRestController.getByProf(int) throws it.unisalento.se.saw.exceptions.TeachingNotFoundException
3937 [Test worker] INFO org.springframework.web.servlet.mvc.method.annotation.RequestMappingHandlerMapping - Mapped "{[/teaching/getById/{id}],methods=[GET],produces=[application/json]}" onto public it.unisalento.se.saw.dto.TeachingDTO it.unisalento.se.saw.restapi.TeachingRestController.getById(int) throws it.unisalento.se.saw.exceptions.TeachingNotFoundException
3941 [Test worker] INFO org.springframework.web.servlet.mvc.method.annotation.RequestMappingHandlerMapping - Mapped "{[/teaching/getByIdCourse/{id}],methods=[GET],produces=[application/json]}" onto public java.util.Set<it.unisalento.se.saw.dto.TeachingDTO> it.unisalento.se.saw.restapi.TeachingRestController.getByIdCourse(int) throws it.unisalento.se.saw.exceptions.TeachingNotFoundException
3946 [Test worker] INFO org.springframework.web.servlet.mvc.method.annotation.RequestMappingHandlerMapping - Mapped "{[/teaching/getByNameAndIdProf/{name}_{idProf}],methods=[GET],produces=[application/json]}" onto public it.unisalento.se.saw.dto.TeachingDTO it.unisalento.se.saw.restapi.TeachingRestController.getByNameAndIdProf(java.lang.String,int) throws it.unisalento.se.saw.exceptions.TeachingNotFoundException
3950 [Test worker] INFO org.springframework.web.servlet.mvc.method.annotation.RequestMappingHandlerMapping - Mapped "{[/teaching/getByNameAndIdCourse/{name}_{idCourse}],methods=[GET],produces=[application/json]}" onto public it.unisalento.se.saw.dto.TeachingDTO it.unisalento.se.saw.restapi.TeachingRestController.getByNameAndIdCourse(java.lang.String,int) throws it.unisalento.se.saw.exceptions.TeachingNotFoundException
3981 [Test worker] INFO org.springframework.web.servlet.mvc.method.annotation.RequestMappingHandlerAdapter - Looking for @ControllerAdvice: org.springframework.test.web.servlet.setup.StubWebApplicationContext@30210340
3989 [Test worker] INFO org.springframework.mock.web.MockServletContext - Initializing Spring FrameworkServlet ''
3989 [Test worker] INFO org.springframework.test.web.servlet.TestDispatcherServlet - FrameworkServlet '': initialization started
3990 [Test worker] INFO org.springframework.test.web.servlet.TestDispatcherServlet - FrameworkServlet '': initialization completed in 0 ms
4065 [Test worker] INFO org.springframework.web.servlet.mvc.method.annotation.RequestMappingHandlerMapping - Mapped "{[/teaching/save],methods=[POST],consumes=[application/json]}" onto public it.unisalento.se.saw.dto.TeachingDTO it.unisalento.se.saw.restapi.TeachingRestController.save(it.unisalento.se.saw.dto.TeachingDTO) throws it.unisalento.se.saw.exceptions.CourseNotFoundException,it.unisalento.se.saw.exceptions.ProfessorNotFoundException
4069 [Test worker] INFO org.springframework.web.servlet.mvc.method.annotation.RequestMappingHandlerMapping - Mapped "{[/teaching/getAll],methods=[GET],produces=[application/json]}" onto public java.util.Set<it.unisalento.se.saw.dto.TeachingDTO> it.unisalento.se.saw.restapi.TeachingRestController.getAll()
4072 [Test worker] INFO org.springframework.web.servlet.mvc.method.annotation.RequestMappingHandlerMapping - Mapped "{[/teaching/getByIdProf/{id}],methods=[GET],produces=[application/json]}" onto public java.util.Set<it.unisalento.se.saw.dto.TeachingDTO> it.unisalento.se.saw.restapi.TeachingRestController.getByProf(int) throws it.unisalento.se.saw.exceptions.TeachingNotFoundException
4075 [Test worker] INFO org.springframework.web.servlet.mvc.method.annotation.RequestMappingHandlerMapping - Mapped "{[/teaching/getById/{id}],methods=[GET],produces=[application/json]}" onto public it.unisalento.se.saw.dto.TeachingDTO it.unisalento.se.saw.restapi.TeachingRestController.getById(int) throws it.unisalento.se.saw.exceptions.TeachingNotFoundException
4083 [Test worker] INFO org.springframework.web.servlet.mvc.method.annotation.RequestMappingHandlerMapping - Mapped "{[/teaching/getByIdCourse/{id}],methods=[GET],produces=[application/json]}" onto public java.util.Set<it.unisalento.se.saw.dto.TeachingDTO> it.unisalento.se.saw.restapi.TeachingRestController.getByIdCourse(int) throws it.unisalento.se.saw.exceptions.TeachingNotFoundException
4092 [Test worker] INFO org.springframework.web.servlet.mvc.method.annotation.RequestMappingHandlerMapping - Mapped "{[/teaching/getByNameAndIdProf/{name}_{idProf}],methods=[GET],produces=[application/json]}" onto public it.unisalento.se.saw.dto.TeachingDTO it.unisalento.se.saw.restapi.TeachingRestController.getByNameAndIdProf(java.lang.String,int) throws it.unisalento.se.saw.exceptions.TeachingNotFoundException
4098 [Test worker] INFO org.springframework.web.servlet.mvc.method.annotation.RequestMappingHandlerMapping - Mapped "{[/teaching/getByNameAndIdCourse/{name}_{idCourse}],methods=[GET],produces=[application/json]}" onto public it.unisalento.se.saw.dto.TeachingDTO it.unisalento.se.saw.restapi.TeachingRestController.getByNameAndIdCourse(java.lang.String,int) throws it.unisalento.se.saw.exceptions.TeachingNotFoundException
4142 [Test worker] INFO org.springframework.web.servlet.mvc.method.annotation.RequestMappingHandlerAdapter - Looking for @ControllerAdvice: org.springframework.test.web.servlet.setup.StubWebApplicationContext@11c6ef71
4153 [Test worker] INFO org.springframework.mock.web.MockServletContext - Initializing Spring FrameworkServlet ''
4154 [Test worker] INFO org.springframework.test.web.servlet.TestDispatcherServlet - FrameworkServlet '': initialization started
4156 [Test worker] INFO org.springframework.test.web.servlet.TestDispatcherServlet - FrameworkServlet '': initialization completed in 1 ms
4211 [Test worker] INFO org.springframework.web.servlet.mvc.method.annotation.RequestMappingHandlerMapping - Mapped "{[/teaching/save],methods=[POST],consumes=[application/json]}" onto public it.unisalento.se.saw.dto.TeachingDTO it.unisalento.se.saw.restapi.TeachingRestController.save(it.unisalento.se.saw.dto.TeachingDTO) throws it.unisalento.se.saw.exceptions.CourseNotFoundException,it.unisalento.se.saw.exceptions.ProfessorNotFoundException
4219 [Test worker] INFO org.springframework.web.servlet.mvc.method.annotation.RequestMappingHandlerMapping - Mapped "{[/teaching/getAll],methods=[GET],produces=[application/json]}" onto public java.util.Set<it.unisalento.se.saw.dto.TeachingDTO> it.unisalento.se.saw.restapi.TeachingRestController.getAll()
4221 [Test worker] INFO org.springframework.web.servlet.mvc.method.annotation.RequestMappingHandlerMapping - Mapped "{[/teaching/getByIdProf/{id}],methods=[GET],produces=[application/json]}" onto public java.util.Set<it.unisalento.se.saw.dto.TeachingDTO> it.unisalento.se.saw.restapi.TeachingRestController.getByProf(int) throws it.unisalento.se.saw.exceptions.TeachingNotFoundException
4223 [Test worker] INFO org.springframework.web.servlet.mvc.method.annotation.RequestMappingHandlerMapping - Mapped "{[/teaching/getById/{id}],methods=[GET],produces=[application/json]}" onto public it.unisalento.se.saw.dto.TeachingDTO it.unisalento.se.saw.restapi.TeachingRestController.getById(int) throws it.unisalento.se.saw.exceptions.TeachingNotFoundException
4225 [Test worker] INFO org.springframework.web.servlet.mvc.method.annotation.RequestMappingHandlerMapping - Mapped "{[/teaching/getByIdCourse/{id}],methods=[GET],produces=[application/json]}" onto public java.util.Set<it.unisalento.se.saw.dto.TeachingDTO> it.unisalento.se.saw.restapi.TeachingRestController.getByIdCourse(int) throws it.unisalento.se.saw.exceptions.TeachingNotFoundException
4228 [Test worker] INFO org.springframework.web.servlet.mvc.method.annotation.RequestMappingHandlerMapping - Mapped "{[/teaching/getByNameAndIdProf/{name}_{idProf}],methods=[GET],produces=[application/json]}" onto public it.unisalento.se.saw.dto.TeachingDTO it.unisalento.se.saw.restapi.TeachingRestController.getByNameAndIdProf(java.lang.String,int) throws it.unisalento.se.saw.exceptions.TeachingNotFoundException
4231 [Test worker] INFO org.springframework.web.servlet.mvc.method.annotation.RequestMappingHandlerMapping - Mapped "{[/teaching/getByNameAndIdCourse/{name}_{idCourse}],methods=[GET],produces=[application/json]}" onto public it.unisalento.se.saw.dto.TeachingDTO it.unisalento.se.saw.restapi.TeachingRestController.getByNameAndIdCourse(java.lang.String,int) throws it.unisalento.se.saw.exceptions.TeachingNotFoundException
4256 [Test worker] INFO org.springframework.web.servlet.mvc.method.annotation.RequestMappingHandlerAdapter - Looking for @ControllerAdvice: org.springframework.test.web.servlet.setup.StubWebApplicationContext@39c87b8
4262 [Test worker] INFO org.springframework.mock.web.MockServletContext - Initializing Spring FrameworkServlet ''
4262 [Test worker] INFO org.springframework.test.web.servlet.TestDispatcherServlet - FrameworkServlet '': initialization started
4264 [Test worker] INFO org.springframework.test.web.servlet.TestDispatcherServlet - FrameworkServlet '': initialization completed in 1 ms
]]></system-err>
</testsuite>
