<?xml version="1.0" encoding="UTF-8"?>
<testsuite name="it.unisalento.se.saw.restapi.MaterialRestControllerTest" tests="5" skipped="0" failures="0" errors="0" timestamp="2018-09-04T09:45:18" hostname="DESKTOP-TUGA85P" time="0.19">
  <properties/>
  <testcase name="saveTest" classname="it.unisalento.se.saw.restapi.MaterialRestControllerTest" time="0.044"/>
  <testcase name="getByIdLessonTest" classname="it.unisalento.se.saw.restapi.MaterialRestControllerTest" time="0.041"/>
  <testcase name="getByIdTest" classname="it.unisalento.se.saw.restapi.MaterialRestControllerTest" time="0.031"/>
  <testcase name="getByIdTeachingTest" classname="it.unisalento.se.saw.restapi.MaterialRestControllerTest" time="0.042"/>
  <testcase name="getAllTest" classname="it.unisalento.se.saw.restapi.MaterialRestControllerTest" time="0.029"/>
  <system-out><![CDATA[]]></system-out>
  <system-err><![CDATA[2559 [Test worker] INFO org.springframework.web.servlet.mvc.method.annotation.RequestMappingHandlerMapping - Mapped "{[/material/save],methods=[POST],consumes=[application/json]}" onto public it.unisalento.se.saw.dto.MaterialDTO it.unisalento.se.saw.restapi.MaterialRestController.save(it.unisalento.se.saw.dto.MaterialDTO) throws it.unisalento.se.saw.exceptions.TeachingNotFoundException
2560 [Test worker] INFO org.springframework.web.servlet.mvc.method.annotation.RequestMappingHandlerMapping - Mapped "{[/material/getById/{id}],methods=[GET],produces=[application/json]}" onto public it.unisalento.se.saw.dto.MaterialDTO it.unisalento.se.saw.restapi.MaterialRestController.getById(int) throws it.unisalento.se.saw.exceptions.MaterialNotFoundException
2561 [Test worker] INFO org.springframework.web.servlet.mvc.method.annotation.RequestMappingHandlerMapping - Mapped "{[/material/getAll],methods=[GET],produces=[application/json]}" onto public java.util.Set<it.unisalento.se.saw.dto.MaterialDTO> it.unisalento.se.saw.restapi.MaterialRestController.getAll()
2562 [Test worker] INFO org.springframework.web.servlet.mvc.method.annotation.RequestMappingHandlerMapping - Mapped "{[/material/getByIdLesson/{id}],methods=[GET],produces=[application/json]}" onto public java.util.Set<it.unisalento.se.saw.dto.MaterialDTO> it.unisalento.se.saw.restapi.MaterialRestController.getByIdLesson(int)
2563 [Test worker] INFO org.springframework.web.servlet.mvc.method.annotation.RequestMappingHandlerMapping - Mapped "{[/material/getByIdTeaching/{id}],methods=[GET],produces=[application/json]}" onto public java.util.Set<it.unisalento.se.saw.dto.MaterialDTO> it.unisalento.se.saw.restapi.MaterialRestController.getByIdTeaching(int)
2576 [Test worker] INFO org.springframework.web.servlet.mvc.method.annotation.RequestMappingHandlerAdapter - Looking for @ControllerAdvice: org.springframework.test.web.servlet.setup.StubWebApplicationContext@5c382c5d
2580 [Test worker] INFO org.springframework.mock.web.MockServletContext - Initializing Spring FrameworkServlet ''
2580 [Test worker] INFO org.springframework.test.web.servlet.TestDispatcherServlet - FrameworkServlet '': initialization started
2580 [Test worker] INFO org.springframework.test.web.servlet.TestDispatcherServlet - FrameworkServlet '': initialization completed in 0 ms
2606 [Test worker] INFO org.springframework.web.servlet.mvc.method.annotation.RequestMappingHandlerMapping - Mapped "{[/material/save],methods=[POST],consumes=[application/json]}" onto public it.unisalento.se.saw.dto.MaterialDTO it.unisalento.se.saw.restapi.MaterialRestController.save(it.unisalento.se.saw.dto.MaterialDTO) throws it.unisalento.se.saw.exceptions.TeachingNotFoundException
2607 [Test worker] INFO org.springframework.web.servlet.mvc.method.annotation.RequestMappingHandlerMapping - Mapped "{[/material/getById/{id}],methods=[GET],produces=[application/json]}" onto public it.unisalento.se.saw.dto.MaterialDTO it.unisalento.se.saw.restapi.MaterialRestController.getById(int) throws it.unisalento.se.saw.exceptions.MaterialNotFoundException
2607 [Test worker] INFO org.springframework.web.servlet.mvc.method.annotation.RequestMappingHandlerMapping - Mapped "{[/material/getAll],methods=[GET],produces=[application/json]}" onto public java.util.Set<it.unisalento.se.saw.dto.MaterialDTO> it.unisalento.se.saw.restapi.MaterialRestController.getAll()
2608 [Test worker] INFO org.springframework.web.servlet.mvc.method.annotation.RequestMappingHandlerMapping - Mapped "{[/material/getByIdLesson/{id}],methods=[GET],produces=[application/json]}" onto public java.util.Set<it.unisalento.se.saw.dto.MaterialDTO> it.unisalento.se.saw.restapi.MaterialRestController.getByIdLesson(int)
2608 [Test worker] INFO org.springframework.web.servlet.mvc.method.annotation.RequestMappingHandlerMapping - Mapped "{[/material/getByIdTeaching/{id}],methods=[GET],produces=[application/json]}" onto public java.util.Set<it.unisalento.se.saw.dto.MaterialDTO> it.unisalento.se.saw.restapi.MaterialRestController.getByIdTeaching(int)
2620 [Test worker] INFO org.springframework.web.servlet.mvc.method.annotation.RequestMappingHandlerAdapter - Looking for @ControllerAdvice: org.springframework.test.web.servlet.setup.StubWebApplicationContext@78cf1ef0
2625 [Test worker] INFO org.springframework.mock.web.MockServletContext - Initializing Spring FrameworkServlet ''
2625 [Test worker] INFO org.springframework.test.web.servlet.TestDispatcherServlet - FrameworkServlet '': initialization started
2625 [Test worker] INFO org.springframework.test.web.servlet.TestDispatcherServlet - FrameworkServlet '': initialization completed in 0 ms
2643 [Test worker] INFO org.springframework.web.servlet.mvc.method.annotation.RequestMappingHandlerMapping - Mapped "{[/material/save],methods=[POST],consumes=[application/json]}" onto public it.unisalento.se.saw.dto.MaterialDTO it.unisalento.se.saw.restapi.MaterialRestController.save(it.unisalento.se.saw.dto.MaterialDTO) throws it.unisalento.se.saw.exceptions.TeachingNotFoundException
2643 [Test worker] INFO org.springframework.web.servlet.mvc.method.annotation.RequestMappingHandlerMapping - Mapped "{[/material/getById/{id}],methods=[GET],produces=[application/json]}" onto public it.unisalento.se.saw.dto.MaterialDTO it.unisalento.se.saw.restapi.MaterialRestController.getById(int) throws it.unisalento.se.saw.exceptions.MaterialNotFoundException
2644 [Test worker] INFO org.springframework.web.servlet.mvc.method.annotation.RequestMappingHandlerMapping - Mapped "{[/material/getAll],methods=[GET],produces=[application/json]}" onto public java.util.Set<it.unisalento.se.saw.dto.MaterialDTO> it.unisalento.se.saw.restapi.MaterialRestController.getAll()
2644 [Test worker] INFO org.springframework.web.servlet.mvc.method.annotation.RequestMappingHandlerMapping - Mapped "{[/material/getByIdLesson/{id}],methods=[GET],produces=[application/json]}" onto public java.util.Set<it.unisalento.se.saw.dto.MaterialDTO> it.unisalento.se.saw.restapi.MaterialRestController.getByIdLesson(int)
2644 [Test worker] INFO org.springframework.web.servlet.mvc.method.annotation.RequestMappingHandlerMapping - Mapped "{[/material/getByIdTeaching/{id}],methods=[GET],produces=[application/json]}" onto public java.util.Set<it.unisalento.se.saw.dto.MaterialDTO> it.unisalento.se.saw.restapi.MaterialRestController.getByIdTeaching(int)
2655 [Test worker] INFO org.springframework.web.servlet.mvc.method.annotation.RequestMappingHandlerAdapter - Looking for @ControllerAdvice: org.springframework.test.web.servlet.setup.StubWebApplicationContext@1836a225
2659 [Test worker] INFO org.springframework.mock.web.MockServletContext - Initializing Spring FrameworkServlet ''
2660 [Test worker] INFO org.springframework.test.web.servlet.TestDispatcherServlet - FrameworkServlet '': initialization started
2660 [Test worker] INFO org.springframework.test.web.servlet.TestDispatcherServlet - FrameworkServlet '': initialization completed in 0 ms
2678 [Test worker] INFO org.springframework.web.servlet.mvc.method.annotation.RequestMappingHandlerMapping - Mapped "{[/material/save],methods=[POST],consumes=[application/json]}" onto public it.unisalento.se.saw.dto.MaterialDTO it.unisalento.se.saw.restapi.MaterialRestController.save(it.unisalento.se.saw.dto.MaterialDTO) throws it.unisalento.se.saw.exceptions.TeachingNotFoundException
2679 [Test worker] INFO org.springframework.web.servlet.mvc.method.annotation.RequestMappingHandlerMapping - Mapped "{[/material/getById/{id}],methods=[GET],produces=[application/json]}" onto public it.unisalento.se.saw.dto.MaterialDTO it.unisalento.se.saw.restapi.MaterialRestController.getById(int) throws it.unisalento.se.saw.exceptions.MaterialNotFoundException
2680 [Test worker] INFO org.springframework.web.servlet.mvc.method.annotation.RequestMappingHandlerMapping - Mapped "{[/material/getAll],methods=[GET],produces=[application/json]}" onto public java.util.Set<it.unisalento.se.saw.dto.MaterialDTO> it.unisalento.se.saw.restapi.MaterialRestController.getAll()
2681 [Test worker] INFO org.springframework.web.servlet.mvc.method.annotation.RequestMappingHandlerMapping - Mapped "{[/material/getByIdLesson/{id}],methods=[GET],produces=[application/json]}" onto public java.util.Set<it.unisalento.se.saw.dto.MaterialDTO> it.unisalento.se.saw.restapi.MaterialRestController.getByIdLesson(int)
2683 [Test worker] INFO org.springframework.web.servlet.mvc.method.annotation.RequestMappingHandlerMapping - Mapped "{[/material/getByIdTeaching/{id}],methods=[GET],produces=[application/json]}" onto public java.util.Set<it.unisalento.se.saw.dto.MaterialDTO> it.unisalento.se.saw.restapi.MaterialRestController.getByIdTeaching(int)
2699 [Test worker] INFO org.springframework.web.servlet.mvc.method.annotation.RequestMappingHandlerAdapter - Looking for @ControllerAdvice: org.springframework.test.web.servlet.setup.StubWebApplicationContext@763938cb
2703 [Test worker] INFO org.springframework.mock.web.MockServletContext - Initializing Spring FrameworkServlet ''
2703 [Test worker] INFO org.springframework.test.web.servlet.TestDispatcherServlet - FrameworkServlet '': initialization started
2704 [Test worker] INFO org.springframework.test.web.servlet.TestDispatcherServlet - FrameworkServlet '': initialization completed in 1 ms
2718 [Test worker] INFO org.springframework.web.servlet.mvc.method.annotation.RequestMappingHandlerMapping - Mapped "{[/material/save],methods=[POST],consumes=[application/json]}" onto public it.unisalento.se.saw.dto.MaterialDTO it.unisalento.se.saw.restapi.MaterialRestController.save(it.unisalento.se.saw.dto.MaterialDTO) throws it.unisalento.se.saw.exceptions.TeachingNotFoundException
2719 [Test worker] INFO org.springframework.web.servlet.mvc.method.annotation.RequestMappingHandlerMapping - Mapped "{[/material/getById/{id}],methods=[GET],produces=[application/json]}" onto public it.unisalento.se.saw.dto.MaterialDTO it.unisalento.se.saw.restapi.MaterialRestController.getById(int) throws it.unisalento.se.saw.exceptions.MaterialNotFoundException
2720 [Test worker] INFO org.springframework.web.servlet.mvc.method.annotation.RequestMappingHandlerMapping - Mapped "{[/material/getAll],methods=[GET],produces=[application/json]}" onto public java.util.Set<it.unisalento.se.saw.dto.MaterialDTO> it.unisalento.se.saw.restapi.MaterialRestController.getAll()
2720 [Test worker] INFO org.springframework.web.servlet.mvc.method.annotation.RequestMappingHandlerMapping - Mapped "{[/material/getByIdLesson/{id}],methods=[GET],produces=[application/json]}" onto public java.util.Set<it.unisalento.se.saw.dto.MaterialDTO> it.unisalento.se.saw.restapi.MaterialRestController.getByIdLesson(int)
2721 [Test worker] INFO org.springframework.web.servlet.mvc.method.annotation.RequestMappingHandlerMapping - Mapped "{[/material/getByIdTeaching/{id}],methods=[GET],produces=[application/json]}" onto public java.util.Set<it.unisalento.se.saw.dto.MaterialDTO> it.unisalento.se.saw.restapi.MaterialRestController.getByIdTeaching(int)
2732 [Test worker] INFO org.springframework.web.servlet.mvc.method.annotation.RequestMappingHandlerAdapter - Looking for @ControllerAdvice: org.springframework.test.web.servlet.setup.StubWebApplicationContext@25f3c3e5
2736 [Test worker] INFO org.springframework.mock.web.MockServletContext - Initializing Spring FrameworkServlet ''
2736 [Test worker] INFO org.springframework.test.web.servlet.TestDispatcherServlet - FrameworkServlet '': initialization started
2736 [Test worker] INFO org.springframework.test.web.servlet.TestDispatcherServlet - FrameworkServlet '': initialization completed in 0 ms
]]></system-err>
</testsuite>
