<?xml version="1.0" encoding="UTF-8"?>
<testsuite name="it.unisalento.se.saw.services.SecretaryServiceTest" tests="3" skipped="0" failures="0" errors="0" timestamp="2018-09-08T13:45:07" hostname="DESKTOP-5IEPLHD" time="0.004">
  <properties/>
  <testcase name="saveTest" classname="it.unisalento.se.saw.services.SecretaryServiceTest" time="0.002"/>
  <testcase name="getByIdTest" classname="it.unisalento.se.saw.services.SecretaryServiceTest" time="0.0"/>
  <testcase name="getByUidTest" classname="it.unisalento.se.saw.services.SecretaryServiceTest" time="0.001"/>
  <system-out><![CDATA[class it.unisalento.se.saw.dto.SecretaryDTO
]]></system-out>
  <system-err><![CDATA[]]></system-err>
</testsuite>
