<?xml version="1.0" encoding="UTF-8"?>
<testsuite name="it.unisalento.se.saw.restapi.SegnalationStateRestControllerTest" tests="3" skipped="0" failures="0" errors="0" timestamp="2018-09-01T15:52:40" hostname="DESKTOP-TUGA85P" time="0.108">
  <properties/>
  <testcase name="saveTest" classname="it.unisalento.se.saw.restapi.SegnalationStateRestControllerTest" time="0.027"/>
  <testcase name="getByIdTest" classname="it.unisalento.se.saw.restapi.SegnalationStateRestControllerTest" time="0.04"/>
  <testcase name="getAllTest" classname="it.unisalento.se.saw.restapi.SegnalationStateRestControllerTest" time="0.038"/>
  <system-out><![CDATA[]]></system-out>
  <system-err><![CDATA[1261 [Test worker] INFO org.springframework.web.servlet.mvc.method.annotation.RequestMappingHandlerMapping - Mapped "{[/segnalationState/save],methods=[POST],consumes=[application/json]}" onto public it.unisalento.se.saw.dto.SegnalationStateDTO it.unisalento.se.saw.restapi.SegnalationStateRestController.save(it.unisalento.se.saw.dto.SegnalationStateDTO)
1262 [Test worker] INFO org.springframework.web.servlet.mvc.method.annotation.RequestMappingHandlerMapping - Mapped "{[/segnalationState/getAll],methods=[GET],produces=[application/json]}" onto public java.util.Set<it.unisalento.se.saw.dto.SegnalationStateDTO> it.unisalento.se.saw.restapi.SegnalationStateRestController.getAll()
1262 [Test worker] INFO org.springframework.web.servlet.mvc.method.annotation.RequestMappingHandlerMapping - Mapped "{[/segnalationState/getById/{id}],methods=[GET],produces=[application/json]}" onto public it.unisalento.se.saw.dto.SegnalationStateDTO it.unisalento.se.saw.restapi.SegnalationStateRestController.getById(int) throws it.unisalento.se.saw.exceptions.SegnalationStateNotFoundException
1272 [Test worker] INFO org.springframework.web.servlet.mvc.method.annotation.RequestMappingHandlerAdapter - Looking for @ControllerAdvice: org.springframework.test.web.servlet.setup.StubWebApplicationContext@55a0f9a
1275 [Test worker] INFO org.springframework.mock.web.MockServletContext - Initializing Spring FrameworkServlet ''
1275 [Test worker] INFO org.springframework.test.web.servlet.TestDispatcherServlet - FrameworkServlet '': initialization started
1276 [Test worker] INFO org.springframework.test.web.servlet.TestDispatcherServlet - FrameworkServlet '': initialization completed in 0 ms
1287 [Test worker] INFO org.springframework.web.servlet.mvc.method.annotation.RequestMappingHandlerMapping - Mapped "{[/segnalationState/save],methods=[POST],consumes=[application/json]}" onto public it.unisalento.se.saw.dto.SegnalationStateDTO it.unisalento.se.saw.restapi.SegnalationStateRestController.save(it.unisalento.se.saw.dto.SegnalationStateDTO)
1288 [Test worker] INFO org.springframework.web.servlet.mvc.method.annotation.RequestMappingHandlerMapping - Mapped "{[/segnalationState/getAll],methods=[GET],produces=[application/json]}" onto public java.util.Set<it.unisalento.se.saw.dto.SegnalationStateDTO> it.unisalento.se.saw.restapi.SegnalationStateRestController.getAll()
1288 [Test worker] INFO org.springframework.web.servlet.mvc.method.annotation.RequestMappingHandlerMapping - Mapped "{[/segnalationState/getById/{id}],methods=[GET],produces=[application/json]}" onto public it.unisalento.se.saw.dto.SegnalationStateDTO it.unisalento.se.saw.restapi.SegnalationStateRestController.getById(int) throws it.unisalento.se.saw.exceptions.SegnalationStateNotFoundException
1312 [Test worker] INFO org.springframework.web.servlet.mvc.method.annotation.RequestMappingHandlerAdapter - Looking for @ControllerAdvice: org.springframework.test.web.servlet.setup.StubWebApplicationContext@4f3a4cdd
1315 [Test worker] INFO org.springframework.mock.web.MockServletContext - Initializing Spring FrameworkServlet ''
1315 [Test worker] INFO org.springframework.test.web.servlet.TestDispatcherServlet - FrameworkServlet '': initialization started
1316 [Test worker] INFO org.springframework.test.web.servlet.TestDispatcherServlet - FrameworkServlet '': initialization completed in 1 ms
1332 [Test worker] INFO org.springframework.web.servlet.mvc.method.annotation.RequestMappingHandlerMapping - Mapped "{[/segnalationState/save],methods=[POST],consumes=[application/json]}" onto public it.unisalento.se.saw.dto.SegnalationStateDTO it.unisalento.se.saw.restapi.SegnalationStateRestController.save(it.unisalento.se.saw.dto.SegnalationStateDTO)
1334 [Test worker] INFO org.springframework.web.servlet.mvc.method.annotation.RequestMappingHandlerMapping - Mapped "{[/segnalationState/getAll],methods=[GET],produces=[application/json]}" onto public java.util.Set<it.unisalento.se.saw.dto.SegnalationStateDTO> it.unisalento.se.saw.restapi.SegnalationStateRestController.getAll()
1335 [Test worker] INFO org.springframework.web.servlet.mvc.method.annotation.RequestMappingHandlerMapping - Mapped "{[/segnalationState/getById/{id}],methods=[GET],produces=[application/json]}" onto public it.unisalento.se.saw.dto.SegnalationStateDTO it.unisalento.se.saw.restapi.SegnalationStateRestController.getById(int) throws it.unisalento.se.saw.exceptions.SegnalationStateNotFoundException
1344 [Test worker] INFO org.springframework.web.servlet.mvc.method.annotation.RequestMappingHandlerAdapter - Looking for @ControllerAdvice: org.springframework.test.web.servlet.setup.StubWebApplicationContext@28953fee
1357 [Test worker] INFO org.springframework.mock.web.MockServletContext - Initializing Spring FrameworkServlet ''
1359 [Test worker] INFO org.springframework.test.web.servlet.TestDispatcherServlet - FrameworkServlet '': initialization started
1360 [Test worker] INFO org.springframework.test.web.servlet.TestDispatcherServlet - FrameworkServlet '': initialization completed in 0 ms
]]></system-err>
</testsuite>
