<?xml version="1.0" encoding="UTF-8"?>
<testsuite name="it.unisalento.se.saw.restapi.SegnalationRestControllerTest" tests="5" skipped="0" failures="0" errors="0" timestamp="2018-09-03T09:21:38" hostname="DESKTOP-TUGA85P" time="0.237">
  <properties/>
  <testcase name="getByRoomTest" classname="it.unisalento.se.saw.restapi.SegnalationRestControllerTest" time="0.048"/>
  <testcase name="saveTest" classname="it.unisalento.se.saw.restapi.SegnalationRestControllerTest" time="0.062"/>
  <testcase name="getByIdTest" classname="it.unisalento.se.saw.restapi.SegnalationRestControllerTest" time="0.051"/>
  <testcase name="getAllTest" classname="it.unisalento.se.saw.restapi.SegnalationRestControllerTest" time="0.044"/>
  <testcase name="getByProfTest" classname="it.unisalento.se.saw.restapi.SegnalationRestControllerTest" time="0.024"/>
  <system-out><![CDATA[]]></system-out>
  <system-err><![CDATA[4270 [Test worker] INFO org.springframework.web.servlet.mvc.method.annotation.RequestMappingHandlerMapping - Mapped "{[/segnalation/save],methods=[POST],consumes=[application/json]}" onto public it.unisalento.se.saw.dto.SegnalationDTO it.unisalento.se.saw.restapi.SegnalationRestController.save(it.unisalento.se.saw.dto.SegnalationDTO) throws it.unisalento.se.saw.exceptions.SegnalationStateNotFoundException,it.unisalento.se.saw.exceptions.ProfessorNotFoundException,it.unisalento.se.saw.exceptions.RoomNotFoundException
4270 [Test worker] INFO org.springframework.web.servlet.mvc.method.annotation.RequestMappingHandlerMapping - Mapped "{[/segnalation/getAll],methods=[GET],produces=[application/json]}" onto public java.util.Set<it.unisalento.se.saw.dto.SegnalationDTO> it.unisalento.se.saw.restapi.SegnalationRestController.getAll()
4270 [Test worker] INFO org.springframework.web.servlet.mvc.method.annotation.RequestMappingHandlerMapping - Mapped "{[/segnalation/getById/{id}],methods=[GET],produces=[application/json]}" onto public it.unisalento.se.saw.dto.SegnalationDTO it.unisalento.se.saw.restapi.SegnalationRestController.getById(int) throws it.unisalento.se.saw.exceptions.SegnalationNotFoundException
4270 [Test worker] INFO org.springframework.web.servlet.mvc.method.annotation.RequestMappingHandlerMapping - Mapped "{[/segnalation/getByRoom/{id}],methods=[GET],produces=[application/json]}" onto public java.util.Set<it.unisalento.se.saw.dto.SegnalationDTO> it.unisalento.se.saw.restapi.SegnalationRestController.getByRoom(int)
4270 [Test worker] INFO org.springframework.web.servlet.mvc.method.annotation.RequestMappingHandlerMapping - Mapped "{[/segnalation/getByIdProfessor/{id}],methods=[GET],produces=[application/json]}" onto public java.util.Set<it.unisalento.se.saw.dto.SegnalationDTO> it.unisalento.se.saw.restapi.SegnalationRestController.getByProfessor(int)
4286 [Test worker] INFO org.springframework.web.servlet.mvc.method.annotation.RequestMappingHandlerAdapter - Looking for @ControllerAdvice: org.springframework.test.web.servlet.setup.StubWebApplicationContext@e3baa5b
4286 [Test worker] INFO org.springframework.mock.web.MockServletContext - Initializing Spring FrameworkServlet ''
4286 [Test worker] INFO org.springframework.test.web.servlet.TestDispatcherServlet - FrameworkServlet '': initialization started
4286 [Test worker] INFO org.springframework.test.web.servlet.TestDispatcherServlet - FrameworkServlet '': initialization completed in 0 ms
4325 [Test worker] INFO org.springframework.web.servlet.mvc.method.annotation.RequestMappingHandlerMapping - Mapped "{[/segnalation/save],methods=[POST],consumes=[application/json]}" onto public it.unisalento.se.saw.dto.SegnalationDTO it.unisalento.se.saw.restapi.SegnalationRestController.save(it.unisalento.se.saw.dto.SegnalationDTO) throws it.unisalento.se.saw.exceptions.SegnalationStateNotFoundException,it.unisalento.se.saw.exceptions.ProfessorNotFoundException,it.unisalento.se.saw.exceptions.RoomNotFoundException
4328 [Test worker] INFO org.springframework.web.servlet.mvc.method.annotation.RequestMappingHandlerMapping - Mapped "{[/segnalation/getAll],methods=[GET],produces=[application/json]}" onto public java.util.Set<it.unisalento.se.saw.dto.SegnalationDTO> it.unisalento.se.saw.restapi.SegnalationRestController.getAll()
4329 [Test worker] INFO org.springframework.web.servlet.mvc.method.annotation.RequestMappingHandlerMapping - Mapped "{[/segnalation/getById/{id}],methods=[GET],produces=[application/json]}" onto public it.unisalento.se.saw.dto.SegnalationDTO it.unisalento.se.saw.restapi.SegnalationRestController.getById(int) throws it.unisalento.se.saw.exceptions.SegnalationNotFoundException
4330 [Test worker] INFO org.springframework.web.servlet.mvc.method.annotation.RequestMappingHandlerMapping - Mapped "{[/segnalation/getByRoom/{id}],methods=[GET],produces=[application/json]}" onto public java.util.Set<it.unisalento.se.saw.dto.SegnalationDTO> it.unisalento.se.saw.restapi.SegnalationRestController.getByRoom(int)
4331 [Test worker] INFO org.springframework.web.servlet.mvc.method.annotation.RequestMappingHandlerMapping - Mapped "{[/segnalation/getByIdProfessor/{id}],methods=[GET],produces=[application/json]}" onto public java.util.Set<it.unisalento.se.saw.dto.SegnalationDTO> it.unisalento.se.saw.restapi.SegnalationRestController.getByProfessor(int)
4339 [Test worker] INFO org.springframework.web.servlet.mvc.method.annotation.RequestMappingHandlerAdapter - Looking for @ControllerAdvice: org.springframework.test.web.servlet.setup.StubWebApplicationContext@53340391
4347 [Test worker] INFO org.springframework.mock.web.MockServletContext - Initializing Spring FrameworkServlet ''
4349 [Test worker] INFO org.springframework.test.web.servlet.TestDispatcherServlet - FrameworkServlet '': initialization started
4350 [Test worker] INFO org.springframework.test.web.servlet.TestDispatcherServlet - FrameworkServlet '': initialization completed in 0 ms
4374 [Test worker] INFO org.springframework.web.servlet.mvc.method.annotation.RequestMappingHandlerMapping - Mapped "{[/segnalation/save],methods=[POST],consumes=[application/json]}" onto public it.unisalento.se.saw.dto.SegnalationDTO it.unisalento.se.saw.restapi.SegnalationRestController.save(it.unisalento.se.saw.dto.SegnalationDTO) throws it.unisalento.se.saw.exceptions.SegnalationStateNotFoundException,it.unisalento.se.saw.exceptions.ProfessorNotFoundException,it.unisalento.se.saw.exceptions.RoomNotFoundException
4374 [Test worker] INFO org.springframework.web.servlet.mvc.method.annotation.RequestMappingHandlerMapping - Mapped "{[/segnalation/getAll],methods=[GET],produces=[application/json]}" onto public java.util.Set<it.unisalento.se.saw.dto.SegnalationDTO> it.unisalento.se.saw.restapi.SegnalationRestController.getAll()
4374 [Test worker] INFO org.springframework.web.servlet.mvc.method.annotation.RequestMappingHandlerMapping - Mapped "{[/segnalation/getById/{id}],methods=[GET],produces=[application/json]}" onto public it.unisalento.se.saw.dto.SegnalationDTO it.unisalento.se.saw.restapi.SegnalationRestController.getById(int) throws it.unisalento.se.saw.exceptions.SegnalationNotFoundException
4374 [Test worker] INFO org.springframework.web.servlet.mvc.method.annotation.RequestMappingHandlerMapping - Mapped "{[/segnalation/getByRoom/{id}],methods=[GET],produces=[application/json]}" onto public java.util.Set<it.unisalento.se.saw.dto.SegnalationDTO> it.unisalento.se.saw.restapi.SegnalationRestController.getByRoom(int)
4390 [Test worker] INFO org.springframework.web.servlet.mvc.method.annotation.RequestMappingHandlerMapping - Mapped "{[/segnalation/getByIdProfessor/{id}],methods=[GET],produces=[application/json]}" onto public java.util.Set<it.unisalento.se.saw.dto.SegnalationDTO> it.unisalento.se.saw.restapi.SegnalationRestController.getByProfessor(int)
4404 [Test worker] INFO org.springframework.web.servlet.mvc.method.annotation.RequestMappingHandlerAdapter - Looking for @ControllerAdvice: org.springframework.test.web.servlet.setup.StubWebApplicationContext@234b7643
4409 [Test worker] INFO org.springframework.mock.web.MockServletContext - Initializing Spring FrameworkServlet ''
4410 [Test worker] INFO org.springframework.test.web.servlet.TestDispatcherServlet - FrameworkServlet '': initialization started
4411 [Test worker] INFO org.springframework.test.web.servlet.TestDispatcherServlet - FrameworkServlet '': initialization completed in 0 ms
4429 [Test worker] INFO org.springframework.web.servlet.mvc.method.annotation.RequestMappingHandlerMapping - Mapped "{[/segnalation/save],methods=[POST],consumes=[application/json]}" onto public it.unisalento.se.saw.dto.SegnalationDTO it.unisalento.se.saw.restapi.SegnalationRestController.save(it.unisalento.se.saw.dto.SegnalationDTO) throws it.unisalento.se.saw.exceptions.SegnalationStateNotFoundException,it.unisalento.se.saw.exceptions.ProfessorNotFoundException,it.unisalento.se.saw.exceptions.RoomNotFoundException
4430 [Test worker] INFO org.springframework.web.servlet.mvc.method.annotation.RequestMappingHandlerMapping - Mapped "{[/segnalation/getAll],methods=[GET],produces=[application/json]}" onto public java.util.Set<it.unisalento.se.saw.dto.SegnalationDTO> it.unisalento.se.saw.restapi.SegnalationRestController.getAll()
4430 [Test worker] INFO org.springframework.web.servlet.mvc.method.annotation.RequestMappingHandlerMapping - Mapped "{[/segnalation/getById/{id}],methods=[GET],produces=[application/json]}" onto public it.unisalento.se.saw.dto.SegnalationDTO it.unisalento.se.saw.restapi.SegnalationRestController.getById(int) throws it.unisalento.se.saw.exceptions.SegnalationNotFoundException
4430 [Test worker] INFO org.springframework.web.servlet.mvc.method.annotation.RequestMappingHandlerMapping - Mapped "{[/segnalation/getByRoom/{id}],methods=[GET],produces=[application/json]}" onto public java.util.Set<it.unisalento.se.saw.dto.SegnalationDTO> it.unisalento.se.saw.restapi.SegnalationRestController.getByRoom(int)
4432 [Test worker] INFO org.springframework.web.servlet.mvc.method.annotation.RequestMappingHandlerMapping - Mapped "{[/segnalation/getByIdProfessor/{id}],methods=[GET],produces=[application/json]}" onto public java.util.Set<it.unisalento.se.saw.dto.SegnalationDTO> it.unisalento.se.saw.restapi.SegnalationRestController.getByProfessor(int)
4459 [Test worker] INFO org.springframework.web.servlet.mvc.method.annotation.RequestMappingHandlerAdapter - Looking for @ControllerAdvice: org.springframework.test.web.servlet.setup.StubWebApplicationContext@5ecd1aa8
4465 [Test worker] INFO org.springframework.mock.web.MockServletContext - Initializing Spring FrameworkServlet ''
4465 [Test worker] INFO org.springframework.test.web.servlet.TestDispatcherServlet - FrameworkServlet '': initialization started
4465 [Test worker] INFO org.springframework.test.web.servlet.TestDispatcherServlet - FrameworkServlet '': initialization completed in 0 ms
4474 [Test worker] INFO org.springframework.web.servlet.mvc.method.annotation.RequestMappingHandlerMapping - Mapped "{[/segnalation/save],methods=[POST],consumes=[application/json]}" onto public it.unisalento.se.saw.dto.SegnalationDTO it.unisalento.se.saw.restapi.SegnalationRestController.save(it.unisalento.se.saw.dto.SegnalationDTO) throws it.unisalento.se.saw.exceptions.SegnalationStateNotFoundException,it.unisalento.se.saw.exceptions.ProfessorNotFoundException,it.unisalento.se.saw.exceptions.RoomNotFoundException
4474 [Test worker] INFO org.springframework.web.servlet.mvc.method.annotation.RequestMappingHandlerMapping - Mapped "{[/segnalation/getAll],methods=[GET],produces=[application/json]}" onto public java.util.Set<it.unisalento.se.saw.dto.SegnalationDTO> it.unisalento.se.saw.restapi.SegnalationRestController.getAll()
4474 [Test worker] INFO org.springframework.web.servlet.mvc.method.annotation.RequestMappingHandlerMapping - Mapped "{[/segnalation/getById/{id}],methods=[GET],produces=[application/json]}" onto public it.unisalento.se.saw.dto.SegnalationDTO it.unisalento.se.saw.restapi.SegnalationRestController.getById(int) throws it.unisalento.se.saw.exceptions.SegnalationNotFoundException
4474 [Test worker] INFO org.springframework.web.servlet.mvc.method.annotation.RequestMappingHandlerMapping - Mapped "{[/segnalation/getByRoom/{id}],methods=[GET],produces=[application/json]}" onto public java.util.Set<it.unisalento.se.saw.dto.SegnalationDTO> it.unisalento.se.saw.restapi.SegnalationRestController.getByRoom(int)
4474 [Test worker] INFO org.springframework.web.servlet.mvc.method.annotation.RequestMappingHandlerMapping - Mapped "{[/segnalation/getByIdProfessor/{id}],methods=[GET],produces=[application/json]}" onto public java.util.Set<it.unisalento.se.saw.dto.SegnalationDTO> it.unisalento.se.saw.restapi.SegnalationRestController.getByProfessor(int)
4474 [Test worker] INFO org.springframework.web.servlet.mvc.method.annotation.RequestMappingHandlerAdapter - Looking for @ControllerAdvice: org.springframework.test.web.servlet.setup.StubWebApplicationContext@7bd65cb6
4474 [Test worker] INFO org.springframework.mock.web.MockServletContext - Initializing Spring FrameworkServlet ''
4474 [Test worker] INFO org.springframework.test.web.servlet.TestDispatcherServlet - FrameworkServlet '': initialization started
4474 [Test worker] INFO org.springframework.test.web.servlet.TestDispatcherServlet - FrameworkServlet '': initialization completed in 0 ms
]]></system-err>
</testsuite>
