<?xml version="1.0" encoding="UTF-8"?>
<testsuite name="it.unisalento.se.saw.restapi.AccessoryRestControllerTest" tests="4" skipped="0" failures="0" errors="0" timestamp="2018-09-08T13:45:04" hostname="DESKTOP-5IEPLHD" time="1.486">
  <properties/>
  <testcase name="saveTest" classname="it.unisalento.se.saw.restapi.AccessoryRestControllerTest" time="1.369"/>
  <testcase name="getByIdTest" classname="it.unisalento.se.saw.restapi.AccessoryRestControllerTest" time="0.057"/>
  <testcase name="getAllTest" classname="it.unisalento.se.saw.restapi.AccessoryRestControllerTest" time="0.03"/>
  <testcase name="getByIdRoomTest" classname="it.unisalento.se.saw.restapi.AccessoryRestControllerTest" time="0.027"/>
  <system-out><![CDATA[]]></system-out>
  <system-err><![CDATA[365 [Test worker] INFO org.springframework.web.servlet.mvc.method.annotation.RequestMappingHandlerMapping - Mapped "{[/accessory/save],methods=[POST],consumes=[application/json]}" onto public it.unisalento.se.saw.dto.AccessoryDTO it.unisalento.se.saw.restapi.AccessoryRestController.save(it.unisalento.se.saw.dto.AccessoryDTO) throws it.unisalento.se.saw.exceptions.RoomNotFoundException
372 [Test worker] INFO org.springframework.web.servlet.mvc.method.annotation.RequestMappingHandlerMapping - Mapped "{[/accessory/getAll],methods=[GET],produces=[application/json]}" onto public java.util.Set<it.unisalento.se.saw.dto.AccessoryDTO> it.unisalento.se.saw.restapi.AccessoryRestController.getAll()
374 [Test worker] INFO org.springframework.web.servlet.mvc.method.annotation.RequestMappingHandlerMapping - Mapped "{[/accessory/getByIdRoom/{id}],methods=[GET],produces=[application/json]}" onto public java.util.Set<it.unisalento.se.saw.dto.AccessoryDTO> it.unisalento.se.saw.restapi.AccessoryRestController.getByIdRoom(int)
375 [Test worker] INFO org.springframework.web.servlet.mvc.method.annotation.RequestMappingHandlerMapping - Mapped "{[/accessory/getById/{id}],methods=[GET],produces=[application/json]}" onto public it.unisalento.se.saw.dto.AccessoryDTO it.unisalento.se.saw.restapi.AccessoryRestController.getById(int) throws it.unisalento.se.saw.exceptions.AccessoryNotFoundException
731 [Test worker] INFO org.springframework.web.servlet.mvc.method.annotation.RequestMappingHandlerAdapter - Looking for @ControllerAdvice: org.springframework.test.web.servlet.setup.StubWebApplicationContext@5c7e9acb
840 [Test worker] INFO org.springframework.mock.web.MockServletContext - Initializing Spring FrameworkServlet ''
840 [Test worker] INFO org.springframework.test.web.servlet.TestDispatcherServlet - FrameworkServlet '': initialization started
845 [Test worker] INFO org.springframework.test.web.servlet.TestDispatcherServlet - FrameworkServlet '': initialization completed in 4 ms
1289 [Test worker] INFO org.springframework.web.servlet.mvc.method.annotation.RequestMappingHandlerMapping - Mapped "{[/accessory/save],methods=[POST],consumes=[application/json]}" onto public it.unisalento.se.saw.dto.AccessoryDTO it.unisalento.se.saw.restapi.AccessoryRestController.save(it.unisalento.se.saw.dto.AccessoryDTO) throws it.unisalento.se.saw.exceptions.RoomNotFoundException
1290 [Test worker] INFO org.springframework.web.servlet.mvc.method.annotation.RequestMappingHandlerMapping - Mapped "{[/accessory/getAll],methods=[GET],produces=[application/json]}" onto public java.util.Set<it.unisalento.se.saw.dto.AccessoryDTO> it.unisalento.se.saw.restapi.AccessoryRestController.getAll()
1291 [Test worker] INFO org.springframework.web.servlet.mvc.method.annotation.RequestMappingHandlerMapping - Mapped "{[/accessory/getByIdRoom/{id}],methods=[GET],produces=[application/json]}" onto public java.util.Set<it.unisalento.se.saw.dto.AccessoryDTO> it.unisalento.se.saw.restapi.AccessoryRestController.getByIdRoom(int)
1291 [Test worker] INFO org.springframework.web.servlet.mvc.method.annotation.RequestMappingHandlerMapping - Mapped "{[/accessory/getById/{id}],methods=[GET],produces=[application/json]}" onto public it.unisalento.se.saw.dto.AccessoryDTO it.unisalento.se.saw.restapi.AccessoryRestController.getById(int) throws it.unisalento.se.saw.exceptions.AccessoryNotFoundException
1301 [Test worker] INFO org.springframework.web.servlet.mvc.method.annotation.RequestMappingHandlerAdapter - Looking for @ControllerAdvice: org.springframework.test.web.servlet.setup.StubWebApplicationContext@6d0eb4fc
1305 [Test worker] INFO org.springframework.mock.web.MockServletContext - Initializing Spring FrameworkServlet ''
1305 [Test worker] INFO org.springframework.test.web.servlet.TestDispatcherServlet - FrameworkServlet '': initialization started
1305 [Test worker] INFO org.springframework.test.web.servlet.TestDispatcherServlet - FrameworkServlet '': initialization completed in 0 ms
1343 [Test worker] INFO org.springframework.web.servlet.mvc.method.annotation.RequestMappingHandlerMapping - Mapped "{[/accessory/save],methods=[POST],consumes=[application/json]}" onto public it.unisalento.se.saw.dto.AccessoryDTO it.unisalento.se.saw.restapi.AccessoryRestController.save(it.unisalento.se.saw.dto.AccessoryDTO) throws it.unisalento.se.saw.exceptions.RoomNotFoundException
1344 [Test worker] INFO org.springframework.web.servlet.mvc.method.annotation.RequestMappingHandlerMapping - Mapped "{[/accessory/getAll],methods=[GET],produces=[application/json]}" onto public java.util.Set<it.unisalento.se.saw.dto.AccessoryDTO> it.unisalento.se.saw.restapi.AccessoryRestController.getAll()
1344 [Test worker] INFO org.springframework.web.servlet.mvc.method.annotation.RequestMappingHandlerMapping - Mapped "{[/accessory/getByIdRoom/{id}],methods=[GET],produces=[application/json]}" onto public java.util.Set<it.unisalento.se.saw.dto.AccessoryDTO> it.unisalento.se.saw.restapi.AccessoryRestController.getByIdRoom(int)
1345 [Test worker] INFO org.springframework.web.servlet.mvc.method.annotation.RequestMappingHandlerMapping - Mapped "{[/accessory/getById/{id}],methods=[GET],produces=[application/json]}" onto public it.unisalento.se.saw.dto.AccessoryDTO it.unisalento.se.saw.restapi.AccessoryRestController.getById(int) throws it.unisalento.se.saw.exceptions.AccessoryNotFoundException
1353 [Test worker] INFO org.springframework.web.servlet.mvc.method.annotation.RequestMappingHandlerAdapter - Looking for @ControllerAdvice: org.springframework.test.web.servlet.setup.StubWebApplicationContext@6a11a0ca
1357 [Test worker] INFO org.springframework.mock.web.MockServletContext - Initializing Spring FrameworkServlet ''
1357 [Test worker] INFO org.springframework.test.web.servlet.TestDispatcherServlet - FrameworkServlet '': initialization started
1357 [Test worker] INFO org.springframework.test.web.servlet.TestDispatcherServlet - FrameworkServlet '': initialization completed in 0 ms
1374 [Test worker] INFO org.springframework.web.servlet.mvc.method.annotation.RequestMappingHandlerMapping - Mapped "{[/accessory/save],methods=[POST],consumes=[application/json]}" onto public it.unisalento.se.saw.dto.AccessoryDTO it.unisalento.se.saw.restapi.AccessoryRestController.save(it.unisalento.se.saw.dto.AccessoryDTO) throws it.unisalento.se.saw.exceptions.RoomNotFoundException
1375 [Test worker] INFO org.springframework.web.servlet.mvc.method.annotation.RequestMappingHandlerMapping - Mapped "{[/accessory/getAll],methods=[GET],produces=[application/json]}" onto public java.util.Set<it.unisalento.se.saw.dto.AccessoryDTO> it.unisalento.se.saw.restapi.AccessoryRestController.getAll()
1375 [Test worker] INFO org.springframework.web.servlet.mvc.method.annotation.RequestMappingHandlerMapping - Mapped "{[/accessory/getByIdRoom/{id}],methods=[GET],produces=[application/json]}" onto public java.util.Set<it.unisalento.se.saw.dto.AccessoryDTO> it.unisalento.se.saw.restapi.AccessoryRestController.getByIdRoom(int)
1376 [Test worker] INFO org.springframework.web.servlet.mvc.method.annotation.RequestMappingHandlerMapping - Mapped "{[/accessory/getById/{id}],methods=[GET],produces=[application/json]}" onto public it.unisalento.se.saw.dto.AccessoryDTO it.unisalento.se.saw.restapi.AccessoryRestController.getById(int) throws it.unisalento.se.saw.exceptions.AccessoryNotFoundException
1384 [Test worker] INFO org.springframework.web.servlet.mvc.method.annotation.RequestMappingHandlerAdapter - Looking for @ControllerAdvice: org.springframework.test.web.servlet.setup.StubWebApplicationContext@517575a3
1388 [Test worker] INFO org.springframework.mock.web.MockServletContext - Initializing Spring FrameworkServlet ''
1388 [Test worker] INFO org.springframework.test.web.servlet.TestDispatcherServlet - FrameworkServlet '': initialization started
1388 [Test worker] INFO org.springframework.test.web.servlet.TestDispatcherServlet - FrameworkServlet '': initialization completed in 0 ms
]]></system-err>
</testsuite>
