<?xml version="1.0" encoding="UTF-8"?>
<testsuite name="it.unisalento.se.saw.restapi.ReviewTypeRestControllerTest" tests="3" skipped="0" failures="0" errors="0" timestamp="2018-09-09T11:32:27" hostname="antonio-pc" time="0.095">
  <properties/>
  <testcase name="saveTest" classname="it.unisalento.se.saw.restapi.ReviewTypeRestControllerTest" time="0.028"/>
  <testcase name="getByIdTest" classname="it.unisalento.se.saw.restapi.ReviewTypeRestControllerTest" time="0.027"/>
  <testcase name="getAllTest" classname="it.unisalento.se.saw.restapi.ReviewTypeRestControllerTest" time="0.038"/>
  <system-out><![CDATA[]]></system-out>
  <system-err><![CDATA[1459 [Test worker] INFO org.springframework.web.servlet.mvc.method.annotation.RequestMappingHandlerMapping - Mapped "{[/reviewType/getById/{id}],methods=[GET],produces=[application/json]}" onto public it.unisalento.se.saw.dto.ReviewTypeDTO it.unisalento.se.saw.restapi.ReviewTypeRestController.getById(int) throws it.unisalento.se.saw.exceptions.ReviewTypeNotFoundException
1460 [Test worker] INFO org.springframework.web.servlet.mvc.method.annotation.RequestMappingHandlerMapping - Mapped "{[/reviewType/save],methods=[POST],consumes=[application/json]}" onto public it.unisalento.se.saw.dto.ReviewTypeDTO it.unisalento.se.saw.restapi.ReviewTypeRestController.save(it.unisalento.se.saw.dto.ReviewTypeDTO)
1461 [Test worker] INFO org.springframework.web.servlet.mvc.method.annotation.RequestMappingHandlerMapping - Mapped "{[/reviewType/getAll],methods=[GET],produces=[application/json]}" onto public java.util.Set<it.unisalento.se.saw.dto.ReviewTypeDTO> it.unisalento.se.saw.restapi.ReviewTypeRestController.getAll()
1471 [Test worker] INFO org.springframework.web.servlet.mvc.method.annotation.RequestMappingHandlerAdapter - Looking for @ControllerAdvice: org.springframework.test.web.servlet.setup.StubWebApplicationContext@f4463ca
1474 [Test worker] INFO org.springframework.mock.web.MockServletContext - Initializing Spring FrameworkServlet ''
1475 [Test worker] INFO org.springframework.test.web.servlet.TestDispatcherServlet - FrameworkServlet '': initialization started
1475 [Test worker] INFO org.springframework.test.web.servlet.TestDispatcherServlet - FrameworkServlet '': initialization completed in 0 ms
1489 [Test worker] INFO org.springframework.web.servlet.mvc.method.annotation.RequestMappingHandlerMapping - Mapped "{[/reviewType/getById/{id}],methods=[GET],produces=[application/json]}" onto public it.unisalento.se.saw.dto.ReviewTypeDTO it.unisalento.se.saw.restapi.ReviewTypeRestController.getById(int) throws it.unisalento.se.saw.exceptions.ReviewTypeNotFoundException
1490 [Test worker] INFO org.springframework.web.servlet.mvc.method.annotation.RequestMappingHandlerMapping - Mapped "{[/reviewType/save],methods=[POST],consumes=[application/json]}" onto public it.unisalento.se.saw.dto.ReviewTypeDTO it.unisalento.se.saw.restapi.ReviewTypeRestController.save(it.unisalento.se.saw.dto.ReviewTypeDTO)
1490 [Test worker] INFO org.springframework.web.servlet.mvc.method.annotation.RequestMappingHandlerMapping - Mapped "{[/reviewType/getAll],methods=[GET],produces=[application/json]}" onto public java.util.Set<it.unisalento.se.saw.dto.ReviewTypeDTO> it.unisalento.se.saw.restapi.ReviewTypeRestController.getAll()
1500 [Test worker] INFO org.springframework.web.servlet.mvc.method.annotation.RequestMappingHandlerAdapter - Looking for @ControllerAdvice: org.springframework.test.web.servlet.setup.StubWebApplicationContext@6c9db2bf
1504 [Test worker] INFO org.springframework.mock.web.MockServletContext - Initializing Spring FrameworkServlet ''
1504 [Test worker] INFO org.springframework.test.web.servlet.TestDispatcherServlet - FrameworkServlet '': initialization started
1505 [Test worker] INFO org.springframework.test.web.servlet.TestDispatcherServlet - FrameworkServlet '': initialization completed in 1 ms
1516 [Test worker] INFO org.springframework.web.servlet.mvc.method.annotation.RequestMappingHandlerMapping - Mapped "{[/reviewType/getById/{id}],methods=[GET],produces=[application/json]}" onto public it.unisalento.se.saw.dto.ReviewTypeDTO it.unisalento.se.saw.restapi.ReviewTypeRestController.getById(int) throws it.unisalento.se.saw.exceptions.ReviewTypeNotFoundException
1517 [Test worker] INFO org.springframework.web.servlet.mvc.method.annotation.RequestMappingHandlerMapping - Mapped "{[/reviewType/save],methods=[POST],consumes=[application/json]}" onto public it.unisalento.se.saw.dto.ReviewTypeDTO it.unisalento.se.saw.restapi.ReviewTypeRestController.save(it.unisalento.se.saw.dto.ReviewTypeDTO)
1518 [Test worker] INFO org.springframework.web.servlet.mvc.method.annotation.RequestMappingHandlerMapping - Mapped "{[/reviewType/getAll],methods=[GET],produces=[application/json]}" onto public java.util.Set<it.unisalento.se.saw.dto.ReviewTypeDTO> it.unisalento.se.saw.restapi.ReviewTypeRestController.getAll()
1528 [Test worker] INFO org.springframework.web.servlet.mvc.method.annotation.RequestMappingHandlerAdapter - Looking for @ControllerAdvice: org.springframework.test.web.servlet.setup.StubWebApplicationContext@4dc41d09
1532 [Test worker] INFO org.springframework.mock.web.MockServletContext - Initializing Spring FrameworkServlet ''
1532 [Test worker] INFO org.springframework.test.web.servlet.TestDispatcherServlet - FrameworkServlet '': initialization started
1532 [Test worker] INFO org.springframework.test.web.servlet.TestDispatcherServlet - FrameworkServlet '': initialization completed in 0 ms
]]></system-err>
</testsuite>
