<?xml version="1.0" encoding="UTF-8"?>
<testsuite name="it.unisalento.se.saw.restapi.SegnalationRestControllerTest" tests="5" skipped="0" failures="0" errors="0" timestamp="2018-09-04T09:45:19" hostname="DESKTOP-TUGA85P" time="0.219">
  <properties/>
  <testcase name="getByRoomTest" classname="it.unisalento.se.saw.restapi.SegnalationRestControllerTest" time="0.033"/>
  <testcase name="saveTest" classname="it.unisalento.se.saw.restapi.SegnalationRestControllerTest" time="0.032"/>
  <testcase name="getByIdTest" classname="it.unisalento.se.saw.restapi.SegnalationRestControllerTest" time="0.052"/>
  <testcase name="getAllTest" classname="it.unisalento.se.saw.restapi.SegnalationRestControllerTest" time="0.032"/>
  <testcase name="getByProfTest" classname="it.unisalento.se.saw.restapi.SegnalationRestControllerTest" time="0.049"/>
  <system-out><![CDATA[]]></system-out>
  <system-err><![CDATA[3703 [Test worker] INFO org.springframework.web.servlet.mvc.method.annotation.RequestMappingHandlerMapping - Mapped "{[/segnalation/save],methods=[POST],consumes=[application/json]}" onto public it.unisalento.se.saw.dto.SegnalationDTO it.unisalento.se.saw.restapi.SegnalationRestController.save(it.unisalento.se.saw.dto.SegnalationDTO) throws it.unisalento.se.saw.exceptions.SegnalationStateNotFoundException,it.unisalento.se.saw.exceptions.ProfessorNotFoundException,it.unisalento.se.saw.exceptions.RoomNotFoundException
3703 [Test worker] INFO org.springframework.web.servlet.mvc.method.annotation.RequestMappingHandlerMapping - Mapped "{[/segnalation/getById/{id}],methods=[GET],produces=[application/json]}" onto public it.unisalento.se.saw.dto.SegnalationDTO it.unisalento.se.saw.restapi.SegnalationRestController.getById(int) throws it.unisalento.se.saw.exceptions.SegnalationNotFoundException
3704 [Test worker] INFO org.springframework.web.servlet.mvc.method.annotation.RequestMappingHandlerMapping - Mapped "{[/segnalation/getAll],methods=[GET],produces=[application/json]}" onto public java.util.Set<it.unisalento.se.saw.dto.SegnalationDTO> it.unisalento.se.saw.restapi.SegnalationRestController.getAll()
3704 [Test worker] INFO org.springframework.web.servlet.mvc.method.annotation.RequestMappingHandlerMapping - Mapped "{[/segnalation/getByIdProfessor/{id}],methods=[GET],produces=[application/json]}" onto public java.util.Set<it.unisalento.se.saw.dto.SegnalationDTO> it.unisalento.se.saw.restapi.SegnalationRestController.getByProfessor(int)
3704 [Test worker] INFO org.springframework.web.servlet.mvc.method.annotation.RequestMappingHandlerMapping - Mapped "{[/segnalation/getByRoom/{id}],methods=[GET],produces=[application/json]}" onto public java.util.Set<it.unisalento.se.saw.dto.SegnalationDTO> it.unisalento.se.saw.restapi.SegnalationRestController.getByRoom(int)
3717 [Test worker] INFO org.springframework.web.servlet.mvc.method.annotation.RequestMappingHandlerAdapter - Looking for @ControllerAdvice: org.springframework.test.web.servlet.setup.StubWebApplicationContext@e3baa5b
3722 [Test worker] INFO org.springframework.mock.web.MockServletContext - Initializing Spring FrameworkServlet ''
3722 [Test worker] INFO org.springframework.test.web.servlet.TestDispatcherServlet - FrameworkServlet '': initialization started
3723 [Test worker] INFO org.springframework.test.web.servlet.TestDispatcherServlet - FrameworkServlet '': initialization completed in 0 ms
3738 [Test worker] INFO org.springframework.web.servlet.mvc.method.annotation.RequestMappingHandlerMapping - Mapped "{[/segnalation/save],methods=[POST],consumes=[application/json]}" onto public it.unisalento.se.saw.dto.SegnalationDTO it.unisalento.se.saw.restapi.SegnalationRestController.save(it.unisalento.se.saw.dto.SegnalationDTO) throws it.unisalento.se.saw.exceptions.SegnalationStateNotFoundException,it.unisalento.se.saw.exceptions.ProfessorNotFoundException,it.unisalento.se.saw.exceptions.RoomNotFoundException
3739 [Test worker] INFO org.springframework.web.servlet.mvc.method.annotation.RequestMappingHandlerMapping - Mapped "{[/segnalation/getById/{id}],methods=[GET],produces=[application/json]}" onto public it.unisalento.se.saw.dto.SegnalationDTO it.unisalento.se.saw.restapi.SegnalationRestController.getById(int) throws it.unisalento.se.saw.exceptions.SegnalationNotFoundException
3740 [Test worker] INFO org.springframework.web.servlet.mvc.method.annotation.RequestMappingHandlerMapping - Mapped "{[/segnalation/getAll],methods=[GET],produces=[application/json]}" onto public java.util.Set<it.unisalento.se.saw.dto.SegnalationDTO> it.unisalento.se.saw.restapi.SegnalationRestController.getAll()
3740 [Test worker] INFO org.springframework.web.servlet.mvc.method.annotation.RequestMappingHandlerMapping - Mapped "{[/segnalation/getByIdProfessor/{id}],methods=[GET],produces=[application/json]}" onto public java.util.Set<it.unisalento.se.saw.dto.SegnalationDTO> it.unisalento.se.saw.restapi.SegnalationRestController.getByProfessor(int)
3741 [Test worker] INFO org.springframework.web.servlet.mvc.method.annotation.RequestMappingHandlerMapping - Mapped "{[/segnalation/getByRoom/{id}],methods=[GET],produces=[application/json]}" onto public java.util.Set<it.unisalento.se.saw.dto.SegnalationDTO> it.unisalento.se.saw.restapi.SegnalationRestController.getByRoom(int)
3750 [Test worker] INFO org.springframework.web.servlet.mvc.method.annotation.RequestMappingHandlerAdapter - Looking for @ControllerAdvice: org.springframework.test.web.servlet.setup.StubWebApplicationContext@259f99ee
3753 [Test worker] INFO org.springframework.mock.web.MockServletContext - Initializing Spring FrameworkServlet ''
3754 [Test worker] INFO org.springframework.test.web.servlet.TestDispatcherServlet - FrameworkServlet '': initialization started
3755 [Test worker] INFO org.springframework.test.web.servlet.TestDispatcherServlet - FrameworkServlet '': initialization completed in 0 ms
3769 [Test worker] INFO org.springframework.web.servlet.mvc.method.annotation.RequestMappingHandlerMapping - Mapped "{[/segnalation/save],methods=[POST],consumes=[application/json]}" onto public it.unisalento.se.saw.dto.SegnalationDTO it.unisalento.se.saw.restapi.SegnalationRestController.save(it.unisalento.se.saw.dto.SegnalationDTO) throws it.unisalento.se.saw.exceptions.SegnalationStateNotFoundException,it.unisalento.se.saw.exceptions.ProfessorNotFoundException,it.unisalento.se.saw.exceptions.RoomNotFoundException
3770 [Test worker] INFO org.springframework.web.servlet.mvc.method.annotation.RequestMappingHandlerMapping - Mapped "{[/segnalation/getById/{id}],methods=[GET],produces=[application/json]}" onto public it.unisalento.se.saw.dto.SegnalationDTO it.unisalento.se.saw.restapi.SegnalationRestController.getById(int) throws it.unisalento.se.saw.exceptions.SegnalationNotFoundException
3770 [Test worker] INFO org.springframework.web.servlet.mvc.method.annotation.RequestMappingHandlerMapping - Mapped "{[/segnalation/getAll],methods=[GET],produces=[application/json]}" onto public java.util.Set<it.unisalento.se.saw.dto.SegnalationDTO> it.unisalento.se.saw.restapi.SegnalationRestController.getAll()
3770 [Test worker] INFO org.springframework.web.servlet.mvc.method.annotation.RequestMappingHandlerMapping - Mapped "{[/segnalation/getByIdProfessor/{id}],methods=[GET],produces=[application/json]}" onto public java.util.Set<it.unisalento.se.saw.dto.SegnalationDTO> it.unisalento.se.saw.restapi.SegnalationRestController.getByProfessor(int)
3770 [Test worker] INFO org.springframework.web.servlet.mvc.method.annotation.RequestMappingHandlerMapping - Mapped "{[/segnalation/getByRoom/{id}],methods=[GET],produces=[application/json]}" onto public java.util.Set<it.unisalento.se.saw.dto.SegnalationDTO> it.unisalento.se.saw.restapi.SegnalationRestController.getByRoom(int)
3779 [Test worker] INFO org.springframework.web.servlet.mvc.method.annotation.RequestMappingHandlerAdapter - Looking for @ControllerAdvice: org.springframework.test.web.servlet.setup.StubWebApplicationContext@2059a612
3783 [Test worker] INFO org.springframework.mock.web.MockServletContext - Initializing Spring FrameworkServlet ''
3783 [Test worker] INFO org.springframework.test.web.servlet.TestDispatcherServlet - FrameworkServlet '': initialization started
3783 [Test worker] INFO org.springframework.test.web.servlet.TestDispatcherServlet - FrameworkServlet '': initialization completed in 0 ms
3835 [Test worker] INFO org.springframework.web.servlet.mvc.method.annotation.RequestMappingHandlerMapping - Mapped "{[/segnalation/save],methods=[POST],consumes=[application/json]}" onto public it.unisalento.se.saw.dto.SegnalationDTO it.unisalento.se.saw.restapi.SegnalationRestController.save(it.unisalento.se.saw.dto.SegnalationDTO) throws it.unisalento.se.saw.exceptions.SegnalationStateNotFoundException,it.unisalento.se.saw.exceptions.ProfessorNotFoundException,it.unisalento.se.saw.exceptions.RoomNotFoundException
3836 [Test worker] INFO org.springframework.web.servlet.mvc.method.annotation.RequestMappingHandlerMapping - Mapped "{[/segnalation/getById/{id}],methods=[GET],produces=[application/json]}" onto public it.unisalento.se.saw.dto.SegnalationDTO it.unisalento.se.saw.restapi.SegnalationRestController.getById(int) throws it.unisalento.se.saw.exceptions.SegnalationNotFoundException
3836 [Test worker] INFO org.springframework.web.servlet.mvc.method.annotation.RequestMappingHandlerMapping - Mapped "{[/segnalation/getAll],methods=[GET],produces=[application/json]}" onto public java.util.Set<it.unisalento.se.saw.dto.SegnalationDTO> it.unisalento.se.saw.restapi.SegnalationRestController.getAll()
3836 [Test worker] INFO org.springframework.web.servlet.mvc.method.annotation.RequestMappingHandlerMapping - Mapped "{[/segnalation/getByIdProfessor/{id}],methods=[GET],produces=[application/json]}" onto public java.util.Set<it.unisalento.se.saw.dto.SegnalationDTO> it.unisalento.se.saw.restapi.SegnalationRestController.getByProfessor(int)
3836 [Test worker] INFO org.springframework.web.servlet.mvc.method.annotation.RequestMappingHandlerMapping - Mapped "{[/segnalation/getByRoom/{id}],methods=[GET],produces=[application/json]}" onto public java.util.Set<it.unisalento.se.saw.dto.SegnalationDTO> it.unisalento.se.saw.restapi.SegnalationRestController.getByRoom(int)
3849 [Test worker] INFO org.springframework.web.servlet.mvc.method.annotation.RequestMappingHandlerAdapter - Looking for @ControllerAdvice: org.springframework.test.web.servlet.setup.StubWebApplicationContext@11383b77
3856 [Test worker] INFO org.springframework.mock.web.MockServletContext - Initializing Spring FrameworkServlet ''
3856 [Test worker] INFO org.springframework.test.web.servlet.TestDispatcherServlet - FrameworkServlet '': initialization started
3858 [Test worker] INFO org.springframework.test.web.servlet.TestDispatcherServlet - FrameworkServlet '': initialization completed in 2 ms
3871 [Test worker] INFO org.springframework.web.servlet.mvc.method.annotation.RequestMappingHandlerMapping - Mapped "{[/segnalation/save],methods=[POST],consumes=[application/json]}" onto public it.unisalento.se.saw.dto.SegnalationDTO it.unisalento.se.saw.restapi.SegnalationRestController.save(it.unisalento.se.saw.dto.SegnalationDTO) throws it.unisalento.se.saw.exceptions.SegnalationStateNotFoundException,it.unisalento.se.saw.exceptions.ProfessorNotFoundException,it.unisalento.se.saw.exceptions.RoomNotFoundException
3872 [Test worker] INFO org.springframework.web.servlet.mvc.method.annotation.RequestMappingHandlerMapping - Mapped "{[/segnalation/getById/{id}],methods=[GET],produces=[application/json]}" onto public it.unisalento.se.saw.dto.SegnalationDTO it.unisalento.se.saw.restapi.SegnalationRestController.getById(int) throws it.unisalento.se.saw.exceptions.SegnalationNotFoundException
3872 [Test worker] INFO org.springframework.web.servlet.mvc.method.annotation.RequestMappingHandlerMapping - Mapped "{[/segnalation/getAll],methods=[GET],produces=[application/json]}" onto public java.util.Set<it.unisalento.se.saw.dto.SegnalationDTO> it.unisalento.se.saw.restapi.SegnalationRestController.getAll()
3872 [Test worker] INFO org.springframework.web.servlet.mvc.method.annotation.RequestMappingHandlerMapping - Mapped "{[/segnalation/getByIdProfessor/{id}],methods=[GET],produces=[application/json]}" onto public java.util.Set<it.unisalento.se.saw.dto.SegnalationDTO> it.unisalento.se.saw.restapi.SegnalationRestController.getByProfessor(int)
3872 [Test worker] INFO org.springframework.web.servlet.mvc.method.annotation.RequestMappingHandlerMapping - Mapped "{[/segnalation/getByRoom/{id}],methods=[GET],produces=[application/json]}" onto public java.util.Set<it.unisalento.se.saw.dto.SegnalationDTO> it.unisalento.se.saw.restapi.SegnalationRestController.getByRoom(int)
3892 [Test worker] INFO org.springframework.web.servlet.mvc.method.annotation.RequestMappingHandlerAdapter - Looking for @ControllerAdvice: org.springframework.test.web.servlet.setup.StubWebApplicationContext@30d391bb
3897 [Test worker] INFO org.springframework.mock.web.MockServletContext - Initializing Spring FrameworkServlet ''
3897 [Test worker] INFO org.springframework.test.web.servlet.TestDispatcherServlet - FrameworkServlet '': initialization started
3900 [Test worker] INFO org.springframework.test.web.servlet.TestDispatcherServlet - FrameworkServlet '': initialization completed in 3 ms
]]></system-err>
</testsuite>
