<?xml version="1.0" encoding="UTF-8"?>
<testsuite name="it.unisalento.se.saw.restapi.SegnalationStateRestControllerTest" tests="3" skipped="0" failures="0" errors="0" timestamp="2018-09-03T09:21:38" hostname="DESKTOP-TUGA85P" time="0.09">
  <properties/>
  <testcase name="saveTest" classname="it.unisalento.se.saw.restapi.SegnalationStateRestControllerTest" time="0.024"/>
  <testcase name="getByIdTest" classname="it.unisalento.se.saw.restapi.SegnalationStateRestControllerTest" time="0.024"/>
  <testcase name="getAllTest" classname="it.unisalento.se.saw.restapi.SegnalationStateRestControllerTest" time="0.039"/>
  <system-out><![CDATA[]]></system-out>
  <system-err><![CDATA[4505 [Test worker] INFO org.springframework.web.servlet.mvc.method.annotation.RequestMappingHandlerMapping - Mapped "{[/segnalationState/save],methods=[POST],consumes=[application/json]}" onto public it.unisalento.se.saw.dto.SegnalationStateDTO it.unisalento.se.saw.restapi.SegnalationStateRestController.save(it.unisalento.se.saw.dto.SegnalationStateDTO)
4505 [Test worker] INFO org.springframework.web.servlet.mvc.method.annotation.RequestMappingHandlerMapping - Mapped "{[/segnalationState/getAll],methods=[GET],produces=[application/json]}" onto public java.util.Set<it.unisalento.se.saw.dto.SegnalationStateDTO> it.unisalento.se.saw.restapi.SegnalationStateRestController.getAll()
4505 [Test worker] INFO org.springframework.web.servlet.mvc.method.annotation.RequestMappingHandlerMapping - Mapped "{[/segnalationState/getById/{id}],methods=[GET],produces=[application/json]}" onto public it.unisalento.se.saw.dto.SegnalationStateDTO it.unisalento.se.saw.restapi.SegnalationStateRestController.getById(int) throws it.unisalento.se.saw.exceptions.SegnalationStateNotFoundException
4521 [Test worker] INFO org.springframework.web.servlet.mvc.method.annotation.RequestMappingHandlerAdapter - Looking for @ControllerAdvice: org.springframework.test.web.servlet.setup.StubWebApplicationContext@1396c7e8
4521 [Test worker] INFO org.springframework.mock.web.MockServletContext - Initializing Spring FrameworkServlet ''
4521 [Test worker] INFO org.springframework.test.web.servlet.TestDispatcherServlet - FrameworkServlet '': initialization started
4521 [Test worker] INFO org.springframework.test.web.servlet.TestDispatcherServlet - FrameworkServlet '': initialization completed in 0 ms
4538 [Test worker] INFO org.springframework.web.servlet.mvc.method.annotation.RequestMappingHandlerMapping - Mapped "{[/segnalationState/save],methods=[POST],consumes=[application/json]}" onto public it.unisalento.se.saw.dto.SegnalationStateDTO it.unisalento.se.saw.restapi.SegnalationStateRestController.save(it.unisalento.se.saw.dto.SegnalationStateDTO)
4539 [Test worker] INFO org.springframework.web.servlet.mvc.method.annotation.RequestMappingHandlerMapping - Mapped "{[/segnalationState/getAll],methods=[GET],produces=[application/json]}" onto public java.util.Set<it.unisalento.se.saw.dto.SegnalationStateDTO> it.unisalento.se.saw.restapi.SegnalationStateRestController.getAll()
4540 [Test worker] INFO org.springframework.web.servlet.mvc.method.annotation.RequestMappingHandlerMapping - Mapped "{[/segnalationState/getById/{id}],methods=[GET],produces=[application/json]}" onto public it.unisalento.se.saw.dto.SegnalationStateDTO it.unisalento.se.saw.restapi.SegnalationStateRestController.getById(int) throws it.unisalento.se.saw.exceptions.SegnalationStateNotFoundException
4548 [Test worker] INFO org.springframework.web.servlet.mvc.method.annotation.RequestMappingHandlerAdapter - Looking for @ControllerAdvice: org.springframework.test.web.servlet.setup.StubWebApplicationContext@52ba45d4
4552 [Test worker] INFO org.springframework.mock.web.MockServletContext - Initializing Spring FrameworkServlet ''
4552 [Test worker] INFO org.springframework.test.web.servlet.TestDispatcherServlet - FrameworkServlet '': initialization started
4552 [Test worker] INFO org.springframework.test.web.servlet.TestDispatcherServlet - FrameworkServlet '': initialization completed in 0 ms
4552 [Test worker] INFO org.springframework.web.servlet.mvc.method.annotation.RequestMappingHandlerMapping - Mapped "{[/segnalationState/save],methods=[POST],consumes=[application/json]}" onto public it.unisalento.se.saw.dto.SegnalationStateDTO it.unisalento.se.saw.restapi.SegnalationStateRestController.save(it.unisalento.se.saw.dto.SegnalationStateDTO)
4552 [Test worker] INFO org.springframework.web.servlet.mvc.method.annotation.RequestMappingHandlerMapping - Mapped "{[/segnalationState/getAll],methods=[GET],produces=[application/json]}" onto public java.util.Set<it.unisalento.se.saw.dto.SegnalationStateDTO> it.unisalento.se.saw.restapi.SegnalationStateRestController.getAll()
4552 [Test worker] INFO org.springframework.web.servlet.mvc.method.annotation.RequestMappingHandlerMapping - Mapped "{[/segnalationState/getById/{id}],methods=[GET],produces=[application/json]}" onto public it.unisalento.se.saw.dto.SegnalationStateDTO it.unisalento.se.saw.restapi.SegnalationStateRestController.getById(int) throws it.unisalento.se.saw.exceptions.SegnalationStateNotFoundException
4568 [Test worker] INFO org.springframework.web.servlet.mvc.method.annotation.RequestMappingHandlerAdapter - Looking for @ControllerAdvice: org.springframework.test.web.servlet.setup.StubWebApplicationContext@16b4e99c
4568 [Test worker] INFO org.springframework.mock.web.MockServletContext - Initializing Spring FrameworkServlet ''
4584 [Test worker] INFO org.springframework.test.web.servlet.TestDispatcherServlet - FrameworkServlet '': initialization started
4584 [Test worker] INFO org.springframework.test.web.servlet.TestDispatcherServlet - FrameworkServlet '': initialization completed in 0 ms
]]></system-err>
</testsuite>
